[0.017s] Invoking command in '/home/cafsanchezdi/ros2_ws/build/sdv_scripts': CMAKE_PREFIX_PATH=/home/cafsanchezdi/ros2_ws/install/sdv_msgs:/home/cafsanchezdi/ros2_ws/install/sdv_process:/home/cafsanchezdi/ros2_ws/install/sdv_serial:/home/cafsanchezdi/ros2_ws/install/sdv_scripts:/home/cafsanchezdi/ros2_ws/install/sdv_nav:/home/cafsanchezdi/ros2_ws/install/sdv_joystick:/home/cafsanchezdi/ros2_ws/install/camera_platform:/opt/ros/jazzy/opt/gz_sim_vendor:/opt/ros/jazzy/opt/gz_sensors_vendor:/opt/ros/jazzy/opt/gz_physics_vendor:/opt/ros/jazzy/opt/sdformat_vendor:/opt/ros/jazzy/opt/gz_gui_vendor:/opt/ros/jazzy/opt/gz_transport_vendor:/opt/ros/jazzy/opt/gz_rendering_vendor:/opt/ros/jazzy/opt/gz_plugin_vendor:/opt/ros/jazzy/opt/gz_fuel_tools_vendor:/opt/ros/jazzy/opt/gz_msgs_vendor:/opt/ros/jazzy/opt/gz_common_vendor:/opt/ros/jazzy/opt/gz_math_vendor:/opt/ros/jazzy/opt/gz_utils_vendor:/opt/ros/jazzy/opt/gz_tools_vendor:/opt/ros/jazzy/opt/gz_ogre_next_vendor:/opt/ros/jazzy/opt/gz_dartsim_vendor:/opt/ros/jazzy/opt/gz_cmake_vendor:/opt/ros/jazzy DEBUGINFOD_URLS=https://debuginfod.ubuntu.com LD_LIBRARY_PATH=/home/cafsanchezdi/ros2_ws/install/sdv_msgs/lib:/home/cafsanchezdi/ros2_ws/install/sdv_process/lib:/home/cafsanchezdi/ros2_ws/install/sdv_scripts/lib:/opt/ros/jazzy/opt/gz_sim_vendor/lib:/opt/ros/jazzy/opt/gz_sensors_vendor/lib:/opt/ros/jazzy/opt/gz_physics_vendor/lib:/opt/ros/jazzy/opt/sdformat_vendor/lib:/opt/ros/jazzy/opt/rviz_ogre_vendor/lib:/opt/ros/jazzy/lib/x86_64-linux-gnu:/opt/ros/jazzy/opt/gz_gui_vendor/lib:/opt/ros/jazzy/opt/gz_transport_vendor/lib:/opt/ros/jazzy/opt/gz_rendering_vendor/lib:/opt/ros/jazzy/opt/gz_plugin_vendor/lib:/opt/ros/jazzy/opt/gz_fuel_tools_vendor/lib:/opt/ros/jazzy/opt/gz_msgs_vendor/lib:/opt/ros/jazzy/opt/gz_common_vendor/lib:/opt/ros/jazzy/opt/gz_math_vendor/lib:/opt/ros/jazzy/opt/gz_utils_vendor/lib:/opt/ros/jazzy/opt/gz_tools_vendor/lib:/opt/ros/jazzy/opt/gz_ogre_next_vendor/lib:/opt/ros/jazzy/opt/gz_dartsim_vendor/lib:/opt/ros/jazzy/opt/gz_cmake_vendor/lib:/opt/ros/jazzy/lib PYTHONPATH=/home/cafsanchezdi/ros2_ws/install/sdv_msgs/lib/python3.12/site-packages:/home/cafsanchezdi/ros2_ws/install/sdv_process/lib/python3.12/site-packages:/home/cafsanchezdi/ros2_ws/install/sdv_scripts/lib/python3.12/site-packages:/opt/ros/jazzy/lib/python3.12/site-packages /usr/bin/cmake /home/cafsanchezdi/ros2_ws/src/sdv_scripts -DCMAKE_INSTALL_PREFIX=/home/cafsanchezdi/ros2_ws/install/sdv_scripts
[0.083s] -- The C compiler identification is GNU 13.3.0
[0.152s] -- The CXX compiler identification is GNU 13.3.0
[0.178s] -- Detecting C compiler ABI info
[0.297s] -- Detecting C compiler ABI info - done
[0.306s] -- Check for working C compiler: /usr/bin/cc - skipped
[0.306s] -- Detecting C compile features
[0.306s] -- Detecting C compile features - done
[0.319s] -- Detecting CXX compiler ABI info
[0.448s] -- Detecting CXX compiler ABI info - done
[0.457s] -- Check for working CXX compiler: /usr/bin/c++ - skipped
[0.458s] -- Detecting CXX compile features
[0.458s] -- Detecting CXX compile features - done
[0.463s] -- Found ament_cmake: 2.5.3 (/opt/ros/jazzy/share/ament_cmake/cmake)
[0.642s] -- Found Python3: /usr/bin/python3 (found version "3.12.3") found components: Interpreter 
[0.794s] -- Found rclpy: 7.1.3 (/opt/ros/jazzy/share/rclpy/cmake)
[0.799s] -- Found rosidl_default_generators: 1.6.0 (/opt/ros/jazzy/share/rosidl_default_generators/cmake)
[0.810s] -- Using all available rosidl_typesupport_c: rosidl_typesupport_fastrtps_c;rosidl_typesupport_introspection_c
[0.892s] -- Using all available rosidl_typesupport_cpp: rosidl_typesupport_fastrtps_cpp;rosidl_typesupport_introspection_cpp
[0.957s] -- Found rosidl_adapter: 4.6.5 (/opt/ros/jazzy/share/rosidl_adapter/cmake)
[0.963s] -- Found std_msgs: 5.3.5 (/opt/ros/jazzy/share/std_msgs/cmake)
[1.008s] -- Found geometry_msgs: 5.3.5 (/opt/ros/jazzy/share/geometry_msgs/cmake)
[1.715s] -- Found ament_cmake_ros: 0.12.0 (/opt/ros/jazzy/share/ament_cmake_ros/cmake)
[2.563s] -- Using all available rosidl_typesupport_c: rosidl_typesupport_fastrtps_c;rosidl_typesupport_introspection_c
[3.581s] -- Using all available rosidl_typesupport_cpp: rosidl_typesupport_fastrtps_cpp;rosidl_typesupport_introspection_cpp
[3.588s] -- Found python_cmake_module: 0.11.1 (/opt/ros/jazzy/share/python_cmake_module/cmake)
[3.961s] -- Found PythonExtra: /usr/bin/python3  
[4.905s] -- Found Python3: /usr/bin/python3 (found version "3.12.3") found components: Interpreter Development NumPy Development.Module Development.Embed 
[5.042s] -- Configuring done (5.0s)
[5.122s] -- Generating done (0.1s)
[5.137s] -- Build files have been written to: /home/cafsanchezdi/ros2_ws/build/sdv_scripts
[5.167s] Invoked command in '/home/cafsanchezdi/ros2_ws/build/sdv_scripts' returned '0': CMAKE_PREFIX_PATH=/home/cafsanchezdi/ros2_ws/install/sdv_msgs:/home/cafsanchezdi/ros2_ws/install/sdv_process:/home/cafsanchezdi/ros2_ws/install/sdv_serial:/home/cafsanchezdi/ros2_ws/install/sdv_scripts:/home/cafsanchezdi/ros2_ws/install/sdv_nav:/home/cafsanchezdi/ros2_ws/install/sdv_joystick:/home/cafsanchezdi/ros2_ws/install/camera_platform:/opt/ros/jazzy/opt/gz_sim_vendor:/opt/ros/jazzy/opt/gz_sensors_vendor:/opt/ros/jazzy/opt/gz_physics_vendor:/opt/ros/jazzy/opt/sdformat_vendor:/opt/ros/jazzy/opt/gz_gui_vendor:/opt/ros/jazzy/opt/gz_transport_vendor:/opt/ros/jazzy/opt/gz_rendering_vendor:/opt/ros/jazzy/opt/gz_plugin_vendor:/opt/ros/jazzy/opt/gz_fuel_tools_vendor:/opt/ros/jazzy/opt/gz_msgs_vendor:/opt/ros/jazzy/opt/gz_common_vendor:/opt/ros/jazzy/opt/gz_math_vendor:/opt/ros/jazzy/opt/gz_utils_vendor:/opt/ros/jazzy/opt/gz_tools_vendor:/opt/ros/jazzy/opt/gz_ogre_next_vendor:/opt/ros/jazzy/opt/gz_dartsim_vendor:/opt/ros/jazzy/opt/gz_cmake_vendor:/opt/ros/jazzy DEBUGINFOD_URLS=https://debuginfod.ubuntu.com LD_LIBRARY_PATH=/home/cafsanchezdi/ros2_ws/install/sdv_msgs/lib:/home/cafsanchezdi/ros2_ws/install/sdv_process/lib:/home/cafsanchezdi/ros2_ws/install/sdv_scripts/lib:/opt/ros/jazzy/opt/gz_sim_vendor/lib:/opt/ros/jazzy/opt/gz_sensors_vendor/lib:/opt/ros/jazzy/opt/gz_physics_vendor/lib:/opt/ros/jazzy/opt/sdformat_vendor/lib:/opt/ros/jazzy/opt/rviz_ogre_vendor/lib:/opt/ros/jazzy/lib/x86_64-linux-gnu:/opt/ros/jazzy/opt/gz_gui_vendor/lib:/opt/ros/jazzy/opt/gz_transport_vendor/lib:/opt/ros/jazzy/opt/gz_rendering_vendor/lib:/opt/ros/jazzy/opt/gz_plugin_vendor/lib:/opt/ros/jazzy/opt/gz_fuel_tools_vendor/lib:/opt/ros/jazzy/opt/gz_msgs_vendor/lib:/opt/ros/jazzy/opt/gz_common_vendor/lib:/opt/ros/jazzy/opt/gz_math_vendor/lib:/opt/ros/jazzy/opt/gz_utils_vendor/lib:/opt/ros/jazzy/opt/gz_tools_vendor/lib:/opt/ros/jazzy/opt/gz_ogre_next_vendor/lib:/opt/ros/jazzy/opt/gz_dartsim_vendor/lib:/opt/ros/jazzy/opt/gz_cmake_vendor/lib:/opt/ros/jazzy/lib PYTHONPATH=/home/cafsanchezdi/ros2_ws/install/sdv_msgs/lib/python3.12/site-packages:/home/cafsanchezdi/ros2_ws/install/sdv_process/lib/python3.12/site-packages:/home/cafsanchezdi/ros2_ws/install/sdv_scripts/lib/python3.12/site-packages:/opt/ros/jazzy/lib/python3.12/site-packages /usr/bin/cmake /home/cafsanchezdi/ros2_ws/src/sdv_scripts -DCMAKE_INSTALL_PREFIX=/home/cafsanchezdi/ros2_ws/install/sdv_scripts
[5.167s] Invoking command in '/home/cafsanchezdi/ros2_ws/build/sdv_scripts': CMAKE_PREFIX_PATH=/home/cafsanchezdi/ros2_ws/install/sdv_msgs:/home/cafsanchezdi/ros2_ws/install/sdv_process:/home/cafsanchezdi/ros2_ws/install/sdv_serial:/home/cafsanchezdi/ros2_ws/install/sdv_scripts:/home/cafsanchezdi/ros2_ws/install/sdv_nav:/home/cafsanchezdi/ros2_ws/install/sdv_joystick:/home/cafsanchezdi/ros2_ws/install/camera_platform:/opt/ros/jazzy/opt/gz_sim_vendor:/opt/ros/jazzy/opt/gz_sensors_vendor:/opt/ros/jazzy/opt/gz_physics_vendor:/opt/ros/jazzy/opt/sdformat_vendor:/opt/ros/jazzy/opt/gz_gui_vendor:/opt/ros/jazzy/opt/gz_transport_vendor:/opt/ros/jazzy/opt/gz_rendering_vendor:/opt/ros/jazzy/opt/gz_plugin_vendor:/opt/ros/jazzy/opt/gz_fuel_tools_vendor:/opt/ros/jazzy/opt/gz_msgs_vendor:/opt/ros/jazzy/opt/gz_common_vendor:/opt/ros/jazzy/opt/gz_math_vendor:/opt/ros/jazzy/opt/gz_utils_vendor:/opt/ros/jazzy/opt/gz_tools_vendor:/opt/ros/jazzy/opt/gz_ogre_next_vendor:/opt/ros/jazzy/opt/gz_dartsim_vendor:/opt/ros/jazzy/opt/gz_cmake_vendor:/opt/ros/jazzy DEBUGINFOD_URLS=https://debuginfod.ubuntu.com LD_LIBRARY_PATH=/home/cafsanchezdi/ros2_ws/install/sdv_msgs/lib:/home/cafsanchezdi/ros2_ws/install/sdv_process/lib:/home/cafsanchezdi/ros2_ws/install/sdv_scripts/lib:/opt/ros/jazzy/opt/gz_sim_vendor/lib:/opt/ros/jazzy/opt/gz_sensors_vendor/lib:/opt/ros/jazzy/opt/gz_physics_vendor/lib:/opt/ros/jazzy/opt/sdformat_vendor/lib:/opt/ros/jazzy/opt/rviz_ogre_vendor/lib:/opt/ros/jazzy/lib/x86_64-linux-gnu:/opt/ros/jazzy/opt/gz_gui_vendor/lib:/opt/ros/jazzy/opt/gz_transport_vendor/lib:/opt/ros/jazzy/opt/gz_rendering_vendor/lib:/opt/ros/jazzy/opt/gz_plugin_vendor/lib:/opt/ros/jazzy/opt/gz_fuel_tools_vendor/lib:/opt/ros/jazzy/opt/gz_msgs_vendor/lib:/opt/ros/jazzy/opt/gz_common_vendor/lib:/opt/ros/jazzy/opt/gz_math_vendor/lib:/opt/ros/jazzy/opt/gz_utils_vendor/lib:/opt/ros/jazzy/opt/gz_tools_vendor/lib:/opt/ros/jazzy/opt/gz_ogre_next_vendor/lib:/opt/ros/jazzy/opt/gz_dartsim_vendor/lib:/opt/ros/jazzy/opt/gz_cmake_vendor/lib:/opt/ros/jazzy/lib PYTHONPATH=/home/cafsanchezdi/ros2_ws/install/sdv_msgs/lib/python3.12/site-packages:/home/cafsanchezdi/ros2_ws/install/sdv_process/lib/python3.12/site-packages:/home/cafsanchezdi/ros2_ws/install/sdv_scripts/lib/python3.12/site-packages:/opt/ros/jazzy/lib/python3.12/site-packages /usr/bin/cmake --build /home/cafsanchezdi/ros2_ws/build/sdv_scripts -- -j4 -l4
[5.346s] [  2%] [34m[1mGenerating type hashes for ROS interfaces[0m
[5.389s] [  2%] Built target ament_cmake_python_copy_sdv_scripts
[5.868s] [  2%] Built target sdv_scripts__rosidl_generator_type_description
[5.915s] [  5%] [34m[1mGenerating C code for ROS interfaces[0m
[5.962s] [  8%] [34m[1mGenerating C++ code for ROS interfaces[0m
[6.020s] running egg_info
[6.021s] creating sdv_scripts.egg-info
[6.098s] writing sdv_scripts.egg-info/PKG-INFO
[6.098s] writing dependency_links to sdv_scripts.egg-info/dependency_links.txt
[6.098s] writing top-level names to sdv_scripts.egg-info/top_level.txt
[6.098s] writing manifest file 'sdv_scripts.egg-info/SOURCES.txt'
[6.274s] reading manifest file 'sdv_scripts.egg-info/SOURCES.txt'
[6.275s] writing manifest file 'sdv_scripts.egg-info/SOURCES.txt'
[6.330s] [  8%] Built target ament_cmake_python_build_sdv_scripts_egg
[6.507s] [ 11%] [32mBuilding C object CMakeFiles/sdv_scripts__rosidl_generator_c.dir/rosidl_generator_c/sdv_scripts/msg/detail/udp__description.c.o[0m
[6.518s] [ 14%] [32mBuilding C object CMakeFiles/sdv_scripts__rosidl_generator_c.dir/rosidl_generator_c/sdv_scripts/msg/detail/udp__type_support.c.o[0m
[6.522s] [ 17%] [32mBuilding C object CMakeFiles/sdv_scripts__rosidl_generator_c.dir/rosidl_generator_c/sdv_scripts/msg/detail/udp__functions.c.o[0m
[6.635s] [ 20%] [32m[1mLinking C shared library libsdv_scripts__rosidl_generator_c.so[0m
[6.637s] [ 20%] Built target sdv_scripts__cpp
[6.691s] [ 20%] Built target sdv_scripts__rosidl_generator_c
[6.713s] [ 23%] [34m[1mGenerating C++ introspection for ROS interfaces[0m
[6.742s] [ 26%] [34m[1mGenerating C++ type support for eProsima Fast-RTPS[0m
[6.746s] [ 32%] [34m[1mGenerating C type support for eProsima Fast-RTPS[0m
[6.748s] [ 29%] [34m[1mGenerating C++ type support dispatch for ROS interfaces[0m
[7.146s] [ 35%] [32mBuilding CXX object CMakeFiles/sdv_scripts__rosidl_typesupport_cpp.dir/rosidl_typesupport_cpp/sdv_scripts/msg/udp__type_support.cpp.o[0m
[7.262s] [ 38%] [32mBuilding CXX object CMakeFiles/sdv_scripts__rosidl_typesupport_introspection_cpp.dir/rosidl_typesupport_introspection_cpp/sdv_scripts/msg/detail/udp__type_support.cpp.o[0m
[7.281s] [ 41%] [32mBuilding CXX object CMakeFiles/sdv_scripts__rosidl_typesupport_fastrtps_cpp.dir/rosidl_typesupport_fastrtps_cpp/sdv_scripts/msg/detail/dds_fastrtps/udp__type_support.cpp.o[0m
[7.292s] [ 44%] [32mBuilding CXX object CMakeFiles/sdv_scripts__rosidl_typesupport_fastrtps_c.dir/rosidl_typesupport_fastrtps_c/sdv_scripts/msg/detail/udp__type_support_c.cpp.o[0m
[7.830s] [ 47%] [32m[1mLinking CXX shared library libsdv_scripts__rosidl_typesupport_cpp.so[0m
[7.970s] [ 47%] Built target sdv_scripts__rosidl_typesupport_cpp
[7.995s] [ 50%] [34m[1mGenerating C introspection for ROS interfaces[0m
[8.049s] [ 52%] [32m[1mLinking CXX shared library libsdv_scripts__rosidl_typesupport_introspection_cpp.so[0m
[8.179s] [ 52%] Built target sdv_scripts__rosidl_typesupport_introspection_cpp
[8.187s] [ 55%] [32m[1mLinking CXX shared library libsdv_scripts__rosidl_typesupport_fastrtps_c.so[0m
[8.208s] [ 58%] [34m[1mGenerating C type support dispatch for ROS interfaces[0m
[8.237s] [ 61%] [32m[1mLinking CXX shared library libsdv_scripts__rosidl_typesupport_fastrtps_cpp.so[0m
[8.410s] [ 61%] Built target sdv_scripts__rosidl_typesupport_fastrtps_c
[8.520s] [ 61%] Built target sdv_scripts__rosidl_typesupport_fastrtps_cpp
[8.543s] [ 64%] [32mBuilding C object CMakeFiles/sdv_scripts__rosidl_typesupport_introspection_c.dir/rosidl_typesupport_introspection_c/sdv_scripts/msg/detail/udp__type_support.c.o[0m
[8.588s] [ 67%] [32mBuilding CXX object CMakeFiles/sdv_scripts__rosidl_typesupport_c.dir/rosidl_typesupport_c/sdv_scripts/msg/udp__type_support.cpp.o[0m
[8.622s] [ 70%] [32m[1mLinking C shared library libsdv_scripts__rosidl_typesupport_introspection_c.so[0m
[8.674s] [ 73%] [32m[1mLinking CXX shared library libsdv_scripts__rosidl_typesupport_c.so[0m
[8.705s] [ 73%] Built target sdv_scripts__rosidl_typesupport_introspection_c
[8.752s] [ 73%] Built target sdv_scripts__rosidl_typesupport_c
[8.785s] [ 73%] Built target sdv_scripts
[8.819s] [ 76%] [34m[1mGenerating Python code for ROS interfaces[0m
[9.125s] [ 76%] Built target sdv_scripts__py
[9.159s] [ 79%] [32mBuilding C object CMakeFiles/sdv_scripts__rosidl_generator_py.dir/rosidl_generator_py/sdv_scripts/msg/_udp_s.c.o[0m
[9.311s] [ 82%] [32m[1mLinking C shared library libsdv_scripts__rosidl_generator_py.so[0m
[9.376s] [ 82%] Built target sdv_scripts__rosidl_generator_py
[9.410s] [ 85%] [32mBuilding C object CMakeFiles/sdv_scripts_s__rosidl_typesupport_fastrtps_c.dir/rosidl_generator_py/sdv_scripts/_sdv_scripts_s.ep.rosidl_typesupport_fastrtps_c.c.o[0m
[9.423s] [ 88%] [32mBuilding C object CMakeFiles/sdv_scripts_s__rosidl_typesupport_c.dir/rosidl_generator_py/sdv_scripts/_sdv_scripts_s.ep.rosidl_typesupport_c.c.o[0m
[9.447s] [ 91%] [32mBuilding C object CMakeFiles/sdv_scripts_s__rosidl_typesupport_introspection_c.dir/rosidl_generator_py/sdv_scripts/_sdv_scripts_s.ep.rosidl_typesupport_introspection_c.c.o[0m
[9.555s] [ 94%] [32m[1mLinking C shared module rosidl_generator_py/sdv_scripts/sdv_scripts_s__rosidl_typesupport_fastrtps_c.so[0m
[9.603s] [ 97%] [32m[1mLinking C shared module rosidl_generator_py/sdv_scripts/sdv_scripts_s__rosidl_typesupport_c.so[0m
[9.623s] [ 97%] Built target sdv_scripts_s__rosidl_typesupport_fastrtps_c
[9.660s] [100%] [32m[1mLinking C shared module rosidl_generator_py/sdv_scripts/sdv_scripts_s__rosidl_typesupport_introspection_c.so[0m
[9.660s] [100%] Built target sdv_scripts_s__rosidl_typesupport_c
[9.706s] [100%] Built target sdv_scripts_s__rosidl_typesupport_introspection_c
[9.725s] Invoked command in '/home/cafsanchezdi/ros2_ws/build/sdv_scripts' returned '0': CMAKE_PREFIX_PATH=/home/cafsanchezdi/ros2_ws/install/sdv_msgs:/home/cafsanchezdi/ros2_ws/install/sdv_process:/home/cafsanchezdi/ros2_ws/install/sdv_serial:/home/cafsanchezdi/ros2_ws/install/sdv_scripts:/home/cafsanchezdi/ros2_ws/install/sdv_nav:/home/cafsanchezdi/ros2_ws/install/sdv_joystick:/home/cafsanchezdi/ros2_ws/install/camera_platform:/opt/ros/jazzy/opt/gz_sim_vendor:/opt/ros/jazzy/opt/gz_sensors_vendor:/opt/ros/jazzy/opt/gz_physics_vendor:/opt/ros/jazzy/opt/sdformat_vendor:/opt/ros/jazzy/opt/gz_gui_vendor:/opt/ros/jazzy/opt/gz_transport_vendor:/opt/ros/jazzy/opt/gz_rendering_vendor:/opt/ros/jazzy/opt/gz_plugin_vendor:/opt/ros/jazzy/opt/gz_fuel_tools_vendor:/opt/ros/jazzy/opt/gz_msgs_vendor:/opt/ros/jazzy/opt/gz_common_vendor:/opt/ros/jazzy/opt/gz_math_vendor:/opt/ros/jazzy/opt/gz_utils_vendor:/opt/ros/jazzy/opt/gz_tools_vendor:/opt/ros/jazzy/opt/gz_ogre_next_vendor:/opt/ros/jazzy/opt/gz_dartsim_vendor:/opt/ros/jazzy/opt/gz_cmake_vendor:/opt/ros/jazzy DEBUGINFOD_URLS=https://debuginfod.ubuntu.com LD_LIBRARY_PATH=/home/cafsanchezdi/ros2_ws/install/sdv_msgs/lib:/home/cafsanchezdi/ros2_ws/install/sdv_process/lib:/home/cafsanchezdi/ros2_ws/install/sdv_scripts/lib:/opt/ros/jazzy/opt/gz_sim_vendor/lib:/opt/ros/jazzy/opt/gz_sensors_vendor/lib:/opt/ros/jazzy/opt/gz_physics_vendor/lib:/opt/ros/jazzy/opt/sdformat_vendor/lib:/opt/ros/jazzy/opt/rviz_ogre_vendor/lib:/opt/ros/jazzy/lib/x86_64-linux-gnu:/opt/ros/jazzy/opt/gz_gui_vendor/lib:/opt/ros/jazzy/opt/gz_transport_vendor/lib:/opt/ros/jazzy/opt/gz_rendering_vendor/lib:/opt/ros/jazzy/opt/gz_plugin_vendor/lib:/opt/ros/jazzy/opt/gz_fuel_tools_vendor/lib:/opt/ros/jazzy/opt/gz_msgs_vendor/lib:/opt/ros/jazzy/opt/gz_common_vendor/lib:/opt/ros/jazzy/opt/gz_math_vendor/lib:/opt/ros/jazzy/opt/gz_utils_vendor/lib:/opt/ros/jazzy/opt/gz_tools_vendor/lib:/opt/ros/jazzy/opt/gz_ogre_next_vendor/lib:/opt/ros/jazzy/opt/gz_dartsim_vendor/lib:/opt/ros/jazzy/opt/gz_cmake_vendor/lib:/opt/ros/jazzy/lib PYTHONPATH=/home/cafsanchezdi/ros2_ws/install/sdv_msgs/lib/python3.12/site-packages:/home/cafsanchezdi/ros2_ws/install/sdv_process/lib/python3.12/site-packages:/home/cafsanchezdi/ros2_ws/install/sdv_scripts/lib/python3.12/site-packages:/opt/ros/jazzy/lib/python3.12/site-packages /usr/bin/cmake --build /home/cafsanchezdi/ros2_ws/build/sdv_scripts -- -j4 -l4
[9.726s] Invoking command in '/home/cafsanchezdi/ros2_ws/build/sdv_scripts': CMAKE_PREFIX_PATH=/home/cafsanchezdi/ros2_ws/install/sdv_msgs:/home/cafsanchezdi/ros2_ws/install/sdv_process:/home/cafsanchezdi/ros2_ws/install/sdv_serial:/home/cafsanchezdi/ros2_ws/install/sdv_scripts:/home/cafsanchezdi/ros2_ws/install/sdv_nav:/home/cafsanchezdi/ros2_ws/install/sdv_joystick:/home/cafsanchezdi/ros2_ws/install/camera_platform:/opt/ros/jazzy/opt/gz_sim_vendor:/opt/ros/jazzy/opt/gz_sensors_vendor:/opt/ros/jazzy/opt/gz_physics_vendor:/opt/ros/jazzy/opt/sdformat_vendor:/opt/ros/jazzy/opt/gz_gui_vendor:/opt/ros/jazzy/opt/gz_transport_vendor:/opt/ros/jazzy/opt/gz_rendering_vendor:/opt/ros/jazzy/opt/gz_plugin_vendor:/opt/ros/jazzy/opt/gz_fuel_tools_vendor:/opt/ros/jazzy/opt/gz_msgs_vendor:/opt/ros/jazzy/opt/gz_common_vendor:/opt/ros/jazzy/opt/gz_math_vendor:/opt/ros/jazzy/opt/gz_utils_vendor:/opt/ros/jazzy/opt/gz_tools_vendor:/opt/ros/jazzy/opt/gz_ogre_next_vendor:/opt/ros/jazzy/opt/gz_dartsim_vendor:/opt/ros/jazzy/opt/gz_cmake_vendor:/opt/ros/jazzy DEBUGINFOD_URLS=https://debuginfod.ubuntu.com LD_LIBRARY_PATH=/home/cafsanchezdi/ros2_ws/install/sdv_msgs/lib:/home/cafsanchezdi/ros2_ws/install/sdv_process/lib:/home/cafsanchezdi/ros2_ws/install/sdv_scripts/lib:/opt/ros/jazzy/opt/gz_sim_vendor/lib:/opt/ros/jazzy/opt/gz_sensors_vendor/lib:/opt/ros/jazzy/opt/gz_physics_vendor/lib:/opt/ros/jazzy/opt/sdformat_vendor/lib:/opt/ros/jazzy/opt/rviz_ogre_vendor/lib:/opt/ros/jazzy/lib/x86_64-linux-gnu:/opt/ros/jazzy/opt/gz_gui_vendor/lib:/opt/ros/jazzy/opt/gz_transport_vendor/lib:/opt/ros/jazzy/opt/gz_rendering_vendor/lib:/opt/ros/jazzy/opt/gz_plugin_vendor/lib:/opt/ros/jazzy/opt/gz_fuel_tools_vendor/lib:/opt/ros/jazzy/opt/gz_msgs_vendor/lib:/opt/ros/jazzy/opt/gz_common_vendor/lib:/opt/ros/jazzy/opt/gz_math_vendor/lib:/opt/ros/jazzy/opt/gz_utils_vendor/lib:/opt/ros/jazzy/opt/gz_tools_vendor/lib:/opt/ros/jazzy/opt/gz_ogre_next_vendor/lib:/opt/ros/jazzy/opt/gz_dartsim_vendor/lib:/opt/ros/jazzy/opt/gz_cmake_vendor/lib:/opt/ros/jazzy/lib PYTHONPATH=/home/cafsanchezdi/ros2_ws/install/sdv_msgs/lib/python3.12/site-packages:/home/cafsanchezdi/ros2_ws/install/sdv_process/lib/python3.12/site-packages:/home/cafsanchezdi/ros2_ws/install/sdv_scripts/lib/python3.12/site-packages:/opt/ros/jazzy/lib/python3.12/site-packages /usr/bin/cmake --install /home/cafsanchezdi/ros2_ws/build/sdv_scripts
[9.740s] -- Install configuration: ""
[9.740s] -- Installing: /home/cafsanchezdi/ros2_ws/install/sdv_scripts/share/ament_index/resource_index/rosidl_interfaces/sdv_scripts
[9.740s] -- Installing: /home/cafsanchezdi/ros2_ws/install/sdv_scripts/share/sdv_scripts/msg/Udp.json
[9.740s] -- Installing: /home/cafsanchezdi/ros2_ws/install/sdv_scripts/include/sdv_scripts/sdv_scripts
[9.741s] -- Installing: /home/cafsanchezdi/ros2_ws/install/sdv_scripts/include/sdv_scripts/sdv_scripts/msg
[9.741s] -- Installing: /home/cafsanchezdi/ros2_ws/install/sdv_scripts/include/sdv_scripts/sdv_scripts/msg/udp.h
[9.741s] -- Installing: /home/cafsanchezdi/ros2_ws/install/sdv_scripts/include/sdv_scripts/sdv_scripts/msg/rosidl_generator_c__visibility_control.h
[9.741s] -- Installing: /home/cafsanchezdi/ros2_ws/install/sdv_scripts/include/sdv_scripts/sdv_scripts/msg/detail
[9.742s] -- Installing: /home/cafsanchezdi/ros2_ws/install/sdv_scripts/include/sdv_scripts/sdv_scripts/msg/detail/udp__struct.h
[9.742s] -- Installing: /home/cafsanchezdi/ros2_ws/install/sdv_scripts/include/sdv_scripts/sdv_scripts/msg/detail/udp__type_support.h
[9.742s] -- Installing: /home/cafsanchezdi/ros2_ws/install/sdv_scripts/include/sdv_scripts/sdv_scripts/msg/detail/udp__functions.c
[9.742s] -- Installing: /home/cafsanchezdi/ros2_ws/install/sdv_scripts/include/sdv_scripts/sdv_scripts/msg/detail/udp__functions.h
[9.742s] -- Installing: /home/cafsanchezdi/ros2_ws/install/sdv_scripts/include/sdv_scripts/sdv_scripts/msg/detail/udp__type_support.c
[9.742s] -- Installing: /home/cafsanchezdi/ros2_ws/install/sdv_scripts/include/sdv_scripts/sdv_scripts/msg/detail/udp__description.c
[9.743s] -- Installing: /home/cafsanchezdi/ros2_ws/install/sdv_scripts/share/sdv_scripts/environment/library_path.sh
[9.743s] -- Installing: /home/cafsanchezdi/ros2_ws/install/sdv_scripts/share/sdv_scripts/environment/library_path.dsv
[9.743s] -- Installing: /home/cafsanchezdi/ros2_ws/install/sdv_scripts/lib/libsdv_scripts__rosidl_generator_c.so
[9.744s] -- Set non-toolchain portion of runtime path of "/home/cafsanchezdi/ros2_ws/install/sdv_scripts/lib/libsdv_scripts__rosidl_generator_c.so" to ""
[9.744s] -- Up-to-date: /home/cafsanchezdi/ros2_ws/install/sdv_scripts/include/sdv_scripts/sdv_scripts
[9.744s] -- Up-to-date: /home/cafsanchezdi/ros2_ws/install/sdv_scripts/include/sdv_scripts/sdv_scripts/msg
[9.744s] -- Installing: /home/cafsanchezdi/ros2_ws/install/sdv_scripts/include/sdv_scripts/sdv_scripts/msg/rosidl_typesupport_fastrtps_c__visibility_control.h
[9.744s] -- Up-to-date: /home/cafsanchezdi/ros2_ws/install/sdv_scripts/include/sdv_scripts/sdv_scripts/msg/detail
[9.744s] -- Installing: /home/cafsanchezdi/ros2_ws/install/sdv_scripts/include/sdv_scripts/sdv_scripts/msg/detail/udp__rosidl_typesupport_fastrtps_c.h
[9.744s] -- Installing: /home/cafsanchezdi/ros2_ws/install/sdv_scripts/lib/libsdv_scripts__rosidl_typesupport_fastrtps_c.so
[9.745s] -- Set non-toolchain portion of runtime path of "/home/cafsanchezdi/ros2_ws/install/sdv_scripts/lib/libsdv_scripts__rosidl_typesupport_fastrtps_c.so" to ""
[9.745s] -- Up-to-date: /home/cafsanchezdi/ros2_ws/install/sdv_scripts/include/sdv_scripts/sdv_scripts
[9.745s] -- Up-to-date: /home/cafsanchezdi/ros2_ws/install/sdv_scripts/include/sdv_scripts/sdv_scripts/msg
[9.745s] -- Installing: /home/cafsanchezdi/ros2_ws/install/sdv_scripts/include/sdv_scripts/sdv_scripts/msg/rosidl_typesupport_introspection_c__visibility_control.h
[9.745s] -- Up-to-date: /home/cafsanchezdi/ros2_ws/install/sdv_scripts/include/sdv_scripts/sdv_scripts/msg/detail
[9.745s] -- Installing: /home/cafsanchezdi/ros2_ws/install/sdv_scripts/include/sdv_scripts/sdv_scripts/msg/detail/udp__rosidl_typesupport_introspection_c.h
[9.745s] -- Installing: /home/cafsanchezdi/ros2_ws/install/sdv_scripts/include/sdv_scripts/sdv_scripts/msg/detail/udp__type_support.c
[9.746s] -- Installing: /home/cafsanchezdi/ros2_ws/install/sdv_scripts/lib/libsdv_scripts__rosidl_typesupport_introspection_c.so
[9.746s] -- Set non-toolchain portion of runtime path of "/home/cafsanchezdi/ros2_ws/install/sdv_scripts/lib/libsdv_scripts__rosidl_typesupport_introspection_c.so" to ""
[9.746s] -- Installing: /home/cafsanchezdi/ros2_ws/install/sdv_scripts/lib/libsdv_scripts__rosidl_typesupport_c.so
[9.747s] -- Set non-toolchain portion of runtime path of "/home/cafsanchezdi/ros2_ws/install/sdv_scripts/lib/libsdv_scripts__rosidl_typesupport_c.so" to ""
[9.747s] -- Up-to-date: /home/cafsanchezdi/ros2_ws/install/sdv_scripts/include/sdv_scripts/sdv_scripts
[9.747s] -- Up-to-date: /home/cafsanchezdi/ros2_ws/install/sdv_scripts/include/sdv_scripts/sdv_scripts/msg
[9.747s] -- Installing: /home/cafsanchezdi/ros2_ws/install/sdv_scripts/include/sdv_scripts/sdv_scripts/msg/udp.hpp
[9.747s] -- Installing: /home/cafsanchezdi/ros2_ws/install/sdv_scripts/include/sdv_scripts/sdv_scripts/msg/rosidl_generator_cpp__visibility_control.hpp
[9.747s] -- Up-to-date: /home/cafsanchezdi/ros2_ws/install/sdv_scripts/include/sdv_scripts/sdv_scripts/msg/detail
[9.748s] -- Installing: /home/cafsanchezdi/ros2_ws/install/sdv_scripts/include/sdv_scripts/sdv_scripts/msg/detail/udp__traits.hpp
[9.748s] -- Installing: /home/cafsanchezdi/ros2_ws/install/sdv_scripts/include/sdv_scripts/sdv_scripts/msg/detail/udp__struct.hpp
[9.748s] -- Installing: /home/cafsanchezdi/ros2_ws/install/sdv_scripts/include/sdv_scripts/sdv_scripts/msg/detail/udp__type_support.hpp
[9.748s] -- Installing: /home/cafsanchezdi/ros2_ws/install/sdv_scripts/include/sdv_scripts/sdv_scripts/msg/detail/udp__builder.hpp
[9.748s] -- Up-to-date: /home/cafsanchezdi/ros2_ws/install/sdv_scripts/include/sdv_scripts/sdv_scripts
[9.748s] -- Up-to-date: /home/cafsanchezdi/ros2_ws/install/sdv_scripts/include/sdv_scripts/sdv_scripts/msg
[9.748s] -- Installing: /home/cafsanchezdi/ros2_ws/install/sdv_scripts/include/sdv_scripts/sdv_scripts/msg/rosidl_typesupport_fastrtps_cpp__visibility_control.h
[9.748s] -- Up-to-date: /home/cafsanchezdi/ros2_ws/install/sdv_scripts/include/sdv_scripts/sdv_scripts/msg/detail
[9.748s] -- Installing: /home/cafsanchezdi/ros2_ws/install/sdv_scripts/include/sdv_scripts/sdv_scripts/msg/detail/dds_fastrtps
[9.748s] -- Installing: /home/cafsanchezdi/ros2_ws/install/sdv_scripts/include/sdv_scripts/sdv_scripts/msg/detail/udp__rosidl_typesupport_fastrtps_cpp.hpp
[9.749s] -- Installing: /home/cafsanchezdi/ros2_ws/install/sdv_scripts/lib/libsdv_scripts__rosidl_typesupport_fastrtps_cpp.so
[9.749s] -- Set non-toolchain portion of runtime path of "/home/cafsanchezdi/ros2_ws/install/sdv_scripts/lib/libsdv_scripts__rosidl_typesupport_fastrtps_cpp.so" to ""
[9.749s] -- Up-to-date: /home/cafsanchezdi/ros2_ws/install/sdv_scripts/include/sdv_scripts/sdv_scripts
[9.749s] -- Up-to-date: /home/cafsanchezdi/ros2_ws/install/sdv_scripts/include/sdv_scripts/sdv_scripts/msg
[9.749s] -- Up-to-date: /home/cafsanchezdi/ros2_ws/install/sdv_scripts/include/sdv_scripts/sdv_scripts/msg/detail
[9.750s] -- Installing: /home/cafsanchezdi/ros2_ws/install/sdv_scripts/include/sdv_scripts/sdv_scripts/msg/detail/udp__rosidl_typesupport_introspection_cpp.hpp
[9.750s] -- Installing: /home/cafsanchezdi/ros2_ws/install/sdv_scripts/include/sdv_scripts/sdv_scripts/msg/detail/udp__type_support.cpp
[9.750s] -- Installing: /home/cafsanchezdi/ros2_ws/install/sdv_scripts/lib/libsdv_scripts__rosidl_typesupport_introspection_cpp.so
[9.750s] -- Set non-toolchain portion of runtime path of "/home/cafsanchezdi/ros2_ws/install/sdv_scripts/lib/libsdv_scripts__rosidl_typesupport_introspection_cpp.so" to ""
[9.750s] -- Installing: /home/cafsanchezdi/ros2_ws/install/sdv_scripts/lib/libsdv_scripts__rosidl_typesupport_cpp.so
[9.751s] -- Set non-toolchain portion of runtime path of "/home/cafsanchezdi/ros2_ws/install/sdv_scripts/lib/libsdv_scripts__rosidl_typesupport_cpp.so" to ""
[9.751s] -- Installing: /home/cafsanchezdi/ros2_ws/install/sdv_scripts/share/sdv_scripts/environment/pythonpath.sh
[9.751s] -- Installing: /home/cafsanchezdi/ros2_ws/install/sdv_scripts/share/sdv_scripts/environment/pythonpath.dsv
[9.751s] -- Installing: /home/cafsanchezdi/ros2_ws/install/sdv_scripts/lib/python3.12/site-packages/sdv_scripts-0.0.1-py3.12.egg-info
[9.751s] -- Installing: /home/cafsanchezdi/ros2_ws/install/sdv_scripts/lib/python3.12/site-packages/sdv_scripts-0.0.1-py3.12.egg-info/PKG-INFO
[9.752s] -- Installing: /home/cafsanchezdi/ros2_ws/install/sdv_scripts/lib/python3.12/site-packages/sdv_scripts-0.0.1-py3.12.egg-info/dependency_links.txt
[9.752s] -- Installing: /home/cafsanchezdi/ros2_ws/install/sdv_scripts/lib/python3.12/site-packages/sdv_scripts-0.0.1-py3.12.egg-info/SOURCES.txt
[9.752s] -- Installing: /home/cafsanchezdi/ros2_ws/install/sdv_scripts/lib/python3.12/site-packages/sdv_scripts-0.0.1-py3.12.egg-info/top_level.txt
[9.752s] -- Installing: /home/cafsanchezdi/ros2_ws/install/sdv_scripts/lib/python3.12/site-packages/sdv_scripts
[9.752s] -- Installing: /home/cafsanchezdi/ros2_ws/install/sdv_scripts/lib/python3.12/site-packages/sdv_scripts/sdv_scripts_s__rosidl_typesupport_introspection_c.so
[9.753s] -- Installing: /home/cafsanchezdi/ros2_ws/install/sdv_scripts/lib/python3.12/site-packages/sdv_scripts/sdv_scripts_s__rosidl_typesupport_c.so
[9.753s] -- Installing: /home/cafsanchezdi/ros2_ws/install/sdv_scripts/lib/python3.12/site-packages/sdv_scripts/_sdv_scripts_s.ep.rosidl_typesupport_introspection_c.c
[9.753s] -- Installing: /home/cafsanchezdi/ros2_ws/install/sdv_scripts/lib/python3.12/site-packages/sdv_scripts/_sdv_scripts_s.ep.rosidl_typesupport_c.c
[9.753s] -- Installing: /home/cafsanchezdi/ros2_ws/install/sdv_scripts/lib/python3.12/site-packages/sdv_scripts/sdv_scripts_s__rosidl_typesupport_fastrtps_c.so
[9.754s] -- Installing: /home/cafsanchezdi/ros2_ws/install/sdv_scripts/lib/python3.12/site-packages/sdv_scripts/msg
[9.754s] -- Installing: /home/cafsanchezdi/ros2_ws/install/sdv_scripts/lib/python3.12/site-packages/sdv_scripts/msg/_udp_s.c
[9.754s] -- Installing: /home/cafsanchezdi/ros2_ws/install/sdv_scripts/lib/python3.12/site-packages/sdv_scripts/msg/_udp.py
[9.754s] -- Installing: /home/cafsanchezdi/ros2_ws/install/sdv_scripts/lib/python3.12/site-packages/sdv_scripts/msg/__init__.py
[9.754s] -- Installing: /home/cafsanchezdi/ros2_ws/install/sdv_scripts/lib/python3.12/site-packages/sdv_scripts/_sdv_scripts_s.ep.rosidl_typesupport_fastrtps_c.c
[9.754s] -- Installing: /home/cafsanchezdi/ros2_ws/install/sdv_scripts/lib/python3.12/site-packages/sdv_scripts/__init__.py
[9.794s] Listing '/home/cafsanchezdi/ros2_ws/install/sdv_scripts/lib/python3.12/site-packages/sdv_scripts'...
[9.794s] Compiling '/home/cafsanchezdi/ros2_ws/install/sdv_scripts/lib/python3.12/site-packages/sdv_scripts/__init__.py'...
[9.794s] Listing '/home/cafsanchezdi/ros2_ws/install/sdv_scripts/lib/python3.12/site-packages/sdv_scripts/msg'...
[9.794s] Compiling '/home/cafsanchezdi/ros2_ws/install/sdv_scripts/lib/python3.12/site-packages/sdv_scripts/msg/__init__.py'...
[9.795s] Compiling '/home/cafsanchezdi/ros2_ws/install/sdv_scripts/lib/python3.12/site-packages/sdv_scripts/msg/_udp.py'...
[9.801s] -- Installing: /home/cafsanchezdi/ros2_ws/install/sdv_scripts/lib/python3.12/site-packages/sdv_scripts/sdv_scripts_s__rosidl_typesupport_fastrtps_c.so
[9.805s] -- Set non-toolchain portion of runtime path of "/home/cafsanchezdi/ros2_ws/install/sdv_scripts/lib/python3.12/site-packages/sdv_scripts/sdv_scripts_s__rosidl_typesupport_fastrtps_c.so" to ""
[9.805s] -- Installing: /home/cafsanchezdi/ros2_ws/install/sdv_scripts/lib/python3.12/site-packages/sdv_scripts/sdv_scripts_s__rosidl_typesupport_introspection_c.so
[9.805s] -- Set non-toolchain portion of runtime path of "/home/cafsanchezdi/ros2_ws/install/sdv_scripts/lib/python3.12/site-packages/sdv_scripts/sdv_scripts_s__rosidl_typesupport_introspection_c.so" to ""
[9.805s] -- Installing: /home/cafsanchezdi/ros2_ws/install/sdv_scripts/lib/python3.12/site-packages/sdv_scripts/sdv_scripts_s__rosidl_typesupport_c.so
[9.805s] -- Set non-toolchain portion of runtime path of "/home/cafsanchezdi/ros2_ws/install/sdv_scripts/lib/python3.12/site-packages/sdv_scripts/sdv_scripts_s__rosidl_typesupport_c.so" to ""
[9.805s] -- Installing: /home/cafsanchezdi/ros2_ws/install/sdv_scripts/lib/libsdv_scripts__rosidl_generator_py.so
[9.805s] -- Set non-toolchain portion of runtime path of "/home/cafsanchezdi/ros2_ws/install/sdv_scripts/lib/libsdv_scripts__rosidl_generator_py.so" to ""
[9.805s] -- Installing: /home/cafsanchezdi/ros2_ws/install/sdv_scripts/share/sdv_scripts/msg/Udp.idl
[9.805s] -- Installing: /home/cafsanchezdi/ros2_ws/install/sdv_scripts/share/sdv_scripts/msg/Udp.msg
[9.806s] -- Installing: /home/cafsanchezdi/ros2_ws/install/sdv_scripts/share/ament_index/resource_index/package_run_dependencies/sdv_scripts
[9.806s] -- Installing: /home/cafsanchezdi/ros2_ws/install/sdv_scripts/share/ament_index/resource_index/parent_prefix_path/sdv_scripts
[9.806s] -- Installing: /home/cafsanchezdi/ros2_ws/install/sdv_scripts/share/sdv_scripts/environment/ament_prefix_path.sh
[9.806s] -- Installing: /home/cafsanchezdi/ros2_ws/install/sdv_scripts/share/sdv_scripts/environment/ament_prefix_path.dsv
[9.806s] -- Installing: /home/cafsanchezdi/ros2_ws/install/sdv_scripts/share/sdv_scripts/environment/path.sh
[9.806s] -- Installing: /home/cafsanchezdi/ros2_ws/install/sdv_scripts/share/sdv_scripts/environment/path.dsv
[9.806s] -- Installing: /home/cafsanchezdi/ros2_ws/install/sdv_scripts/share/sdv_scripts/local_setup.bash
[9.806s] -- Installing: /home/cafsanchezdi/ros2_ws/install/sdv_scripts/share/sdv_scripts/local_setup.sh
[9.806s] -- Installing: /home/cafsanchezdi/ros2_ws/install/sdv_scripts/share/sdv_scripts/local_setup.zsh
[9.806s] -- Installing: /home/cafsanchezdi/ros2_ws/install/sdv_scripts/share/sdv_scripts/local_setup.dsv
[9.806s] -- Installing: /home/cafsanchezdi/ros2_ws/install/sdv_scripts/share/sdv_scripts/package.dsv
[9.806s] -- Installing: /home/cafsanchezdi/ros2_ws/install/sdv_scripts/share/ament_index/resource_index/packages/sdv_scripts
[9.806s] -- Installing: /home/cafsanchezdi/ros2_ws/install/sdv_scripts/share/sdv_scripts/cmake/export_sdv_scripts__rosidl_generator_cExport.cmake
[9.806s] -- Installing: /home/cafsanchezdi/ros2_ws/install/sdv_scripts/share/sdv_scripts/cmake/export_sdv_scripts__rosidl_generator_cExport-noconfig.cmake
[9.806s] -- Installing: /home/cafsanchezdi/ros2_ws/install/sdv_scripts/share/sdv_scripts/cmake/export_sdv_scripts__rosidl_typesupport_fastrtps_cExport.cmake
[9.806s] -- Installing: /home/cafsanchezdi/ros2_ws/install/sdv_scripts/share/sdv_scripts/cmake/export_sdv_scripts__rosidl_typesupport_fastrtps_cExport-noconfig.cmake
[9.806s] -- Installing: /home/cafsanchezdi/ros2_ws/install/sdv_scripts/share/sdv_scripts/cmake/sdv_scripts__rosidl_typesupport_introspection_cExport.cmake
[9.807s] -- Installing: /home/cafsanchezdi/ros2_ws/install/sdv_scripts/share/sdv_scripts/cmake/sdv_scripts__rosidl_typesupport_introspection_cExport-noconfig.cmake
[9.807s] -- Installing: /home/cafsanchezdi/ros2_ws/install/sdv_scripts/share/sdv_scripts/cmake/sdv_scripts__rosidl_typesupport_cExport.cmake
[9.807s] -- Installing: /home/cafsanchezdi/ros2_ws/install/sdv_scripts/share/sdv_scripts/cmake/sdv_scripts__rosidl_typesupport_cExport-noconfig.cmake
[9.807s] -- Installing: /home/cafsanchezdi/ros2_ws/install/sdv_scripts/share/sdv_scripts/cmake/export_sdv_scripts__rosidl_generator_cppExport.cmake
[9.807s] -- Installing: /home/cafsanchezdi/ros2_ws/install/sdv_scripts/share/sdv_scripts/cmake/export_sdv_scripts__rosidl_typesupport_fastrtps_cppExport.cmake
[9.807s] -- Installing: /home/cafsanchezdi/ros2_ws/install/sdv_scripts/share/sdv_scripts/cmake/export_sdv_scripts__rosidl_typesupport_fastrtps_cppExport-noconfig.cmake
[9.807s] -- Installing: /home/cafsanchezdi/ros2_ws/install/sdv_scripts/share/sdv_scripts/cmake/sdv_scripts__rosidl_typesupport_introspection_cppExport.cmake
[9.807s] -- Installing: /home/cafsanchezdi/ros2_ws/install/sdv_scripts/share/sdv_scripts/cmake/sdv_scripts__rosidl_typesupport_introspection_cppExport-noconfig.cmake
[9.809s] -- Installing: /home/cafsanchezdi/ros2_ws/install/sdv_scripts/share/sdv_scripts/cmake/sdv_scripts__rosidl_typesupport_cppExport.cmake
[9.809s] -- Installing: /home/cafsanchezdi/ros2_ws/install/sdv_scripts/share/sdv_scripts/cmake/sdv_scripts__rosidl_typesupport_cppExport-noconfig.cmake
[9.809s] -- Installing: /home/cafsanchezdi/ros2_ws/install/sdv_scripts/share/sdv_scripts/cmake/export_sdv_scripts__rosidl_generator_pyExport.cmake
[9.809s] -- Installing: /home/cafsanchezdi/ros2_ws/install/sdv_scripts/share/sdv_scripts/cmake/export_sdv_scripts__rosidl_generator_pyExport-noconfig.cmake
[9.809s] -- Installing: /home/cafsanchezdi/ros2_ws/install/sdv_scripts/share/sdv_scripts/cmake/rosidl_cmake-extras.cmake
[9.809s] -- Installing: /home/cafsanchezdi/ros2_ws/install/sdv_scripts/share/sdv_scripts/cmake/ament_cmake_export_dependencies-extras.cmake
[9.809s] -- Installing: /home/cafsanchezdi/ros2_ws/install/sdv_scripts/share/sdv_scripts/cmake/ament_cmake_export_include_directories-extras.cmake
[9.810s] -- Installing: /home/cafsanchezdi/ros2_ws/install/sdv_scripts/share/sdv_scripts/cmake/ament_cmake_export_libraries-extras.cmake
[9.810s] -- Installing: /home/cafsanchezdi/ros2_ws/install/sdv_scripts/share/sdv_scripts/cmake/ament_cmake_export_targets-extras.cmake
[9.810s] -- Installing: /home/cafsanchezdi/ros2_ws/install/sdv_scripts/share/sdv_scripts/cmake/rosidl_cmake_export_typesupport_targets-extras.cmake
[9.810s] -- Installing: /home/cafsanchezdi/ros2_ws/install/sdv_scripts/share/sdv_scripts/cmake/rosidl_cmake_export_typesupport_libraries-extras.cmake
[9.810s] -- Installing: /home/cafsanchezdi/ros2_ws/install/sdv_scripts/share/sdv_scripts/cmake/sdv_scriptsConfig.cmake
[9.810s] -- Installing: /home/cafsanchezdi/ros2_ws/install/sdv_scripts/share/sdv_scripts/cmake/sdv_scriptsConfig-version.cmake
[9.810s] -- Installing: /home/cafsanchezdi/ros2_ws/install/sdv_scripts/share/sdv_scripts/package.xml
[9.813s] Invoked command in '/home/cafsanchezdi/ros2_ws/build/sdv_scripts' returned '0': CMAKE_PREFIX_PATH=/home/cafsanchezdi/ros2_ws/install/sdv_msgs:/home/cafsanchezdi/ros2_ws/install/sdv_process:/home/cafsanchezdi/ros2_ws/install/sdv_serial:/home/cafsanchezdi/ros2_ws/install/sdv_scripts:/home/cafsanchezdi/ros2_ws/install/sdv_nav:/home/cafsanchezdi/ros2_ws/install/sdv_joystick:/home/cafsanchezdi/ros2_ws/install/camera_platform:/opt/ros/jazzy/opt/gz_sim_vendor:/opt/ros/jazzy/opt/gz_sensors_vendor:/opt/ros/jazzy/opt/gz_physics_vendor:/opt/ros/jazzy/opt/sdformat_vendor:/opt/ros/jazzy/opt/gz_gui_vendor:/opt/ros/jazzy/opt/gz_transport_vendor:/opt/ros/jazzy/opt/gz_rendering_vendor:/opt/ros/jazzy/opt/gz_plugin_vendor:/opt/ros/jazzy/opt/gz_fuel_tools_vendor:/opt/ros/jazzy/opt/gz_msgs_vendor:/opt/ros/jazzy/opt/gz_common_vendor:/opt/ros/jazzy/opt/gz_math_vendor:/opt/ros/jazzy/opt/gz_utils_vendor:/opt/ros/jazzy/opt/gz_tools_vendor:/opt/ros/jazzy/opt/gz_ogre_next_vendor:/opt/ros/jazzy/opt/gz_dartsim_vendor:/opt/ros/jazzy/opt/gz_cmake_vendor:/opt/ros/jazzy DEBUGINFOD_URLS=https://debuginfod.ubuntu.com LD_LIBRARY_PATH=/home/cafsanchezdi/ros2_ws/install/sdv_msgs/lib:/home/cafsanchezdi/ros2_ws/install/sdv_process/lib:/home/cafsanchezdi/ros2_ws/install/sdv_scripts/lib:/opt/ros/jazzy/opt/gz_sim_vendor/lib:/opt/ros/jazzy/opt/gz_sensors_vendor/lib:/opt/ros/jazzy/opt/gz_physics_vendor/lib:/opt/ros/jazzy/opt/sdformat_vendor/lib:/opt/ros/jazzy/opt/rviz_ogre_vendor/lib:/opt/ros/jazzy/lib/x86_64-linux-gnu:/opt/ros/jazzy/opt/gz_gui_vendor/lib:/opt/ros/jazzy/opt/gz_transport_vendor/lib:/opt/ros/jazzy/opt/gz_rendering_vendor/lib:/opt/ros/jazzy/opt/gz_plugin_vendor/lib:/opt/ros/jazzy/opt/gz_fuel_tools_vendor/lib:/opt/ros/jazzy/opt/gz_msgs_vendor/lib:/opt/ros/jazzy/opt/gz_common_vendor/lib:/opt/ros/jazzy/opt/gz_math_vendor/lib:/opt/ros/jazzy/opt/gz_utils_vendor/lib:/opt/ros/jazzy/opt/gz_tools_vendor/lib:/opt/ros/jazzy/opt/gz_ogre_next_vendor/lib:/opt/ros/jazzy/opt/gz_dartsim_vendor/lib:/opt/ros/jazzy/opt/gz_cmake_vendor/lib:/opt/ros/jazzy/lib PYTHONPATH=/home/cafsanchezdi/ros2_ws/install/sdv_msgs/lib/python3.12/site-packages:/home/cafsanchezdi/ros2_ws/install/sdv_process/lib/python3.12/site-packages:/home/cafsanchezdi/ros2_ws/install/sdv_scripts/lib/python3.12/site-packages:/opt/ros/jazzy/lib/python3.12/site-packages /usr/bin/cmake --install /home/cafsanchezdi/ros2_ws/build/sdv_scripts
