[0.023s] Invoking command in '/home/cafsanchezdi/ros2_ws/build/sdv_nav': CMAKE_PREFIX_PATH=${CMAKE_PREFIX_PATH}:/opt/ros/jazzy DEBUGINFOD_URLS=https://debuginfod.ubuntu.com /usr/bin/cmake /home/cafsanchezdi/ros2_ws/src/sdv_un_ros/sdv_nav -DCMAKE_INSTALL_PREFIX=/home/cafsanchezdi/ros2_ws/install/sdv_nav
[0.098s] -- The C compiler identification is GNU 13.3.0
[0.165s] -- The CXX compiler identification is GNU 13.3.0
[0.188s] -- Detecting C compiler ABI info
[0.306s] -- Detecting C compiler ABI info - done
[0.315s] -- Check for working C compiler: /usr/bin/cc - skipped
[0.316s] -- Detecting C compile features
[0.317s] -- Detecting C compile features - done
[0.330s] -- Detecting CXX compiler ABI info
[0.466s] -- Detecting CXX compiler ABI info - done
[0.475s] -- Check for working CXX compiler: /usr/bin/c++ - skipped
[0.475s] -- Detecting CXX compile features
[0.476s] -- Detecting CXX compile features - done
[0.481s] -- Found ament_cmake: 2.5.3 (/opt/ros/jazzy/share/ament_cmake/cmake)
[0.680s] -- Found Python3: /usr/bin/python3 (found version "3.12.3") found components: Interpreter 
[0.823s] -- Found rclpy: 7.1.3 (/opt/ros/jazzy/share/rclpy/cmake)
[0.931s] -- Configuring done (0.9s)
[0.934s] -- Generating done (0.0s)
[0.937s] -- Build files have been written to: /home/cafsanchezdi/ros2_ws/build/sdv_nav
[0.945s] Invoked command in '/home/cafsanchezdi/ros2_ws/build/sdv_nav' returned '0': CMAKE_PREFIX_PATH=${CMAKE_PREFIX_PATH}:/opt/ros/jazzy DEBUGINFOD_URLS=https://debuginfod.ubuntu.com /usr/bin/cmake /home/cafsanchezdi/ros2_ws/src/sdv_un_ros/sdv_nav -DCMAKE_INSTALL_PREFIX=/home/cafsanchezdi/ros2_ws/install/sdv_nav
[0.946s] Invoking command in '/home/cafsanchezdi/ros2_ws/build/sdv_nav': CMAKE_PREFIX_PATH=${CMAKE_PREFIX_PATH}:/opt/ros/jazzy DEBUGINFOD_URLS=https://debuginfod.ubuntu.com /usr/bin/cmake --build /home/cafsanchezdi/ros2_ws/build/sdv_nav -- -j4 -l4
[1.003s] Invoked command in '/home/cafsanchezdi/ros2_ws/build/sdv_nav' returned '0': CMAKE_PREFIX_PATH=${CMAKE_PREFIX_PATH}:/opt/ros/jazzy DEBUGINFOD_URLS=https://debuginfod.ubuntu.com /usr/bin/cmake --build /home/cafsanchezdi/ros2_ws/build/sdv_nav -- -j4 -l4
[1.021s] Invoking command in '/home/cafsanchezdi/ros2_ws/build/sdv_nav': CMAKE_PREFIX_PATH=${CMAKE_PREFIX_PATH}:/opt/ros/jazzy DEBUGINFOD_URLS=https://debuginfod.ubuntu.com /usr/bin/cmake --install /home/cafsanchezdi/ros2_ws/build/sdv_nav
[1.033s] -- Install configuration: ""
[1.033s] -- Installing: /home/cafsanchezdi/ros2_ws/install/sdv_nav/lib/sdv_nav
[1.033s] -- Installing: /home/cafsanchezdi/ros2_ws/install/sdv_nav/lib/sdv_nav/costmap_cleaner.py
[1.034s] -- Installing: /home/cafsanchezdi/ros2_ws/install/sdv_nav/lib/sdv_nav/run_laser_node.sh
[1.035s] -- Installing: /home/cafsanchezdi/ros2_ws/install/sdv_nav/lib/sdv_nav/pose_to_tf.py
[1.037s] -- Installing: /home/cafsanchezdi/ros2_ws/install/sdv_nav/lib/sdv_nav/fake_odometry.py
[1.038s] -- Installing: /home/cafsanchezdi/ros2_ws/install/sdv_nav/lib/sdv_nav/get_param.py
[1.039s] -- Installing: /home/cafsanchezdi/ros2_ws/install/sdv_nav/share/ament_index/resource_index/package_run_dependencies/sdv_nav
[1.039s] -- Installing: /home/cafsanchezdi/ros2_ws/install/sdv_nav/share/ament_index/resource_index/parent_prefix_path/sdv_nav
[1.040s] -- Installing: /home/cafsanchezdi/ros2_ws/install/sdv_nav/share/sdv_nav/environment/ament_prefix_path.sh
[1.040s] -- Installing: /home/cafsanchezdi/ros2_ws/install/sdv_nav/share/sdv_nav/environment/ament_prefix_path.dsv
[1.040s] -- Installing: /home/cafsanchezdi/ros2_ws/install/sdv_nav/share/sdv_nav/environment/path.sh
[1.041s] -- Installing: /home/cafsanchezdi/ros2_ws/install/sdv_nav/share/sdv_nav/environment/path.dsv
[1.041s] -- Installing: /home/cafsanchezdi/ros2_ws/install/sdv_nav/share/sdv_nav/local_setup.bash
[1.041s] -- Installing: /home/cafsanchezdi/ros2_ws/install/sdv_nav/share/sdv_nav/local_setup.sh
[1.042s] -- Installing: /home/cafsanchezdi/ros2_ws/install/sdv_nav/share/sdv_nav/local_setup.zsh
[1.042s] -- Installing: /home/cafsanchezdi/ros2_ws/install/sdv_nav/share/sdv_nav/local_setup.dsv
[1.042s] -- Installing: /home/cafsanchezdi/ros2_ws/install/sdv_nav/share/sdv_nav/package.dsv
[1.043s] -- Installing: /home/cafsanchezdi/ros2_ws/install/sdv_nav/share/ament_index/resource_index/packages/sdv_nav
[1.043s] -- Installing: /home/cafsanchezdi/ros2_ws/install/sdv_nav/share/sdv_nav/cmake/sdv_navConfig.cmake
[1.043s] -- Installing: /home/cafsanchezdi/ros2_ws/install/sdv_nav/share/sdv_nav/cmake/sdv_navConfig-version.cmake
[1.046s] -- Installing: /home/cafsanchezdi/ros2_ws/install/sdv_nav/share/sdv_nav/package.xml
[1.047s] Invoked command in '/home/cafsanchezdi/ros2_ws/build/sdv_nav' returned '0': CMAKE_PREFIX_PATH=${CMAKE_PREFIX_PATH}:/opt/ros/jazzy DEBUGINFOD_URLS=https://debuginfod.ubuntu.com /usr/bin/cmake --install /home/cafsanchezdi/ros2_ws/build/sdv_nav
