Change Dir: '/home/cafsanchezdi/ros2_ws/build/sdv_serial'

Run Build Command(s): /usr/bin/cmake -E env VERBOSE=1 /usr/bin/gmake -f Makefile -j4 -l4
/usr/bin/cmake -S/home/cafsanchezdi/ros2_ws/src/sdv_un_ros/sdv_serial -B/home/cafsanchezdi/ros2_ws/build/sdv_serial --check-build-system CMakeFiles/Makefile.cmake 0
/usr/bin/cmake -E cmake_progress_start /home/cafsanchezdi/ros2_ws/build/sdv_serial/CMakeFiles /home/cafsanchezdi/ros2_ws/build/sdv_serial//CMakeFiles/progress.marks
/usr/bin/gmake  -f CMakeFiles/Makefile2 all
gmake[1]: Entering directory '/home/cafsanchezdi/ros2_ws/build/sdv_serial'
/usr/bin/gmake  -f CMakeFiles/sdv_serial__rosidl_generator_type_description.dir/build.make CMakeFiles/sdv_serial__rosidl_generator_type_description.dir/depend
/usr/bin/gmake  -f CMakeFiles/ament_cmake_python_copy_sdv_serial.dir/build.make CMakeFiles/ament_cmake_python_copy_sdv_serial.dir/depend
gmake[2]: Entering directory '/home/cafsanchezdi/ros2_ws/build/sdv_serial'
cd /home/cafsanchezdi/ros2_ws/build/sdv_serial && /usr/bin/cmake -E cmake_depends "Unix Makefiles" /home/cafsanchezdi/ros2_ws/src/sdv_un_ros/sdv_serial /home/cafsanchezdi/ros2_ws/src/sdv_un_ros/sdv_serial /home/cafsanchezdi/ros2_ws/build/sdv_serial /home/cafsanchezdi/ros2_ws/build/sdv_serial /home/cafsanchezdi/ros2_ws/build/sdv_serial/CMakeFiles/ament_cmake_python_copy_sdv_serial.dir/DependInfo.cmake "--color="
gmake[2]: Entering directory '/home/cafsanchezdi/ros2_ws/build/sdv_serial'
cd /home/cafsanchezdi/ros2_ws/build/sdv_serial && /usr/bin/cmake -E cmake_depends "Unix Makefiles" /home/cafsanchezdi/ros2_ws/src/sdv_un_ros/sdv_serial /home/cafsanchezdi/ros2_ws/src/sdv_un_ros/sdv_serial /home/cafsanchezdi/ros2_ws/build/sdv_serial /home/cafsanchezdi/ros2_ws/build/sdv_serial /home/cafsanchezdi/ros2_ws/build/sdv_serial/CMakeFiles/sdv_serial__rosidl_generator_type_description.dir/DependInfo.cmake "--color="
gmake[2]: Leaving directory '/home/cafsanchezdi/ros2_ws/build/sdv_serial'
gmake[2]: Leaving directory '/home/cafsanchezdi/ros2_ws/build/sdv_serial'
/usr/bin/gmake  -f CMakeFiles/ament_cmake_python_copy_sdv_serial.dir/build.make CMakeFiles/ament_cmake_python_copy_sdv_serial.dir/build
/usr/bin/gmake  -f CMakeFiles/sdv_serial__rosidl_generator_type_description.dir/build.make CMakeFiles/sdv_serial__rosidl_generator_type_description.dir/build
gmake[2]: Entering directory '/home/cafsanchezdi/ros2_ws/build/sdv_serial'
/usr/bin/cmake -E copy_directory /home/cafsanchezdi/ros2_ws/build/sdv_serial/rosidl_generator_py/sdv_serial /home/cafsanchezdi/ros2_ws/build/sdv_serial/ament_cmake_python/sdv_serial/sdv_serial
gmake[2]: Entering directory '/home/cafsanchezdi/ros2_ws/build/sdv_serial'
gmake[2]: Nothing to be done for 'CMakeFiles/sdv_serial__rosidl_generator_type_description.dir/build'.
gmake[2]: Leaving directory '/home/cafsanchezdi/ros2_ws/build/sdv_serial'
[  1%] Built target sdv_serial__rosidl_generator_type_description
/usr/bin/gmake  -f CMakeFiles/sdv_serial__cpp.dir/build.make CMakeFiles/sdv_serial__cpp.dir/depend
/usr/bin/gmake  -f CMakeFiles/sdv_serial__rosidl_generator_c.dir/build.make CMakeFiles/sdv_serial__rosidl_generator_c.dir/depend
gmake[2]: Leaving directory '/home/cafsanchezdi/ros2_ws/build/sdv_serial'
gmake[2]: Entering directory '/home/cafsanchezdi/ros2_ws/build/sdv_serial'
cd /home/cafsanchezdi/ros2_ws/build/sdv_serial && /usr/bin/cmake -E cmake_depends "Unix Makefiles" /home/cafsanchezdi/ros2_ws/src/sdv_un_ros/sdv_serial /home/cafsanchezdi/ros2_ws/src/sdv_un_ros/sdv_serial /home/cafsanchezdi/ros2_ws/build/sdv_serial /home/cafsanchezdi/ros2_ws/build/sdv_serial /home/cafsanchezdi/ros2_ws/build/sdv_serial/CMakeFiles/sdv_serial__cpp.dir/DependInfo.cmake "--color="
gmake[2]: Entering directory '/home/cafsanchezdi/ros2_ws/build/sdv_serial'
cd /home/cafsanchezdi/ros2_ws/build/sdv_serial && /usr/bin/cmake -E cmake_depends "Unix Makefiles" /home/cafsanchezdi/ros2_ws/src/sdv_un_ros/sdv_serial /home/cafsanchezdi/ros2_ws/src/sdv_un_ros/sdv_serial /home/cafsanchezdi/ros2_ws/build/sdv_serial /home/cafsanchezdi/ros2_ws/build/sdv_serial /home/cafsanchezdi/ros2_ws/build/sdv_serial/CMakeFiles/sdv_serial__rosidl_generator_c.dir/DependInfo.cmake "--color="
[  1%] Built target ament_cmake_python_copy_sdv_serial
/usr/bin/gmake  -f CMakeFiles/ament_cmake_python_build_sdv_serial_egg.dir/build.make CMakeFiles/ament_cmake_python_build_sdv_serial_egg.dir/depend
gmake[2]: Entering directory '/home/cafsanchezdi/ros2_ws/build/sdv_serial'
cd /home/cafsanchezdi/ros2_ws/build/sdv_serial && /usr/bin/cmake -E cmake_depends "Unix Makefiles" /home/cafsanchezdi/ros2_ws/src/sdv_un_ros/sdv_serial /home/cafsanchezdi/ros2_ws/src/sdv_un_ros/sdv_serial /home/cafsanchezdi/ros2_ws/build/sdv_serial /home/cafsanchezdi/ros2_ws/build/sdv_serial /home/cafsanchezdi/ros2_ws/build/sdv_serial/CMakeFiles/ament_cmake_python_build_sdv_serial_egg.dir/DependInfo.cmake "--color="
gmake[2]: Leaving directory '/home/cafsanchezdi/ros2_ws/build/sdv_serial'
/usr/bin/gmake  -f CMakeFiles/sdv_serial__cpp.dir/build.make CMakeFiles/sdv_serial__cpp.dir/build
Dependencies file "CMakeFiles/sdv_serial__rosidl_generator_c.dir/rosidl_generator_c/sdv_serial/msg/detail/battery__description.c.o.d" is newer than depends file "/home/cafsanchezdi/ros2_ws/build/sdv_serial/CMakeFiles/sdv_serial__rosidl_generator_c.dir/compiler_depend.internal".
Dependencies file "CMakeFiles/sdv_serial__rosidl_generator_c.dir/rosidl_generator_c/sdv_serial/msg/detail/battery__functions.c.o.d" is newer than depends file "/home/cafsanchezdi/ros2_ws/build/sdv_serial/CMakeFiles/sdv_serial__rosidl_generator_c.dir/compiler_depend.internal".
Dependencies file "CMakeFiles/sdv_serial__rosidl_generator_c.dir/rosidl_generator_c/sdv_serial/msg/detail/battery__type_support.c.o.d" is newer than depends file "/home/cafsanchezdi/ros2_ws/build/sdv_serial/CMakeFiles/sdv_serial__rosidl_generator_c.dir/compiler_depend.internal".
Dependencies file "CMakeFiles/sdv_serial__rosidl_generator_c.dir/rosidl_generator_c/sdv_serial/msg/detail/encoder__description.c.o.d" is newer than depends file "/home/cafsanchezdi/ros2_ws/build/sdv_serial/CMakeFiles/sdv_serial__rosidl_generator_c.dir/compiler_depend.internal".
Dependencies file "CMakeFiles/sdv_serial__rosidl_generator_c.dir/rosidl_generator_c/sdv_serial/msg/detail/encoder__functions.c.o.d" is newer than depends file "/home/cafsanchezdi/ros2_ws/build/sdv_serial/CMakeFiles/sdv_serial__rosidl_generator_c.dir/compiler_depend.internal".
Dependencies file "CMakeFiles/sdv_serial__rosidl_generator_c.dir/rosidl_generator_c/sdv_serial/msg/detail/encoder__type_support.c.o.d" is newer than depends file "/home/cafsanchezdi/ros2_ws/build/sdv_serial/CMakeFiles/sdv_serial__rosidl_generator_c.dir/compiler_depend.internal".
Dependencies file "CMakeFiles/sdv_serial__rosidl_generator_c.dir/rosidl_generator_c/sdv_serial/msg/detail/flexiforce__description.c.o.d" is newer than depends file "/home/cafsanchezdi/ros2_ws/build/sdv_serial/CMakeFiles/sdv_serial__rosidl_generator_c.dir/compiler_depend.internal".
Dependencies file "CMakeFiles/sdv_serial__rosidl_generator_c.dir/rosidl_generator_c/sdv_serial/msg/detail/flexiforce__functions.c.o.d" is newer than depends file "/home/cafsanchezdi/ros2_ws/build/sdv_serial/CMakeFiles/sdv_serial__rosidl_generator_c.dir/compiler_depend.internal".
gmake[2]: Entering directory '/home/cafsanchezdi/ros2_ws/build/sdv_serial'
gmake[2]: Nothing to be done for 'CMakeFiles/sdv_serial__cpp.dir/build'.
gmake[2]: Leaving directory '/home/cafsanchezdi/ros2_ws/build/sdv_serial'
Dependencies file "CMakeFiles/sdv_serial__rosidl_generator_c.dir/rosidl_generator_c/sdv_serial/msg/detail/flexiforce__type_support.c.o.d" is newer than depends file "/home/cafsanchezdi/ros2_ws/build/sdv_serial/CMakeFiles/sdv_serial__rosidl_generator_c.dir/compiler_depend.internal".
Dependencies file "CMakeFiles/sdv_serial__rosidl_generator_c.dir/rosidl_generator_c/sdv_serial/msg/detail/motors__description.c.o.d" is newer than depends file "/home/cafsanchezdi/ros2_ws/build/sdv_serial/CMakeFiles/sdv_serial__rosidl_generator_c.dir/compiler_depend.internal".
Dependencies file "CMakeFiles/sdv_serial__rosidl_generator_c.dir/rosidl_generator_c/sdv_serial/msg/detail/motors__functions.c.o.d" is newer than depends file "/home/cafsanchezdi/ros2_ws/build/sdv_serial/CMakeFiles/sdv_serial__rosidl_generator_c.dir/compiler_depend.internal".
Dependencies file "CMakeFiles/sdv_serial__rosidl_generator_c.dir/rosidl_generator_c/sdv_serial/msg/detail/motors__type_support.c.o.d" is newer than depends file "/home/cafsanchezdi/ros2_ws/build/sdv_serial/CMakeFiles/sdv_serial__rosidl_generator_c.dir/compiler_depend.internal".
Dependencies file "CMakeFiles/sdv_serial__rosidl_generator_c.dir/rosidl_generator_c/sdv_serial/msg/detail/sdv_status__description.c.o.d" is newer than depends file "/home/cafsanchezdi/ros2_ws/build/sdv_serial/CMakeFiles/sdv_serial__rosidl_generator_c.dir/compiler_depend.internal".
Dependencies file "CMakeFiles/sdv_serial__rosidl_generator_c.dir/rosidl_generator_c/sdv_serial/msg/detail/sdv_status__functions.c.o.d" is newer than depends file "/home/cafsanchezdi/ros2_ws/build/sdv_serial/CMakeFiles/sdv_serial__rosidl_generator_c.dir/compiler_depend.internal".
Dependencies file "CMakeFiles/sdv_serial__rosidl_generator_c.dir/rosidl_generator_c/sdv_serial/msg/detail/sdv_status__type_support.c.o.d" is newer than depends file "/home/cafsanchezdi/ros2_ws/build/sdv_serial/CMakeFiles/sdv_serial__rosidl_generator_c.dir/compiler_depend.internal".
Dependencies file "CMakeFiles/sdv_serial__rosidl_generator_c.dir/rosidl_generator_c/sdv_serial/msg/detail/tag_rfid__description.c.o.d" is newer than depends file "/home/cafsanchezdi/ros2_ws/build/sdv_serial/CMakeFiles/sdv_serial__rosidl_generator_c.dir/compiler_depend.internal".
Dependencies file "CMakeFiles/sdv_serial__rosidl_generator_c.dir/rosidl_generator_c/sdv_serial/msg/detail/tag_rfid__functions.c.o.d" is newer than depends file "/home/cafsanchezdi/ros2_ws/build/sdv_serial/CMakeFiles/sdv_serial__rosidl_generator_c.dir/compiler_depend.internal".
Dependencies file "CMakeFiles/sdv_serial__rosidl_generator_c.dir/rosidl_generator_c/sdv_serial/msg/detail/tag_rfid__type_support.c.o.d" is newer than depends file "/home/cafsanchezdi/ros2_ws/build/sdv_serial/CMakeFiles/sdv_serial__rosidl_generator_c.dir/compiler_depend.internal".
Dependencies file "CMakeFiles/sdv_serial__rosidl_generator_c.dir/rosidl_generator_c/sdv_serial/msg/detail/ultrasound__description.c.o.d" is newer than depends file "/home/cafsanchezdi/ros2_ws/build/sdv_serial/CMakeFiles/sdv_serial__rosidl_generator_c.dir/compiler_depend.internal".
Dependencies file "CMakeFiles/sdv_serial__rosidl_generator_c.dir/rosidl_generator_c/sdv_serial/msg/detail/ultrasound__functions.c.o.d" is newer than depends file "/home/cafsanchezdi/ros2_ws/build/sdv_serial/CMakeFiles/sdv_serial__rosidl_generator_c.dir/compiler_depend.internal".
Dependencies file "CMakeFiles/sdv_serial__rosidl_generator_c.dir/rosidl_generator_c/sdv_serial/msg/detail/ultrasound__type_support.c.o.d" is newer than depends file "/home/cafsanchezdi/ros2_ws/build/sdv_serial/CMakeFiles/sdv_serial__rosidl_generator_c.dir/compiler_depend.internal".
[35m[1mConsolidate compiler generated dependencies of target sdv_serial__rosidl_generator_c[0m
gmake[2]: Leaving directory '/home/cafsanchezdi/ros2_ws/build/sdv_serial'
/usr/bin/gmake  -f CMakeFiles/ament_cmake_python_build_sdv_serial_egg.dir/build.make CMakeFiles/ament_cmake_python_build_sdv_serial_egg.dir/build
gmake[2]: Entering directory '/home/cafsanchezdi/ros2_ws/build/sdv_serial'
cd /home/cafsanchezdi/ros2_ws/build/sdv_serial/ament_cmake_python/sdv_serial && /usr/bin/python3 setup.py egg_info
gmake[2]: Leaving directory '/home/cafsanchezdi/ros2_ws/build/sdv_serial'
/usr/bin/gmake  -f CMakeFiles/sdv_serial__rosidl_generator_c.dir/build.make CMakeFiles/sdv_serial__rosidl_generator_c.dir/build
[  2%] Built target sdv_serial__cpp
gmake[2]: Entering directory '/home/cafsanchezdi/ros2_ws/build/sdv_serial'
gmake[2]: Nothing to be done for 'CMakeFiles/sdv_serial__rosidl_generator_c.dir/build'.
gmake[2]: Leaving directory '/home/cafsanchezdi/ros2_ws/build/sdv_serial'
[ 25%] Built target sdv_serial__rosidl_generator_c
/usr/bin/gmake  -f CMakeFiles/sdv_serial__rosidl_typesupport_cpp.dir/build.make CMakeFiles/sdv_serial__rosidl_typesupport_cpp.dir/depend
/usr/bin/gmake  -f CMakeFiles/sdv_serial__rosidl_typesupport_fastrtps_c.dir/build.make CMakeFiles/sdv_serial__rosidl_typesupport_fastrtps_c.dir/depend
/usr/bin/gmake  -f CMakeFiles/sdv_serial__rosidl_typesupport_fastrtps_cpp.dir/build.make CMakeFiles/sdv_serial__rosidl_typesupport_fastrtps_cpp.dir/depend
gmake[2]: Entering directory '/home/cafsanchezdi/ros2_ws/build/sdv_serial'
cd /home/cafsanchezdi/ros2_ws/build/sdv_serial && /usr/bin/cmake -E cmake_depends "Unix Makefiles" /home/cafsanchezdi/ros2_ws/src/sdv_un_ros/sdv_serial /home/cafsanchezdi/ros2_ws/src/sdv_un_ros/sdv_serial /home/cafsanchezdi/ros2_ws/build/sdv_serial /home/cafsanchezdi/ros2_ws/build/sdv_serial /home/cafsanchezdi/ros2_ws/build/sdv_serial/CMakeFiles/sdv_serial__rosidl_typesupport_cpp.dir/DependInfo.cmake "--color="
gmake[2]: Entering directory '/home/cafsanchezdi/ros2_ws/build/sdv_serial'
cd /home/cafsanchezdi/ros2_ws/build/sdv_serial && /usr/bin/cmake -E cmake_depends "Unix Makefiles" /home/cafsanchezdi/ros2_ws/src/sdv_un_ros/sdv_serial /home/cafsanchezdi/ros2_ws/src/sdv_un_ros/sdv_serial /home/cafsanchezdi/ros2_ws/build/sdv_serial /home/cafsanchezdi/ros2_ws/build/sdv_serial /home/cafsanchezdi/ros2_ws/build/sdv_serial/CMakeFiles/sdv_serial__rosidl_typesupport_fastrtps_c.dir/DependInfo.cmake "--color="
gmake[2]: Entering directory '/home/cafsanchezdi/ros2_ws/build/sdv_serial'
cd /home/cafsanchezdi/ros2_ws/build/sdv_serial && /usr/bin/cmake -E cmake_depends "Unix Makefiles" /home/cafsanchezdi/ros2_ws/src/sdv_un_ros/sdv_serial /home/cafsanchezdi/ros2_ws/src/sdv_un_ros/sdv_serial /home/cafsanchezdi/ros2_ws/build/sdv_serial /home/cafsanchezdi/ros2_ws/build/sdv_serial /home/cafsanchezdi/ros2_ws/build/sdv_serial/CMakeFiles/sdv_serial__rosidl_typesupport_fastrtps_cpp.dir/DependInfo.cmake "--color="
Dependencies file "CMakeFiles/sdv_serial__rosidl_typesupport_cpp.dir/rosidl_typesupport_cpp/sdv_serial/msg/battery__type_support.cpp.o.d" is newer than depends file "/home/cafsanchezdi/ros2_ws/build/sdv_serial/CMakeFiles/sdv_serial__rosidl_typesupport_cpp.dir/compiler_depend.internal".
Dependencies file "CMakeFiles/sdv_serial__rosidl_typesupport_cpp.dir/rosidl_typesupport_cpp/sdv_serial/msg/encoder__type_support.cpp.o.d" is newer than depends file "/home/cafsanchezdi/ros2_ws/build/sdv_serial/CMakeFiles/sdv_serial__rosidl_typesupport_cpp.dir/compiler_depend.internal".
Dependencies file "CMakeFiles/sdv_serial__rosidl_typesupport_cpp.dir/rosidl_typesupport_cpp/sdv_serial/msg/flexiforce__type_support.cpp.o.d" is newer than depends file "/home/cafsanchezdi/ros2_ws/build/sdv_serial/CMakeFiles/sdv_serial__rosidl_typesupport_cpp.dir/compiler_depend.internal".
Dependencies file "CMakeFiles/sdv_serial__rosidl_typesupport_cpp.dir/rosidl_typesupport_cpp/sdv_serial/msg/motors__type_support.cpp.o.d" is newer than depends file "/home/cafsanchezdi/ros2_ws/build/sdv_serial/CMakeFiles/sdv_serial__rosidl_typesupport_cpp.dir/compiler_depend.internal".
Dependencies file "CMakeFiles/sdv_serial__rosidl_typesupport_cpp.dir/rosidl_typesupport_cpp/sdv_serial/msg/sdv_status__type_support.cpp.o.d" is newer than depends file "/home/cafsanchezdi/ros2_ws/build/sdv_serial/CMakeFiles/sdv_serial__rosidl_typesupport_cpp.dir/compiler_depend.internal".
Dependencies file "CMakeFiles/sdv_serial__rosidl_typesupport_fastrtps_c.dir/rosidl_typesupport_fastrtps_c/sdv_serial/msg/detail/battery__type_support_c.cpp.o.d" is newer than depends file "/home/cafsanchezdi/ros2_ws/build/sdv_serial/CMakeFiles/sdv_serial__rosidl_typesupport_fastrtps_c.dir/compiler_depend.internal".
Dependencies file "CMakeFiles/sdv_serial__rosidl_typesupport_cpp.dir/rosidl_typesupport_cpp/sdv_serial/msg/tag_rfid__type_support.cpp.o.d" is newer than depends file "/home/cafsanchezdi/ros2_ws/build/sdv_serial/CMakeFiles/sdv_serial__rosidl_typesupport_cpp.dir/compiler_depend.internal".
Dependencies file "CMakeFiles/sdv_serial__rosidl_typesupport_fastrtps_c.dir/rosidl_typesupport_fastrtps_c/sdv_serial/msg/detail/encoder__type_support_c.cpp.o.d" is newer than depends file "/home/cafsanchezdi/ros2_ws/build/sdv_serial/CMakeFiles/sdv_serial__rosidl_typesupport_fastrtps_c.dir/compiler_depend.internal".
Dependencies file "CMakeFiles/sdv_serial__rosidl_typesupport_cpp.dir/rosidl_typesupport_cpp/sdv_serial/msg/ultrasound__type_support.cpp.o.d" is newer than depends file "/home/cafsanchezdi/ros2_ws/build/sdv_serial/CMakeFiles/sdv_serial__rosidl_typesupport_cpp.dir/compiler_depend.internal".
Dependencies file "CMakeFiles/sdv_serial__rosidl_typesupport_fastrtps_c.dir/rosidl_typesupport_fastrtps_c/sdv_serial/msg/detail/flexiforce__type_support_c.cpp.o.d" is newer than depends file "/home/cafsanchezdi/ros2_ws/build/sdv_serial/CMakeFiles/sdv_serial__rosidl_typesupport_fastrtps_c.dir/compiler_depend.internal".
Dependencies file "CMakeFiles/sdv_serial__rosidl_typesupport_fastrtps_cpp.dir/rosidl_typesupport_fastrtps_cpp/sdv_serial/msg/detail/dds_fastrtps/battery__type_support.cpp.o.d" is newer than depends file "/home/cafsanchezdi/ros2_ws/build/sdv_serial/CMakeFiles/sdv_serial__rosidl_typesupport_fastrtps_cpp.dir/compiler_depend.internal".
Dependencies file "CMakeFiles/sdv_serial__rosidl_typesupport_fastrtps_c.dir/rosidl_typesupport_fastrtps_c/sdv_serial/msg/detail/motors__type_support_c.cpp.o.d" is newer than depends file "/home/cafsanchezdi/ros2_ws/build/sdv_serial/CMakeFiles/sdv_serial__rosidl_typesupport_fastrtps_c.dir/compiler_depend.internal".
Dependencies file "CMakeFiles/sdv_serial__rosidl_typesupport_fastrtps_cpp.dir/rosidl_typesupport_fastrtps_cpp/sdv_serial/msg/detail/dds_fastrtps/encoder__type_support.cpp.o.d" is newer than depends file "/home/cafsanchezdi/ros2_ws/build/sdv_serial/CMakeFiles/sdv_serial__rosidl_typesupport_fastrtps_cpp.dir/compiler_depend.internal".
Dependencies file "CMakeFiles/sdv_serial__rosidl_typesupport_fastrtps_c.dir/rosidl_typesupport_fastrtps_c/sdv_serial/msg/detail/sdv_status__type_support_c.cpp.o.d" is newer than depends file "/home/cafsanchezdi/ros2_ws/build/sdv_serial/CMakeFiles/sdv_serial__rosidl_typesupport_fastrtps_c.dir/compiler_depend.internal".
Dependencies file "CMakeFiles/sdv_serial__rosidl_typesupport_fastrtps_cpp.dir/rosidl_typesupport_fastrtps_cpp/sdv_serial/msg/detail/dds_fastrtps/flexiforce__type_support.cpp.o.d" is newer than depends file "/home/cafsanchezdi/ros2_ws/build/sdv_serial/CMakeFiles/sdv_serial__rosidl_typesupport_fastrtps_cpp.dir/compiler_depend.internal".
Dependencies file "CMakeFiles/sdv_serial__rosidl_typesupport_fastrtps_c.dir/rosidl_typesupport_fastrtps_c/sdv_serial/msg/detail/tag_rfid__type_support_c.cpp.o.d" is newer than depends file "/home/cafsanchezdi/ros2_ws/build/sdv_serial/CMakeFiles/sdv_serial__rosidl_typesupport_fastrtps_c.dir/compiler_depend.internal".
[35m[1mConsolidate compiler generated dependencies of target sdv_serial__rosidl_typesupport_cpp[0m
Dependencies file "CMakeFiles/sdv_serial__rosidl_typesupport_fastrtps_cpp.dir/rosidl_typesupport_fastrtps_cpp/sdv_serial/msg/detail/dds_fastrtps/motors__type_support.cpp.o.d" is newer than depends file "/home/cafsanchezdi/ros2_ws/build/sdv_serial/CMakeFiles/sdv_serial__rosidl_typesupport_fastrtps_cpp.dir/compiler_depend.internal".
Dependencies file "CMakeFiles/sdv_serial__rosidl_typesupport_fastrtps_c.dir/rosidl_typesupport_fastrtps_c/sdv_serial/msg/detail/ultrasound__type_support_c.cpp.o.d" is newer than depends file "/home/cafsanchezdi/ros2_ws/build/sdv_serial/CMakeFiles/sdv_serial__rosidl_typesupport_fastrtps_c.dir/compiler_depend.internal".
Dependencies file "CMakeFiles/sdv_serial__rosidl_typesupport_fastrtps_cpp.dir/rosidl_typesupport_fastrtps_cpp/sdv_serial/msg/detail/dds_fastrtps/sdv_status__type_support.cpp.o.d" is newer than depends file "/home/cafsanchezdi/ros2_ws/build/sdv_serial/CMakeFiles/sdv_serial__rosidl_typesupport_fastrtps_cpp.dir/compiler_depend.internal".
[35m[1mConsolidate compiler generated dependencies of target sdv_serial__rosidl_typesupport_fastrtps_c[0m
Dependencies file "CMakeFiles/sdv_serial__rosidl_typesupport_fastrtps_cpp.dir/rosidl_typesupport_fastrtps_cpp/sdv_serial/msg/detail/dds_fastrtps/tag_rfid__type_support.cpp.o.d" is newer than depends file "/home/cafsanchezdi/ros2_ws/build/sdv_serial/CMakeFiles/sdv_serial__rosidl_typesupport_fastrtps_cpp.dir/compiler_depend.internal".
Dependencies file "CMakeFiles/sdv_serial__rosidl_typesupport_fastrtps_cpp.dir/rosidl_typesupport_fastrtps_cpp/sdv_serial/msg/detail/dds_fastrtps/ultrasound__type_support.cpp.o.d" is newer than depends file "/home/cafsanchezdi/ros2_ws/build/sdv_serial/CMakeFiles/sdv_serial__rosidl_typesupport_fastrtps_cpp.dir/compiler_depend.internal".
[35m[1mConsolidate compiler generated dependencies of target sdv_serial__rosidl_typesupport_fastrtps_cpp[0m
gmake[2]: Leaving directory '/home/cafsanchezdi/ros2_ws/build/sdv_serial'
/usr/bin/gmake  -f CMakeFiles/sdv_serial__rosidl_typesupport_fastrtps_c.dir/build.make CMakeFiles/sdv_serial__rosidl_typesupport_fastrtps_c.dir/build
gmake[2]: Leaving directory '/home/cafsanchezdi/ros2_ws/build/sdv_serial'
/usr/bin/gmake  -f CMakeFiles/sdv_serial__rosidl_typesupport_fastrtps_cpp.dir/build.make CMakeFiles/sdv_serial__rosidl_typesupport_fastrtps_cpp.dir/build
gmake[2]: Leaving directory '/home/cafsanchezdi/ros2_ws/build/sdv_serial'
/usr/bin/gmake  -f CMakeFiles/sdv_serial__rosidl_typesupport_cpp.dir/build.make CMakeFiles/sdv_serial__rosidl_typesupport_cpp.dir/build
gmake[2]: Entering directory '/home/cafsanchezdi/ros2_ws/build/sdv_serial'
gmake[2]: Nothing to be done for 'CMakeFiles/sdv_serial__rosidl_typesupport_fastrtps_c.dir/build'.
gmake[2]: Leaving directory '/home/cafsanchezdi/ros2_ws/build/sdv_serial'
gmake[2]: Entering directory '/home/cafsanchezdi/ros2_ws/build/sdv_serial'
gmake[2]: Nothing to be done for 'CMakeFiles/sdv_serial__rosidl_typesupport_fastrtps_cpp.dir/build'.
gmake[2]: Leaving directory '/home/cafsanchezdi/ros2_ws/build/sdv_serial'
gmake[2]: Entering directory '/home/cafsanchezdi/ros2_ws/build/sdv_serial'
gmake[2]: Nothing to be done for 'CMakeFiles/sdv_serial__rosidl_typesupport_cpp.dir/build'.
gmake[2]: Leaving directory '/home/cafsanchezdi/ros2_ws/build/sdv_serial'
[ 44%] Built target sdv_serial__rosidl_typesupport_fastrtps_cpp
[ 44%] Built target sdv_serial__rosidl_typesupport_cpp
/usr/bin/gmake  -f CMakeFiles/sdv_serial__rosidl_typesupport_introspection_c.dir/build.make CMakeFiles/sdv_serial__rosidl_typesupport_introspection_c.dir/depend
[ 53%] Built target sdv_serial__rosidl_typesupport_fastrtps_c
/usr/bin/gmake  -f CMakeFiles/sdv_serial__rosidl_typesupport_c.dir/build.make CMakeFiles/sdv_serial__rosidl_typesupport_c.dir/depend
/usr/bin/gmake  -f CMakeFiles/sdv_serial__rosidl_typesupport_introspection_cpp.dir/build.make CMakeFiles/sdv_serial__rosidl_typesupport_introspection_cpp.dir/depend
gmake[2]: Entering directory '/home/cafsanchezdi/ros2_ws/build/sdv_serial'
cd /home/cafsanchezdi/ros2_ws/build/sdv_serial && /usr/bin/cmake -E cmake_depends "Unix Makefiles" /home/cafsanchezdi/ros2_ws/src/sdv_un_ros/sdv_serial /home/cafsanchezdi/ros2_ws/src/sdv_un_ros/sdv_serial /home/cafsanchezdi/ros2_ws/build/sdv_serial /home/cafsanchezdi/ros2_ws/build/sdv_serial /home/cafsanchezdi/ros2_ws/build/sdv_serial/CMakeFiles/sdv_serial__rosidl_typesupport_introspection_c.dir/DependInfo.cmake "--color="
gmake[2]: Entering directory '/home/cafsanchezdi/ros2_ws/build/sdv_serial'
cd /home/cafsanchezdi/ros2_ws/build/sdv_serial && /usr/bin/cmake -E cmake_depends "Unix Makefiles" /home/cafsanchezdi/ros2_ws/src/sdv_un_ros/sdv_serial /home/cafsanchezdi/ros2_ws/src/sdv_un_ros/sdv_serial /home/cafsanchezdi/ros2_ws/build/sdv_serial /home/cafsanchezdi/ros2_ws/build/sdv_serial /home/cafsanchezdi/ros2_ws/build/sdv_serial/CMakeFiles/sdv_serial__rosidl_typesupport_c.dir/DependInfo.cmake "--color="
gmake[2]: Entering directory '/home/cafsanchezdi/ros2_ws/build/sdv_serial'
cd /home/cafsanchezdi/ros2_ws/build/sdv_serial && /usr/bin/cmake -E cmake_depends "Unix Makefiles" /home/cafsanchezdi/ros2_ws/src/sdv_un_ros/sdv_serial /home/cafsanchezdi/ros2_ws/src/sdv_un_ros/sdv_serial /home/cafsanchezdi/ros2_ws/build/sdv_serial /home/cafsanchezdi/ros2_ws/build/sdv_serial /home/cafsanchezdi/ros2_ws/build/sdv_serial/CMakeFiles/sdv_serial__rosidl_typesupport_introspection_cpp.dir/DependInfo.cmake "--color="
Dependencies file "CMakeFiles/sdv_serial__rosidl_typesupport_c.dir/rosidl_typesupport_c/sdv_serial/msg/battery__type_support.cpp.o.d" is newer than depends file "/home/cafsanchezdi/ros2_ws/build/sdv_serial/CMakeFiles/sdv_serial__rosidl_typesupport_c.dir/compiler_depend.internal".
Dependencies file "CMakeFiles/sdv_serial__rosidl_typesupport_introspection_c.dir/rosidl_typesupport_introspection_c/sdv_serial/msg/detail/battery__type_support.c.o.d" is newer than depends file "/home/cafsanchezdi/ros2_ws/build/sdv_serial/CMakeFiles/sdv_serial__rosidl_typesupport_introspection_c.dir/compiler_depend.internal".
Dependencies file "CMakeFiles/sdv_serial__rosidl_typesupport_c.dir/rosidl_typesupport_c/sdv_serial/msg/encoder__type_support.cpp.o.d" is newer than depends file "/home/cafsanchezdi/ros2_ws/build/sdv_serial/CMakeFiles/sdv_serial__rosidl_typesupport_c.dir/compiler_depend.internal".
Dependencies file "CMakeFiles/sdv_serial__rosidl_typesupport_introspection_c.dir/rosidl_typesupport_introspection_c/sdv_serial/msg/detail/encoder__type_support.c.o.d" is newer than depends file "/home/cafsanchezdi/ros2_ws/build/sdv_serial/CMakeFiles/sdv_serial__rosidl_typesupport_introspection_c.dir/compiler_depend.internal".
Dependencies file "CMakeFiles/sdv_serial__rosidl_typesupport_c.dir/rosidl_typesupport_c/sdv_serial/msg/flexiforce__type_support.cpp.o.d" is newer than depends file "/home/cafsanchezdi/ros2_ws/build/sdv_serial/CMakeFiles/sdv_serial__rosidl_typesupport_c.dir/compiler_depend.internal".
Dependencies file "CMakeFiles/sdv_serial__rosidl_typesupport_introspection_c.dir/rosidl_typesupport_introspection_c/sdv_serial/msg/detail/flexiforce__type_support.c.o.d" is newer than depends file "/home/cafsanchezdi/ros2_ws/build/sdv_serial/CMakeFiles/sdv_serial__rosidl_typesupport_introspection_c.dir/compiler_depend.internal".
Dependencies file "CMakeFiles/sdv_serial__rosidl_typesupport_c.dir/rosidl_typesupport_c/sdv_serial/msg/motors__type_support.cpp.o.d" is newer than depends file "/home/cafsanchezdi/ros2_ws/build/sdv_serial/CMakeFiles/sdv_serial__rosidl_typesupport_c.dir/compiler_depend.internal".
Dependencies file "CMakeFiles/sdv_serial__rosidl_typesupport_introspection_c.dir/rosidl_typesupport_introspection_c/sdv_serial/msg/detail/motors__type_support.c.o.d" is newer than depends file "/home/cafsanchezdi/ros2_ws/build/sdv_serial/CMakeFiles/sdv_serial__rosidl_typesupport_introspection_c.dir/compiler_depend.internal".
Dependencies file "CMakeFiles/sdv_serial__rosidl_typesupport_c.dir/rosidl_typesupport_c/sdv_serial/msg/sdv_status__type_support.cpp.o.d" is newer than depends file "/home/cafsanchezdi/ros2_ws/build/sdv_serial/CMakeFiles/sdv_serial__rosidl_typesupport_c.dir/compiler_depend.internal".
Dependencies file "CMakeFiles/sdv_serial__rosidl_typesupport_introspection_c.dir/rosidl_typesupport_introspection_c/sdv_serial/msg/detail/sdv_status__type_support.c.o.d" is newer than depends file "/home/cafsanchezdi/ros2_ws/build/sdv_serial/CMakeFiles/sdv_serial__rosidl_typesupport_introspection_c.dir/compiler_depend.internal".
Dependencies file "CMakeFiles/sdv_serial__rosidl_typesupport_c.dir/rosidl_typesupport_c/sdv_serial/msg/tag_rfid__type_support.cpp.o.d" is newer than depends file "/home/cafsanchezdi/ros2_ws/build/sdv_serial/CMakeFiles/sdv_serial__rosidl_typesupport_c.dir/compiler_depend.internal".
Dependencies file "CMakeFiles/sdv_serial__rosidl_typesupport_introspection_c.dir/rosidl_typesupport_introspection_c/sdv_serial/msg/detail/tag_rfid__type_support.c.o.d" is newer than depends file "/home/cafsanchezdi/ros2_ws/build/sdv_serial/CMakeFiles/sdv_serial__rosidl_typesupport_introspection_c.dir/compiler_depend.internal".
Dependencies file "CMakeFiles/sdv_serial__rosidl_typesupport_c.dir/rosidl_typesupport_c/sdv_serial/msg/ultrasound__type_support.cpp.o.d" is newer than depends file "/home/cafsanchezdi/ros2_ws/build/sdv_serial/CMakeFiles/sdv_serial__rosidl_typesupport_c.dir/compiler_depend.internal".
Dependencies file "CMakeFiles/sdv_serial__rosidl_typesupport_introspection_c.dir/rosidl_typesupport_introspection_c/sdv_serial/msg/detail/ultrasound__type_support.c.o.d" is newer than depends file "/home/cafsanchezdi/ros2_ws/build/sdv_serial/CMakeFiles/sdv_serial__rosidl_typesupport_introspection_c.dir/compiler_depend.internal".
[35m[1mConsolidate compiler generated dependencies of target sdv_serial__rosidl_typesupport_c[0m
[35m[1mConsolidate compiler generated dependencies of target sdv_serial__rosidl_typesupport_introspection_c[0m
Dependencies file "CMakeFiles/sdv_serial__rosidl_typesupport_introspection_cpp.dir/rosidl_typesupport_introspection_cpp/sdv_serial/msg/detail/battery__type_support.cpp.o.d" is newer than depends file "/home/cafsanchezdi/ros2_ws/build/sdv_serial/CMakeFiles/sdv_serial__rosidl_typesupport_introspection_cpp.dir/compiler_depend.internal".
Dependencies file "CMakeFiles/sdv_serial__rosidl_typesupport_introspection_cpp.dir/rosidl_typesupport_introspection_cpp/sdv_serial/msg/detail/encoder__type_support.cpp.o.d" is newer than depends file "/home/cafsanchezdi/ros2_ws/build/sdv_serial/CMakeFiles/sdv_serial__rosidl_typesupport_introspection_cpp.dir/compiler_depend.internal".
Dependencies file "CMakeFiles/sdv_serial__rosidl_typesupport_introspection_cpp.dir/rosidl_typesupport_introspection_cpp/sdv_serial/msg/detail/flexiforce__type_support.cpp.o.d" is newer than depends file "/home/cafsanchezdi/ros2_ws/build/sdv_serial/CMakeFiles/sdv_serial__rosidl_typesupport_introspection_cpp.dir/compiler_depend.internal".
Dependencies file "CMakeFiles/sdv_serial__rosidl_typesupport_introspection_cpp.dir/rosidl_typesupport_introspection_cpp/sdv_serial/msg/detail/motors__type_support.cpp.o.d" is newer than depends file "/home/cafsanchezdi/ros2_ws/build/sdv_serial/CMakeFiles/sdv_serial__rosidl_typesupport_introspection_cpp.dir/compiler_depend.internal".
Dependencies file "CMakeFiles/sdv_serial__rosidl_typesupport_introspection_cpp.dir/rosidl_typesupport_introspection_cpp/sdv_serial/msg/detail/sdv_status__type_support.cpp.o.d" is newer than depends file "/home/cafsanchezdi/ros2_ws/build/sdv_serial/CMakeFiles/sdv_serial__rosidl_typesupport_introspection_cpp.dir/compiler_depend.internal".
Dependencies file "CMakeFiles/sdv_serial__rosidl_typesupport_introspection_cpp.dir/rosidl_typesupport_introspection_cpp/sdv_serial/msg/detail/tag_rfid__type_support.cpp.o.d" is newer than depends file "/home/cafsanchezdi/ros2_ws/build/sdv_serial/CMakeFiles/sdv_serial__rosidl_typesupport_introspection_cpp.dir/compiler_depend.internal".
Dependencies file "CMakeFiles/sdv_serial__rosidl_typesupport_introspection_cpp.dir/rosidl_typesupport_introspection_cpp/sdv_serial/msg/detail/ultrasound__type_support.cpp.o.d" is newer than depends file "/home/cafsanchezdi/ros2_ws/build/sdv_serial/CMakeFiles/sdv_serial__rosidl_typesupport_introspection_cpp.dir/compiler_depend.internal".
[35m[1mConsolidate compiler generated dependencies of target sdv_serial__rosidl_typesupport_introspection_cpp[0m
gmake[2]: Leaving directory '/home/cafsanchezdi/ros2_ws/build/sdv_serial'
/usr/bin/gmake  -f CMakeFiles/sdv_serial__rosidl_typesupport_introspection_c.dir/build.make CMakeFiles/sdv_serial__rosidl_typesupport_introspection_c.dir/build
gmake[2]: Leaving directory '/home/cafsanchezdi/ros2_ws/build/sdv_serial'
/usr/bin/gmake  -f CMakeFiles/sdv_serial__rosidl_typesupport_c.dir/build.make CMakeFiles/sdv_serial__rosidl_typesupport_c.dir/build
gmake[2]: Entering directory '/home/cafsanchezdi/ros2_ws/build/sdv_serial'
gmake[2]: Nothing to be done for 'CMakeFiles/sdv_serial__rosidl_typesupport_introspection_c.dir/build'.
gmake[2]: Leaving directory '/home/cafsanchezdi/ros2_ws/build/sdv_serial'
gmake[2]: Entering directory '/home/cafsanchezdi/ros2_ws/build/sdv_serial'
gmake[2]: Nothing to be done for 'CMakeFiles/sdv_serial__rosidl_typesupport_c.dir/build'.
gmake[2]: Leaving directory '/home/cafsanchezdi/ros2_ws/build/sdv_serial'
gmake[2]: Leaving directory '/home/cafsanchezdi/ros2_ws/build/sdv_serial'
/usr/bin/gmake  -f CMakeFiles/sdv_serial__rosidl_typesupport_introspection_cpp.dir/build.make CMakeFiles/sdv_serial__rosidl_typesupport_introspection_cpp.dir/build
gmake[2]: Entering directory '/home/cafsanchezdi/ros2_ws/build/sdv_serial'
gmake[2]: Nothing to be done for 'CMakeFiles/sdv_serial__rosidl_typesupport_introspection_cpp.dir/build'.
gmake[2]: Leaving directory '/home/cafsanchezdi/ros2_ws/build/sdv_serial'
[ 63%] Built target sdv_serial__rosidl_typesupport_introspection_c
[ 72%] Built target sdv_serial__rosidl_typesupport_c
[ 81%] Built target sdv_serial__rosidl_typesupport_introspection_cpp
/usr/bin/gmake  -f CMakeFiles/sdv_serial.dir/build.make CMakeFiles/sdv_serial.dir/depend
gmake[2]: Entering directory '/home/cafsanchezdi/ros2_ws/build/sdv_serial'
cd /home/cafsanchezdi/ros2_ws/build/sdv_serial && /usr/bin/cmake -E cmake_depends "Unix Makefiles" /home/cafsanchezdi/ros2_ws/src/sdv_un_ros/sdv_serial /home/cafsanchezdi/ros2_ws/src/sdv_un_ros/sdv_serial /home/cafsanchezdi/ros2_ws/build/sdv_serial /home/cafsanchezdi/ros2_ws/build/sdv_serial /home/cafsanchezdi/ros2_ws/build/sdv_serial/CMakeFiles/sdv_serial.dir/DependInfo.cmake "--color="
gmake[2]: Leaving directory '/home/cafsanchezdi/ros2_ws/build/sdv_serial'
/usr/bin/gmake  -f CMakeFiles/sdv_serial.dir/build.make CMakeFiles/sdv_serial.dir/build
gmake[2]: Entering directory '/home/cafsanchezdi/ros2_ws/build/sdv_serial'
gmake[2]: Nothing to be done for 'CMakeFiles/sdv_serial.dir/build'.
gmake[2]: Leaving directory '/home/cafsanchezdi/ros2_ws/build/sdv_serial'
[ 81%] Built target sdv_serial
/usr/bin/gmake  -f /home/cafsanchezdi/ros2_ws/build/sdv_serial/sdv_serial__py/CMakeFiles/sdv_serial__py.dir/build.make /home/cafsanchezdi/ros2_ws/build/sdv_serial/sdv_serial__py/CMakeFiles/sdv_serial__py.dir/depend
/usr/bin/gmake  -f CMakeFiles/sdv_serial_node2.dir/build.make CMakeFiles/sdv_serial_node2.dir/depend
gmake[2]: Entering directory '/home/cafsanchezdi/ros2_ws/build/sdv_serial'
cd /home/cafsanchezdi/ros2_ws/build/sdv_serial && /usr/bin/cmake -E cmake_depends "Unix Makefiles" /home/cafsanchezdi/ros2_ws/src/sdv_un_ros/sdv_serial /home/cafsanchezdi/ros2_ws/build/sdv_serial/sdv_serial__py /home/cafsanchezdi/ros2_ws/build/sdv_serial /home/cafsanchezdi/ros2_ws/build/sdv_serial/sdv_serial__py /home/cafsanchezdi/ros2_ws/build/sdv_serial/sdv_serial__py/CMakeFiles/sdv_serial__py.dir/DependInfo.cmake "--color="
gmake[2]: Entering directory '/home/cafsanchezdi/ros2_ws/build/sdv_serial'
cd /home/cafsanchezdi/ros2_ws/build/sdv_serial && /usr/bin/cmake -E cmake_depends "Unix Makefiles" /home/cafsanchezdi/ros2_ws/src/sdv_un_ros/sdv_serial /home/cafsanchezdi/ros2_ws/src/sdv_un_ros/sdv_serial /home/cafsanchezdi/ros2_ws/build/sdv_serial /home/cafsanchezdi/ros2_ws/build/sdv_serial /home/cafsanchezdi/ros2_ws/build/sdv_serial/CMakeFiles/sdv_serial_node2.dir/DependInfo.cmake "--color="
gmake[2]: Leaving directory '/home/cafsanchezdi/ros2_ws/build/sdv_serial'
/usr/bin/gmake  -f /home/cafsanchezdi/ros2_ws/build/sdv_serial/sdv_serial__py/CMakeFiles/sdv_serial__py.dir/build.make /home/cafsanchezdi/ros2_ws/build/sdv_serial/sdv_serial__py/CMakeFiles/sdv_serial__py.dir/build
gmake[2]: Entering directory '/home/cafsanchezdi/ros2_ws/build/sdv_serial'
gmake[2]: Nothing to be done for '/home/cafsanchezdi/ros2_ws/build/sdv_serial/sdv_serial__py/CMakeFiles/sdv_serial__py.dir/build'.
gmake[2]: Leaving directory '/home/cafsanchezdi/ros2_ws/build/sdv_serial'
Dependencies file "CMakeFiles/sdv_serial_node2.dir/src/motor.cpp.o.d" is newer than depends file "/home/cafsanchezdi/ros2_ws/build/sdv_serial/CMakeFiles/sdv_serial_node2.dir/compiler_depend.internal".
Dependencies file "CMakeFiles/sdv_serial_node2.dir/src/sdv_serial_node2.cpp.o.d" is newer than depends file "/home/cafsanchezdi/ros2_ws/build/sdv_serial/CMakeFiles/sdv_serial_node2.dir/compiler_depend.internal".
[35m[1mConsolidate compiler generated dependencies of target sdv_serial_node2[0m
[ 82%] Built target sdv_serial__py
/usr/bin/gmake  -f CMakeFiles/sdv_serial__rosidl_generator_py.dir/build.make CMakeFiles/sdv_serial__rosidl_generator_py.dir/depend
gmake[2]: Entering directory '/home/cafsanchezdi/ros2_ws/build/sdv_serial'
cd /home/cafsanchezdi/ros2_ws/build/sdv_serial && /usr/bin/cmake -E cmake_depends "Unix Makefiles" /home/cafsanchezdi/ros2_ws/src/sdv_un_ros/sdv_serial /home/cafsanchezdi/ros2_ws/src/sdv_un_ros/sdv_serial /home/cafsanchezdi/ros2_ws/build/sdv_serial /home/cafsanchezdi/ros2_ws/build/sdv_serial /home/cafsanchezdi/ros2_ws/build/sdv_serial/CMakeFiles/sdv_serial__rosidl_generator_py.dir/DependInfo.cmake "--color="
gmake[2]: Leaving directory '/home/cafsanchezdi/ros2_ws/build/sdv_serial'
/usr/bin/gmake  -f CMakeFiles/sdv_serial_node2.dir/build.make CMakeFiles/sdv_serial_node2.dir/build
Dependencies file "CMakeFiles/sdv_serial__rosidl_generator_py.dir/rosidl_generator_py/sdv_serial/msg/_battery_s.c.o.d" is newer than depends file "/home/cafsanchezdi/ros2_ws/build/sdv_serial/CMakeFiles/sdv_serial__rosidl_generator_py.dir/compiler_depend.internal".
Dependencies file "CMakeFiles/sdv_serial__rosidl_generator_py.dir/rosidl_generator_py/sdv_serial/msg/_encoder_s.c.o.d" is newer than depends file "/home/cafsanchezdi/ros2_ws/build/sdv_serial/CMakeFiles/sdv_serial__rosidl_generator_py.dir/compiler_depend.internal".
Dependencies file "CMakeFiles/sdv_serial__rosidl_generator_py.dir/rosidl_generator_py/sdv_serial/msg/_flexiforce_s.c.o.d" is newer than depends file "/home/cafsanchezdi/ros2_ws/build/sdv_serial/CMakeFiles/sdv_serial__rosidl_generator_py.dir/compiler_depend.internal".
Dependencies file "CMakeFiles/sdv_serial__rosidl_generator_py.dir/rosidl_generator_py/sdv_serial/msg/_motors_s.c.o.d" is newer than depends file "/home/cafsanchezdi/ros2_ws/build/sdv_serial/CMakeFiles/sdv_serial__rosidl_generator_py.dir/compiler_depend.internal".
Dependencies file "CMakeFiles/sdv_serial__rosidl_generator_py.dir/rosidl_generator_py/sdv_serial/msg/_sdv_status_s.c.o.d" is newer than depends file "/home/cafsanchezdi/ros2_ws/build/sdv_serial/CMakeFiles/sdv_serial__rosidl_generator_py.dir/compiler_depend.internal".
Dependencies file "CMakeFiles/sdv_serial__rosidl_generator_py.dir/rosidl_generator_py/sdv_serial/msg/_tag_rfid_s.c.o.d" is newer than depends file "/home/cafsanchezdi/ros2_ws/build/sdv_serial/CMakeFiles/sdv_serial__rosidl_generator_py.dir/compiler_depend.internal".
Dependencies file "CMakeFiles/sdv_serial__rosidl_generator_py.dir/rosidl_generator_py/sdv_serial/msg/_ultrasound_s.c.o.d" is newer than depends file "/home/cafsanchezdi/ros2_ws/build/sdv_serial/CMakeFiles/sdv_serial__rosidl_generator_py.dir/compiler_depend.internal".
[35m[1mConsolidate compiler generated dependencies of target sdv_serial__rosidl_generator_py[0m
gmake[2]: Leaving directory '/home/cafsanchezdi/ros2_ws/build/sdv_serial'
/usr/bin/gmake  -f CMakeFiles/sdv_serial__rosidl_generator_py.dir/build.make CMakeFiles/sdv_serial__rosidl_generator_py.dir/build
gmake[2]: Entering directory '/home/cafsanchezdi/ros2_ws/build/sdv_serial'
gmake[2]: Entering directory '/home/cafsanchezdi/ros2_ws/build/sdv_serial'
gmake[2]: Nothing to be done for 'CMakeFiles/sdv_serial__rosidl_generator_py.dir/build'.
gmake[2]: Leaving directory '/home/cafsanchezdi/ros2_ws/build/sdv_serial'
[ 90%] Built target sdv_serial__rosidl_generator_py
/usr/bin/gmake  -f CMakeFiles/sdv_serial_s__rosidl_typesupport_fastrtps_c.dir/build.make CMakeFiles/sdv_serial_s__rosidl_typesupport_fastrtps_c.dir/depend
/usr/bin/gmake  -f CMakeFiles/sdv_serial_s__rosidl_typesupport_introspection_c.dir/build.make CMakeFiles/sdv_serial_s__rosidl_typesupport_introspection_c.dir/depend
gmake[2]: Entering directory '/home/cafsanchezdi/ros2_ws/build/sdv_serial'
cd /home/cafsanchezdi/ros2_ws/build/sdv_serial && /usr/bin/cmake -E cmake_depends "Unix Makefiles" /home/cafsanchezdi/ros2_ws/src/sdv_un_ros/sdv_serial /home/cafsanchezdi/ros2_ws/src/sdv_un_ros/sdv_serial /home/cafsanchezdi/ros2_ws/build/sdv_serial /home/cafsanchezdi/ros2_ws/build/sdv_serial /home/cafsanchezdi/ros2_ws/build/sdv_serial/CMakeFiles/sdv_serial_s__rosidl_typesupport_fastrtps_c.dir/DependInfo.cmake "--color="
gmake[2]: Entering directory '/home/cafsanchezdi/ros2_ws/build/sdv_serial'
cd /home/cafsanchezdi/ros2_ws/build/sdv_serial && /usr/bin/cmake -E cmake_depends "Unix Makefiles" /home/cafsanchezdi/ros2_ws/src/sdv_un_ros/sdv_serial /home/cafsanchezdi/ros2_ws/src/sdv_un_ros/sdv_serial /home/cafsanchezdi/ros2_ws/build/sdv_serial /home/cafsanchezdi/ros2_ws/build/sdv_serial /home/cafsanchezdi/ros2_ws/build/sdv_serial/CMakeFiles/sdv_serial_s__rosidl_typesupport_introspection_c.dir/DependInfo.cmake "--color="
[ 91%] [32mBuilding CXX object CMakeFiles/sdv_serial_node2.dir/src/sdv_serial_node2.cpp.o[0m
/usr/bin/c++ -DDEFAULT_RMW_IMPLEMENTATION=rmw_fastrtps_cpp -DFASTCDR_DYN_LINK -DROS_PACKAGE_NAME=\"sdv_serial\" -I/home/cafsanchezdi/ros2_ws/src/sdv_un_ros/sdv_serial/include -I/home/cafsanchezdi/ros2_ws/build/sdv_serial/rosidl_generator_cpp -I/opt/ros/jazzy/include -I/opt/ros/jazzy/include/rclcpp_components -I/opt/ros/jazzy/include/rclcpp_lifecycle -I/home/cafsanchezdi/ros2_ws/build/sdv_serial/rosidl_generator_c -isystem /opt/ros/jazzy/include/rclcpp -isystem /opt/ros/jazzy/include/std_msgs -isystem /opt/ros/jazzy/include/sensor_msgs -isystem /opt/ros/jazzy/include/geometry_msgs -isystem /opt/ros/jazzy/include/rcutils -isystem /opt/ros/jazzy/include/rosidl_typesupport_interface -isystem /opt/ros/jazzy/include/rosidl_runtime_c -isystem /opt/ros/jazzy/include/rosidl_runtime_cpp -isystem /opt/ros/jazzy/include/rcpputils -isystem /opt/ros/jazzy/include/rosidl_typesupport_c -isystem /opt/ros/jazzy/include/rosidl_typesupport_cpp -isystem /opt/ros/jazzy/include/rosidl_typesupport_introspection_c -isystem /opt/ros/jazzy/include/rosidl_typesupport_introspection_cpp -isystem /opt/ros/jazzy/include/udp_msgs -isystem /opt/ros/jazzy/include/builtin_interfaces -isystem /opt/ros/jazzy/include/fastcdr -isystem /opt/ros/jazzy/include/rosidl_typesupport_fastrtps_cpp -isystem /opt/ros/jazzy/include/rmw -isystem /opt/ros/jazzy/include/rosidl_dynamic_typesupport -isystem /opt/ros/jazzy/include/rosidl_typesupport_fastrtps_c -isystem /opt/ros/jazzy/include/libstatistics_collector -isystem /opt/ros/jazzy/include/rcl -isystem /opt/ros/jazzy/include/rcl_interfaces -isystem /opt/ros/jazzy/include/service_msgs -isystem /opt/ros/jazzy/include/rcl_logging_interface -isystem /opt/ros/jazzy/include/rcl_yaml_param_parser -isystem /opt/ros/jazzy/include/type_description_interfaces -isystem /opt/ros/jazzy/include/statistics_msgs -isystem /opt/ros/jazzy/include/rosgraph_msgs -isystem /opt/ros/jazzy/include/tracetools -isystem /opt/ros/jazzy/include/class_loader -isystem /opt/ros/jazzy/include/composition_interfaces -isystem /opt/ros/jazzy/include/lifecycle_msgs -isystem /opt/ros/jazzy/include/rcl_lifecycle -std=gnu++17 -MD -MT CMakeFiles/sdv_serial_node2.dir/src/sdv_serial_node2.cpp.o -MF CMakeFiles/sdv_serial_node2.dir/src/sdv_serial_node2.cpp.o.d -o CMakeFiles/sdv_serial_node2.dir/src/sdv_serial_node2.cpp.o -c /home/cafsanchezdi/ros2_ws/src/sdv_un_ros/sdv_serial/src/sdv_serial_node2.cpp
Dependencies file "CMakeFiles/sdv_serial_s__rosidl_typesupport_fastrtps_c.dir/rosidl_generator_py/sdv_serial/_sdv_serial_s.ep.rosidl_typesupport_fastrtps_c.c.o.d" is newer than depends file "/home/cafsanchezdi/ros2_ws/build/sdv_serial/CMakeFiles/sdv_serial_s__rosidl_typesupport_fastrtps_c.dir/compiler_depend.internal".
Dependencies file "CMakeFiles/sdv_serial_s__rosidl_typesupport_introspection_c.dir/rosidl_generator_py/sdv_serial/_sdv_serial_s.ep.rosidl_typesupport_introspection_c.c.o.d" is newer than depends file "/home/cafsanchezdi/ros2_ws/build/sdv_serial/CMakeFiles/sdv_serial_s__rosidl_typesupport_introspection_c.dir/compiler_depend.internal".
[35m[1mConsolidate compiler generated dependencies of target sdv_serial_s__rosidl_typesupport_fastrtps_c[0m
[35m[1mConsolidate compiler generated dependencies of target sdv_serial_s__rosidl_typesupport_introspection_c[0m
gmake[2]: Leaving directory '/home/cafsanchezdi/ros2_ws/build/sdv_serial'
/usr/bin/gmake  -f CMakeFiles/sdv_serial_s__rosidl_typesupport_fastrtps_c.dir/build.make CMakeFiles/sdv_serial_s__rosidl_typesupport_fastrtps_c.dir/build
gmake[2]: Leaving directory '/home/cafsanchezdi/ros2_ws/build/sdv_serial'
/usr/bin/gmake  -f CMakeFiles/sdv_serial_s__rosidl_typesupport_introspection_c.dir/build.make CMakeFiles/sdv_serial_s__rosidl_typesupport_introspection_c.dir/build
gmake[2]: Entering directory '/home/cafsanchezdi/ros2_ws/build/sdv_serial'
gmake[2]: Nothing to be done for 'CMakeFiles/sdv_serial_s__rosidl_typesupport_introspection_c.dir/build'.
gmake[2]: Leaving directory '/home/cafsanchezdi/ros2_ws/build/sdv_serial'
gmake[2]: Entering directory '/home/cafsanchezdi/ros2_ws/build/sdv_serial'
gmake[2]: Nothing to be done for 'CMakeFiles/sdv_serial_s__rosidl_typesupport_fastrtps_c.dir/build'.
gmake[2]: Leaving directory '/home/cafsanchezdi/ros2_ws/build/sdv_serial'
[ 95%] Built target sdv_serial_s__rosidl_typesupport_introspection_c
[ 95%] Built target sdv_serial_s__rosidl_typesupport_fastrtps_c
/usr/bin/gmake  -f CMakeFiles/sdv_serial_s__rosidl_typesupport_c.dir/build.make CMakeFiles/sdv_serial_s__rosidl_typesupport_c.dir/depend
gmake[2]: Entering directory '/home/cafsanchezdi/ros2_ws/build/sdv_serial'
cd /home/cafsanchezdi/ros2_ws/build/sdv_serial && /usr/bin/cmake -E cmake_depends "Unix Makefiles" /home/cafsanchezdi/ros2_ws/src/sdv_un_ros/sdv_serial /home/cafsanchezdi/ros2_ws/src/sdv_un_ros/sdv_serial /home/cafsanchezdi/ros2_ws/build/sdv_serial /home/cafsanchezdi/ros2_ws/build/sdv_serial /home/cafsanchezdi/ros2_ws/build/sdv_serial/CMakeFiles/sdv_serial_s__rosidl_typesupport_c.dir/DependInfo.cmake "--color="
Dependencies file "CMakeFiles/sdv_serial_s__rosidl_typesupport_c.dir/rosidl_generator_py/sdv_serial/_sdv_serial_s.ep.rosidl_typesupport_c.c.o.d" is newer than depends file "/home/cafsanchezdi/ros2_ws/build/sdv_serial/CMakeFiles/sdv_serial_s__rosidl_typesupport_c.dir/compiler_depend.internal".
[35m[1mConsolidate compiler generated dependencies of target sdv_serial_s__rosidl_typesupport_c[0m
gmake[2]: Leaving directory '/home/cafsanchezdi/ros2_ws/build/sdv_serial'
/usr/bin/gmake  -f CMakeFiles/sdv_serial_s__rosidl_typesupport_c.dir/build.make CMakeFiles/sdv_serial_s__rosidl_typesupport_c.dir/build
gmake[2]: Entering directory '/home/cafsanchezdi/ros2_ws/build/sdv_serial'
gmake[2]: Nothing to be done for 'CMakeFiles/sdv_serial_s__rosidl_typesupport_c.dir/build'.
gmake[2]: Leaving directory '/home/cafsanchezdi/ros2_ws/build/sdv_serial'
[ 97%] Built target sdv_serial_s__rosidl_typesupport_c
running egg_info
writing sdv_serial.egg-info/PKG-INFO
writing dependency_links to sdv_serial.egg-info/dependency_links.txt
writing top-level names to sdv_serial.egg-info/top_level.txt
reading manifest file 'sdv_serial.egg-info/SOURCES.txt'
writing manifest file 'sdv_serial.egg-info/SOURCES.txt'
gmake[2]: Leaving directory '/home/cafsanchezdi/ros2_ws/build/sdv_serial'
[ 97%] Built target ament_cmake_python_build_sdv_serial_egg
gmake[2]: Leaving directory '/home/cafsanchezdi/ros2_ws/build/sdv_serial'
gmake[1]: Leaving directory '/home/cafsanchezdi/ros2_ws/build/sdv_serial'

