[100%] Built target sdv_serial_node
-- Install configuration: ""
-- Up-to-date: /home/cafsanchezdi/ros2_ws/install/sdv_serial/lib/sdv_serial/sdv_serial_node
-- Up-to-date: /home/cafsanchezdi/ros2_ws/install/sdv_serial/include
-- Up-to-date: /home/cafsanchezdi/ros2_ws/install/sdv_serial/include/tools.h
-- Up-to-date: /home/cafsanchezdi/ros2_ws/install/sdv_serial/include/motor
-- Up-to-date: /home/cafsanchezdi/ros2_ws/install/sdv_serial/include/motor/two_drive_controller.h
-- Up-to-date: /home/cafsanchezdi/ros2_ws/install/sdv_serial/include/motor/motor.h
-- Up-to-date: /home/cafsanchezdi/ros2_ws/install/sdv_serial/include/motor/four_drive_controller.h
-- Up-to-date: /home/cafsanchezdi/ros2_ws/install/sdv_serial/share/ament_index/resource_index/package_run_dependencies/sdv_serial
-- Up-to-date: /home/cafsanchezdi/ros2_ws/install/sdv_serial/share/ament_index/resource_index/parent_prefix_path/sdv_serial
-- Up-to-date: /home/cafsanchezdi/ros2_ws/install/sdv_serial/share/sdv_serial/environment/ament_prefix_path.sh
-- Up-to-date: /home/cafsanchezdi/ros2_ws/install/sdv_serial/share/sdv_serial/environment/ament_prefix_path.dsv
-- Up-to-date: /home/cafsanchezdi/ros2_ws/install/sdv_serial/share/sdv_serial/environment/path.sh
-- Up-to-date: /home/cafsanchezdi/ros2_ws/install/sdv_serial/share/sdv_serial/environment/path.dsv
-- Up-to-date: /home/cafsanchezdi/ros2_ws/install/sdv_serial/share/sdv_serial/local_setup.bash
-- Up-to-date: /home/cafsanchezdi/ros2_ws/install/sdv_serial/share/sdv_serial/local_setup.sh
-- Up-to-date: /home/cafsanchezdi/ros2_ws/install/sdv_serial/share/sdv_serial/local_setup.zsh
-- Up-to-date: /home/cafsanchezdi/ros2_ws/install/sdv_serial/share/sdv_serial/local_setup.dsv
-- Installing: /home/cafsanchezdi/ros2_ws/install/sdv_serial/share/sdv_serial/package.dsv
-- Up-to-date: /home/cafsanchezdi/ros2_ws/install/sdv_serial/share/ament_index/resource_index/packages/sdv_serial
-- Up-to-date: /home/cafsanchezdi/ros2_ws/install/sdv_serial/share/sdv_serial/cmake/ament_cmake_export_dependencies-extras.cmake
-- Up-to-date: /home/cafsanchezdi/ros2_ws/install/sdv_serial/share/sdv_serial/cmake/sdv_serialConfig.cmake
-- Up-to-date: /home/cafsanchezdi/ros2_ws/install/sdv_serial/share/sdv_serial/cmake/sdv_serialConfig-version.cmake
-- Up-to-date: /home/cafsanchezdi/ros2_ws/install/sdv_serial/share/sdv_serial/package.xml
