-- Install configuration: ""
-- Up-to-date: /home/cafsanchezdi/ros2_ws/install/camera_platform/lib/camera_platform
-- Up-to-date: /home/cafsanchezdi/ros2_ws/install/camera_platform/lib/camera_platform/image_recog_tools.py
-- Up-to-date: /home/cafsanchezdi/ros2_ws/install/camera_platform/lib/camera_platform/train_data_values.dat
-- Up-to-date: /home/cafsanchezdi/ros2_ws/install/camera_platform/lib/camera_platform/image_recog_tools.pyc
-- Up-to-date: /home/cafsanchezdi/ros2_ws/install/camera_platform/lib/camera_platform/camera_watcher.py
-- Up-to-date: /home/cafsanchezdi/ros2_ws/install/camera_platform/lib/camera_platform/capture_image.py
-- Up-to-date: /home/cafsanchezdi/ros2_ws/install/camera_platform/lib/camera_platform/__init__.py
-- Up-to-date: /home/cafsanchezdi/ros2_ws/install/camera_platform/lib/camera_platform/camera_window_sample.py
-- Up-to-date: /home/cafsanchezdi/ros2_ws/install/camera_platform/lib/camera_platform/udp_capturer.py
-- Up-to-date: /home/cafsanchezdi/ros2_ws/install/camera_platform/share/ament_index/resource_index/package_run_dependencies/camera_platform
-- Up-to-date: /home/cafsanchezdi/ros2_ws/install/camera_platform/share/ament_index/resource_index/parent_prefix_path/camera_platform
-- Up-to-date: /home/cafsanchezdi/ros2_ws/install/camera_platform/share/camera_platform/environment/ament_prefix_path.sh
-- Up-to-date: /home/cafsanchezdi/ros2_ws/install/camera_platform/share/camera_platform/environment/ament_prefix_path.dsv
-- Up-to-date: /home/cafsanchezdi/ros2_ws/install/camera_platform/share/camera_platform/environment/path.sh
-- Up-to-date: /home/cafsanchezdi/ros2_ws/install/camera_platform/share/camera_platform/environment/path.dsv
-- Up-to-date: /home/cafsanchezdi/ros2_ws/install/camera_platform/share/camera_platform/local_setup.bash
-- Up-to-date: /home/cafsanchezdi/ros2_ws/install/camera_platform/share/camera_platform/local_setup.sh
-- Up-to-date: /home/cafsanchezdi/ros2_ws/install/camera_platform/share/camera_platform/local_setup.zsh
-- Up-to-date: /home/cafsanchezdi/ros2_ws/install/camera_platform/share/camera_platform/local_setup.dsv
-- Up-to-date: /home/cafsanchezdi/ros2_ws/install/camera_platform/share/camera_platform/package.dsv
-- Up-to-date: /home/cafsanchezdi/ros2_ws/install/camera_platform/share/ament_index/resource_index/packages/camera_platform
-- Up-to-date: /home/cafsanchezdi/ros2_ws/install/camera_platform/share/camera_platform/cmake/camera_platformConfig.cmake
-- Up-to-date: /home/cafsanchezdi/ros2_ws/install/camera_platform/share/camera_platform/cmake/camera_platformConfig-version.cmake
-- Up-to-date: /home/cafsanchezdi/ros2_ws/install/camera_platform/share/camera_platform/package.xml
