[0.033s] Invoking command in '/home/cafsanchezdi/ros2_ws/build/camera_platform': CMAKE_PREFIX_PATH=${CMAKE_PREFIX_PATH}:/opt/ros/jazzy DEBUGINFOD_URLS=https://debuginfod.ubuntu.com /usr/bin/cmake --build /home/cafsanchezdi/ros2_ws/build/camera_platform -- -j4 -l4
[0.097s] Invoked command in '/home/cafsanchezdi/ros2_ws/build/camera_platform' returned '0': CMAKE_PREFIX_PATH=${CMAKE_PREFIX_PATH}:/opt/ros/jazzy DEBUGINFOD_URLS=https://debuginfod.ubuntu.com /usr/bin/cmake --build /home/cafsanchezdi/ros2_ws/build/camera_platform -- -j4 -l4
[0.115s] Invoking command in '/home/cafsanchezdi/ros2_ws/build/camera_platform': CMAKE_PREFIX_PATH=${CMAKE_PREFIX_PATH}:/opt/ros/jazzy DEBUGINFOD_URLS=https://debuginfod.ubuntu.com /usr/bin/cmake --install /home/cafsanchezdi/ros2_ws/build/camera_platform
[0.128s] -- Install configuration: ""
[0.129s] -- Up-to-date: /home/cafsanchezdi/ros2_ws/install/camera_platform/lib/camera_platform
[0.129s] -- Up-to-date: /home/cafsanchezdi/ros2_ws/install/camera_platform/lib/camera_platform/image_recog_tools.py
[0.129s] -- Up-to-date: /home/cafsanchezdi/ros2_ws/install/camera_platform/lib/camera_platform/train_data_values.dat
[0.129s] -- Up-to-date: /home/cafsanchezdi/ros2_ws/install/camera_platform/lib/camera_platform/image_recog_tools.pyc
[0.129s] -- Up-to-date: /home/cafsanchezdi/ros2_ws/install/camera_platform/lib/camera_platform/camera_watcher.py
[0.129s] -- Up-to-date: /home/cafsanchezdi/ros2_ws/install/camera_platform/lib/camera_platform/capture_image.py
[0.130s] -- Up-to-date: /home/cafsanchezdi/ros2_ws/install/camera_platform/lib/camera_platform/__init__.py
[0.130s] -- Up-to-date: /home/cafsanchezdi/ros2_ws/install/camera_platform/lib/camera_platform/camera_window_sample.py
[0.130s] -- Up-to-date: /home/cafsanchezdi/ros2_ws/install/camera_platform/lib/camera_platform/udp_capturer.py
[0.130s] -- Up-to-date: /home/cafsanchezdi/ros2_ws/install/camera_platform/share/ament_index/resource_index/package_run_dependencies/camera_platform
[0.130s] -- Up-to-date: /home/cafsanchezdi/ros2_ws/install/camera_platform/share/ament_index/resource_index/parent_prefix_path/camera_platform
[0.130s] -- Up-to-date: /home/cafsanchezdi/ros2_ws/install/camera_platform/share/camera_platform/environment/ament_prefix_path.sh
[0.130s] -- Up-to-date: /home/cafsanchezdi/ros2_ws/install/camera_platform/share/camera_platform/environment/ament_prefix_path.dsv
[0.134s] -- Up-to-date: /home/cafsanchezdi/ros2_ws/install/camera_platform/share/camera_platform/environment/path.sh
[0.134s] -- Up-to-date: /home/cafsanchezdi/ros2_ws/install/camera_platform/share/camera_platform/environment/path.dsv
[0.134s] -- Up-to-date: /home/cafsanchezdi/ros2_ws/install/camera_platform/share/camera_platform/local_setup.bash
[0.134s] -- Up-to-date: /home/cafsanchezdi/ros2_ws/install/camera_platform/share/camera_platform/local_setup.sh
[0.134s] -- Up-to-date: /home/cafsanchezdi/ros2_ws/install/camera_platform/share/camera_platform/local_setup.zsh
[0.134s] -- Up-to-date: /home/cafsanchezdi/ros2_ws/install/camera_platform/share/camera_platform/local_setup.dsv
[0.134s] -- Up-to-date: /home/cafsanchezdi/ros2_ws/install/camera_platform/share/camera_platform/package.dsv
[0.134s] -- Up-to-date: /home/cafsanchezdi/ros2_ws/install/camera_platform/share/ament_index/resource_index/packages/camera_platform
[0.134s] -- Up-to-date: /home/cafsanchezdi/ros2_ws/install/camera_platform/share/camera_platform/cmake/camera_platformConfig.cmake
[0.134s] -- Up-to-date: /home/cafsanchezdi/ros2_ws/install/camera_platform/share/camera_platform/cmake/camera_platformConfig-version.cmake
[0.135s] -- Up-to-date: /home/cafsanchezdi/ros2_ws/install/camera_platform/share/camera_platform/package.xml
[0.173s] Invoked command in '/home/cafsanchezdi/ros2_ws/build/camera_platform' returned '0': CMAKE_PREFIX_PATH=${CMAKE_PREFIX_PATH}:/opt/ros/jazzy DEBUGINFOD_URLS=https://debuginfod.ubuntu.com /usr/bin/cmake --install /home/cafsanchezdi/ros2_ws/build/camera_platform
