[  1%] Built target sdv_msgs__rosidl_generator_type_description
[  1%] Built target ament_cmake_python_copy_sdv_msgs
[  1%] Built target sdv_msgs__cpp
[ 28%] Built target sdv_msgs__rosidl_generator_c
[ 37%] Built target sdv_msgs__rosidl_typesupport_introspection_c
[ 47%] Built target sdv_msgs__rosidl_typesupport_fastrtps_c
[ 57%] Built target sdv_msgs__rosidl_typesupport_cpp
[ 66%] Built target sdv_msgs__rosidl_typesupport_c
[ 83%] Built target sdv_msgs__rosidl_typesupport_fastrtps_cpp
[ 86%] Built target sdv_msgs__rosidl_typesupport_introspection_cpp
[ 86%] Built target sdv_msgs
[ 87%] Built target sdv_msgs__py
running egg_info
writing sdv_msgs.egg-info/PKG-INFO
writing dependency_links to sdv_msgs.egg-info/dependency_links.txt
writing top-level names to sdv_msgs.egg-info/top_level.txt
[ 96%] Built target sdv_msgs__rosidl_generator_py
[ 98%] Built target sdv_msgs_s__rosidl_typesupport_introspection_c
[ 99%] Built target sdv_msgs_s__rosidl_typesupport_fastrtps_c
[100%] Built target sdv_msgs_s__rosidl_typesupport_c
reading manifest file 'sdv_msgs.egg-info/SOURCES.txt'
writing manifest file 'sdv_msgs.egg-info/SOURCES.txt'
[100%] Built target ament_cmake_python_build_sdv_msgs_egg
-- Install configuration: ""
-- Up-to-date: /home/cafsanchezdi/ros2_ws/install/sdv_msgs/share/ament_index/resource_index/rosidl_interfaces/sdv_msgs
-- Up-to-date: /home/cafsanchezdi/ros2_ws/install/sdv_msgs/share/sdv_msgs/msg/Batteries.json
-- Up-to-date: /home/cafsanchezdi/ros2_ws/install/sdv_msgs/share/sdv_msgs/msg/Battery.json
-- Up-to-date: /home/cafsanchezdi/ros2_ws/install/sdv_msgs/share/sdv_msgs/msg/Buzzer.json
-- Up-to-date: /home/cafsanchezdi/ros2_ws/install/sdv_msgs/share/sdv_msgs/msg/Drivers.json
-- Up-to-date: /home/cafsanchezdi/ros2_ws/install/sdv_msgs/share/sdv_msgs/msg/Encoder.json
-- Up-to-date: /home/cafsanchezdi/ros2_ws/install/sdv_msgs/share/sdv_msgs/msg/Flexiforce.json
-- Up-to-date: /home/cafsanchezdi/ros2_ws/install/sdv_msgs/share/sdv_msgs/msg/FourMotors.json
-- Up-to-date: /home/cafsanchezdi/ros2_ws/install/sdv_msgs/share/sdv_msgs/msg/ImuRaw.json
-- Up-to-date: /home/cafsanchezdi/ros2_ws/install/sdv_msgs/share/sdv_msgs/msg/LED.json
-- Up-to-date: /home/cafsanchezdi/ros2_ws/install/sdv_msgs/share/sdv_msgs/msg/MotorDriver.json
-- Up-to-date: /home/cafsanchezdi/ros2_ws/install/sdv_msgs/share/sdv_msgs/msg/PanelButton.json
-- Up-to-date: /home/cafsanchezdi/ros2_ws/install/sdv_msgs/share/sdv_msgs/msg/SdvPlatform.json
-- Up-to-date: /home/cafsanchezdi/ros2_ws/install/sdv_msgs/share/sdv_msgs/msg/SdvStatus.json
-- Up-to-date: /home/cafsanchezdi/ros2_ws/install/sdv_msgs/share/sdv_msgs/msg/TagRfid.json
-- Up-to-date: /home/cafsanchezdi/ros2_ws/install/sdv_msgs/share/sdv_msgs/msg/TwoMotors.json
-- Up-to-date: /home/cafsanchezdi/ros2_ws/install/sdv_msgs/share/sdv_msgs/msg/Ultrasound.json
-- Up-to-date: /home/cafsanchezdi/ros2_ws/install/sdv_msgs/include/sdv_msgs/sdv_msgs
-- Up-to-date: /home/cafsanchezdi/ros2_ws/install/sdv_msgs/include/sdv_msgs/sdv_msgs/msg
-- Up-to-date: /home/cafsanchezdi/ros2_ws/install/sdv_msgs/include/sdv_msgs/sdv_msgs/msg/two_motors.h
-- Up-to-date: /home/cafsanchezdi/ros2_ws/install/sdv_msgs/include/sdv_msgs/sdv_msgs/msg/flexiforce.h
-- Up-to-date: /home/cafsanchezdi/ros2_ws/install/sdv_msgs/include/sdv_msgs/sdv_msgs/msg/sdv_status.h
-- Up-to-date: /home/cafsanchezdi/ros2_ws/install/sdv_msgs/include/sdv_msgs/sdv_msgs/msg/four_motors.h
-- Up-to-date: /home/cafsanchezdi/ros2_ws/install/sdv_msgs/include/sdv_msgs/sdv_msgs/msg/panel_button.h
-- Up-to-date: /home/cafsanchezdi/ros2_ws/install/sdv_msgs/include/sdv_msgs/sdv_msgs/msg/rosidl_generator_c__visibility_control.h
-- Up-to-date: /home/cafsanchezdi/ros2_ws/install/sdv_msgs/include/sdv_msgs/sdv_msgs/msg/led.h
-- Up-to-date: /home/cafsanchezdi/ros2_ws/install/sdv_msgs/include/sdv_msgs/sdv_msgs/msg/tag_rfid.h
-- Up-to-date: /home/cafsanchezdi/ros2_ws/install/sdv_msgs/include/sdv_msgs/sdv_msgs/msg/batteries.h
-- Up-to-date: /home/cafsanchezdi/ros2_ws/install/sdv_msgs/include/sdv_msgs/sdv_msgs/msg/ultrasound.h
-- Up-to-date: /home/cafsanchezdi/ros2_ws/install/sdv_msgs/include/sdv_msgs/sdv_msgs/msg/motor_driver.h
-- Up-to-date: /home/cafsanchezdi/ros2_ws/install/sdv_msgs/include/sdv_msgs/sdv_msgs/msg/drivers.h
-- Up-to-date: /home/cafsanchezdi/ros2_ws/install/sdv_msgs/include/sdv_msgs/sdv_msgs/msg/imu_raw.h
-- Up-to-date: /home/cafsanchezdi/ros2_ws/install/sdv_msgs/include/sdv_msgs/sdv_msgs/msg/buzzer.h
-- Up-to-date: /home/cafsanchezdi/ros2_ws/install/sdv_msgs/include/sdv_msgs/sdv_msgs/msg/battery.h
-- Up-to-date: /home/cafsanchezdi/ros2_ws/install/sdv_msgs/include/sdv_msgs/sdv_msgs/msg/detail
-- Up-to-date: /home/cafsanchezdi/ros2_ws/install/sdv_msgs/include/sdv_msgs/sdv_msgs/msg/detail/battery__type_support.h
-- Up-to-date: /home/cafsanchezdi/ros2_ws/install/sdv_msgs/include/sdv_msgs/sdv_msgs/msg/detail/battery__functions.h
-- Up-to-date: /home/cafsanchezdi/ros2_ws/install/sdv_msgs/include/sdv_msgs/sdv_msgs/msg/detail/batteries__functions.h
-- Up-to-date: /home/cafsanchezdi/ros2_ws/install/sdv_msgs/include/sdv_msgs/sdv_msgs/msg/detail/drivers__description.c
-- Up-to-date: /home/cafsanchezdi/ros2_ws/install/sdv_msgs/include/sdv_msgs/sdv_msgs/msg/detail/four_motors__description.c
-- Up-to-date: /home/cafsanchezdi/ros2_ws/install/sdv_msgs/include/sdv_msgs/sdv_msgs/msg/detail/ultrasound__functions.c
-- Up-to-date: /home/cafsanchezdi/ros2_ws/install/sdv_msgs/include/sdv_msgs/sdv_msgs/msg/detail/two_motors__functions.h
-- Up-to-date: /home/cafsanchezdi/ros2_ws/install/sdv_msgs/include/sdv_msgs/sdv_msgs/msg/detail/battery__struct.h
-- Installing: /home/cafsanchezdi/ros2_ws/install/sdv_msgs/include/sdv_msgs/sdv_msgs/msg/detail/panel_button__type_support.c
-- Up-to-date: /home/cafsanchezdi/ros2_ws/install/sdv_msgs/include/sdv_msgs/sdv_msgs/msg/detail/led__description.c
-- Up-to-date: /home/cafsanchezdi/ros2_ws/install/sdv_msgs/include/sdv_msgs/sdv_msgs/msg/detail/sdv_status__description.c
-- Installing: /home/cafsanchezdi/ros2_ws/install/sdv_msgs/include/sdv_msgs/sdv_msgs/msg/detail/four_motors__type_support.c
-- Up-to-date: /home/cafsanchezdi/ros2_ws/install/sdv_msgs/include/sdv_msgs/sdv_msgs/msg/detail/buzzer__functions.c
-- Up-to-date: /home/cafsanchezdi/ros2_ws/install/sdv_msgs/include/sdv_msgs/sdv_msgs/msg/detail/encoder__functions.h
-- Installing: /home/cafsanchezdi/ros2_ws/install/sdv_msgs/include/sdv_msgs/sdv_msgs/msg/detail/ultrasound__type_support.c
-- Installing: /home/cafsanchezdi/ros2_ws/install/sdv_msgs/include/sdv_msgs/sdv_msgs/msg/detail/tag_rfid__type_support.c
-- Up-to-date: /home/cafsanchezdi/ros2_ws/install/sdv_msgs/include/sdv_msgs/sdv_msgs/msg/detail/drivers__type_support.h
-- Up-to-date: /home/cafsanchezdi/ros2_ws/install/sdv_msgs/include/sdv_msgs/sdv_msgs/msg/detail/flexiforce__struct.h
-- Up-to-date: /home/cafsanchezdi/ros2_ws/install/sdv_msgs/include/sdv_msgs/sdv_msgs/msg/detail/ultrasound__type_support.h
-- Up-to-date: /home/cafsanchezdi/ros2_ws/install/sdv_msgs/include/sdv_msgs/sdv_msgs/msg/detail/two_motors__functions.c
-- Up-to-date: /home/cafsanchezdi/ros2_ws/install/sdv_msgs/include/sdv_msgs/sdv_msgs/msg/detail/drivers__functions.h
-- Up-to-date: /home/cafsanchezdi/ros2_ws/install/sdv_msgs/include/sdv_msgs/sdv_msgs/msg/detail/motor_driver__type_support.h
-- Up-to-date: /home/cafsanchezdi/ros2_ws/install/sdv_msgs/include/sdv_msgs/sdv_msgs/msg/detail/panel_button__description.c
-- Up-to-date: /home/cafsanchezdi/ros2_ws/install/sdv_msgs/include/sdv_msgs/sdv_msgs/msg/detail/four_motors__type_support.h
-- Up-to-date: /home/cafsanchezdi/ros2_ws/install/sdv_msgs/include/sdv_msgs/sdv_msgs/msg/detail/flexiforce__description.c
-- Installing: /home/cafsanchezdi/ros2_ws/install/sdv_msgs/include/sdv_msgs/sdv_msgs/msg/detail/led__type_support.c
-- Up-to-date: /home/cafsanchezdi/ros2_ws/install/sdv_msgs/include/sdv_msgs/sdv_msgs/msg/detail/buzzer__description.c
-- Up-to-date: /home/cafsanchezdi/ros2_ws/install/sdv_msgs/include/sdv_msgs/sdv_msgs/msg/detail/four_motors__struct.h
-- Installing: /home/cafsanchezdi/ros2_ws/install/sdv_msgs/include/sdv_msgs/sdv_msgs/msg/detail/imu_raw__type_support.c
-- Up-to-date: /home/cafsanchezdi/ros2_ws/install/sdv_msgs/include/sdv_msgs/sdv_msgs/msg/detail/imu_raw__type_support.h
-- Up-to-date: /home/cafsanchezdi/ros2_ws/install/sdv_msgs/include/sdv_msgs/sdv_msgs/msg/detail/flexiforce__functions.c
-- Up-to-date: /home/cafsanchezdi/ros2_ws/install/sdv_msgs/include/sdv_msgs/sdv_msgs/msg/detail/ultrasound__functions.h
-- Up-to-date: /home/cafsanchezdi/ros2_ws/install/sdv_msgs/include/sdv_msgs/sdv_msgs/msg/detail/motor_driver__functions.c
-- Installing: /home/cafsanchezdi/ros2_ws/install/sdv_msgs/include/sdv_msgs/sdv_msgs/msg/detail/batteries__type_support.c
-- Installing: /home/cafsanchezdi/ros2_ws/install/sdv_msgs/include/sdv_msgs/sdv_msgs/msg/detail/battery__type_support.c
-- Installing: /home/cafsanchezdi/ros2_ws/install/sdv_msgs/include/sdv_msgs/sdv_msgs/msg/detail/two_motors__type_support.c
-- Up-to-date: /home/cafsanchezdi/ros2_ws/install/sdv_msgs/include/sdv_msgs/sdv_msgs/msg/detail/encoder__description.c
-- Up-to-date: /home/cafsanchezdi/ros2_ws/install/sdv_msgs/include/sdv_msgs/sdv_msgs/msg/detail/batteries__type_support.h
-- Up-to-date: /home/cafsanchezdi/ros2_ws/install/sdv_msgs/include/sdv_msgs/sdv_msgs/msg/detail/sdv_status__functions.c
-- Up-to-date: /home/cafsanchezdi/ros2_ws/install/sdv_msgs/include/sdv_msgs/sdv_msgs/msg/detail/sdv_status__struct.h
-- Up-to-date: /home/cafsanchezdi/ros2_ws/install/sdv_msgs/include/sdv_msgs/sdv_msgs/msg/detail/imu_raw__description.c
-- Up-to-date: /home/cafsanchezdi/ros2_ws/install/sdv_msgs/include/sdv_msgs/sdv_msgs/msg/detail/tag_rfid__struct.h
-- Up-to-date: /home/cafsanchezdi/ros2_ws/install/sdv_msgs/include/sdv_msgs/sdv_msgs/msg/detail/tag_rfid__functions.c
-- Up-to-date: /home/cafsanchezdi/ros2_ws/install/sdv_msgs/include/sdv_msgs/sdv_msgs/msg/detail/drivers__struct.h
-- Up-to-date: /home/cafsanchezdi/ros2_ws/install/sdv_msgs/include/sdv_msgs/sdv_msgs/msg/detail/flexiforce__functions.h
-- Up-to-date: /home/cafsanchezdi/ros2_ws/install/sdv_msgs/include/sdv_msgs/sdv_msgs/msg/detail/batteries__functions.c
-- Up-to-date: /home/cafsanchezdi/ros2_ws/install/sdv_msgs/include/sdv_msgs/sdv_msgs/msg/detail/panel_button__struct.h
-- Up-to-date: /home/cafsanchezdi/ros2_ws/install/sdv_msgs/include/sdv_msgs/sdv_msgs/msg/detail/battery__description.c
-- Up-to-date: /home/cafsanchezdi/ros2_ws/install/sdv_msgs/include/sdv_msgs/sdv_msgs/msg/detail/led__struct.h
-- Installing: /home/cafsanchezdi/ros2_ws/install/sdv_msgs/include/sdv_msgs/sdv_msgs/msg/detail/sdv_platform__type_support.c
-- Up-to-date: /home/cafsanchezdi/ros2_ws/install/sdv_msgs/include/sdv_msgs/sdv_msgs/msg/detail/four_motors__functions.h
-- Up-to-date: /home/cafsanchezdi/ros2_ws/install/sdv_msgs/include/sdv_msgs/sdv_msgs/msg/detail/tag_rfid__type_support.h
-- Up-to-date: /home/cafsanchezdi/ros2_ws/install/sdv_msgs/include/sdv_msgs/sdv_msgs/msg/detail/sdv_platform__struct.h
-- Up-to-date: /home/cafsanchezdi/ros2_ws/install/sdv_msgs/include/sdv_msgs/sdv_msgs/msg/detail/imu_raw__struct.h
-- Up-to-date: /home/cafsanchezdi/ros2_ws/install/sdv_msgs/include/sdv_msgs/sdv_msgs/msg/detail/sdv_platform__type_support.h
-- Installing: /home/cafsanchezdi/ros2_ws/install/sdv_msgs/include/sdv_msgs/sdv_msgs/msg/detail/encoder__type_support.c
-- Up-to-date: /home/cafsanchezdi/ros2_ws/install/sdv_msgs/include/sdv_msgs/sdv_msgs/msg/detail/panel_button__functions.h
-- Up-to-date: /home/cafsanchezdi/ros2_ws/install/sdv_msgs/include/sdv_msgs/sdv_msgs/msg/detail/led__functions.c
-- Up-to-date: /home/cafsanchezdi/ros2_ws/install/sdv_msgs/include/sdv_msgs/sdv_msgs/msg/detail/sdv_platform__functions.h
-- Up-to-date: /home/cafsanchezdi/ros2_ws/install/sdv_msgs/include/sdv_msgs/sdv_msgs/msg/detail/buzzer__functions.h
-- Up-to-date: /home/cafsanchezdi/ros2_ws/install/sdv_msgs/include/sdv_msgs/sdv_msgs/msg/detail/buzzer__struct.h
-- Installing: /home/cafsanchezdi/ros2_ws/install/sdv_msgs/include/sdv_msgs/sdv_msgs/msg/detail/flexiforce__type_support.c
-- Up-to-date: /home/cafsanchezdi/ros2_ws/install/sdv_msgs/include/sdv_msgs/sdv_msgs/msg/detail/battery__functions.c
-- Up-to-date: /home/cafsanchezdi/ros2_ws/install/sdv_msgs/include/sdv_msgs/sdv_msgs/msg/detail/two_motors__description.c
-- Up-to-date: /home/cafsanchezdi/ros2_ws/install/sdv_msgs/include/sdv_msgs/sdv_msgs/msg/detail/two_motors__struct.h
-- Up-to-date: /home/cafsanchezdi/ros2_ws/install/sdv_msgs/include/sdv_msgs/sdv_msgs/msg/detail/encoder__functions.c
-- Up-to-date: /home/cafsanchezdi/ros2_ws/install/sdv_msgs/include/sdv_msgs/sdv_msgs/msg/detail/buzzer__type_support.h
-- Up-to-date: /home/cafsanchezdi/ros2_ws/install/sdv_msgs/include/sdv_msgs/sdv_msgs/msg/detail/ultrasound__struct.h
-- Up-to-date: /home/cafsanchezdi/ros2_ws/install/sdv_msgs/include/sdv_msgs/sdv_msgs/msg/detail/two_motors__type_support.h
-- Installing: /home/cafsanchezdi/ros2_ws/install/sdv_msgs/include/sdv_msgs/sdv_msgs/msg/detail/drivers__type_support.c
-- Up-to-date: /home/cafsanchezdi/ros2_ws/install/sdv_msgs/include/sdv_msgs/sdv_msgs/msg/detail/sdv_status__functions.h
-- Up-to-date: /home/cafsanchezdi/ros2_ws/install/sdv_msgs/include/sdv_msgs/sdv_msgs/msg/detail/batteries__struct.h
-- Up-to-date: /home/cafsanchezdi/ros2_ws/install/sdv_msgs/include/sdv_msgs/sdv_msgs/msg/detail/led__type_support.h
-- Up-to-date: /home/cafsanchezdi/ros2_ws/install/sdv_msgs/include/sdv_msgs/sdv_msgs/msg/detail/sdv_platform__functions.c
-- Up-to-date: /home/cafsanchezdi/ros2_ws/install/sdv_msgs/include/sdv_msgs/sdv_msgs/msg/detail/flexiforce__type_support.h
-- Up-to-date: /home/cafsanchezdi/ros2_ws/install/sdv_msgs/include/sdv_msgs/sdv_msgs/msg/detail/sdv_status__type_support.h
-- Up-to-date: /home/cafsanchezdi/ros2_ws/install/sdv_msgs/include/sdv_msgs/sdv_msgs/msg/detail/motor_driver__struct.h
-- Up-to-date: /home/cafsanchezdi/ros2_ws/install/sdv_msgs/include/sdv_msgs/sdv_msgs/msg/detail/four_motors__functions.c
-- Up-to-date: /home/cafsanchezdi/ros2_ws/install/sdv_msgs/include/sdv_msgs/sdv_msgs/msg/detail/encoder__type_support.h
-- Up-to-date: /home/cafsanchezdi/ros2_ws/install/sdv_msgs/include/sdv_msgs/sdv_msgs/msg/detail/imu_raw__functions.h
-- Up-to-date: /home/cafsanchezdi/ros2_ws/install/sdv_msgs/include/sdv_msgs/sdv_msgs/msg/detail/panel_button__functions.c
-- Up-to-date: /home/cafsanchezdi/ros2_ws/install/sdv_msgs/include/sdv_msgs/sdv_msgs/msg/detail/motor_driver__description.c
-- Up-to-date: /home/cafsanchezdi/ros2_ws/install/sdv_msgs/include/sdv_msgs/sdv_msgs/msg/detail/panel_button__type_support.h
-- Up-to-date: /home/cafsanchezdi/ros2_ws/install/sdv_msgs/include/sdv_msgs/sdv_msgs/msg/detail/sdv_platform__description.c
-- Up-to-date: /home/cafsanchezdi/ros2_ws/install/sdv_msgs/include/sdv_msgs/sdv_msgs/msg/detail/batteries__description.c
-- Up-to-date: /home/cafsanchezdi/ros2_ws/install/sdv_msgs/include/sdv_msgs/sdv_msgs/msg/detail/encoder__struct.h
-- Up-to-date: /home/cafsanchezdi/ros2_ws/install/sdv_msgs/include/sdv_msgs/sdv_msgs/msg/detail/tag_rfid__description.c
-- Up-to-date: /home/cafsanchezdi/ros2_ws/install/sdv_msgs/include/sdv_msgs/sdv_msgs/msg/detail/ultrasound__description.c
-- Installing: /home/cafsanchezdi/ros2_ws/install/sdv_msgs/include/sdv_msgs/sdv_msgs/msg/detail/motor_driver__type_support.c
-- Up-to-date: /home/cafsanchezdi/ros2_ws/install/sdv_msgs/include/sdv_msgs/sdv_msgs/msg/detail/imu_raw__functions.c
-- Installing: /home/cafsanchezdi/ros2_ws/install/sdv_msgs/include/sdv_msgs/sdv_msgs/msg/detail/sdv_status__type_support.c
-- Installing: /home/cafsanchezdi/ros2_ws/install/sdv_msgs/include/sdv_msgs/sdv_msgs/msg/detail/buzzer__type_support.c
-- Up-to-date: /home/cafsanchezdi/ros2_ws/install/sdv_msgs/include/sdv_msgs/sdv_msgs/msg/detail/tag_rfid__functions.h
-- Up-to-date: /home/cafsanchezdi/ros2_ws/install/sdv_msgs/include/sdv_msgs/sdv_msgs/msg/detail/motor_driver__functions.h
-- Up-to-date: /home/cafsanchezdi/ros2_ws/install/sdv_msgs/include/sdv_msgs/sdv_msgs/msg/detail/led__functions.h
-- Up-to-date: /home/cafsanchezdi/ros2_ws/install/sdv_msgs/include/sdv_msgs/sdv_msgs/msg/detail/drivers__functions.c
-- Up-to-date: /home/cafsanchezdi/ros2_ws/install/sdv_msgs/include/sdv_msgs/sdv_msgs/msg/encoder.h
-- Up-to-date: /home/cafsanchezdi/ros2_ws/install/sdv_msgs/include/sdv_msgs/sdv_msgs/msg/sdv_platform.h
-- Up-to-date: /home/cafsanchezdi/ros2_ws/install/sdv_msgs/share/sdv_msgs/environment/library_path.sh
-- Up-to-date: /home/cafsanchezdi/ros2_ws/install/sdv_msgs/share/sdv_msgs/environment/library_path.dsv
-- Up-to-date: /home/cafsanchezdi/ros2_ws/install/sdv_msgs/lib/libsdv_msgs__rosidl_generator_c.so
-- Up-to-date: /home/cafsanchezdi/ros2_ws/install/sdv_msgs/include/sdv_msgs/sdv_msgs
-- Up-to-date: /home/cafsanchezdi/ros2_ws/install/sdv_msgs/include/sdv_msgs/sdv_msgs/msg
-- Up-to-date: /home/cafsanchezdi/ros2_ws/install/sdv_msgs/include/sdv_msgs/sdv_msgs/msg/rosidl_typesupport_fastrtps_c__visibility_control.h
-- Up-to-date: /home/cafsanchezdi/ros2_ws/install/sdv_msgs/include/sdv_msgs/sdv_msgs/msg/detail
-- Up-to-date: /home/cafsanchezdi/ros2_ws/install/sdv_msgs/include/sdv_msgs/sdv_msgs/msg/detail/two_motors__rosidl_typesupport_fastrtps_c.h
-- Up-to-date: /home/cafsanchezdi/ros2_ws/install/sdv_msgs/include/sdv_msgs/sdv_msgs/msg/detail/motor_driver__rosidl_typesupport_fastrtps_c.h
-- Up-to-date: /home/cafsanchezdi/ros2_ws/install/sdv_msgs/include/sdv_msgs/sdv_msgs/msg/detail/sdv_platform__rosidl_typesupport_fastrtps_c.h
-- Up-to-date: /home/cafsanchezdi/ros2_ws/install/sdv_msgs/include/sdv_msgs/sdv_msgs/msg/detail/led__rosidl_typesupport_fastrtps_c.h
-- Up-to-date: /home/cafsanchezdi/ros2_ws/install/sdv_msgs/include/sdv_msgs/sdv_msgs/msg/detail/drivers__rosidl_typesupport_fastrtps_c.h
-- Up-to-date: /home/cafsanchezdi/ros2_ws/install/sdv_msgs/include/sdv_msgs/sdv_msgs/msg/detail/buzzer__rosidl_typesupport_fastrtps_c.h
-- Up-to-date: /home/cafsanchezdi/ros2_ws/install/sdv_msgs/include/sdv_msgs/sdv_msgs/msg/detail/tag_rfid__rosidl_typesupport_fastrtps_c.h
-- Up-to-date: /home/cafsanchezdi/ros2_ws/install/sdv_msgs/include/sdv_msgs/sdv_msgs/msg/detail/flexiforce__rosidl_typesupport_fastrtps_c.h
-- Up-to-date: /home/cafsanchezdi/ros2_ws/install/sdv_msgs/include/sdv_msgs/sdv_msgs/msg/detail/ultrasound__rosidl_typesupport_fastrtps_c.h
-- Up-to-date: /home/cafsanchezdi/ros2_ws/install/sdv_msgs/include/sdv_msgs/sdv_msgs/msg/detail/sdv_status__rosidl_typesupport_fastrtps_c.h
-- Up-to-date: /home/cafsanchezdi/ros2_ws/install/sdv_msgs/include/sdv_msgs/sdv_msgs/msg/detail/encoder__rosidl_typesupport_fastrtps_c.h
-- Up-to-date: /home/cafsanchezdi/ros2_ws/install/sdv_msgs/include/sdv_msgs/sdv_msgs/msg/detail/four_motors__rosidl_typesupport_fastrtps_c.h
-- Up-to-date: /home/cafsanchezdi/ros2_ws/install/sdv_msgs/include/sdv_msgs/sdv_msgs/msg/detail/battery__rosidl_typesupport_fastrtps_c.h
-- Up-to-date: /home/cafsanchezdi/ros2_ws/install/sdv_msgs/include/sdv_msgs/sdv_msgs/msg/detail/panel_button__rosidl_typesupport_fastrtps_c.h
-- Up-to-date: /home/cafsanchezdi/ros2_ws/install/sdv_msgs/include/sdv_msgs/sdv_msgs/msg/detail/imu_raw__rosidl_typesupport_fastrtps_c.h
-- Up-to-date: /home/cafsanchezdi/ros2_ws/install/sdv_msgs/include/sdv_msgs/sdv_msgs/msg/detail/batteries__rosidl_typesupport_fastrtps_c.h
-- Up-to-date: /home/cafsanchezdi/ros2_ws/install/sdv_msgs/lib/libsdv_msgs__rosidl_typesupport_fastrtps_c.so
-- Up-to-date: /home/cafsanchezdi/ros2_ws/install/sdv_msgs/include/sdv_msgs/sdv_msgs
-- Up-to-date: /home/cafsanchezdi/ros2_ws/install/sdv_msgs/include/sdv_msgs/sdv_msgs/msg
-- Up-to-date: /home/cafsanchezdi/ros2_ws/install/sdv_msgs/include/sdv_msgs/sdv_msgs/msg/rosidl_typesupport_introspection_c__visibility_control.h
-- Up-to-date: /home/cafsanchezdi/ros2_ws/install/sdv_msgs/include/sdv_msgs/sdv_msgs/msg/detail
-- Up-to-date: /home/cafsanchezdi/ros2_ws/install/sdv_msgs/include/sdv_msgs/sdv_msgs/msg/detail/ultrasound__rosidl_typesupport_introspection_c.h
-- Up-to-date: /home/cafsanchezdi/ros2_ws/install/sdv_msgs/include/sdv_msgs/sdv_msgs/msg/detail/drivers__rosidl_typesupport_introspection_c.h
-- Installing: /home/cafsanchezdi/ros2_ws/install/sdv_msgs/include/sdv_msgs/sdv_msgs/msg/detail/panel_button__type_support.c
-- Up-to-date: /home/cafsanchezdi/ros2_ws/install/sdv_msgs/include/sdv_msgs/sdv_msgs/msg/detail/flexiforce__rosidl_typesupport_introspection_c.h
-- Installing: /home/cafsanchezdi/ros2_ws/install/sdv_msgs/include/sdv_msgs/sdv_msgs/msg/detail/four_motors__type_support.c
-- Installing: /home/cafsanchezdi/ros2_ws/install/sdv_msgs/include/sdv_msgs/sdv_msgs/msg/detail/ultrasound__type_support.c
-- Up-to-date: /home/cafsanchezdi/ros2_ws/install/sdv_msgs/include/sdv_msgs/sdv_msgs/msg/detail/led__rosidl_typesupport_introspection_c.h
-- Installing: /home/cafsanchezdi/ros2_ws/install/sdv_msgs/include/sdv_msgs/sdv_msgs/msg/detail/tag_rfid__type_support.c
-- Up-to-date: /home/cafsanchezdi/ros2_ws/install/sdv_msgs/include/sdv_msgs/sdv_msgs/msg/detail/two_motors__rosidl_typesupport_introspection_c.h
-- Installing: /home/cafsanchezdi/ros2_ws/install/sdv_msgs/include/sdv_msgs/sdv_msgs/msg/detail/led__type_support.c
-- Installing: /home/cafsanchezdi/ros2_ws/install/sdv_msgs/include/sdv_msgs/sdv_msgs/msg/detail/imu_raw__type_support.c
-- Installing: /home/cafsanchezdi/ros2_ws/install/sdv_msgs/include/sdv_msgs/sdv_msgs/msg/detail/batteries__type_support.c
-- Installing: /home/cafsanchezdi/ros2_ws/install/sdv_msgs/include/sdv_msgs/sdv_msgs/msg/detail/battery__type_support.c
-- Installing: /home/cafsanchezdi/ros2_ws/install/sdv_msgs/include/sdv_msgs/sdv_msgs/msg/detail/two_motors__type_support.c
-- Up-to-date: /home/cafsanchezdi/ros2_ws/install/sdv_msgs/include/sdv_msgs/sdv_msgs/msg/detail/panel_button__rosidl_typesupport_introspection_c.h
-- Up-to-date: /home/cafsanchezdi/ros2_ws/install/sdv_msgs/include/sdv_msgs/sdv_msgs/msg/detail/batteries__rosidl_typesupport_introspection_c.h
-- Up-to-date: /home/cafsanchezdi/ros2_ws/install/sdv_msgs/include/sdv_msgs/sdv_msgs/msg/detail/sdv_status__rosidl_typesupport_introspection_c.h
-- Up-to-date: /home/cafsanchezdi/ros2_ws/install/sdv_msgs/include/sdv_msgs/sdv_msgs/msg/detail/tag_rfid__rosidl_typesupport_introspection_c.h
-- Installing: /home/cafsanchezdi/ros2_ws/install/sdv_msgs/include/sdv_msgs/sdv_msgs/msg/detail/sdv_platform__type_support.c
-- Up-to-date: /home/cafsanchezdi/ros2_ws/install/sdv_msgs/include/sdv_msgs/sdv_msgs/msg/detail/encoder__rosidl_typesupport_introspection_c.h
-- Installing: /home/cafsanchezdi/ros2_ws/install/sdv_msgs/include/sdv_msgs/sdv_msgs/msg/detail/encoder__type_support.c
-- Up-to-date: /home/cafsanchezdi/ros2_ws/install/sdv_msgs/include/sdv_msgs/sdv_msgs/msg/detail/battery__rosidl_typesupport_introspection_c.h
-- Up-to-date: /home/cafsanchezdi/ros2_ws/install/sdv_msgs/include/sdv_msgs/sdv_msgs/msg/detail/motor_driver__rosidl_typesupport_introspection_c.h
-- Installing: /home/cafsanchezdi/ros2_ws/install/sdv_msgs/include/sdv_msgs/sdv_msgs/msg/detail/flexiforce__type_support.c
-- Up-to-date: /home/cafsanchezdi/ros2_ws/install/sdv_msgs/include/sdv_msgs/sdv_msgs/msg/detail/four_motors__rosidl_typesupport_introspection_c.h
-- Installing: /home/cafsanchezdi/ros2_ws/install/sdv_msgs/include/sdv_msgs/sdv_msgs/msg/detail/drivers__type_support.c
-- Up-to-date: /home/cafsanchezdi/ros2_ws/install/sdv_msgs/include/sdv_msgs/sdv_msgs/msg/detail/buzzer__rosidl_typesupport_introspection_c.h
-- Up-to-date: /home/cafsanchezdi/ros2_ws/install/sdv_msgs/include/sdv_msgs/sdv_msgs/msg/detail/sdv_platform__rosidl_typesupport_introspection_c.h
-- Installing: /home/cafsanchezdi/ros2_ws/install/sdv_msgs/include/sdv_msgs/sdv_msgs/msg/detail/motor_driver__type_support.c
-- Up-to-date: /home/cafsanchezdi/ros2_ws/install/sdv_msgs/include/sdv_msgs/sdv_msgs/msg/detail/imu_raw__rosidl_typesupport_introspection_c.h
-- Installing: /home/cafsanchezdi/ros2_ws/install/sdv_msgs/include/sdv_msgs/sdv_msgs/msg/detail/sdv_status__type_support.c
-- Installing: /home/cafsanchezdi/ros2_ws/install/sdv_msgs/include/sdv_msgs/sdv_msgs/msg/detail/buzzer__type_support.c
-- Up-to-date: /home/cafsanchezdi/ros2_ws/install/sdv_msgs/lib/libsdv_msgs__rosidl_typesupport_introspection_c.so
-- Up-to-date: /home/cafsanchezdi/ros2_ws/install/sdv_msgs/lib/libsdv_msgs__rosidl_typesupport_c.so
-- Up-to-date: /home/cafsanchezdi/ros2_ws/install/sdv_msgs/include/sdv_msgs/sdv_msgs
-- Up-to-date: /home/cafsanchezdi/ros2_ws/install/sdv_msgs/include/sdv_msgs/sdv_msgs/msg
-- Up-to-date: /home/cafsanchezdi/ros2_ws/install/sdv_msgs/include/sdv_msgs/sdv_msgs/msg/ultrasound.hpp
-- Up-to-date: /home/cafsanchezdi/ros2_ws/install/sdv_msgs/include/sdv_msgs/sdv_msgs/msg/motor_driver.hpp
-- Up-to-date: /home/cafsanchezdi/ros2_ws/install/sdv_msgs/include/sdv_msgs/sdv_msgs/msg/sdv_platform.hpp
-- Up-to-date: /home/cafsanchezdi/ros2_ws/install/sdv_msgs/include/sdv_msgs/sdv_msgs/msg/imu_raw.hpp
-- Up-to-date: /home/cafsanchezdi/ros2_ws/install/sdv_msgs/include/sdv_msgs/sdv_msgs/msg/two_motors.hpp
-- Up-to-date: /home/cafsanchezdi/ros2_ws/install/sdv_msgs/include/sdv_msgs/sdv_msgs/msg/panel_button.hpp
-- Up-to-date: /home/cafsanchezdi/ros2_ws/install/sdv_msgs/include/sdv_msgs/sdv_msgs/msg/tag_rfid.hpp
-- Up-to-date: /home/cafsanchezdi/ros2_ws/install/sdv_msgs/include/sdv_msgs/sdv_msgs/msg/batteries.hpp
-- Up-to-date: /home/cafsanchezdi/ros2_ws/install/sdv_msgs/include/sdv_msgs/sdv_msgs/msg/encoder.hpp
-- Up-to-date: /home/cafsanchezdi/ros2_ws/install/sdv_msgs/include/sdv_msgs/sdv_msgs/msg/rosidl_generator_cpp__visibility_control.hpp
-- Up-to-date: /home/cafsanchezdi/ros2_ws/install/sdv_msgs/include/sdv_msgs/sdv_msgs/msg/led.hpp
-- Up-to-date: /home/cafsanchezdi/ros2_ws/install/sdv_msgs/include/sdv_msgs/sdv_msgs/msg/buzzer.hpp
-- Up-to-date: /home/cafsanchezdi/ros2_ws/install/sdv_msgs/include/sdv_msgs/sdv_msgs/msg/drivers.hpp
-- Up-to-date: /home/cafsanchezdi/ros2_ws/install/sdv_msgs/include/sdv_msgs/sdv_msgs/msg/four_motors.hpp
-- Up-to-date: /home/cafsanchezdi/ros2_ws/install/sdv_msgs/include/sdv_msgs/sdv_msgs/msg/detail
-- Up-to-date: /home/cafsanchezdi/ros2_ws/install/sdv_msgs/include/sdv_msgs/sdv_msgs/msg/detail/ultrasound__struct.hpp
-- Up-to-date: /home/cafsanchezdi/ros2_ws/install/sdv_msgs/include/sdv_msgs/sdv_msgs/msg/detail/four_motors__struct.hpp
-- Up-to-date: /home/cafsanchezdi/ros2_ws/install/sdv_msgs/include/sdv_msgs/sdv_msgs/msg/detail/ultrasound__traits.hpp
-- Up-to-date: /home/cafsanchezdi/ros2_ws/install/sdv_msgs/include/sdv_msgs/sdv_msgs/msg/detail/flexiforce__builder.hpp
-- Up-to-date: /home/cafsanchezdi/ros2_ws/install/sdv_msgs/include/sdv_msgs/sdv_msgs/msg/detail/imu_raw__struct.hpp
-- Up-to-date: /home/cafsanchezdi/ros2_ws/install/sdv_msgs/include/sdv_msgs/sdv_msgs/msg/detail/sdv_status__traits.hpp
-- Up-to-date: /home/cafsanchezdi/ros2_ws/install/sdv_msgs/include/sdv_msgs/sdv_msgs/msg/detail/sdv_status__type_support.hpp
-- Up-to-date: /home/cafsanchezdi/ros2_ws/install/sdv_msgs/include/sdv_msgs/sdv_msgs/msg/detail/buzzer__builder.hpp
-- Up-to-date: /home/cafsanchezdi/ros2_ws/install/sdv_msgs/include/sdv_msgs/sdv_msgs/msg/detail/battery__struct.hpp
-- Up-to-date: /home/cafsanchezdi/ros2_ws/install/sdv_msgs/include/sdv_msgs/sdv_msgs/msg/detail/flexiforce__traits.hpp
-- Up-to-date: /home/cafsanchezdi/ros2_ws/install/sdv_msgs/include/sdv_msgs/sdv_msgs/msg/detail/sdv_platform__traits.hpp
-- Up-to-date: /home/cafsanchezdi/ros2_ws/install/sdv_msgs/include/sdv_msgs/sdv_msgs/msg/detail/panel_button__struct.hpp
-- Up-to-date: /home/cafsanchezdi/ros2_ws/install/sdv_msgs/include/sdv_msgs/sdv_msgs/msg/detail/battery__traits.hpp
-- Up-to-date: /home/cafsanchezdi/ros2_ws/install/sdv_msgs/include/sdv_msgs/sdv_msgs/msg/detail/motor_driver__builder.hpp
-- Up-to-date: /home/cafsanchezdi/ros2_ws/install/sdv_msgs/include/sdv_msgs/sdv_msgs/msg/detail/led__struct.hpp
-- Up-to-date: /home/cafsanchezdi/ros2_ws/install/sdv_msgs/include/sdv_msgs/sdv_msgs/msg/detail/drivers__builder.hpp
-- Up-to-date: /home/cafsanchezdi/ros2_ws/install/sdv_msgs/include/sdv_msgs/sdv_msgs/msg/detail/batteries__type_support.hpp
-- Up-to-date: /home/cafsanchezdi/ros2_ws/install/sdv_msgs/include/sdv_msgs/sdv_msgs/msg/detail/imu_raw__type_support.hpp
-- Up-to-date: /home/cafsanchezdi/ros2_ws/install/sdv_msgs/include/sdv_msgs/sdv_msgs/msg/detail/four_motors__builder.hpp
-- Up-to-date: /home/cafsanchezdi/ros2_ws/install/sdv_msgs/include/sdv_msgs/sdv_msgs/msg/detail/drivers__struct.hpp
-- Up-to-date: /home/cafsanchezdi/ros2_ws/install/sdv_msgs/include/sdv_msgs/sdv_msgs/msg/detail/panel_button__builder.hpp
-- Up-to-date: /home/cafsanchezdi/ros2_ws/install/sdv_msgs/include/sdv_msgs/sdv_msgs/msg/detail/tag_rfid__type_support.hpp
-- Up-to-date: /home/cafsanchezdi/ros2_ws/install/sdv_msgs/include/sdv_msgs/sdv_msgs/msg/detail/drivers__traits.hpp
-- Up-to-date: /home/cafsanchezdi/ros2_ws/install/sdv_msgs/include/sdv_msgs/sdv_msgs/msg/detail/two_motors__type_support.hpp
-- Up-to-date: /home/cafsanchezdi/ros2_ws/install/sdv_msgs/include/sdv_msgs/sdv_msgs/msg/detail/encoder__traits.hpp
-- Up-to-date: /home/cafsanchezdi/ros2_ws/install/sdv_msgs/include/sdv_msgs/sdv_msgs/msg/detail/imu_raw__builder.hpp
-- Up-to-date: /home/cafsanchezdi/ros2_ws/install/sdv_msgs/include/sdv_msgs/sdv_msgs/msg/detail/batteries__traits.hpp
-- Up-to-date: /home/cafsanchezdi/ros2_ws/install/sdv_msgs/include/sdv_msgs/sdv_msgs/msg/detail/motor_driver__struct.hpp
-- Up-to-date: /home/cafsanchezdi/ros2_ws/install/sdv_msgs/include/sdv_msgs/sdv_msgs/msg/detail/motor_driver__type_support.hpp
-- Up-to-date: /home/cafsanchezdi/ros2_ws/install/sdv_msgs/include/sdv_msgs/sdv_msgs/msg/detail/sdv_status__builder.hpp
-- Up-to-date: /home/cafsanchezdi/ros2_ws/install/sdv_msgs/include/sdv_msgs/sdv_msgs/msg/detail/led__type_support.hpp
-- Up-to-date: /home/cafsanchezdi/ros2_ws/install/sdv_msgs/include/sdv_msgs/sdv_msgs/msg/detail/drivers__type_support.hpp
-- Up-to-date: /home/cafsanchezdi/ros2_ws/install/sdv_msgs/include/sdv_msgs/sdv_msgs/msg/detail/flexiforce__type_support.hpp
-- Up-to-date: /home/cafsanchezdi/ros2_ws/install/sdv_msgs/include/sdv_msgs/sdv_msgs/msg/detail/batteries__struct.hpp
-- Up-to-date: /home/cafsanchezdi/ros2_ws/install/sdv_msgs/include/sdv_msgs/sdv_msgs/msg/detail/four_motors__type_support.hpp
-- Up-to-date: /home/cafsanchezdi/ros2_ws/install/sdv_msgs/include/sdv_msgs/sdv_msgs/msg/detail/tag_rfid__builder.hpp
-- Up-to-date: /home/cafsanchezdi/ros2_ws/install/sdv_msgs/include/sdv_msgs/sdv_msgs/msg/detail/encoder__struct.hpp
-- Up-to-date: /home/cafsanchezdi/ros2_ws/install/sdv_msgs/include/sdv_msgs/sdv_msgs/msg/detail/ultrasound__type_support.hpp
-- Up-to-date: /home/cafsanchezdi/ros2_ws/install/sdv_msgs/include/sdv_msgs/sdv_msgs/msg/detail/battery__builder.hpp
-- Up-to-date: /home/cafsanchezdi/ros2_ws/install/sdv_msgs/include/sdv_msgs/sdv_msgs/msg/detail/battery__type_support.hpp
-- Up-to-date: /home/cafsanchezdi/ros2_ws/install/sdv_msgs/include/sdv_msgs/sdv_msgs/msg/detail/sdv_platform__struct.hpp
-- Up-to-date: /home/cafsanchezdi/ros2_ws/install/sdv_msgs/include/sdv_msgs/sdv_msgs/msg/detail/two_motors__struct.hpp
-- Up-to-date: /home/cafsanchezdi/ros2_ws/install/sdv_msgs/include/sdv_msgs/sdv_msgs/msg/detail/ultrasound__builder.hpp
-- Up-to-date: /home/cafsanchezdi/ros2_ws/install/sdv_msgs/include/sdv_msgs/sdv_msgs/msg/detail/panel_button__traits.hpp
-- Up-to-date: /home/cafsanchezdi/ros2_ws/install/sdv_msgs/include/sdv_msgs/sdv_msgs/msg/detail/led__traits.hpp
-- Up-to-date: /home/cafsanchezdi/ros2_ws/install/sdv_msgs/include/sdv_msgs/sdv_msgs/msg/detail/encoder__builder.hpp
-- Up-to-date: /home/cafsanchezdi/ros2_ws/install/sdv_msgs/include/sdv_msgs/sdv_msgs/msg/detail/tag_rfid__traits.hpp
-- Up-to-date: /home/cafsanchezdi/ros2_ws/install/sdv_msgs/include/sdv_msgs/sdv_msgs/msg/detail/tag_rfid__struct.hpp
-- Up-to-date: /home/cafsanchezdi/ros2_ws/install/sdv_msgs/include/sdv_msgs/sdv_msgs/msg/detail/flexiforce__struct.hpp
-- Up-to-date: /home/cafsanchezdi/ros2_ws/install/sdv_msgs/include/sdv_msgs/sdv_msgs/msg/detail/encoder__type_support.hpp
-- Up-to-date: /home/cafsanchezdi/ros2_ws/install/sdv_msgs/include/sdv_msgs/sdv_msgs/msg/detail/sdv_platform__type_support.hpp
-- Up-to-date: /home/cafsanchezdi/ros2_ws/install/sdv_msgs/include/sdv_msgs/sdv_msgs/msg/detail/imu_raw__traits.hpp
-- Up-to-date: /home/cafsanchezdi/ros2_ws/install/sdv_msgs/include/sdv_msgs/sdv_msgs/msg/detail/batteries__builder.hpp
-- Up-to-date: /home/cafsanchezdi/ros2_ws/install/sdv_msgs/include/sdv_msgs/sdv_msgs/msg/detail/buzzer__type_support.hpp
-- Up-to-date: /home/cafsanchezdi/ros2_ws/install/sdv_msgs/include/sdv_msgs/sdv_msgs/msg/detail/four_motors__traits.hpp
-- Up-to-date: /home/cafsanchezdi/ros2_ws/install/sdv_msgs/include/sdv_msgs/sdv_msgs/msg/detail/sdv_status__struct.hpp
-- Up-to-date: /home/cafsanchezdi/ros2_ws/install/sdv_msgs/include/sdv_msgs/sdv_msgs/msg/detail/motor_driver__traits.hpp
-- Up-to-date: /home/cafsanchezdi/ros2_ws/install/sdv_msgs/include/sdv_msgs/sdv_msgs/msg/detail/two_motors__builder.hpp
-- Up-to-date: /home/cafsanchezdi/ros2_ws/install/sdv_msgs/include/sdv_msgs/sdv_msgs/msg/detail/two_motors__traits.hpp
-- Up-to-date: /home/cafsanchezdi/ros2_ws/install/sdv_msgs/include/sdv_msgs/sdv_msgs/msg/detail/panel_button__type_support.hpp
-- Up-to-date: /home/cafsanchezdi/ros2_ws/install/sdv_msgs/include/sdv_msgs/sdv_msgs/msg/detail/led__builder.hpp
-- Up-to-date: /home/cafsanchezdi/ros2_ws/install/sdv_msgs/include/sdv_msgs/sdv_msgs/msg/detail/buzzer__traits.hpp
-- Up-to-date: /home/cafsanchezdi/ros2_ws/install/sdv_msgs/include/sdv_msgs/sdv_msgs/msg/detail/buzzer__struct.hpp
-- Up-to-date: /home/cafsanchezdi/ros2_ws/install/sdv_msgs/include/sdv_msgs/sdv_msgs/msg/detail/sdv_platform__builder.hpp
-- Up-to-date: /home/cafsanchezdi/ros2_ws/install/sdv_msgs/include/sdv_msgs/sdv_msgs/msg/sdv_status.hpp
-- Up-to-date: /home/cafsanchezdi/ros2_ws/install/sdv_msgs/include/sdv_msgs/sdv_msgs/msg/battery.hpp
-- Up-to-date: /home/cafsanchezdi/ros2_ws/install/sdv_msgs/include/sdv_msgs/sdv_msgs/msg/flexiforce.hpp
-- Up-to-date: /home/cafsanchezdi/ros2_ws/install/sdv_msgs/include/sdv_msgs/sdv_msgs
-- Up-to-date: /home/cafsanchezdi/ros2_ws/install/sdv_msgs/include/sdv_msgs/sdv_msgs/msg
-- Up-to-date: /home/cafsanchezdi/ros2_ws/install/sdv_msgs/include/sdv_msgs/sdv_msgs/msg/rosidl_typesupport_fastrtps_cpp__visibility_control.h
-- Up-to-date: /home/cafsanchezdi/ros2_ws/install/sdv_msgs/include/sdv_msgs/sdv_msgs/msg/detail
-- Up-to-date: /home/cafsanchezdi/ros2_ws/install/sdv_msgs/include/sdv_msgs/sdv_msgs/msg/detail/led__rosidl_typesupport_fastrtps_cpp.hpp
-- Up-to-date: /home/cafsanchezdi/ros2_ws/install/sdv_msgs/include/sdv_msgs/sdv_msgs/msg/detail/motor_driver__rosidl_typesupport_fastrtps_cpp.hpp
-- Up-to-date: /home/cafsanchezdi/ros2_ws/install/sdv_msgs/include/sdv_msgs/sdv_msgs/msg/detail/batteries__rosidl_typesupport_fastrtps_cpp.hpp
-- Up-to-date: /home/cafsanchezdi/ros2_ws/install/sdv_msgs/include/sdv_msgs/sdv_msgs/msg/detail/flexiforce__rosidl_typesupport_fastrtps_cpp.hpp
-- Up-to-date: /home/cafsanchezdi/ros2_ws/install/sdv_msgs/include/sdv_msgs/sdv_msgs/msg/detail/imu_raw__rosidl_typesupport_fastrtps_cpp.hpp
-- Up-to-date: /home/cafsanchezdi/ros2_ws/install/sdv_msgs/include/sdv_msgs/sdv_msgs/msg/detail/four_motors__rosidl_typesupport_fastrtps_cpp.hpp
-- Up-to-date: /home/cafsanchezdi/ros2_ws/install/sdv_msgs/include/sdv_msgs/sdv_msgs/msg/detail/battery__rosidl_typesupport_fastrtps_cpp.hpp
-- Up-to-date: /home/cafsanchezdi/ros2_ws/install/sdv_msgs/include/sdv_msgs/sdv_msgs/msg/detail/encoder__rosidl_typesupport_fastrtps_cpp.hpp
-- Up-to-date: /home/cafsanchezdi/ros2_ws/install/sdv_msgs/include/sdv_msgs/sdv_msgs/msg/detail/ultrasound__rosidl_typesupport_fastrtps_cpp.hpp
-- Up-to-date: /home/cafsanchezdi/ros2_ws/install/sdv_msgs/include/sdv_msgs/sdv_msgs/msg/detail/drivers__rosidl_typesupport_fastrtps_cpp.hpp
-- Up-to-date: /home/cafsanchezdi/ros2_ws/install/sdv_msgs/include/sdv_msgs/sdv_msgs/msg/detail/sdv_platform__rosidl_typesupport_fastrtps_cpp.hpp
-- Up-to-date: /home/cafsanchezdi/ros2_ws/install/sdv_msgs/include/sdv_msgs/sdv_msgs/msg/detail/dds_fastrtps
-- Up-to-date: /home/cafsanchezdi/ros2_ws/install/sdv_msgs/include/sdv_msgs/sdv_msgs/msg/detail/two_motors__rosidl_typesupport_fastrtps_cpp.hpp
-- Up-to-date: /home/cafsanchezdi/ros2_ws/install/sdv_msgs/include/sdv_msgs/sdv_msgs/msg/detail/sdv_status__rosidl_typesupport_fastrtps_cpp.hpp
-- Up-to-date: /home/cafsanchezdi/ros2_ws/install/sdv_msgs/include/sdv_msgs/sdv_msgs/msg/detail/tag_rfid__rosidl_typesupport_fastrtps_cpp.hpp
-- Up-to-date: /home/cafsanchezdi/ros2_ws/install/sdv_msgs/include/sdv_msgs/sdv_msgs/msg/detail/panel_button__rosidl_typesupport_fastrtps_cpp.hpp
-- Up-to-date: /home/cafsanchezdi/ros2_ws/install/sdv_msgs/include/sdv_msgs/sdv_msgs/msg/detail/buzzer__rosidl_typesupport_fastrtps_cpp.hpp
-- Up-to-date: /home/cafsanchezdi/ros2_ws/install/sdv_msgs/lib/libsdv_msgs__rosidl_typesupport_fastrtps_cpp.so
-- Up-to-date: /home/cafsanchezdi/ros2_ws/install/sdv_msgs/include/sdv_msgs/sdv_msgs
-- Up-to-date: /home/cafsanchezdi/ros2_ws/install/sdv_msgs/include/sdv_msgs/sdv_msgs/msg
-- Up-to-date: /home/cafsanchezdi/ros2_ws/install/sdv_msgs/include/sdv_msgs/sdv_msgs/msg/detail
-- Up-to-date: /home/cafsanchezdi/ros2_ws/install/sdv_msgs/include/sdv_msgs/sdv_msgs/msg/detail/ultrasound__rosidl_typesupport_introspection_cpp.hpp
-- Up-to-date: /home/cafsanchezdi/ros2_ws/install/sdv_msgs/include/sdv_msgs/sdv_msgs/msg/detail/panel_button__type_support.cpp
-- Up-to-date: /home/cafsanchezdi/ros2_ws/install/sdv_msgs/include/sdv_msgs/sdv_msgs/msg/detail/battery__type_support.cpp
-- Up-to-date: /home/cafsanchezdi/ros2_ws/install/sdv_msgs/include/sdv_msgs/sdv_msgs/msg/detail/tag_rfid__rosidl_typesupport_introspection_cpp.hpp
-- Up-to-date: /home/cafsanchezdi/ros2_ws/install/sdv_msgs/include/sdv_msgs/sdv_msgs/msg/detail/buzzer__rosidl_typesupport_introspection_cpp.hpp
-- Up-to-date: /home/cafsanchezdi/ros2_ws/install/sdv_msgs/include/sdv_msgs/sdv_msgs/msg/detail/encoder__rosidl_typesupport_introspection_cpp.hpp
-- Up-to-date: /home/cafsanchezdi/ros2_ws/install/sdv_msgs/include/sdv_msgs/sdv_msgs/msg/detail/ultrasound__type_support.cpp
-- Up-to-date: /home/cafsanchezdi/ros2_ws/install/sdv_msgs/include/sdv_msgs/sdv_msgs/msg/detail/sdv_status__type_support.cpp
-- Up-to-date: /home/cafsanchezdi/ros2_ws/install/sdv_msgs/include/sdv_msgs/sdv_msgs/msg/detail/four_motors__rosidl_typesupport_introspection_cpp.hpp
-- Up-to-date: /home/cafsanchezdi/ros2_ws/install/sdv_msgs/include/sdv_msgs/sdv_msgs/msg/detail/sdv_status__rosidl_typesupport_introspection_cpp.hpp
-- Up-to-date: /home/cafsanchezdi/ros2_ws/install/sdv_msgs/include/sdv_msgs/sdv_msgs/msg/detail/motor_driver__type_support.cpp
-- Up-to-date: /home/cafsanchezdi/ros2_ws/install/sdv_msgs/include/sdv_msgs/sdv_msgs/msg/detail/imu_raw__rosidl_typesupport_introspection_cpp.hpp
-- Up-to-date: /home/cafsanchezdi/ros2_ws/install/sdv_msgs/include/sdv_msgs/sdv_msgs/msg/detail/four_motors__type_support.cpp
-- Up-to-date: /home/cafsanchezdi/ros2_ws/install/sdv_msgs/include/sdv_msgs/sdv_msgs/msg/detail/flexiforce__type_support.cpp
-- Up-to-date: /home/cafsanchezdi/ros2_ws/install/sdv_msgs/include/sdv_msgs/sdv_msgs/msg/detail/batteries__rosidl_typesupport_introspection_cpp.hpp
-- Up-to-date: /home/cafsanchezdi/ros2_ws/install/sdv_msgs/include/sdv_msgs/sdv_msgs/msg/detail/battery__rosidl_typesupport_introspection_cpp.hpp
-- Up-to-date: /home/cafsanchezdi/ros2_ws/install/sdv_msgs/include/sdv_msgs/sdv_msgs/msg/detail/imu_raw__type_support.cpp
-- Up-to-date: /home/cafsanchezdi/ros2_ws/install/sdv_msgs/include/sdv_msgs/sdv_msgs/msg/detail/sdv_platform__rosidl_typesupport_introspection_cpp.hpp
-- Up-to-date: /home/cafsanchezdi/ros2_ws/install/sdv_msgs/include/sdv_msgs/sdv_msgs/msg/detail/two_motors__rosidl_typesupport_introspection_cpp.hpp
-- Up-to-date: /home/cafsanchezdi/ros2_ws/install/sdv_msgs/include/sdv_msgs/sdv_msgs/msg/detail/tag_rfid__type_support.cpp
-- Up-to-date: /home/cafsanchezdi/ros2_ws/install/sdv_msgs/include/sdv_msgs/sdv_msgs/msg/detail/drivers__rosidl_typesupport_introspection_cpp.hpp
-- Up-to-date: /home/cafsanchezdi/ros2_ws/install/sdv_msgs/include/sdv_msgs/sdv_msgs/msg/detail/flexiforce__rosidl_typesupport_introspection_cpp.hpp
-- Up-to-date: /home/cafsanchezdi/ros2_ws/install/sdv_msgs/include/sdv_msgs/sdv_msgs/msg/detail/drivers__type_support.cpp
-- Up-to-date: /home/cafsanchezdi/ros2_ws/install/sdv_msgs/include/sdv_msgs/sdv_msgs/msg/detail/led__type_support.cpp
-- Up-to-date: /home/cafsanchezdi/ros2_ws/install/sdv_msgs/include/sdv_msgs/sdv_msgs/msg/detail/batteries__type_support.cpp
-- Up-to-date: /home/cafsanchezdi/ros2_ws/install/sdv_msgs/include/sdv_msgs/sdv_msgs/msg/detail/panel_button__rosidl_typesupport_introspection_cpp.hpp
-- Up-to-date: /home/cafsanchezdi/ros2_ws/install/sdv_msgs/include/sdv_msgs/sdv_msgs/msg/detail/motor_driver__rosidl_typesupport_introspection_cpp.hpp
-- Up-to-date: /home/cafsanchezdi/ros2_ws/install/sdv_msgs/include/sdv_msgs/sdv_msgs/msg/detail/led__rosidl_typesupport_introspection_cpp.hpp
-- Up-to-date: /home/cafsanchezdi/ros2_ws/install/sdv_msgs/include/sdv_msgs/sdv_msgs/msg/detail/sdv_platform__type_support.cpp
-- Up-to-date: /home/cafsanchezdi/ros2_ws/install/sdv_msgs/include/sdv_msgs/sdv_msgs/msg/detail/two_motors__type_support.cpp
-- Up-to-date: /home/cafsanchezdi/ros2_ws/install/sdv_msgs/include/sdv_msgs/sdv_msgs/msg/detail/encoder__type_support.cpp
-- Up-to-date: /home/cafsanchezdi/ros2_ws/install/sdv_msgs/include/sdv_msgs/sdv_msgs/msg/detail/buzzer__type_support.cpp
-- Up-to-date: /home/cafsanchezdi/ros2_ws/install/sdv_msgs/lib/libsdv_msgs__rosidl_typesupport_introspection_cpp.so
-- Up-to-date: /home/cafsanchezdi/ros2_ws/install/sdv_msgs/lib/libsdv_msgs__rosidl_typesupport_cpp.so
-- Up-to-date: /home/cafsanchezdi/ros2_ws/install/sdv_msgs/share/sdv_msgs/environment/pythonpath.sh
-- Up-to-date: /home/cafsanchezdi/ros2_ws/install/sdv_msgs/share/sdv_msgs/environment/pythonpath.dsv
-- Up-to-date: /home/cafsanchezdi/ros2_ws/install/sdv_msgs/lib/python3.12/site-packages/sdv_msgs-0.0.1-py3.12.egg-info
-- Installing: /home/cafsanchezdi/ros2_ws/install/sdv_msgs/lib/python3.12/site-packages/sdv_msgs-0.0.1-py3.12.egg-info/PKG-INFO
-- Installing: /home/cafsanchezdi/ros2_ws/install/sdv_msgs/lib/python3.12/site-packages/sdv_msgs-0.0.1-py3.12.egg-info/dependency_links.txt
-- Installing: /home/cafsanchezdi/ros2_ws/install/sdv_msgs/lib/python3.12/site-packages/sdv_msgs-0.0.1-py3.12.egg-info/SOURCES.txt
-- Installing: /home/cafsanchezdi/ros2_ws/install/sdv_msgs/lib/python3.12/site-packages/sdv_msgs-0.0.1-py3.12.egg-info/top_level.txt
-- Up-to-date: /home/cafsanchezdi/ros2_ws/install/sdv_msgs/lib/python3.12/site-packages/sdv_msgs
-- Up-to-date: /home/cafsanchezdi/ros2_ws/install/sdv_msgs/lib/python3.12/site-packages/sdv_msgs/_sdv_msgs_s.ep.rosidl_typesupport_introspection_c.c
-- Up-to-date: /home/cafsanchezdi/ros2_ws/install/sdv_msgs/lib/python3.12/site-packages/sdv_msgs/_sdv_msgs_s.ep.rosidl_typesupport_fastrtps_c.c
-- Up-to-date: /home/cafsanchezdi/ros2_ws/install/sdv_msgs/lib/python3.12/site-packages/sdv_msgs/sdv_msgs_s__rosidl_typesupport_c.so
-- Up-to-date: /home/cafsanchezdi/ros2_ws/install/sdv_msgs/lib/python3.12/site-packages/sdv_msgs/msg
-- Up-to-date: /home/cafsanchezdi/ros2_ws/install/sdv_msgs/lib/python3.12/site-packages/sdv_msgs/msg/_motor_driver.py
-- Up-to-date: /home/cafsanchezdi/ros2_ws/install/sdv_msgs/lib/python3.12/site-packages/sdv_msgs/msg/_drivers.py
-- Up-to-date: /home/cafsanchezdi/ros2_ws/install/sdv_msgs/lib/python3.12/site-packages/sdv_msgs/msg/_battery_s.c
-- Up-to-date: /home/cafsanchezdi/ros2_ws/install/sdv_msgs/lib/python3.12/site-packages/sdv_msgs/msg/_sdv_platform_s.c
-- Up-to-date: /home/cafsanchezdi/ros2_ws/install/sdv_msgs/lib/python3.12/site-packages/sdv_msgs/msg/_two_motors.py
-- Up-to-date: /home/cafsanchezdi/ros2_ws/install/sdv_msgs/lib/python3.12/site-packages/sdv_msgs/msg/_batteries_s.c
-- Up-to-date: /home/cafsanchezdi/ros2_ws/install/sdv_msgs/lib/python3.12/site-packages/sdv_msgs/msg/_two_motors_s.c
-- Up-to-date: /home/cafsanchezdi/ros2_ws/install/sdv_msgs/lib/python3.12/site-packages/sdv_msgs/msg/_motor_driver_s.c
-- Up-to-date: /home/cafsanchezdi/ros2_ws/install/sdv_msgs/lib/python3.12/site-packages/sdv_msgs/msg/_tag_rfid_s.c
-- Up-to-date: /home/cafsanchezdi/ros2_ws/install/sdv_msgs/lib/python3.12/site-packages/sdv_msgs/msg/_buzzer.py
-- Up-to-date: /home/cafsanchezdi/ros2_ws/install/sdv_msgs/lib/python3.12/site-packages/sdv_msgs/msg/_flexiforce_s.c
-- Up-to-date: /home/cafsanchezdi/ros2_ws/install/sdv_msgs/lib/python3.12/site-packages/sdv_msgs/msg/_four_motors.py
-- Up-to-date: /home/cafsanchezdi/ros2_ws/install/sdv_msgs/lib/python3.12/site-packages/sdv_msgs/msg/_encoder.py
-- Up-to-date: /home/cafsanchezdi/ros2_ws/install/sdv_msgs/lib/python3.12/site-packages/sdv_msgs/msg/_flexiforce.py
-- Up-to-date: /home/cafsanchezdi/ros2_ws/install/sdv_msgs/lib/python3.12/site-packages/sdv_msgs/msg/_panel_button.py
-- Up-to-date: /home/cafsanchezdi/ros2_ws/install/sdv_msgs/lib/python3.12/site-packages/sdv_msgs/msg/_sdv_platform.py
-- Up-to-date: /home/cafsanchezdi/ros2_ws/install/sdv_msgs/lib/python3.12/site-packages/sdv_msgs/msg/_four_motors_s.c
-- Up-to-date: /home/cafsanchezdi/ros2_ws/install/sdv_msgs/lib/python3.12/site-packages/sdv_msgs/msg/_imu_raw_s.c
-- Up-to-date: /home/cafsanchezdi/ros2_ws/install/sdv_msgs/lib/python3.12/site-packages/sdv_msgs/msg/_ultrasound.py
-- Up-to-date: /home/cafsanchezdi/ros2_ws/install/sdv_msgs/lib/python3.12/site-packages/sdv_msgs/msg/_drivers_s.c
-- Up-to-date: /home/cafsanchezdi/ros2_ws/install/sdv_msgs/lib/python3.12/site-packages/sdv_msgs/msg/_sdv_status.py
-- Up-to-date: /home/cafsanchezdi/ros2_ws/install/sdv_msgs/lib/python3.12/site-packages/sdv_msgs/msg/_tag_rfid.py
-- Up-to-date: /home/cafsanchezdi/ros2_ws/install/sdv_msgs/lib/python3.12/site-packages/sdv_msgs/msg/_sdv_status_s.c
-- Up-to-date: /home/cafsanchezdi/ros2_ws/install/sdv_msgs/lib/python3.12/site-packages/sdv_msgs/msg/_led.py
-- Up-to-date: /home/cafsanchezdi/ros2_ws/install/sdv_msgs/lib/python3.12/site-packages/sdv_msgs/msg/_buzzer_s.c
-- Up-to-date: /home/cafsanchezdi/ros2_ws/install/sdv_msgs/lib/python3.12/site-packages/sdv_msgs/msg/_imu_raw.py
-- Up-to-date: /home/cafsanchezdi/ros2_ws/install/sdv_msgs/lib/python3.12/site-packages/sdv_msgs/msg/_battery.py
-- Up-to-date: /home/cafsanchezdi/ros2_ws/install/sdv_msgs/lib/python3.12/site-packages/sdv_msgs/msg/_led_s.c
-- Up-to-date: /home/cafsanchezdi/ros2_ws/install/sdv_msgs/lib/python3.12/site-packages/sdv_msgs/msg/_panel_button_s.c
-- Up-to-date: /home/cafsanchezdi/ros2_ws/install/sdv_msgs/lib/python3.12/site-packages/sdv_msgs/msg/_ultrasound_s.c
-- Up-to-date: /home/cafsanchezdi/ros2_ws/install/sdv_msgs/lib/python3.12/site-packages/sdv_msgs/msg/__init__.py
-- Up-to-date: /home/cafsanchezdi/ros2_ws/install/sdv_msgs/lib/python3.12/site-packages/sdv_msgs/msg/_encoder_s.c
-- Up-to-date: /home/cafsanchezdi/ros2_ws/install/sdv_msgs/lib/python3.12/site-packages/sdv_msgs/msg/_batteries.py
-- Up-to-date: /home/cafsanchezdi/ros2_ws/install/sdv_msgs/lib/python3.12/site-packages/sdv_msgs/sdv_msgs_s__rosidl_typesupport_fastrtps_c.so
-- Up-to-date: /home/cafsanchezdi/ros2_ws/install/sdv_msgs/lib/python3.12/site-packages/sdv_msgs/sdv_msgs_s__rosidl_typesupport_introspection_c.so
-- Up-to-date: /home/cafsanchezdi/ros2_ws/install/sdv_msgs/lib/python3.12/site-packages/sdv_msgs/__init__.py
-- Up-to-date: /home/cafsanchezdi/ros2_ws/install/sdv_msgs/lib/python3.12/site-packages/sdv_msgs/_sdv_msgs_s.ep.rosidl_typesupport_c.c
Listing '/home/cafsanchezdi/ros2_ws/install/sdv_msgs/lib/python3.12/site-packages/sdv_msgs'...
Listing '/home/cafsanchezdi/ros2_ws/install/sdv_msgs/lib/python3.12/site-packages/sdv_msgs/msg'...
-- Up-to-date: /home/cafsanchezdi/ros2_ws/install/sdv_msgs/lib/python3.12/site-packages/sdv_msgs/sdv_msgs_s__rosidl_typesupport_fastrtps_c.so
-- Up-to-date: /home/cafsanchezdi/ros2_ws/install/sdv_msgs/lib/python3.12/site-packages/sdv_msgs/sdv_msgs_s__rosidl_typesupport_introspection_c.so
-- Up-to-date: /home/cafsanchezdi/ros2_ws/install/sdv_msgs/lib/python3.12/site-packages/sdv_msgs/sdv_msgs_s__rosidl_typesupport_c.so
-- Up-to-date: /home/cafsanchezdi/ros2_ws/install/sdv_msgs/lib/libsdv_msgs__rosidl_generator_py.so
-- Up-to-date: /home/cafsanchezdi/ros2_ws/install/sdv_msgs/share/sdv_msgs/msg/Batteries.idl
-- Up-to-date: /home/cafsanchezdi/ros2_ws/install/sdv_msgs/share/sdv_msgs/msg/Battery.idl
-- Up-to-date: /home/cafsanchezdi/ros2_ws/install/sdv_msgs/share/sdv_msgs/msg/Buzzer.idl
-- Up-to-date: /home/cafsanchezdi/ros2_ws/install/sdv_msgs/share/sdv_msgs/msg/Drivers.idl
-- Up-to-date: /home/cafsanchezdi/ros2_ws/install/sdv_msgs/share/sdv_msgs/msg/Encoder.idl
-- Up-to-date: /home/cafsanchezdi/ros2_ws/install/sdv_msgs/share/sdv_msgs/msg/Flexiforce.idl
-- Up-to-date: /home/cafsanchezdi/ros2_ws/install/sdv_msgs/share/sdv_msgs/msg/FourMotors.idl
-- Up-to-date: /home/cafsanchezdi/ros2_ws/install/sdv_msgs/share/sdv_msgs/msg/ImuRaw.idl
-- Up-to-date: /home/cafsanchezdi/ros2_ws/install/sdv_msgs/share/sdv_msgs/msg/LED.idl
-- Up-to-date: /home/cafsanchezdi/ros2_ws/install/sdv_msgs/share/sdv_msgs/msg/MotorDriver.idl
-- Up-to-date: /home/cafsanchezdi/ros2_ws/install/sdv_msgs/share/sdv_msgs/msg/PanelButton.idl
-- Up-to-date: /home/cafsanchezdi/ros2_ws/install/sdv_msgs/share/sdv_msgs/msg/SdvPlatform.idl
-- Up-to-date: /home/cafsanchezdi/ros2_ws/install/sdv_msgs/share/sdv_msgs/msg/SdvStatus.idl
-- Up-to-date: /home/cafsanchezdi/ros2_ws/install/sdv_msgs/share/sdv_msgs/msg/TagRfid.idl
-- Up-to-date: /home/cafsanchezdi/ros2_ws/install/sdv_msgs/share/sdv_msgs/msg/TwoMotors.idl
-- Up-to-date: /home/cafsanchezdi/ros2_ws/install/sdv_msgs/share/sdv_msgs/msg/Ultrasound.idl
-- Up-to-date: /home/cafsanchezdi/ros2_ws/install/sdv_msgs/share/sdv_msgs/msg/Batteries.msg
-- Up-to-date: /home/cafsanchezdi/ros2_ws/install/sdv_msgs/share/sdv_msgs/msg/Battery.msg
-- Up-to-date: /home/cafsanchezdi/ros2_ws/install/sdv_msgs/share/sdv_msgs/msg/Buzzer.msg
-- Up-to-date: /home/cafsanchezdi/ros2_ws/install/sdv_msgs/share/sdv_msgs/msg/Drivers.msg
-- Up-to-date: /home/cafsanchezdi/ros2_ws/install/sdv_msgs/share/sdv_msgs/msg/Encoder.msg
-- Up-to-date: /home/cafsanchezdi/ros2_ws/install/sdv_msgs/share/sdv_msgs/msg/Flexiforce.msg
-- Up-to-date: /home/cafsanchezdi/ros2_ws/install/sdv_msgs/share/sdv_msgs/msg/FourMotors.msg
-- Up-to-date: /home/cafsanchezdi/ros2_ws/install/sdv_msgs/share/sdv_msgs/msg/ImuRaw.msg
-- Up-to-date: /home/cafsanchezdi/ros2_ws/install/sdv_msgs/share/sdv_msgs/msg/LED.msg
-- Up-to-date: /home/cafsanchezdi/ros2_ws/install/sdv_msgs/share/sdv_msgs/msg/MotorDriver.msg
-- Up-to-date: /home/cafsanchezdi/ros2_ws/install/sdv_msgs/share/sdv_msgs/msg/PanelButton.msg
-- Up-to-date: /home/cafsanchezdi/ros2_ws/install/sdv_msgs/share/sdv_msgs/msg/SdvPlatform.msg
-- Up-to-date: /home/cafsanchezdi/ros2_ws/install/sdv_msgs/share/sdv_msgs/msg/SdvStatus.msg
-- Up-to-date: /home/cafsanchezdi/ros2_ws/install/sdv_msgs/share/sdv_msgs/msg/TagRfid.msg
-- Up-to-date: /home/cafsanchezdi/ros2_ws/install/sdv_msgs/share/sdv_msgs/msg/TwoMotors.msg
-- Up-to-date: /home/cafsanchezdi/ros2_ws/install/sdv_msgs/share/sdv_msgs/msg/Ultrasound.msg
-- Up-to-date: /home/cafsanchezdi/ros2_ws/install/sdv_msgs/share/ament_index/resource_index/package_run_dependencies/sdv_msgs
-- Up-to-date: /home/cafsanchezdi/ros2_ws/install/sdv_msgs/share/ament_index/resource_index/parent_prefix_path/sdv_msgs
-- Up-to-date: /home/cafsanchezdi/ros2_ws/install/sdv_msgs/share/sdv_msgs/environment/ament_prefix_path.sh
-- Up-to-date: /home/cafsanchezdi/ros2_ws/install/sdv_msgs/share/sdv_msgs/environment/ament_prefix_path.dsv
-- Up-to-date: /home/cafsanchezdi/ros2_ws/install/sdv_msgs/share/sdv_msgs/environment/path.sh
-- Up-to-date: /home/cafsanchezdi/ros2_ws/install/sdv_msgs/share/sdv_msgs/environment/path.dsv
-- Up-to-date: /home/cafsanchezdi/ros2_ws/install/sdv_msgs/share/sdv_msgs/local_setup.bash
-- Up-to-date: /home/cafsanchezdi/ros2_ws/install/sdv_msgs/share/sdv_msgs/local_setup.sh
-- Up-to-date: /home/cafsanchezdi/ros2_ws/install/sdv_msgs/share/sdv_msgs/local_setup.zsh
-- Up-to-date: /home/cafsanchezdi/ros2_ws/install/sdv_msgs/share/sdv_msgs/local_setup.dsv
-- Installing: /home/cafsanchezdi/ros2_ws/install/sdv_msgs/share/sdv_msgs/package.dsv
-- Up-to-date: /home/cafsanchezdi/ros2_ws/install/sdv_msgs/share/ament_index/resource_index/packages/sdv_msgs
-- Up-to-date: /home/cafsanchezdi/ros2_ws/install/sdv_msgs/share/sdv_msgs/cmake/export_sdv_msgs__rosidl_generator_cExport.cmake
-- Up-to-date: /home/cafsanchezdi/ros2_ws/install/sdv_msgs/share/sdv_msgs/cmake/export_sdv_msgs__rosidl_generator_cExport-noconfig.cmake
-- Up-to-date: /home/cafsanchezdi/ros2_ws/install/sdv_msgs/share/sdv_msgs/cmake/export_sdv_msgs__rosidl_typesupport_fastrtps_cExport.cmake
-- Up-to-date: /home/cafsanchezdi/ros2_ws/install/sdv_msgs/share/sdv_msgs/cmake/export_sdv_msgs__rosidl_typesupport_fastrtps_cExport-noconfig.cmake
-- Up-to-date: /home/cafsanchezdi/ros2_ws/install/sdv_msgs/share/sdv_msgs/cmake/sdv_msgs__rosidl_typesupport_introspection_cExport.cmake
-- Up-to-date: /home/cafsanchezdi/ros2_ws/install/sdv_msgs/share/sdv_msgs/cmake/sdv_msgs__rosidl_typesupport_introspection_cExport-noconfig.cmake
-- Up-to-date: /home/cafsanchezdi/ros2_ws/install/sdv_msgs/share/sdv_msgs/cmake/sdv_msgs__rosidl_typesupport_cExport.cmake
-- Up-to-date: /home/cafsanchezdi/ros2_ws/install/sdv_msgs/share/sdv_msgs/cmake/sdv_msgs__rosidl_typesupport_cExport-noconfig.cmake
-- Up-to-date: /home/cafsanchezdi/ros2_ws/install/sdv_msgs/share/sdv_msgs/cmake/export_sdv_msgs__rosidl_generator_cppExport.cmake
-- Up-to-date: /home/cafsanchezdi/ros2_ws/install/sdv_msgs/share/sdv_msgs/cmake/export_sdv_msgs__rosidl_typesupport_fastrtps_cppExport.cmake
-- Up-to-date: /home/cafsanchezdi/ros2_ws/install/sdv_msgs/share/sdv_msgs/cmake/export_sdv_msgs__rosidl_typesupport_fastrtps_cppExport-noconfig.cmake
-- Up-to-date: /home/cafsanchezdi/ros2_ws/install/sdv_msgs/share/sdv_msgs/cmake/sdv_msgs__rosidl_typesupport_introspection_cppExport.cmake
-- Up-to-date: /home/cafsanchezdi/ros2_ws/install/sdv_msgs/share/sdv_msgs/cmake/sdv_msgs__rosidl_typesupport_introspection_cppExport-noconfig.cmake
-- Up-to-date: /home/cafsanchezdi/ros2_ws/install/sdv_msgs/share/sdv_msgs/cmake/sdv_msgs__rosidl_typesupport_cppExport.cmake
-- Up-to-date: /home/cafsanchezdi/ros2_ws/install/sdv_msgs/share/sdv_msgs/cmake/sdv_msgs__rosidl_typesupport_cppExport-noconfig.cmake
-- Up-to-date: /home/cafsanchezdi/ros2_ws/install/sdv_msgs/share/sdv_msgs/cmake/export_sdv_msgs__rosidl_generator_pyExport.cmake
-- Up-to-date: /home/cafsanchezdi/ros2_ws/install/sdv_msgs/share/sdv_msgs/cmake/export_sdv_msgs__rosidl_generator_pyExport-noconfig.cmake
-- Up-to-date: /home/cafsanchezdi/ros2_ws/install/sdv_msgs/share/sdv_msgs/cmake/rosidl_cmake-extras.cmake
-- Up-to-date: /home/cafsanchezdi/ros2_ws/install/sdv_msgs/share/sdv_msgs/cmake/ament_cmake_export_dependencies-extras.cmake
-- Up-to-date: /home/cafsanchezdi/ros2_ws/install/sdv_msgs/share/sdv_msgs/cmake/ament_cmake_export_include_directories-extras.cmake
-- Up-to-date: /home/cafsanchezdi/ros2_ws/install/sdv_msgs/share/sdv_msgs/cmake/ament_cmake_export_libraries-extras.cmake
-- Up-to-date: /home/cafsanchezdi/ros2_ws/install/sdv_msgs/share/sdv_msgs/cmake/ament_cmake_export_targets-extras.cmake
-- Up-to-date: /home/cafsanchezdi/ros2_ws/install/sdv_msgs/share/sdv_msgs/cmake/rosidl_cmake_export_typesupport_targets-extras.cmake
-- Up-to-date: /home/cafsanchezdi/ros2_ws/install/sdv_msgs/share/sdv_msgs/cmake/rosidl_cmake_export_typesupport_libraries-extras.cmake
-- Up-to-date: /home/cafsanchezdi/ros2_ws/install/sdv_msgs/share/sdv_msgs/cmake/sdv_msgsConfig.cmake
-- Up-to-date: /home/cafsanchezdi/ros2_ws/install/sdv_msgs/share/sdv_msgs/cmake/sdv_msgsConfig-version.cmake
-- Up-to-date: /home/cafsanchezdi/ros2_ws/install/sdv_msgs/share/sdv_msgs/package.xml
