[0.037s] Invoking command in '/home/cafsanchezdi/ros2_ws/build/sdv_msgs': CMAKE_PREFIX_PATH=${CMAKE_PREFIX_PATH}:/opt/ros/jazzy DEBUGINFOD_URLS=https://debuginfod.ubuntu.com /usr/bin/cmake --build /home/cafsanchezdi/ros2_ws/build/sdv_msgs -- -j4 -l4
[0.126s] [  1%] Built target sdv_msgs__rosidl_generator_type_description
[0.156s] [  1%] Built target ament_cmake_python_copy_sdv_msgs
[0.178s] [  1%] Built target sdv_msgs__cpp
[0.195s] [ 28%] Built target sdv_msgs__rosidl_generator_c
[0.251s] [ 37%] Built target sdv_msgs__rosidl_typesupport_introspection_c
[0.256s] [ 47%] Built target sdv_msgs__rosidl_typesupport_fastrtps_c
[0.260s] [ 57%] Built target sdv_msgs__rosidl_typesupport_cpp
[0.293s] [ 66%] Built target sdv_msgs__rosidl_typesupport_c
[0.313s] [ 83%] Built target sdv_msgs__rosidl_typesupport_fastrtps_cpp
[0.313s] [ 86%] Built target sdv_msgs__rosidl_typesupport_introspection_cpp
[0.346s] [ 86%] Built target sdv_msgs
[0.381s] [ 87%] Built target sdv_msgs__py
[0.397s] running egg_info
[0.417s] writing sdv_msgs.egg-info/PKG-INFO
[0.417s] writing dependency_links to sdv_msgs.egg-info/dependency_links.txt
[0.418s] writing top-level names to sdv_msgs.egg-info/top_level.txt
[0.433s] [ 96%] Built target sdv_msgs__rosidl_generator_py
[0.468s] [ 98%] Built target sdv_msgs_s__rosidl_typesupport_introspection_c
[0.468s] [ 99%] Built target sdv_msgs_s__rosidl_typesupport_fastrtps_c
[0.468s] [100%] Built target sdv_msgs_s__rosidl_typesupport_c
[0.475s] reading manifest file 'sdv_msgs.egg-info/SOURCES.txt'
[0.475s] writing manifest file 'sdv_msgs.egg-info/SOURCES.txt'
[0.516s] [100%] Built target ament_cmake_python_build_sdv_msgs_egg
[0.535s] Invoked command in '/home/cafsanchezdi/ros2_ws/build/sdv_msgs' returned '0': CMAKE_PREFIX_PATH=${CMAKE_PREFIX_PATH}:/opt/ros/jazzy DEBUGINFOD_URLS=https://debuginfod.ubuntu.com /usr/bin/cmake --build /home/cafsanchezdi/ros2_ws/build/sdv_msgs -- -j4 -l4
[0.537s] Invoking command in '/home/cafsanchezdi/ros2_ws/build/sdv_msgs': CMAKE_PREFIX_PATH=${CMAKE_PREFIX_PATH}:/opt/ros/jazzy DEBUGINFOD_URLS=https://debuginfod.ubuntu.com /usr/bin/cmake --install /home/cafsanchezdi/ros2_ws/build/sdv_msgs
[0.548s] -- Install configuration: ""
[0.548s] -- Up-to-date: /home/cafsanchezdi/ros2_ws/install/sdv_msgs/share/ament_index/resource_index/rosidl_interfaces/sdv_msgs
[0.549s] -- Up-to-date: /home/cafsanchezdi/ros2_ws/install/sdv_msgs/share/sdv_msgs/msg/Batteries.json
[0.549s] -- Up-to-date: /home/cafsanchezdi/ros2_ws/install/sdv_msgs/share/sdv_msgs/msg/Battery.json
[0.549s] -- Up-to-date: /home/cafsanchezdi/ros2_ws/install/sdv_msgs/share/sdv_msgs/msg/Buzzer.json
[0.549s] -- Up-to-date: /home/cafsanchezdi/ros2_ws/install/sdv_msgs/share/sdv_msgs/msg/Drivers.json
[0.549s] -- Up-to-date: /home/cafsanchezdi/ros2_ws/install/sdv_msgs/share/sdv_msgs/msg/Encoder.json
[0.549s] -- Up-to-date: /home/cafsanchezdi/ros2_ws/install/sdv_msgs/share/sdv_msgs/msg/Flexiforce.json
[0.549s] -- Up-to-date: /home/cafsanchezdi/ros2_ws/install/sdv_msgs/share/sdv_msgs/msg/FourMotors.json
[0.549s] -- Up-to-date: /home/cafsanchezdi/ros2_ws/install/sdv_msgs/share/sdv_msgs/msg/ImuRaw.json
[0.550s] -- Up-to-date: /home/cafsanchezdi/ros2_ws/install/sdv_msgs/share/sdv_msgs/msg/LED.json
[0.550s] -- Up-to-date: /home/cafsanchezdi/ros2_ws/install/sdv_msgs/share/sdv_msgs/msg/MotorDriver.json
[0.550s] -- Up-to-date: /home/cafsanchezdi/ros2_ws/install/sdv_msgs/share/sdv_msgs/msg/PanelButton.json
[0.550s] -- Up-to-date: /home/cafsanchezdi/ros2_ws/install/sdv_msgs/share/sdv_msgs/msg/SdvPlatform.json
[0.550s] -- Up-to-date: /home/cafsanchezdi/ros2_ws/install/sdv_msgs/share/sdv_msgs/msg/SdvStatus.json
[0.550s] -- Up-to-date: /home/cafsanchezdi/ros2_ws/install/sdv_msgs/share/sdv_msgs/msg/TagRfid.json
[0.550s] -- Up-to-date: /home/cafsanchezdi/ros2_ws/install/sdv_msgs/share/sdv_msgs/msg/TwoMotors.json
[0.550s] -- Up-to-date: /home/cafsanchezdi/ros2_ws/install/sdv_msgs/share/sdv_msgs/msg/Ultrasound.json
[0.550s] -- Up-to-date: /home/cafsanchezdi/ros2_ws/install/sdv_msgs/include/sdv_msgs/sdv_msgs
[0.550s] -- Up-to-date: /home/cafsanchezdi/ros2_ws/install/sdv_msgs/include/sdv_msgs/sdv_msgs/msg
[0.550s] -- Up-to-date: /home/cafsanchezdi/ros2_ws/install/sdv_msgs/include/sdv_msgs/sdv_msgs/msg/two_motors.h
[0.550s] -- Up-to-date: /home/cafsanchezdi/ros2_ws/install/sdv_msgs/include/sdv_msgs/sdv_msgs/msg/flexiforce.h
[0.550s] -- Up-to-date: /home/cafsanchezdi/ros2_ws/install/sdv_msgs/include/sdv_msgs/sdv_msgs/msg/sdv_status.h
[0.550s] -- Up-to-date: /home/cafsanchezdi/ros2_ws/install/sdv_msgs/include/sdv_msgs/sdv_msgs/msg/four_motors.h
[0.550s] -- Up-to-date: /home/cafsanchezdi/ros2_ws/install/sdv_msgs/include/sdv_msgs/sdv_msgs/msg/panel_button.h
[0.551s] -- Up-to-date: /home/cafsanchezdi/ros2_ws/install/sdv_msgs/include/sdv_msgs/sdv_msgs/msg/rosidl_generator_c__visibility_control.h
[0.551s] -- Up-to-date: /home/cafsanchezdi/ros2_ws/install/sdv_msgs/include/sdv_msgs/sdv_msgs/msg/led.h
[0.551s] -- Up-to-date: /home/cafsanchezdi/ros2_ws/install/sdv_msgs/include/sdv_msgs/sdv_msgs/msg/tag_rfid.h
[0.551s] -- Up-to-date: /home/cafsanchezdi/ros2_ws/install/sdv_msgs/include/sdv_msgs/sdv_msgs/msg/batteries.h
[0.551s] -- Up-to-date: /home/cafsanchezdi/ros2_ws/install/sdv_msgs/include/sdv_msgs/sdv_msgs/msg/ultrasound.h
[0.551s] -- Up-to-date: /home/cafsanchezdi/ros2_ws/install/sdv_msgs/include/sdv_msgs/sdv_msgs/msg/motor_driver.h
[0.551s] -- Up-to-date: /home/cafsanchezdi/ros2_ws/install/sdv_msgs/include/sdv_msgs/sdv_msgs/msg/drivers.h
[0.551s] -- Up-to-date: /home/cafsanchezdi/ros2_ws/install/sdv_msgs/include/sdv_msgs/sdv_msgs/msg/imu_raw.h
[0.551s] -- Up-to-date: /home/cafsanchezdi/ros2_ws/install/sdv_msgs/include/sdv_msgs/sdv_msgs/msg/buzzer.h
[0.551s] -- Up-to-date: /home/cafsanchezdi/ros2_ws/install/sdv_msgs/include/sdv_msgs/sdv_msgs/msg/battery.h
[0.551s] -- Up-to-date: /home/cafsanchezdi/ros2_ws/install/sdv_msgs/include/sdv_msgs/sdv_msgs/msg/detail
[0.551s] -- Up-to-date: /home/cafsanchezdi/ros2_ws/install/sdv_msgs/include/sdv_msgs/sdv_msgs/msg/detail/battery__type_support.h
[0.551s] -- Up-to-date: /home/cafsanchezdi/ros2_ws/install/sdv_msgs/include/sdv_msgs/sdv_msgs/msg/detail/battery__functions.h
[0.552s] -- Up-to-date: /home/cafsanchezdi/ros2_ws/install/sdv_msgs/include/sdv_msgs/sdv_msgs/msg/detail/batteries__functions.h
[0.552s] -- Up-to-date: /home/cafsanchezdi/ros2_ws/install/sdv_msgs/include/sdv_msgs/sdv_msgs/msg/detail/drivers__description.c
[0.552s] -- Up-to-date: /home/cafsanchezdi/ros2_ws/install/sdv_msgs/include/sdv_msgs/sdv_msgs/msg/detail/four_motors__description.c
[0.552s] -- Up-to-date: /home/cafsanchezdi/ros2_ws/install/sdv_msgs/include/sdv_msgs/sdv_msgs/msg/detail/ultrasound__functions.c
[0.552s] -- Up-to-date: /home/cafsanchezdi/ros2_ws/install/sdv_msgs/include/sdv_msgs/sdv_msgs/msg/detail/two_motors__functions.h
[0.552s] -- Up-to-date: /home/cafsanchezdi/ros2_ws/install/sdv_msgs/include/sdv_msgs/sdv_msgs/msg/detail/battery__struct.h
[0.552s] -- Installing: /home/cafsanchezdi/ros2_ws/install/sdv_msgs/include/sdv_msgs/sdv_msgs/msg/detail/panel_button__type_support.c
[0.552s] -- Up-to-date: /home/cafsanchezdi/ros2_ws/install/sdv_msgs/include/sdv_msgs/sdv_msgs/msg/detail/led__description.c
[0.552s] -- Up-to-date: /home/cafsanchezdi/ros2_ws/install/sdv_msgs/include/sdv_msgs/sdv_msgs/msg/detail/sdv_status__description.c
[0.552s] -- Installing: /home/cafsanchezdi/ros2_ws/install/sdv_msgs/include/sdv_msgs/sdv_msgs/msg/detail/four_motors__type_support.c
[0.552s] -- Up-to-date: /home/cafsanchezdi/ros2_ws/install/sdv_msgs/include/sdv_msgs/sdv_msgs/msg/detail/buzzer__functions.c
[0.553s] -- Up-to-date: /home/cafsanchezdi/ros2_ws/install/sdv_msgs/include/sdv_msgs/sdv_msgs/msg/detail/encoder__functions.h
[0.553s] -- Installing: /home/cafsanchezdi/ros2_ws/install/sdv_msgs/include/sdv_msgs/sdv_msgs/msg/detail/ultrasound__type_support.c
[0.553s] -- Installing: /home/cafsanchezdi/ros2_ws/install/sdv_msgs/include/sdv_msgs/sdv_msgs/msg/detail/tag_rfid__type_support.c
[0.553s] -- Up-to-date: /home/cafsanchezdi/ros2_ws/install/sdv_msgs/include/sdv_msgs/sdv_msgs/msg/detail/drivers__type_support.h
[0.553s] -- Up-to-date: /home/cafsanchezdi/ros2_ws/install/sdv_msgs/include/sdv_msgs/sdv_msgs/msg/detail/flexiforce__struct.h
[0.553s] -- Up-to-date: /home/cafsanchezdi/ros2_ws/install/sdv_msgs/include/sdv_msgs/sdv_msgs/msg/detail/ultrasound__type_support.h
[0.553s] -- Up-to-date: /home/cafsanchezdi/ros2_ws/install/sdv_msgs/include/sdv_msgs/sdv_msgs/msg/detail/two_motors__functions.c
[0.553s] -- Up-to-date: /home/cafsanchezdi/ros2_ws/install/sdv_msgs/include/sdv_msgs/sdv_msgs/msg/detail/drivers__functions.h
[0.554s] -- Up-to-date: /home/cafsanchezdi/ros2_ws/install/sdv_msgs/include/sdv_msgs/sdv_msgs/msg/detail/motor_driver__type_support.h
[0.554s] -- Up-to-date: /home/cafsanchezdi/ros2_ws/install/sdv_msgs/include/sdv_msgs/sdv_msgs/msg/detail/panel_button__description.c
[0.554s] -- Up-to-date: /home/cafsanchezdi/ros2_ws/install/sdv_msgs/include/sdv_msgs/sdv_msgs/msg/detail/four_motors__type_support.h
[0.554s] -- Up-to-date: /home/cafsanchezdi/ros2_ws/install/sdv_msgs/include/sdv_msgs/sdv_msgs/msg/detail/flexiforce__description.c
[0.554s] -- Installing: /home/cafsanchezdi/ros2_ws/install/sdv_msgs/include/sdv_msgs/sdv_msgs/msg/detail/led__type_support.c
[0.554s] -- Up-to-date: /home/cafsanchezdi/ros2_ws/install/sdv_msgs/include/sdv_msgs/sdv_msgs/msg/detail/buzzer__description.c
[0.554s] -- Up-to-date: /home/cafsanchezdi/ros2_ws/install/sdv_msgs/include/sdv_msgs/sdv_msgs/msg/detail/four_motors__struct.h
[0.554s] -- Installing: /home/cafsanchezdi/ros2_ws/install/sdv_msgs/include/sdv_msgs/sdv_msgs/msg/detail/imu_raw__type_support.c
[0.554s] -- Up-to-date: /home/cafsanchezdi/ros2_ws/install/sdv_msgs/include/sdv_msgs/sdv_msgs/msg/detail/imu_raw__type_support.h
[0.554s] -- Up-to-date: /home/cafsanchezdi/ros2_ws/install/sdv_msgs/include/sdv_msgs/sdv_msgs/msg/detail/flexiforce__functions.c
[0.554s] -- Up-to-date: /home/cafsanchezdi/ros2_ws/install/sdv_msgs/include/sdv_msgs/sdv_msgs/msg/detail/ultrasound__functions.h
[0.554s] -- Up-to-date: /home/cafsanchezdi/ros2_ws/install/sdv_msgs/include/sdv_msgs/sdv_msgs/msg/detail/motor_driver__functions.c
[0.554s] -- Installing: /home/cafsanchezdi/ros2_ws/install/sdv_msgs/include/sdv_msgs/sdv_msgs/msg/detail/batteries__type_support.c
[0.555s] -- Installing: /home/cafsanchezdi/ros2_ws/install/sdv_msgs/include/sdv_msgs/sdv_msgs/msg/detail/battery__type_support.c
[0.555s] -- Installing: /home/cafsanchezdi/ros2_ws/install/sdv_msgs/include/sdv_msgs/sdv_msgs/msg/detail/two_motors__type_support.c
[0.555s] -- Up-to-date: /home/cafsanchezdi/ros2_ws/install/sdv_msgs/include/sdv_msgs/sdv_msgs/msg/detail/encoder__description.c
[0.555s] -- Up-to-date: /home/cafsanchezdi/ros2_ws/install/sdv_msgs/include/sdv_msgs/sdv_msgs/msg/detail/batteries__type_support.h
[0.555s] -- Up-to-date: /home/cafsanchezdi/ros2_ws/install/sdv_msgs/include/sdv_msgs/sdv_msgs/msg/detail/sdv_status__functions.c
[0.555s] -- Up-to-date: /home/cafsanchezdi/ros2_ws/install/sdv_msgs/include/sdv_msgs/sdv_msgs/msg/detail/sdv_status__struct.h
[0.555s] -- Up-to-date: /home/cafsanchezdi/ros2_ws/install/sdv_msgs/include/sdv_msgs/sdv_msgs/msg/detail/imu_raw__description.c
[0.555s] -- Up-to-date: /home/cafsanchezdi/ros2_ws/install/sdv_msgs/include/sdv_msgs/sdv_msgs/msg/detail/tag_rfid__struct.h
[0.555s] -- Up-to-date: /home/cafsanchezdi/ros2_ws/install/sdv_msgs/include/sdv_msgs/sdv_msgs/msg/detail/tag_rfid__functions.c
[0.555s] -- Up-to-date: /home/cafsanchezdi/ros2_ws/install/sdv_msgs/include/sdv_msgs/sdv_msgs/msg/detail/drivers__struct.h
[0.555s] -- Up-to-date: /home/cafsanchezdi/ros2_ws/install/sdv_msgs/include/sdv_msgs/sdv_msgs/msg/detail/flexiforce__functions.h
[0.555s] -- Up-to-date: /home/cafsanchezdi/ros2_ws/install/sdv_msgs/include/sdv_msgs/sdv_msgs/msg/detail/batteries__functions.c
[0.555s] -- Up-to-date: /home/cafsanchezdi/ros2_ws/install/sdv_msgs/include/sdv_msgs/sdv_msgs/msg/detail/panel_button__struct.h
[0.555s] -- Up-to-date: /home/cafsanchezdi/ros2_ws/install/sdv_msgs/include/sdv_msgs/sdv_msgs/msg/detail/battery__description.c
[0.555s] -- Up-to-date: /home/cafsanchezdi/ros2_ws/install/sdv_msgs/include/sdv_msgs/sdv_msgs/msg/detail/led__struct.h
[0.555s] -- Installing: /home/cafsanchezdi/ros2_ws/install/sdv_msgs/include/sdv_msgs/sdv_msgs/msg/detail/sdv_platform__type_support.c
[0.555s] -- Up-to-date: /home/cafsanchezdi/ros2_ws/install/sdv_msgs/include/sdv_msgs/sdv_msgs/msg/detail/four_motors__functions.h
[0.555s] -- Up-to-date: /home/cafsanchezdi/ros2_ws/install/sdv_msgs/include/sdv_msgs/sdv_msgs/msg/detail/tag_rfid__type_support.h
[0.555s] -- Up-to-date: /home/cafsanchezdi/ros2_ws/install/sdv_msgs/include/sdv_msgs/sdv_msgs/msg/detail/sdv_platform__struct.h
[0.555s] -- Up-to-date: /home/cafsanchezdi/ros2_ws/install/sdv_msgs/include/sdv_msgs/sdv_msgs/msg/detail/imu_raw__struct.h
[0.555s] -- Up-to-date: /home/cafsanchezdi/ros2_ws/install/sdv_msgs/include/sdv_msgs/sdv_msgs/msg/detail/sdv_platform__type_support.h
[0.556s] -- Installing: /home/cafsanchezdi/ros2_ws/install/sdv_msgs/include/sdv_msgs/sdv_msgs/msg/detail/encoder__type_support.c
[0.556s] -- Up-to-date: /home/cafsanchezdi/ros2_ws/install/sdv_msgs/include/sdv_msgs/sdv_msgs/msg/detail/panel_button__functions.h
[0.556s] -- Up-to-date: /home/cafsanchezdi/ros2_ws/install/sdv_msgs/include/sdv_msgs/sdv_msgs/msg/detail/led__functions.c
[0.556s] -- Up-to-date: /home/cafsanchezdi/ros2_ws/install/sdv_msgs/include/sdv_msgs/sdv_msgs/msg/detail/sdv_platform__functions.h
[0.556s] -- Up-to-date: /home/cafsanchezdi/ros2_ws/install/sdv_msgs/include/sdv_msgs/sdv_msgs/msg/detail/buzzer__functions.h
[0.556s] -- Up-to-date: /home/cafsanchezdi/ros2_ws/install/sdv_msgs/include/sdv_msgs/sdv_msgs/msg/detail/buzzer__struct.h
[0.556s] -- Installing: /home/cafsanchezdi/ros2_ws/install/sdv_msgs/include/sdv_msgs/sdv_msgs/msg/detail/flexiforce__type_support.c
[0.556s] -- Up-to-date: /home/cafsanchezdi/ros2_ws/install/sdv_msgs/include/sdv_msgs/sdv_msgs/msg/detail/battery__functions.c
[0.556s] -- Up-to-date: /home/cafsanchezdi/ros2_ws/install/sdv_msgs/include/sdv_msgs/sdv_msgs/msg/detail/two_motors__description.c
[0.556s] -- Up-to-date: /home/cafsanchezdi/ros2_ws/install/sdv_msgs/include/sdv_msgs/sdv_msgs/msg/detail/two_motors__struct.h
[0.557s] -- Up-to-date: /home/cafsanchezdi/ros2_ws/install/sdv_msgs/include/sdv_msgs/sdv_msgs/msg/detail/encoder__functions.c
[0.557s] -- Up-to-date: /home/cafsanchezdi/ros2_ws/install/sdv_msgs/include/sdv_msgs/sdv_msgs/msg/detail/buzzer__type_support.h
[0.557s] -- Up-to-date: /home/cafsanchezdi/ros2_ws/install/sdv_msgs/include/sdv_msgs/sdv_msgs/msg/detail/ultrasound__struct.h
[0.557s] -- Up-to-date: /home/cafsanchezdi/ros2_ws/install/sdv_msgs/include/sdv_msgs/sdv_msgs/msg/detail/two_motors__type_support.h
[0.557s] -- Installing: /home/cafsanchezdi/ros2_ws/install/sdv_msgs/include/sdv_msgs/sdv_msgs/msg/detail/drivers__type_support.c
[0.557s] -- Up-to-date: /home/cafsanchezdi/ros2_ws/install/sdv_msgs/include/sdv_msgs/sdv_msgs/msg/detail/sdv_status__functions.h
[0.557s] -- Up-to-date: /home/cafsanchezdi/ros2_ws/install/sdv_msgs/include/sdv_msgs/sdv_msgs/msg/detail/batteries__struct.h
[0.557s] -- Up-to-date: /home/cafsanchezdi/ros2_ws/install/sdv_msgs/include/sdv_msgs/sdv_msgs/msg/detail/led__type_support.h
[0.557s] -- Up-to-date: /home/cafsanchezdi/ros2_ws/install/sdv_msgs/include/sdv_msgs/sdv_msgs/msg/detail/sdv_platform__functions.c
[0.557s] -- Up-to-date: /home/cafsanchezdi/ros2_ws/install/sdv_msgs/include/sdv_msgs/sdv_msgs/msg/detail/flexiforce__type_support.h
[0.558s] -- Up-to-date: /home/cafsanchezdi/ros2_ws/install/sdv_msgs/include/sdv_msgs/sdv_msgs/msg/detail/sdv_status__type_support.h
[0.558s] -- Up-to-date: /home/cafsanchezdi/ros2_ws/install/sdv_msgs/include/sdv_msgs/sdv_msgs/msg/detail/motor_driver__struct.h
[0.558s] -- Up-to-date: /home/cafsanchezdi/ros2_ws/install/sdv_msgs/include/sdv_msgs/sdv_msgs/msg/detail/four_motors__functions.c
[0.558s] -- Up-to-date: /home/cafsanchezdi/ros2_ws/install/sdv_msgs/include/sdv_msgs/sdv_msgs/msg/detail/encoder__type_support.h
[0.558s] -- Up-to-date: /home/cafsanchezdi/ros2_ws/install/sdv_msgs/include/sdv_msgs/sdv_msgs/msg/detail/imu_raw__functions.h
[0.558s] -- Up-to-date: /home/cafsanchezdi/ros2_ws/install/sdv_msgs/include/sdv_msgs/sdv_msgs/msg/detail/panel_button__functions.c
[0.558s] -- Up-to-date: /home/cafsanchezdi/ros2_ws/install/sdv_msgs/include/sdv_msgs/sdv_msgs/msg/detail/motor_driver__description.c
[0.558s] -- Up-to-date: /home/cafsanchezdi/ros2_ws/install/sdv_msgs/include/sdv_msgs/sdv_msgs/msg/detail/panel_button__type_support.h
[0.558s] -- Up-to-date: /home/cafsanchezdi/ros2_ws/install/sdv_msgs/include/sdv_msgs/sdv_msgs/msg/detail/sdv_platform__description.c
[0.558s] -- Up-to-date: /home/cafsanchezdi/ros2_ws/install/sdv_msgs/include/sdv_msgs/sdv_msgs/msg/detail/batteries__description.c
[0.558s] -- Up-to-date: /home/cafsanchezdi/ros2_ws/install/sdv_msgs/include/sdv_msgs/sdv_msgs/msg/detail/encoder__struct.h
[0.558s] -- Up-to-date: /home/cafsanchezdi/ros2_ws/install/sdv_msgs/include/sdv_msgs/sdv_msgs/msg/detail/tag_rfid__description.c
[0.558s] -- Up-to-date: /home/cafsanchezdi/ros2_ws/install/sdv_msgs/include/sdv_msgs/sdv_msgs/msg/detail/ultrasound__description.c
[0.559s] -- Installing: /home/cafsanchezdi/ros2_ws/install/sdv_msgs/include/sdv_msgs/sdv_msgs/msg/detail/motor_driver__type_support.c
[0.559s] -- Up-to-date: /home/cafsanchezdi/ros2_ws/install/sdv_msgs/include/sdv_msgs/sdv_msgs/msg/detail/imu_raw__functions.c
[0.559s] -- Installing: /home/cafsanchezdi/ros2_ws/install/sdv_msgs/include/sdv_msgs/sdv_msgs/msg/detail/sdv_status__type_support.c
[0.559s] -- Installing: /home/cafsanchezdi/ros2_ws/install/sdv_msgs/include/sdv_msgs/sdv_msgs/msg/detail/buzzer__type_support.c
[0.559s] -- Up-to-date: /home/cafsanchezdi/ros2_ws/install/sdv_msgs/include/sdv_msgs/sdv_msgs/msg/detail/tag_rfid__functions.h
[0.559s] -- Up-to-date: /home/cafsanchezdi/ros2_ws/install/sdv_msgs/include/sdv_msgs/sdv_msgs/msg/detail/motor_driver__functions.h
[0.559s] -- Up-to-date: /home/cafsanchezdi/ros2_ws/install/sdv_msgs/include/sdv_msgs/sdv_msgs/msg/detail/led__functions.h
[0.559s] -- Up-to-date: /home/cafsanchezdi/ros2_ws/install/sdv_msgs/include/sdv_msgs/sdv_msgs/msg/detail/drivers__functions.c
[0.559s] -- Up-to-date: /home/cafsanchezdi/ros2_ws/install/sdv_msgs/include/sdv_msgs/sdv_msgs/msg/encoder.h
[0.559s] -- Up-to-date: /home/cafsanchezdi/ros2_ws/install/sdv_msgs/include/sdv_msgs/sdv_msgs/msg/sdv_platform.h
[0.559s] -- Up-to-date: /home/cafsanchezdi/ros2_ws/install/sdv_msgs/share/sdv_msgs/environment/library_path.sh
[0.559s] -- Up-to-date: /home/cafsanchezdi/ros2_ws/install/sdv_msgs/share/sdv_msgs/environment/library_path.dsv
[0.559s] -- Up-to-date: /home/cafsanchezdi/ros2_ws/install/sdv_msgs/lib/libsdv_msgs__rosidl_generator_c.so
[0.559s] -- Up-to-date: /home/cafsanchezdi/ros2_ws/install/sdv_msgs/include/sdv_msgs/sdv_msgs
[0.559s] -- Up-to-date: /home/cafsanchezdi/ros2_ws/install/sdv_msgs/include/sdv_msgs/sdv_msgs/msg
[0.559s] -- Up-to-date: /home/cafsanchezdi/ros2_ws/install/sdv_msgs/include/sdv_msgs/sdv_msgs/msg/rosidl_typesupport_fastrtps_c__visibility_control.h
[0.559s] -- Up-to-date: /home/cafsanchezdi/ros2_ws/install/sdv_msgs/include/sdv_msgs/sdv_msgs/msg/detail
[0.559s] -- Up-to-date: /home/cafsanchezdi/ros2_ws/install/sdv_msgs/include/sdv_msgs/sdv_msgs/msg/detail/two_motors__rosidl_typesupport_fastrtps_c.h
[0.559s] -- Up-to-date: /home/cafsanchezdi/ros2_ws/install/sdv_msgs/include/sdv_msgs/sdv_msgs/msg/detail/motor_driver__rosidl_typesupport_fastrtps_c.h
[0.559s] -- Up-to-date: /home/cafsanchezdi/ros2_ws/install/sdv_msgs/include/sdv_msgs/sdv_msgs/msg/detail/sdv_platform__rosidl_typesupport_fastrtps_c.h
[0.560s] -- Up-to-date: /home/cafsanchezdi/ros2_ws/install/sdv_msgs/include/sdv_msgs/sdv_msgs/msg/detail/led__rosidl_typesupport_fastrtps_c.h
[0.560s] -- Up-to-date: /home/cafsanchezdi/ros2_ws/install/sdv_msgs/include/sdv_msgs/sdv_msgs/msg/detail/drivers__rosidl_typesupport_fastrtps_c.h
[0.560s] -- Up-to-date: /home/cafsanchezdi/ros2_ws/install/sdv_msgs/include/sdv_msgs/sdv_msgs/msg/detail/buzzer__rosidl_typesupport_fastrtps_c.h
[0.560s] -- Up-to-date: /home/cafsanchezdi/ros2_ws/install/sdv_msgs/include/sdv_msgs/sdv_msgs/msg/detail/tag_rfid__rosidl_typesupport_fastrtps_c.h
[0.560s] -- Up-to-date: /home/cafsanchezdi/ros2_ws/install/sdv_msgs/include/sdv_msgs/sdv_msgs/msg/detail/flexiforce__rosidl_typesupport_fastrtps_c.h
[0.560s] -- Up-to-date: /home/cafsanchezdi/ros2_ws/install/sdv_msgs/include/sdv_msgs/sdv_msgs/msg/detail/ultrasound__rosidl_typesupport_fastrtps_c.h
[0.560s] -- Up-to-date: /home/cafsanchezdi/ros2_ws/install/sdv_msgs/include/sdv_msgs/sdv_msgs/msg/detail/sdv_status__rosidl_typesupport_fastrtps_c.h
[0.560s] -- Up-to-date: /home/cafsanchezdi/ros2_ws/install/sdv_msgs/include/sdv_msgs/sdv_msgs/msg/detail/encoder__rosidl_typesupport_fastrtps_c.h
[0.560s] -- Up-to-date: /home/cafsanchezdi/ros2_ws/install/sdv_msgs/include/sdv_msgs/sdv_msgs/msg/detail/four_motors__rosidl_typesupport_fastrtps_c.h
[0.561s] -- Up-to-date: /home/cafsanchezdi/ros2_ws/install/sdv_msgs/include/sdv_msgs/sdv_msgs/msg/detail/battery__rosidl_typesupport_fastrtps_c.h
[0.561s] -- Up-to-date: /home/cafsanchezdi/ros2_ws/install/sdv_msgs/include/sdv_msgs/sdv_msgs/msg/detail/panel_button__rosidl_typesupport_fastrtps_c.h
[0.561s] -- Up-to-date: /home/cafsanchezdi/ros2_ws/install/sdv_msgs/include/sdv_msgs/sdv_msgs/msg/detail/imu_raw__rosidl_typesupport_fastrtps_c.h
[0.561s] -- Up-to-date: /home/cafsanchezdi/ros2_ws/install/sdv_msgs/include/sdv_msgs/sdv_msgs/msg/detail/batteries__rosidl_typesupport_fastrtps_c.h
[0.561s] -- Up-to-date: /home/cafsanchezdi/ros2_ws/install/sdv_msgs/lib/libsdv_msgs__rosidl_typesupport_fastrtps_c.so
[0.561s] -- Up-to-date: /home/cafsanchezdi/ros2_ws/install/sdv_msgs/include/sdv_msgs/sdv_msgs
[0.561s] -- Up-to-date: /home/cafsanchezdi/ros2_ws/install/sdv_msgs/include/sdv_msgs/sdv_msgs/msg
[0.561s] -- Up-to-date: /home/cafsanchezdi/ros2_ws/install/sdv_msgs/include/sdv_msgs/sdv_msgs/msg/rosidl_typesupport_introspection_c__visibility_control.h
[0.561s] -- Up-to-date: /home/cafsanchezdi/ros2_ws/install/sdv_msgs/include/sdv_msgs/sdv_msgs/msg/detail
[0.562s] -- Up-to-date: /home/cafsanchezdi/ros2_ws/install/sdv_msgs/include/sdv_msgs/sdv_msgs/msg/detail/ultrasound__rosidl_typesupport_introspection_c.h
[0.562s] -- Up-to-date: /home/cafsanchezdi/ros2_ws/install/sdv_msgs/include/sdv_msgs/sdv_msgs/msg/detail/drivers__rosidl_typesupport_introspection_c.h
[0.562s] -- Installing: /home/cafsanchezdi/ros2_ws/install/sdv_msgs/include/sdv_msgs/sdv_msgs/msg/detail/panel_button__type_support.c
[0.562s] -- Up-to-date: /home/cafsanchezdi/ros2_ws/install/sdv_msgs/include/sdv_msgs/sdv_msgs/msg/detail/flexiforce__rosidl_typesupport_introspection_c.h
[0.562s] -- Installing: /home/cafsanchezdi/ros2_ws/install/sdv_msgs/include/sdv_msgs/sdv_msgs/msg/detail/four_motors__type_support.c
[0.562s] -- Installing: /home/cafsanchezdi/ros2_ws/install/sdv_msgs/include/sdv_msgs/sdv_msgs/msg/detail/ultrasound__type_support.c
[0.562s] -- Up-to-date: /home/cafsanchezdi/ros2_ws/install/sdv_msgs/include/sdv_msgs/sdv_msgs/msg/detail/led__rosidl_typesupport_introspection_c.h
[0.562s] -- Installing: /home/cafsanchezdi/ros2_ws/install/sdv_msgs/include/sdv_msgs/sdv_msgs/msg/detail/tag_rfid__type_support.c
[0.562s] -- Up-to-date: /home/cafsanchezdi/ros2_ws/install/sdv_msgs/include/sdv_msgs/sdv_msgs/msg/detail/two_motors__rosidl_typesupport_introspection_c.h
[0.562s] -- Installing: /home/cafsanchezdi/ros2_ws/install/sdv_msgs/include/sdv_msgs/sdv_msgs/msg/detail/led__type_support.c
[0.562s] -- Installing: /home/cafsanchezdi/ros2_ws/install/sdv_msgs/include/sdv_msgs/sdv_msgs/msg/detail/imu_raw__type_support.c
[0.562s] -- Installing: /home/cafsanchezdi/ros2_ws/install/sdv_msgs/include/sdv_msgs/sdv_msgs/msg/detail/batteries__type_support.c
[0.562s] -- Installing: /home/cafsanchezdi/ros2_ws/install/sdv_msgs/include/sdv_msgs/sdv_msgs/msg/detail/battery__type_support.c
[0.562s] -- Installing: /home/cafsanchezdi/ros2_ws/install/sdv_msgs/include/sdv_msgs/sdv_msgs/msg/detail/two_motors__type_support.c
[0.562s] -- Up-to-date: /home/cafsanchezdi/ros2_ws/install/sdv_msgs/include/sdv_msgs/sdv_msgs/msg/detail/panel_button__rosidl_typesupport_introspection_c.h
[0.562s] -- Up-to-date: /home/cafsanchezdi/ros2_ws/install/sdv_msgs/include/sdv_msgs/sdv_msgs/msg/detail/batteries__rosidl_typesupport_introspection_c.h
[0.562s] -- Up-to-date: /home/cafsanchezdi/ros2_ws/install/sdv_msgs/include/sdv_msgs/sdv_msgs/msg/detail/sdv_status__rosidl_typesupport_introspection_c.h
[0.562s] -- Up-to-date: /home/cafsanchezdi/ros2_ws/install/sdv_msgs/include/sdv_msgs/sdv_msgs/msg/detail/tag_rfid__rosidl_typesupport_introspection_c.h
[0.562s] -- Installing: /home/cafsanchezdi/ros2_ws/install/sdv_msgs/include/sdv_msgs/sdv_msgs/msg/detail/sdv_platform__type_support.c
[0.563s] -- Up-to-date: /home/cafsanchezdi/ros2_ws/install/sdv_msgs/include/sdv_msgs/sdv_msgs/msg/detail/encoder__rosidl_typesupport_introspection_c.h
[0.563s] -- Installing: /home/cafsanchezdi/ros2_ws/install/sdv_msgs/include/sdv_msgs/sdv_msgs/msg/detail/encoder__type_support.c
[0.563s] -- Up-to-date: /home/cafsanchezdi/ros2_ws/install/sdv_msgs/include/sdv_msgs/sdv_msgs/msg/detail/battery__rosidl_typesupport_introspection_c.h
[0.563s] -- Up-to-date: /home/cafsanchezdi/ros2_ws/install/sdv_msgs/include/sdv_msgs/sdv_msgs/msg/detail/motor_driver__rosidl_typesupport_introspection_c.h
[0.563s] -- Installing: /home/cafsanchezdi/ros2_ws/install/sdv_msgs/include/sdv_msgs/sdv_msgs/msg/detail/flexiforce__type_support.c
[0.563s] -- Up-to-date: /home/cafsanchezdi/ros2_ws/install/sdv_msgs/include/sdv_msgs/sdv_msgs/msg/detail/four_motors__rosidl_typesupport_introspection_c.h
[0.563s] -- Installing: /home/cafsanchezdi/ros2_ws/install/sdv_msgs/include/sdv_msgs/sdv_msgs/msg/detail/drivers__type_support.c
[0.563s] -- Up-to-date: /home/cafsanchezdi/ros2_ws/install/sdv_msgs/include/sdv_msgs/sdv_msgs/msg/detail/buzzer__rosidl_typesupport_introspection_c.h
[0.563s] -- Up-to-date: /home/cafsanchezdi/ros2_ws/install/sdv_msgs/include/sdv_msgs/sdv_msgs/msg/detail/sdv_platform__rosidl_typesupport_introspection_c.h
[0.563s] -- Installing: /home/cafsanchezdi/ros2_ws/install/sdv_msgs/include/sdv_msgs/sdv_msgs/msg/detail/motor_driver__type_support.c
[0.563s] -- Up-to-date: /home/cafsanchezdi/ros2_ws/install/sdv_msgs/include/sdv_msgs/sdv_msgs/msg/detail/imu_raw__rosidl_typesupport_introspection_c.h
[0.564s] -- Installing: /home/cafsanchezdi/ros2_ws/install/sdv_msgs/include/sdv_msgs/sdv_msgs/msg/detail/sdv_status__type_support.c
[0.564s] -- Installing: /home/cafsanchezdi/ros2_ws/install/sdv_msgs/include/sdv_msgs/sdv_msgs/msg/detail/buzzer__type_support.c
[0.564s] -- Up-to-date: /home/cafsanchezdi/ros2_ws/install/sdv_msgs/lib/libsdv_msgs__rosidl_typesupport_introspection_c.so
[0.565s] -- Up-to-date: /home/cafsanchezdi/ros2_ws/install/sdv_msgs/lib/libsdv_msgs__rosidl_typesupport_c.so
[0.565s] -- Up-to-date: /home/cafsanchezdi/ros2_ws/install/sdv_msgs/include/sdv_msgs/sdv_msgs
[0.565s] -- Up-to-date: /home/cafsanchezdi/ros2_ws/install/sdv_msgs/include/sdv_msgs/sdv_msgs/msg
[0.565s] -- Up-to-date: /home/cafsanchezdi/ros2_ws/install/sdv_msgs/include/sdv_msgs/sdv_msgs/msg/ultrasound.hpp
[0.566s] -- Up-to-date: /home/cafsanchezdi/ros2_ws/install/sdv_msgs/include/sdv_msgs/sdv_msgs/msg/motor_driver.hpp
[0.566s] -- Up-to-date: /home/cafsanchezdi/ros2_ws/install/sdv_msgs/include/sdv_msgs/sdv_msgs/msg/sdv_platform.hpp
[0.566s] -- Up-to-date: /home/cafsanchezdi/ros2_ws/install/sdv_msgs/include/sdv_msgs/sdv_msgs/msg/imu_raw.hpp
[0.566s] -- Up-to-date: /home/cafsanchezdi/ros2_ws/install/sdv_msgs/include/sdv_msgs/sdv_msgs/msg/two_motors.hpp
[0.566s] -- Up-to-date: /home/cafsanchezdi/ros2_ws/install/sdv_msgs/include/sdv_msgs/sdv_msgs/msg/panel_button.hpp
[0.566s] -- Up-to-date: /home/cafsanchezdi/ros2_ws/install/sdv_msgs/include/sdv_msgs/sdv_msgs/msg/tag_rfid.hpp
[0.566s] -- Up-to-date: /home/cafsanchezdi/ros2_ws/install/sdv_msgs/include/sdv_msgs/sdv_msgs/msg/batteries.hpp
[0.566s] -- Up-to-date: /home/cafsanchezdi/ros2_ws/install/sdv_msgs/include/sdv_msgs/sdv_msgs/msg/encoder.hpp
[0.566s] -- Up-to-date: /home/cafsanchezdi/ros2_ws/install/sdv_msgs/include/sdv_msgs/sdv_msgs/msg/rosidl_generator_cpp__visibility_control.hpp
[0.566s] -- Up-to-date: /home/cafsanchezdi/ros2_ws/install/sdv_msgs/include/sdv_msgs/sdv_msgs/msg/led.hpp
[0.566s] -- Up-to-date: /home/cafsanchezdi/ros2_ws/install/sdv_msgs/include/sdv_msgs/sdv_msgs/msg/buzzer.hpp
[0.567s] -- Up-to-date: /home/cafsanchezdi/ros2_ws/install/sdv_msgs/include/sdv_msgs/sdv_msgs/msg/drivers.hpp
[0.567s] -- Up-to-date: /home/cafsanchezdi/ros2_ws/install/sdv_msgs/include/sdv_msgs/sdv_msgs/msg/four_motors.hpp
[0.567s] -- Up-to-date: /home/cafsanchezdi/ros2_ws/install/sdv_msgs/include/sdv_msgs/sdv_msgs/msg/detail
[0.567s] -- Up-to-date: /home/cafsanchezdi/ros2_ws/install/sdv_msgs/include/sdv_msgs/sdv_msgs/msg/detail/ultrasound__struct.hpp
[0.567s] -- Up-to-date: /home/cafsanchezdi/ros2_ws/install/sdv_msgs/include/sdv_msgs/sdv_msgs/msg/detail/four_motors__struct.hpp
[0.567s] -- Up-to-date: /home/cafsanchezdi/ros2_ws/install/sdv_msgs/include/sdv_msgs/sdv_msgs/msg/detail/ultrasound__traits.hpp
[0.567s] -- Up-to-date: /home/cafsanchezdi/ros2_ws/install/sdv_msgs/include/sdv_msgs/sdv_msgs/msg/detail/flexiforce__builder.hpp
[0.567s] -- Up-to-date: /home/cafsanchezdi/ros2_ws/install/sdv_msgs/include/sdv_msgs/sdv_msgs/msg/detail/imu_raw__struct.hpp
[0.567s] -- Up-to-date: /home/cafsanchezdi/ros2_ws/install/sdv_msgs/include/sdv_msgs/sdv_msgs/msg/detail/sdv_status__traits.hpp
[0.568s] -- Up-to-date: /home/cafsanchezdi/ros2_ws/install/sdv_msgs/include/sdv_msgs/sdv_msgs/msg/detail/sdv_status__type_support.hpp
[0.568s] -- Up-to-date: /home/cafsanchezdi/ros2_ws/install/sdv_msgs/include/sdv_msgs/sdv_msgs/msg/detail/buzzer__builder.hpp
[0.568s] -- Up-to-date: /home/cafsanchezdi/ros2_ws/install/sdv_msgs/include/sdv_msgs/sdv_msgs/msg/detail/battery__struct.hpp
[0.568s] -- Up-to-date: /home/cafsanchezdi/ros2_ws/install/sdv_msgs/include/sdv_msgs/sdv_msgs/msg/detail/flexiforce__traits.hpp
[0.568s] -- Up-to-date: /home/cafsanchezdi/ros2_ws/install/sdv_msgs/include/sdv_msgs/sdv_msgs/msg/detail/sdv_platform__traits.hpp
[0.568s] -- Up-to-date: /home/cafsanchezdi/ros2_ws/install/sdv_msgs/include/sdv_msgs/sdv_msgs/msg/detail/panel_button__struct.hpp
[0.568s] -- Up-to-date: /home/cafsanchezdi/ros2_ws/install/sdv_msgs/include/sdv_msgs/sdv_msgs/msg/detail/battery__traits.hpp
[0.568s] -- Up-to-date: /home/cafsanchezdi/ros2_ws/install/sdv_msgs/include/sdv_msgs/sdv_msgs/msg/detail/motor_driver__builder.hpp
[0.568s] -- Up-to-date: /home/cafsanchezdi/ros2_ws/install/sdv_msgs/include/sdv_msgs/sdv_msgs/msg/detail/led__struct.hpp
[0.568s] -- Up-to-date: /home/cafsanchezdi/ros2_ws/install/sdv_msgs/include/sdv_msgs/sdv_msgs/msg/detail/drivers__builder.hpp
[0.569s] -- Up-to-date: /home/cafsanchezdi/ros2_ws/install/sdv_msgs/include/sdv_msgs/sdv_msgs/msg/detail/batteries__type_support.hpp
[0.569s] -- Up-to-date: /home/cafsanchezdi/ros2_ws/install/sdv_msgs/include/sdv_msgs/sdv_msgs/msg/detail/imu_raw__type_support.hpp
[0.569s] -- Up-to-date: /home/cafsanchezdi/ros2_ws/install/sdv_msgs/include/sdv_msgs/sdv_msgs/msg/detail/four_motors__builder.hpp
[0.569s] -- Up-to-date: /home/cafsanchezdi/ros2_ws/install/sdv_msgs/include/sdv_msgs/sdv_msgs/msg/detail/drivers__struct.hpp
[0.569s] -- Up-to-date: /home/cafsanchezdi/ros2_ws/install/sdv_msgs/include/sdv_msgs/sdv_msgs/msg/detail/panel_button__builder.hpp
[0.570s] -- Up-to-date: /home/cafsanchezdi/ros2_ws/install/sdv_msgs/include/sdv_msgs/sdv_msgs/msg/detail/tag_rfid__type_support.hpp
[0.570s] -- Up-to-date: /home/cafsanchezdi/ros2_ws/install/sdv_msgs/include/sdv_msgs/sdv_msgs/msg/detail/drivers__traits.hpp
[0.570s] -- Up-to-date: /home/cafsanchezdi/ros2_ws/install/sdv_msgs/include/sdv_msgs/sdv_msgs/msg/detail/two_motors__type_support.hpp
[0.571s] -- Up-to-date: /home/cafsanchezdi/ros2_ws/install/sdv_msgs/include/sdv_msgs/sdv_msgs/msg/detail/encoder__traits.hpp
[0.571s] -- Up-to-date: /home/cafsanchezdi/ros2_ws/install/sdv_msgs/include/sdv_msgs/sdv_msgs/msg/detail/imu_raw__builder.hpp
[0.571s] -- Up-to-date: /home/cafsanchezdi/ros2_ws/install/sdv_msgs/include/sdv_msgs/sdv_msgs/msg/detail/batteries__traits.hpp
[0.571s] -- Up-to-date: /home/cafsanchezdi/ros2_ws/install/sdv_msgs/include/sdv_msgs/sdv_msgs/msg/detail/motor_driver__struct.hpp
[0.571s] -- Up-to-date: /home/cafsanchezdi/ros2_ws/install/sdv_msgs/include/sdv_msgs/sdv_msgs/msg/detail/motor_driver__type_support.hpp
[0.571s] -- Up-to-date: /home/cafsanchezdi/ros2_ws/install/sdv_msgs/include/sdv_msgs/sdv_msgs/msg/detail/sdv_status__builder.hpp
[0.571s] -- Up-to-date: /home/cafsanchezdi/ros2_ws/install/sdv_msgs/include/sdv_msgs/sdv_msgs/msg/detail/led__type_support.hpp
[0.571s] -- Up-to-date: /home/cafsanchezdi/ros2_ws/install/sdv_msgs/include/sdv_msgs/sdv_msgs/msg/detail/drivers__type_support.hpp
[0.571s] -- Up-to-date: /home/cafsanchezdi/ros2_ws/install/sdv_msgs/include/sdv_msgs/sdv_msgs/msg/detail/flexiforce__type_support.hpp
[0.572s] -- Up-to-date: /home/cafsanchezdi/ros2_ws/install/sdv_msgs/include/sdv_msgs/sdv_msgs/msg/detail/batteries__struct.hpp
[0.572s] -- Up-to-date: /home/cafsanchezdi/ros2_ws/install/sdv_msgs/include/sdv_msgs/sdv_msgs/msg/detail/four_motors__type_support.hpp
[0.572s] -- Up-to-date: /home/cafsanchezdi/ros2_ws/install/sdv_msgs/include/sdv_msgs/sdv_msgs/msg/detail/tag_rfid__builder.hpp
[0.572s] -- Up-to-date: /home/cafsanchezdi/ros2_ws/install/sdv_msgs/include/sdv_msgs/sdv_msgs/msg/detail/encoder__struct.hpp
[0.572s] -- Up-to-date: /home/cafsanchezdi/ros2_ws/install/sdv_msgs/include/sdv_msgs/sdv_msgs/msg/detail/ultrasound__type_support.hpp
[0.572s] -- Up-to-date: /home/cafsanchezdi/ros2_ws/install/sdv_msgs/include/sdv_msgs/sdv_msgs/msg/detail/battery__builder.hpp
[0.572s] -- Up-to-date: /home/cafsanchezdi/ros2_ws/install/sdv_msgs/include/sdv_msgs/sdv_msgs/msg/detail/battery__type_support.hpp
[0.572s] -- Up-to-date: /home/cafsanchezdi/ros2_ws/install/sdv_msgs/include/sdv_msgs/sdv_msgs/msg/detail/sdv_platform__struct.hpp
[0.572s] -- Up-to-date: /home/cafsanchezdi/ros2_ws/install/sdv_msgs/include/sdv_msgs/sdv_msgs/msg/detail/two_motors__struct.hpp
[0.572s] -- Up-to-date: /home/cafsanchezdi/ros2_ws/install/sdv_msgs/include/sdv_msgs/sdv_msgs/msg/detail/ultrasound__builder.hpp
[0.572s] -- Up-to-date: /home/cafsanchezdi/ros2_ws/install/sdv_msgs/include/sdv_msgs/sdv_msgs/msg/detail/panel_button__traits.hpp
[0.572s] -- Up-to-date: /home/cafsanchezdi/ros2_ws/install/sdv_msgs/include/sdv_msgs/sdv_msgs/msg/detail/led__traits.hpp
[0.572s] -- Up-to-date: /home/cafsanchezdi/ros2_ws/install/sdv_msgs/include/sdv_msgs/sdv_msgs/msg/detail/encoder__builder.hpp
[0.572s] -- Up-to-date: /home/cafsanchezdi/ros2_ws/install/sdv_msgs/include/sdv_msgs/sdv_msgs/msg/detail/tag_rfid__traits.hpp
[0.572s] -- Up-to-date: /home/cafsanchezdi/ros2_ws/install/sdv_msgs/include/sdv_msgs/sdv_msgs/msg/detail/tag_rfid__struct.hpp
[0.572s] -- Up-to-date: /home/cafsanchezdi/ros2_ws/install/sdv_msgs/include/sdv_msgs/sdv_msgs/msg/detail/flexiforce__struct.hpp
[0.572s] -- Up-to-date: /home/cafsanchezdi/ros2_ws/install/sdv_msgs/include/sdv_msgs/sdv_msgs/msg/detail/encoder__type_support.hpp
[0.572s] -- Up-to-date: /home/cafsanchezdi/ros2_ws/install/sdv_msgs/include/sdv_msgs/sdv_msgs/msg/detail/sdv_platform__type_support.hpp
[0.572s] -- Up-to-date: /home/cafsanchezdi/ros2_ws/install/sdv_msgs/include/sdv_msgs/sdv_msgs/msg/detail/imu_raw__traits.hpp
[0.573s] -- Up-to-date: /home/cafsanchezdi/ros2_ws/install/sdv_msgs/include/sdv_msgs/sdv_msgs/msg/detail/batteries__builder.hpp
[0.573s] -- Up-to-date: /home/cafsanchezdi/ros2_ws/install/sdv_msgs/include/sdv_msgs/sdv_msgs/msg/detail/buzzer__type_support.hpp
[0.573s] -- Up-to-date: /home/cafsanchezdi/ros2_ws/install/sdv_msgs/include/sdv_msgs/sdv_msgs/msg/detail/four_motors__traits.hpp
[0.573s] -- Up-to-date: /home/cafsanchezdi/ros2_ws/install/sdv_msgs/include/sdv_msgs/sdv_msgs/msg/detail/sdv_status__struct.hpp
[0.573s] -- Up-to-date: /home/cafsanchezdi/ros2_ws/install/sdv_msgs/include/sdv_msgs/sdv_msgs/msg/detail/motor_driver__traits.hpp
[0.573s] -- Up-to-date: /home/cafsanchezdi/ros2_ws/install/sdv_msgs/include/sdv_msgs/sdv_msgs/msg/detail/two_motors__builder.hpp
[0.573s] -- Up-to-date: /home/cafsanchezdi/ros2_ws/install/sdv_msgs/include/sdv_msgs/sdv_msgs/msg/detail/two_motors__traits.hpp
[0.573s] -- Up-to-date: /home/cafsanchezdi/ros2_ws/install/sdv_msgs/include/sdv_msgs/sdv_msgs/msg/detail/panel_button__type_support.hpp
[0.573s] -- Up-to-date: /home/cafsanchezdi/ros2_ws/install/sdv_msgs/include/sdv_msgs/sdv_msgs/msg/detail/led__builder.hpp
[0.573s] -- Up-to-date: /home/cafsanchezdi/ros2_ws/install/sdv_msgs/include/sdv_msgs/sdv_msgs/msg/detail/buzzer__traits.hpp
[0.573s] -- Up-to-date: /home/cafsanchezdi/ros2_ws/install/sdv_msgs/include/sdv_msgs/sdv_msgs/msg/detail/buzzer__struct.hpp
[0.573s] -- Up-to-date: /home/cafsanchezdi/ros2_ws/install/sdv_msgs/include/sdv_msgs/sdv_msgs/msg/detail/sdv_platform__builder.hpp
[0.573s] -- Up-to-date: /home/cafsanchezdi/ros2_ws/install/sdv_msgs/include/sdv_msgs/sdv_msgs/msg/sdv_status.hpp
[0.573s] -- Up-to-date: /home/cafsanchezdi/ros2_ws/install/sdv_msgs/include/sdv_msgs/sdv_msgs/msg/battery.hpp
[0.573s] -- Up-to-date: /home/cafsanchezdi/ros2_ws/install/sdv_msgs/include/sdv_msgs/sdv_msgs/msg/flexiforce.hpp
[0.573s] -- Up-to-date: /home/cafsanchezdi/ros2_ws/install/sdv_msgs/include/sdv_msgs/sdv_msgs
[0.573s] -- Up-to-date: /home/cafsanchezdi/ros2_ws/install/sdv_msgs/include/sdv_msgs/sdv_msgs/msg
[0.573s] -- Up-to-date: /home/cafsanchezdi/ros2_ws/install/sdv_msgs/include/sdv_msgs/sdv_msgs/msg/rosidl_typesupport_fastrtps_cpp__visibility_control.h
[0.573s] -- Up-to-date: /home/cafsanchezdi/ros2_ws/install/sdv_msgs/include/sdv_msgs/sdv_msgs/msg/detail
[0.573s] -- Up-to-date: /home/cafsanchezdi/ros2_ws/install/sdv_msgs/include/sdv_msgs/sdv_msgs/msg/detail/led__rosidl_typesupport_fastrtps_cpp.hpp
[0.573s] -- Up-to-date: /home/cafsanchezdi/ros2_ws/install/sdv_msgs/include/sdv_msgs/sdv_msgs/msg/detail/motor_driver__rosidl_typesupport_fastrtps_cpp.hpp
[0.574s] -- Up-to-date: /home/cafsanchezdi/ros2_ws/install/sdv_msgs/include/sdv_msgs/sdv_msgs/msg/detail/batteries__rosidl_typesupport_fastrtps_cpp.hpp
[0.574s] -- Up-to-date: /home/cafsanchezdi/ros2_ws/install/sdv_msgs/include/sdv_msgs/sdv_msgs/msg/detail/flexiforce__rosidl_typesupport_fastrtps_cpp.hpp
[0.574s] -- Up-to-date: /home/cafsanchezdi/ros2_ws/install/sdv_msgs/include/sdv_msgs/sdv_msgs/msg/detail/imu_raw__rosidl_typesupport_fastrtps_cpp.hpp
[0.574s] -- Up-to-date: /home/cafsanchezdi/ros2_ws/install/sdv_msgs/include/sdv_msgs/sdv_msgs/msg/detail/four_motors__rosidl_typesupport_fastrtps_cpp.hpp
[0.574s] -- Up-to-date: /home/cafsanchezdi/ros2_ws/install/sdv_msgs/include/sdv_msgs/sdv_msgs/msg/detail/battery__rosidl_typesupport_fastrtps_cpp.hpp
[0.574s] -- Up-to-date: /home/cafsanchezdi/ros2_ws/install/sdv_msgs/include/sdv_msgs/sdv_msgs/msg/detail/encoder__rosidl_typesupport_fastrtps_cpp.hpp
[0.574s] -- Up-to-date: /home/cafsanchezdi/ros2_ws/install/sdv_msgs/include/sdv_msgs/sdv_msgs/msg/detail/ultrasound__rosidl_typesupport_fastrtps_cpp.hpp
[0.574s] -- Up-to-date: /home/cafsanchezdi/ros2_ws/install/sdv_msgs/include/sdv_msgs/sdv_msgs/msg/detail/drivers__rosidl_typesupport_fastrtps_cpp.hpp
[0.574s] -- Up-to-date: /home/cafsanchezdi/ros2_ws/install/sdv_msgs/include/sdv_msgs/sdv_msgs/msg/detail/sdv_platform__rosidl_typesupport_fastrtps_cpp.hpp
[0.574s] -- Up-to-date: /home/cafsanchezdi/ros2_ws/install/sdv_msgs/include/sdv_msgs/sdv_msgs/msg/detail/dds_fastrtps
[0.574s] -- Up-to-date: /home/cafsanchezdi/ros2_ws/install/sdv_msgs/include/sdv_msgs/sdv_msgs/msg/detail/two_motors__rosidl_typesupport_fastrtps_cpp.hpp
[0.574s] -- Up-to-date: /home/cafsanchezdi/ros2_ws/install/sdv_msgs/include/sdv_msgs/sdv_msgs/msg/detail/sdv_status__rosidl_typesupport_fastrtps_cpp.hpp
[0.574s] -- Up-to-date: /home/cafsanchezdi/ros2_ws/install/sdv_msgs/include/sdv_msgs/sdv_msgs/msg/detail/tag_rfid__rosidl_typesupport_fastrtps_cpp.hpp
[0.574s] -- Up-to-date: /home/cafsanchezdi/ros2_ws/install/sdv_msgs/include/sdv_msgs/sdv_msgs/msg/detail/panel_button__rosidl_typesupport_fastrtps_cpp.hpp
[0.574s] -- Up-to-date: /home/cafsanchezdi/ros2_ws/install/sdv_msgs/include/sdv_msgs/sdv_msgs/msg/detail/buzzer__rosidl_typesupport_fastrtps_cpp.hpp
[0.574s] -- Up-to-date: /home/cafsanchezdi/ros2_ws/install/sdv_msgs/lib/libsdv_msgs__rosidl_typesupport_fastrtps_cpp.so
[0.574s] -- Up-to-date: /home/cafsanchezdi/ros2_ws/install/sdv_msgs/include/sdv_msgs/sdv_msgs
[0.574s] -- Up-to-date: /home/cafsanchezdi/ros2_ws/install/sdv_msgs/include/sdv_msgs/sdv_msgs/msg
[0.574s] -- Up-to-date: /home/cafsanchezdi/ros2_ws/install/sdv_msgs/include/sdv_msgs/sdv_msgs/msg/detail
[0.574s] -- Up-to-date: /home/cafsanchezdi/ros2_ws/install/sdv_msgs/include/sdv_msgs/sdv_msgs/msg/detail/ultrasound__rosidl_typesupport_introspection_cpp.hpp
[0.575s] -- Up-to-date: /home/cafsanchezdi/ros2_ws/install/sdv_msgs/include/sdv_msgs/sdv_msgs/msg/detail/panel_button__type_support.cpp
[0.575s] -- Up-to-date: /home/cafsanchezdi/ros2_ws/install/sdv_msgs/include/sdv_msgs/sdv_msgs/msg/detail/battery__type_support.cpp
[0.575s] -- Up-to-date: /home/cafsanchezdi/ros2_ws/install/sdv_msgs/include/sdv_msgs/sdv_msgs/msg/detail/tag_rfid__rosidl_typesupport_introspection_cpp.hpp
[0.575s] -- Up-to-date: /home/cafsanchezdi/ros2_ws/install/sdv_msgs/include/sdv_msgs/sdv_msgs/msg/detail/buzzer__rosidl_typesupport_introspection_cpp.hpp
[0.575s] -- Up-to-date: /home/cafsanchezdi/ros2_ws/install/sdv_msgs/include/sdv_msgs/sdv_msgs/msg/detail/encoder__rosidl_typesupport_introspection_cpp.hpp
[0.575s] -- Up-to-date: /home/cafsanchezdi/ros2_ws/install/sdv_msgs/include/sdv_msgs/sdv_msgs/msg/detail/ultrasound__type_support.cpp
[0.575s] -- Up-to-date: /home/cafsanchezdi/ros2_ws/install/sdv_msgs/include/sdv_msgs/sdv_msgs/msg/detail/sdv_status__type_support.cpp
[0.575s] -- Up-to-date: /home/cafsanchezdi/ros2_ws/install/sdv_msgs/include/sdv_msgs/sdv_msgs/msg/detail/four_motors__rosidl_typesupport_introspection_cpp.hpp
[0.575s] -- Up-to-date: /home/cafsanchezdi/ros2_ws/install/sdv_msgs/include/sdv_msgs/sdv_msgs/msg/detail/sdv_status__rosidl_typesupport_introspection_cpp.hpp
[0.575s] -- Up-to-date: /home/cafsanchezdi/ros2_ws/install/sdv_msgs/include/sdv_msgs/sdv_msgs/msg/detail/motor_driver__type_support.cpp
[0.575s] -- Up-to-date: /home/cafsanchezdi/ros2_ws/install/sdv_msgs/include/sdv_msgs/sdv_msgs/msg/detail/imu_raw__rosidl_typesupport_introspection_cpp.hpp
[0.575s] -- Up-to-date: /home/cafsanchezdi/ros2_ws/install/sdv_msgs/include/sdv_msgs/sdv_msgs/msg/detail/four_motors__type_support.cpp
[0.575s] -- Up-to-date: /home/cafsanchezdi/ros2_ws/install/sdv_msgs/include/sdv_msgs/sdv_msgs/msg/detail/flexiforce__type_support.cpp
[0.575s] -- Up-to-date: /home/cafsanchezdi/ros2_ws/install/sdv_msgs/include/sdv_msgs/sdv_msgs/msg/detail/batteries__rosidl_typesupport_introspection_cpp.hpp
[0.575s] -- Up-to-date: /home/cafsanchezdi/ros2_ws/install/sdv_msgs/include/sdv_msgs/sdv_msgs/msg/detail/battery__rosidl_typesupport_introspection_cpp.hpp
[0.575s] -- Up-to-date: /home/cafsanchezdi/ros2_ws/install/sdv_msgs/include/sdv_msgs/sdv_msgs/msg/detail/imu_raw__type_support.cpp
[0.575s] -- Up-to-date: /home/cafsanchezdi/ros2_ws/install/sdv_msgs/include/sdv_msgs/sdv_msgs/msg/detail/sdv_platform__rosidl_typesupport_introspection_cpp.hpp
[0.575s] -- Up-to-date: /home/cafsanchezdi/ros2_ws/install/sdv_msgs/include/sdv_msgs/sdv_msgs/msg/detail/two_motors__rosidl_typesupport_introspection_cpp.hpp
[0.575s] -- Up-to-date: /home/cafsanchezdi/ros2_ws/install/sdv_msgs/include/sdv_msgs/sdv_msgs/msg/detail/tag_rfid__type_support.cpp
[0.575s] -- Up-to-date: /home/cafsanchezdi/ros2_ws/install/sdv_msgs/include/sdv_msgs/sdv_msgs/msg/detail/drivers__rosidl_typesupport_introspection_cpp.hpp
[0.575s] -- Up-to-date: /home/cafsanchezdi/ros2_ws/install/sdv_msgs/include/sdv_msgs/sdv_msgs/msg/detail/flexiforce__rosidl_typesupport_introspection_cpp.hpp
[0.576s] -- Up-to-date: /home/cafsanchezdi/ros2_ws/install/sdv_msgs/include/sdv_msgs/sdv_msgs/msg/detail/drivers__type_support.cpp
[0.576s] -- Up-to-date: /home/cafsanchezdi/ros2_ws/install/sdv_msgs/include/sdv_msgs/sdv_msgs/msg/detail/led__type_support.cpp
[0.576s] -- Up-to-date: /home/cafsanchezdi/ros2_ws/install/sdv_msgs/include/sdv_msgs/sdv_msgs/msg/detail/batteries__type_support.cpp
[0.576s] -- Up-to-date: /home/cafsanchezdi/ros2_ws/install/sdv_msgs/include/sdv_msgs/sdv_msgs/msg/detail/panel_button__rosidl_typesupport_introspection_cpp.hpp
[0.576s] -- Up-to-date: /home/cafsanchezdi/ros2_ws/install/sdv_msgs/include/sdv_msgs/sdv_msgs/msg/detail/motor_driver__rosidl_typesupport_introspection_cpp.hpp
[0.576s] -- Up-to-date: /home/cafsanchezdi/ros2_ws/install/sdv_msgs/include/sdv_msgs/sdv_msgs/msg/detail/led__rosidl_typesupport_introspection_cpp.hpp
[0.576s] -- Up-to-date: /home/cafsanchezdi/ros2_ws/install/sdv_msgs/include/sdv_msgs/sdv_msgs/msg/detail/sdv_platform__type_support.cpp
[0.576s] -- Up-to-date: /home/cafsanchezdi/ros2_ws/install/sdv_msgs/include/sdv_msgs/sdv_msgs/msg/detail/two_motors__type_support.cpp
[0.576s] -- Up-to-date: /home/cafsanchezdi/ros2_ws/install/sdv_msgs/include/sdv_msgs/sdv_msgs/msg/detail/encoder__type_support.cpp
[0.576s] -- Up-to-date: /home/cafsanchezdi/ros2_ws/install/sdv_msgs/include/sdv_msgs/sdv_msgs/msg/detail/buzzer__type_support.cpp
[0.576s] -- Up-to-date: /home/cafsanchezdi/ros2_ws/install/sdv_msgs/lib/libsdv_msgs__rosidl_typesupport_introspection_cpp.so
[0.576s] -- Up-to-date: /home/cafsanchezdi/ros2_ws/install/sdv_msgs/lib/libsdv_msgs__rosidl_typesupport_cpp.so
[0.576s] -- Up-to-date: /home/cafsanchezdi/ros2_ws/install/sdv_msgs/share/sdv_msgs/environment/pythonpath.sh
[0.576s] -- Up-to-date: /home/cafsanchezdi/ros2_ws/install/sdv_msgs/share/sdv_msgs/environment/pythonpath.dsv
[0.576s] -- Up-to-date: /home/cafsanchezdi/ros2_ws/install/sdv_msgs/lib/python3.12/site-packages/sdv_msgs-0.0.1-py3.12.egg-info
[0.576s] -- Installing: /home/cafsanchezdi/ros2_ws/install/sdv_msgs/lib/python3.12/site-packages/sdv_msgs-0.0.1-py3.12.egg-info/PKG-INFO
[0.576s] -- Installing: /home/cafsanchezdi/ros2_ws/install/sdv_msgs/lib/python3.12/site-packages/sdv_msgs-0.0.1-py3.12.egg-info/dependency_links.txt
[0.576s] -- Installing: /home/cafsanchezdi/ros2_ws/install/sdv_msgs/lib/python3.12/site-packages/sdv_msgs-0.0.1-py3.12.egg-info/SOURCES.txt
[0.577s] -- Installing: /home/cafsanchezdi/ros2_ws/install/sdv_msgs/lib/python3.12/site-packages/sdv_msgs-0.0.1-py3.12.egg-info/top_level.txt
[0.577s] -- Up-to-date: /home/cafsanchezdi/ros2_ws/install/sdv_msgs/lib/python3.12/site-packages/sdv_msgs
[0.577s] -- Up-to-date: /home/cafsanchezdi/ros2_ws/install/sdv_msgs/lib/python3.12/site-packages/sdv_msgs/_sdv_msgs_s.ep.rosidl_typesupport_introspection_c.c
[0.577s] -- Up-to-date: /home/cafsanchezdi/ros2_ws/install/sdv_msgs/lib/python3.12/site-packages/sdv_msgs/_sdv_msgs_s.ep.rosidl_typesupport_fastrtps_c.c
[0.577s] -- Up-to-date: /home/cafsanchezdi/ros2_ws/install/sdv_msgs/lib/python3.12/site-packages/sdv_msgs/sdv_msgs_s__rosidl_typesupport_c.so
[0.577s] -- Up-to-date: /home/cafsanchezdi/ros2_ws/install/sdv_msgs/lib/python3.12/site-packages/sdv_msgs/msg
[0.577s] -- Up-to-date: /home/cafsanchezdi/ros2_ws/install/sdv_msgs/lib/python3.12/site-packages/sdv_msgs/msg/_motor_driver.py
[0.577s] -- Up-to-date: /home/cafsanchezdi/ros2_ws/install/sdv_msgs/lib/python3.12/site-packages/sdv_msgs/msg/_drivers.py
[0.577s] -- Up-to-date: /home/cafsanchezdi/ros2_ws/install/sdv_msgs/lib/python3.12/site-packages/sdv_msgs/msg/_battery_s.c
[0.577s] -- Up-to-date: /home/cafsanchezdi/ros2_ws/install/sdv_msgs/lib/python3.12/site-packages/sdv_msgs/msg/_sdv_platform_s.c
[0.577s] -- Up-to-date: /home/cafsanchezdi/ros2_ws/install/sdv_msgs/lib/python3.12/site-packages/sdv_msgs/msg/_two_motors.py
[0.577s] -- Up-to-date: /home/cafsanchezdi/ros2_ws/install/sdv_msgs/lib/python3.12/site-packages/sdv_msgs/msg/_batteries_s.c
[0.577s] -- Up-to-date: /home/cafsanchezdi/ros2_ws/install/sdv_msgs/lib/python3.12/site-packages/sdv_msgs/msg/_two_motors_s.c
[0.577s] -- Up-to-date: /home/cafsanchezdi/ros2_ws/install/sdv_msgs/lib/python3.12/site-packages/sdv_msgs/msg/_motor_driver_s.c
[0.577s] -- Up-to-date: /home/cafsanchezdi/ros2_ws/install/sdv_msgs/lib/python3.12/site-packages/sdv_msgs/msg/_tag_rfid_s.c
[0.577s] -- Up-to-date: /home/cafsanchezdi/ros2_ws/install/sdv_msgs/lib/python3.12/site-packages/sdv_msgs/msg/_buzzer.py
[0.577s] -- Up-to-date: /home/cafsanchezdi/ros2_ws/install/sdv_msgs/lib/python3.12/site-packages/sdv_msgs/msg/_flexiforce_s.c
[0.577s] -- Up-to-date: /home/cafsanchezdi/ros2_ws/install/sdv_msgs/lib/python3.12/site-packages/sdv_msgs/msg/_four_motors.py
[0.577s] -- Up-to-date: /home/cafsanchezdi/ros2_ws/install/sdv_msgs/lib/python3.12/site-packages/sdv_msgs/msg/_encoder.py
[0.577s] -- Up-to-date: /home/cafsanchezdi/ros2_ws/install/sdv_msgs/lib/python3.12/site-packages/sdv_msgs/msg/_flexiforce.py
[0.577s] -- Up-to-date: /home/cafsanchezdi/ros2_ws/install/sdv_msgs/lib/python3.12/site-packages/sdv_msgs/msg/_panel_button.py
[0.578s] -- Up-to-date: /home/cafsanchezdi/ros2_ws/install/sdv_msgs/lib/python3.12/site-packages/sdv_msgs/msg/_sdv_platform.py
[0.578s] -- Up-to-date: /home/cafsanchezdi/ros2_ws/install/sdv_msgs/lib/python3.12/site-packages/sdv_msgs/msg/_four_motors_s.c
[0.578s] -- Up-to-date: /home/cafsanchezdi/ros2_ws/install/sdv_msgs/lib/python3.12/site-packages/sdv_msgs/msg/_imu_raw_s.c
[0.578s] -- Up-to-date: /home/cafsanchezdi/ros2_ws/install/sdv_msgs/lib/python3.12/site-packages/sdv_msgs/msg/_ultrasound.py
[0.578s] -- Up-to-date: /home/cafsanchezdi/ros2_ws/install/sdv_msgs/lib/python3.12/site-packages/sdv_msgs/msg/_drivers_s.c
[0.578s] -- Up-to-date: /home/cafsanchezdi/ros2_ws/install/sdv_msgs/lib/python3.12/site-packages/sdv_msgs/msg/_sdv_status.py
[0.578s] -- Up-to-date: /home/cafsanchezdi/ros2_ws/install/sdv_msgs/lib/python3.12/site-packages/sdv_msgs/msg/_tag_rfid.py
[0.578s] -- Up-to-date: /home/cafsanchezdi/ros2_ws/install/sdv_msgs/lib/python3.12/site-packages/sdv_msgs/msg/_sdv_status_s.c
[0.578s] -- Up-to-date: /home/cafsanchezdi/ros2_ws/install/sdv_msgs/lib/python3.12/site-packages/sdv_msgs/msg/_led.py
[0.578s] -- Up-to-date: /home/cafsanchezdi/ros2_ws/install/sdv_msgs/lib/python3.12/site-packages/sdv_msgs/msg/_buzzer_s.c
[0.578s] -- Up-to-date: /home/cafsanchezdi/ros2_ws/install/sdv_msgs/lib/python3.12/site-packages/sdv_msgs/msg/_imu_raw.py
[0.578s] -- Up-to-date: /home/cafsanchezdi/ros2_ws/install/sdv_msgs/lib/python3.12/site-packages/sdv_msgs/msg/_battery.py
[0.578s] -- Up-to-date: /home/cafsanchezdi/ros2_ws/install/sdv_msgs/lib/python3.12/site-packages/sdv_msgs/msg/_led_s.c
[0.578s] -- Up-to-date: /home/cafsanchezdi/ros2_ws/install/sdv_msgs/lib/python3.12/site-packages/sdv_msgs/msg/_panel_button_s.c
[0.578s] -- Up-to-date: /home/cafsanchezdi/ros2_ws/install/sdv_msgs/lib/python3.12/site-packages/sdv_msgs/msg/_ultrasound_s.c
[0.578s] -- Up-to-date: /home/cafsanchezdi/ros2_ws/install/sdv_msgs/lib/python3.12/site-packages/sdv_msgs/msg/__init__.py
[0.578s] -- Up-to-date: /home/cafsanchezdi/ros2_ws/install/sdv_msgs/lib/python3.12/site-packages/sdv_msgs/msg/_encoder_s.c
[0.578s] -- Up-to-date: /home/cafsanchezdi/ros2_ws/install/sdv_msgs/lib/python3.12/site-packages/sdv_msgs/msg/_batteries.py
[0.578s] -- Up-to-date: /home/cafsanchezdi/ros2_ws/install/sdv_msgs/lib/python3.12/site-packages/sdv_msgs/sdv_msgs_s__rosidl_typesupport_fastrtps_c.so
[0.578s] -- Up-to-date: /home/cafsanchezdi/ros2_ws/install/sdv_msgs/lib/python3.12/site-packages/sdv_msgs/sdv_msgs_s__rosidl_typesupport_introspection_c.so
[0.578s] -- Up-to-date: /home/cafsanchezdi/ros2_ws/install/sdv_msgs/lib/python3.12/site-packages/sdv_msgs/__init__.py
[0.579s] -- Up-to-date: /home/cafsanchezdi/ros2_ws/install/sdv_msgs/lib/python3.12/site-packages/sdv_msgs/_sdv_msgs_s.ep.rosidl_typesupport_c.c
[0.606s] Listing '/home/cafsanchezdi/ros2_ws/install/sdv_msgs/lib/python3.12/site-packages/sdv_msgs'...
[0.606s] Listing '/home/cafsanchezdi/ros2_ws/install/sdv_msgs/lib/python3.12/site-packages/sdv_msgs/msg'...
[0.614s] -- Up-to-date: /home/cafsanchezdi/ros2_ws/install/sdv_msgs/lib/python3.12/site-packages/sdv_msgs/sdv_msgs_s__rosidl_typesupport_fastrtps_c.so
[0.615s] -- Up-to-date: /home/cafsanchezdi/ros2_ws/install/sdv_msgs/lib/python3.12/site-packages/sdv_msgs/sdv_msgs_s__rosidl_typesupport_introspection_c.so
[0.615s] -- Up-to-date: /home/cafsanchezdi/ros2_ws/install/sdv_msgs/lib/python3.12/site-packages/sdv_msgs/sdv_msgs_s__rosidl_typesupport_c.so
[0.615s] -- Up-to-date: /home/cafsanchezdi/ros2_ws/install/sdv_msgs/lib/libsdv_msgs__rosidl_generator_py.so
[0.616s] -- Up-to-date: /home/cafsanchezdi/ros2_ws/install/sdv_msgs/share/sdv_msgs/msg/Batteries.idl
[0.616s] -- Up-to-date: /home/cafsanchezdi/ros2_ws/install/sdv_msgs/share/sdv_msgs/msg/Battery.idl
[0.616s] -- Up-to-date: /home/cafsanchezdi/ros2_ws/install/sdv_msgs/share/sdv_msgs/msg/Buzzer.idl
[0.616s] -- Up-to-date: /home/cafsanchezdi/ros2_ws/install/sdv_msgs/share/sdv_msgs/msg/Drivers.idl
[0.616s] -- Up-to-date: /home/cafsanchezdi/ros2_ws/install/sdv_msgs/share/sdv_msgs/msg/Encoder.idl
[0.616s] -- Up-to-date: /home/cafsanchezdi/ros2_ws/install/sdv_msgs/share/sdv_msgs/msg/Flexiforce.idl
[0.616s] -- Up-to-date: /home/cafsanchezdi/ros2_ws/install/sdv_msgs/share/sdv_msgs/msg/FourMotors.idl
[0.616s] -- Up-to-date: /home/cafsanchezdi/ros2_ws/install/sdv_msgs/share/sdv_msgs/msg/ImuRaw.idl
[0.617s] -- Up-to-date: /home/cafsanchezdi/ros2_ws/install/sdv_msgs/share/sdv_msgs/msg/LED.idl
[0.617s] -- Up-to-date: /home/cafsanchezdi/ros2_ws/install/sdv_msgs/share/sdv_msgs/msg/MotorDriver.idl
[0.617s] -- Up-to-date: /home/cafsanchezdi/ros2_ws/install/sdv_msgs/share/sdv_msgs/msg/PanelButton.idl
[0.617s] -- Up-to-date: /home/cafsanchezdi/ros2_ws/install/sdv_msgs/share/sdv_msgs/msg/SdvPlatform.idl
[0.617s] -- Up-to-date: /home/cafsanchezdi/ros2_ws/install/sdv_msgs/share/sdv_msgs/msg/SdvStatus.idl
[0.618s] -- Up-to-date: /home/cafsanchezdi/ros2_ws/install/sdv_msgs/share/sdv_msgs/msg/TagRfid.idl
[0.618s] -- Up-to-date: /home/cafsanchezdi/ros2_ws/install/sdv_msgs/share/sdv_msgs/msg/TwoMotors.idl
[0.618s] -- Up-to-date: /home/cafsanchezdi/ros2_ws/install/sdv_msgs/share/sdv_msgs/msg/Ultrasound.idl
[0.618s] -- Up-to-date: /home/cafsanchezdi/ros2_ws/install/sdv_msgs/share/sdv_msgs/msg/Batteries.msg
[0.619s] -- Up-to-date: /home/cafsanchezdi/ros2_ws/install/sdv_msgs/share/sdv_msgs/msg/Battery.msg
[0.619s] -- Up-to-date: /home/cafsanchezdi/ros2_ws/install/sdv_msgs/share/sdv_msgs/msg/Buzzer.msg
[0.619s] -- Up-to-date: /home/cafsanchezdi/ros2_ws/install/sdv_msgs/share/sdv_msgs/msg/Drivers.msg
[0.619s] -- Up-to-date: /home/cafsanchezdi/ros2_ws/install/sdv_msgs/share/sdv_msgs/msg/Encoder.msg
[0.620s] -- Up-to-date: /home/cafsanchezdi/ros2_ws/install/sdv_msgs/share/sdv_msgs/msg/Flexiforce.msg
[0.620s] -- Up-to-date: /home/cafsanchezdi/ros2_ws/install/sdv_msgs/share/sdv_msgs/msg/FourMotors.msg
[0.620s] -- Up-to-date: /home/cafsanchezdi/ros2_ws/install/sdv_msgs/share/sdv_msgs/msg/ImuRaw.msg
[0.620s] -- Up-to-date: /home/cafsanchezdi/ros2_ws/install/sdv_msgs/share/sdv_msgs/msg/LED.msg
[0.621s] -- Up-to-date: /home/cafsanchezdi/ros2_ws/install/sdv_msgs/share/sdv_msgs/msg/MotorDriver.msg
[0.621s] -- Up-to-date: /home/cafsanchezdi/ros2_ws/install/sdv_msgs/share/sdv_msgs/msg/PanelButton.msg
[0.621s] -- Up-to-date: /home/cafsanchezdi/ros2_ws/install/sdv_msgs/share/sdv_msgs/msg/SdvPlatform.msg
[0.621s] -- Up-to-date: /home/cafsanchezdi/ros2_ws/install/sdv_msgs/share/sdv_msgs/msg/SdvStatus.msg
[0.621s] -- Up-to-date: /home/cafsanchezdi/ros2_ws/install/sdv_msgs/share/sdv_msgs/msg/TagRfid.msg
[0.621s] -- Up-to-date: /home/cafsanchezdi/ros2_ws/install/sdv_msgs/share/sdv_msgs/msg/TwoMotors.msg
[0.621s] -- Up-to-date: /home/cafsanchezdi/ros2_ws/install/sdv_msgs/share/sdv_msgs/msg/Ultrasound.msg
[0.621s] -- Up-to-date: /home/cafsanchezdi/ros2_ws/install/sdv_msgs/share/ament_index/resource_index/package_run_dependencies/sdv_msgs
[0.621s] -- Up-to-date: /home/cafsanchezdi/ros2_ws/install/sdv_msgs/share/ament_index/resource_index/parent_prefix_path/sdv_msgs
[0.621s] -- Up-to-date: /home/cafsanchezdi/ros2_ws/install/sdv_msgs/share/sdv_msgs/environment/ament_prefix_path.sh
[0.622s] -- Up-to-date: /home/cafsanchezdi/ros2_ws/install/sdv_msgs/share/sdv_msgs/environment/ament_prefix_path.dsv
[0.622s] -- Up-to-date: /home/cafsanchezdi/ros2_ws/install/sdv_msgs/share/sdv_msgs/environment/path.sh
[0.622s] -- Up-to-date: /home/cafsanchezdi/ros2_ws/install/sdv_msgs/share/sdv_msgs/environment/path.dsv
[0.622s] -- Up-to-date: /home/cafsanchezdi/ros2_ws/install/sdv_msgs/share/sdv_msgs/local_setup.bash
[0.622s] -- Up-to-date: /home/cafsanchezdi/ros2_ws/install/sdv_msgs/share/sdv_msgs/local_setup.sh
[0.622s] -- Up-to-date: /home/cafsanchezdi/ros2_ws/install/sdv_msgs/share/sdv_msgs/local_setup.zsh
[0.622s] -- Up-to-date: /home/cafsanchezdi/ros2_ws/install/sdv_msgs/share/sdv_msgs/local_setup.dsv
[0.622s] -- Installing: /home/cafsanchezdi/ros2_ws/install/sdv_msgs/share/sdv_msgs/package.dsv
[0.622s] -- Up-to-date: /home/cafsanchezdi/ros2_ws/install/sdv_msgs/share/ament_index/resource_index/packages/sdv_msgs
[0.622s] -- Up-to-date: /home/cafsanchezdi/ros2_ws/install/sdv_msgs/share/sdv_msgs/cmake/export_sdv_msgs__rosidl_generator_cExport.cmake
[0.622s] -- Up-to-date: /home/cafsanchezdi/ros2_ws/install/sdv_msgs/share/sdv_msgs/cmake/export_sdv_msgs__rosidl_generator_cExport-noconfig.cmake
[0.622s] -- Up-to-date: /home/cafsanchezdi/ros2_ws/install/sdv_msgs/share/sdv_msgs/cmake/export_sdv_msgs__rosidl_typesupport_fastrtps_cExport.cmake
[0.622s] -- Up-to-date: /home/cafsanchezdi/ros2_ws/install/sdv_msgs/share/sdv_msgs/cmake/export_sdv_msgs__rosidl_typesupport_fastrtps_cExport-noconfig.cmake
[0.622s] -- Up-to-date: /home/cafsanchezdi/ros2_ws/install/sdv_msgs/share/sdv_msgs/cmake/sdv_msgs__rosidl_typesupport_introspection_cExport.cmake
[0.623s] -- Up-to-date: /home/cafsanchezdi/ros2_ws/install/sdv_msgs/share/sdv_msgs/cmake/sdv_msgs__rosidl_typesupport_introspection_cExport-noconfig.cmake
[0.623s] -- Up-to-date: /home/cafsanchezdi/ros2_ws/install/sdv_msgs/share/sdv_msgs/cmake/sdv_msgs__rosidl_typesupport_cExport.cmake
[0.623s] -- Up-to-date: /home/cafsanchezdi/ros2_ws/install/sdv_msgs/share/sdv_msgs/cmake/sdv_msgs__rosidl_typesupport_cExport-noconfig.cmake
[0.623s] -- Up-to-date: /home/cafsanchezdi/ros2_ws/install/sdv_msgs/share/sdv_msgs/cmake/export_sdv_msgs__rosidl_generator_cppExport.cmake
[0.623s] -- Up-to-date: /home/cafsanchezdi/ros2_ws/install/sdv_msgs/share/sdv_msgs/cmake/export_sdv_msgs__rosidl_typesupport_fastrtps_cppExport.cmake
[0.623s] -- Up-to-date: /home/cafsanchezdi/ros2_ws/install/sdv_msgs/share/sdv_msgs/cmake/export_sdv_msgs__rosidl_typesupport_fastrtps_cppExport-noconfig.cmake
[0.623s] -- Up-to-date: /home/cafsanchezdi/ros2_ws/install/sdv_msgs/share/sdv_msgs/cmake/sdv_msgs__rosidl_typesupport_introspection_cppExport.cmake
[0.623s] -- Up-to-date: /home/cafsanchezdi/ros2_ws/install/sdv_msgs/share/sdv_msgs/cmake/sdv_msgs__rosidl_typesupport_introspection_cppExport-noconfig.cmake
[0.623s] -- Up-to-date: /home/cafsanchezdi/ros2_ws/install/sdv_msgs/share/sdv_msgs/cmake/sdv_msgs__rosidl_typesupport_cppExport.cmake
[0.623s] -- Up-to-date: /home/cafsanchezdi/ros2_ws/install/sdv_msgs/share/sdv_msgs/cmake/sdv_msgs__rosidl_typesupport_cppExport-noconfig.cmake
[0.623s] -- Up-to-date: /home/cafsanchezdi/ros2_ws/install/sdv_msgs/share/sdv_msgs/cmake/export_sdv_msgs__rosidl_generator_pyExport.cmake
[0.623s] -- Up-to-date: /home/cafsanchezdi/ros2_ws/install/sdv_msgs/share/sdv_msgs/cmake/export_sdv_msgs__rosidl_generator_pyExport-noconfig.cmake
[0.623s] -- Up-to-date: /home/cafsanchezdi/ros2_ws/install/sdv_msgs/share/sdv_msgs/cmake/rosidl_cmake-extras.cmake
[0.623s] -- Up-to-date: /home/cafsanchezdi/ros2_ws/install/sdv_msgs/share/sdv_msgs/cmake/ament_cmake_export_dependencies-extras.cmake
[0.623s] -- Up-to-date: /home/cafsanchezdi/ros2_ws/install/sdv_msgs/share/sdv_msgs/cmake/ament_cmake_export_include_directories-extras.cmake
[0.623s] -- Up-to-date: /home/cafsanchezdi/ros2_ws/install/sdv_msgs/share/sdv_msgs/cmake/ament_cmake_export_libraries-extras.cmake
[0.623s] -- Up-to-date: /home/cafsanchezdi/ros2_ws/install/sdv_msgs/share/sdv_msgs/cmake/ament_cmake_export_targets-extras.cmake
[0.623s] -- Up-to-date: /home/cafsanchezdi/ros2_ws/install/sdv_msgs/share/sdv_msgs/cmake/rosidl_cmake_export_typesupport_targets-extras.cmake
[0.623s] -- Up-to-date: /home/cafsanchezdi/ros2_ws/install/sdv_msgs/share/sdv_msgs/cmake/rosidl_cmake_export_typesupport_libraries-extras.cmake
[0.623s] -- Up-to-date: /home/cafsanchezdi/ros2_ws/install/sdv_msgs/share/sdv_msgs/cmake/sdv_msgsConfig.cmake
[0.624s] -- Up-to-date: /home/cafsanchezdi/ros2_ws/install/sdv_msgs/share/sdv_msgs/cmake/sdv_msgsConfig-version.cmake
[0.624s] -- Up-to-date: /home/cafsanchezdi/ros2_ws/install/sdv_msgs/share/sdv_msgs/package.xml
[0.626s] Invoked command in '/home/cafsanchezdi/ros2_ws/build/sdv_msgs' returned '0': CMAKE_PREFIX_PATH=${CMAKE_PREFIX_PATH}:/opt/ros/jazzy DEBUGINFOD_URLS=https://debuginfod.ubuntu.com /usr/bin/cmake --install /home/cafsanchezdi/ros2_ws/build/sdv_msgs
