[0.175s] DEBUG:colcon:Command line arguments: ['/usr/bin/colcon', 'build', '--symlink-install', '--packages-select', 'sdv_serial', '--cmake-args', '-DCMAKE_VERBOSE_MAKEFILE=ON']
[0.175s] DEBUG:colcon:Parsed command line arguments: Namespace(log_base=None, log_level=None, verb_name='build', build_base='build', install_base='install', merge_install=False, symlink_install=True, test_result_base=None, continue_on_error=False, executor='parallel', parallel_workers=4, event_handlers=None, ignore_user_meta=False, metas=['./colcon.meta'], base_paths=['.'], packages_ignore=None, packages_ignore_regex=None, paths=None, packages_up_to=None, packages_up_to_regex=None, packages_above=None, packages_above_and_dependencies=None, packages_above_depth=None, packages_select_by_dep=None, packages_skip_by_dep=None, packages_skip_up_to=None, packages_select_build_failed=False, packages_skip_build_finished=False, packages_select_test_failures=False, packages_skip_test_passed=False, packages_select=['sdv_serial'], packages_skip=None, packages_select_regex=None, packages_skip_regex=None, packages_start=None, packages_end=None, allow_overriding=[], cmake_args=['-DCMAKE_VERBOSE_MAKEFILE=ON'], cmake_target=None, cmake_target_skip_unavailable=False, cmake_clean_cache=False, cmake_clean_first=False, cmake_force_configure=False, ament_cmake_args=None, catkin_cmake_args=None, catkin_skip_building_tests=False, mixin_files=None, mixin=None, verb_parser=<colcon_mixin.mixin.mixin_argument.MixinArgumentDecorator object at 0x7792e377b440>, verb_extension=<colcon_core.verb.build.BuildVerb object at 0x7792e377ac30>, main=<bound method BuildVerb.main of <colcon_core.verb.build.BuildVerb object at 0x7792e377ac30>>, mixin_verb=('build',))
[0.236s] Level 1:colcon.colcon_core.package_discovery:discover_packages(colcon_meta) check parameters
[0.237s] Level 1:colcon.colcon_core.package_discovery:discover_packages(recursive) check parameters
[0.237s] Level 1:colcon.colcon_core.package_discovery:discover_packages(ignore) check parameters
[0.237s] Level 1:colcon.colcon_core.package_discovery:discover_packages(path) check parameters
[0.237s] Level 1:colcon.colcon_core.package_discovery:discover_packages(colcon_meta) discover
[0.237s] Level 1:colcon.colcon_core.package_discovery:discover_packages(recursive) discover
[0.237s] INFO:colcon.colcon_core.package_discovery:Crawling recursively for packages in '/home/cafsanchezdi/ros2_ws'
[0.237s] Level 1:colcon.colcon_core.package_identification:_identify(.) by extensions ['ignore', 'ignore_ament_install']
[0.237s] Level 1:colcon.colcon_core.package_identification:_identify(.) by extension 'ignore'
[0.237s] Level 1:colcon.colcon_core.package_identification:_identify(.) by extension 'ignore_ament_install'
[0.238s] Level 1:colcon.colcon_core.package_identification:_identify(.) by extensions ['colcon_pkg']
[0.238s] Level 1:colcon.colcon_core.package_identification:_identify(.) by extension 'colcon_pkg'
[0.238s] Level 1:colcon.colcon_core.package_identification:_identify(.) by extensions ['colcon_meta']
[0.238s] Level 1:colcon.colcon_core.package_identification:_identify(.) by extension 'colcon_meta'
[0.238s] Level 1:colcon.colcon_core.package_identification:_identify(.) by extensions ['ros']
[0.238s] Level 1:colcon.colcon_core.package_identification:_identify(.) by extension 'ros'
[0.279s] Level 1:colcon.colcon_core.package_identification:_identify(.) by extensions ['cmake', 'python']
[0.279s] Level 1:colcon.colcon_core.package_identification:_identify(.) by extension 'cmake'
[0.280s] Level 1:colcon.colcon_core.package_identification:_identify(.) by extension 'python'
[0.280s] Level 1:colcon.colcon_core.package_identification:_identify(.) by extensions ['python_setup_py']
[0.280s] Level 1:colcon.colcon_core.package_identification:_identify(.) by extension 'python_setup_py'
[0.280s] Level 1:colcon.colcon_core.package_identification:_identify(build) by extensions ['ignore', 'ignore_ament_install']
[0.280s] Level 1:colcon.colcon_core.package_identification:_identify(build) by extension 'ignore'
[0.280s] Level 1:colcon.colcon_core.package_identification:_identify(build) ignored
[0.281s] Level 1:colcon.colcon_core.package_identification:_identify(install) by extensions ['ignore', 'ignore_ament_install']
[0.281s] Level 1:colcon.colcon_core.package_identification:_identify(install) by extension 'ignore'
[0.281s] Level 1:colcon.colcon_core.package_identification:_identify(install) ignored
[0.281s] Level 1:colcon.colcon_core.package_identification:_identify(log) by extensions ['ignore', 'ignore_ament_install']
[0.282s] Level 1:colcon.colcon_core.package_identification:_identify(log) by extension 'ignore'
[0.282s] Level 1:colcon.colcon_core.package_identification:_identify(log) ignored
[0.282s] Level 1:colcon.colcon_core.package_identification:_identify(src) by extensions ['ignore', 'ignore_ament_install']
[0.282s] Level 1:colcon.colcon_core.package_identification:_identify(src) by extension 'ignore'
[0.282s] Level 1:colcon.colcon_core.package_identification:_identify(src) by extension 'ignore_ament_install'
[0.282s] Level 1:colcon.colcon_core.package_identification:_identify(src) by extensions ['colcon_pkg']
[0.282s] Level 1:colcon.colcon_core.package_identification:_identify(src) by extension 'colcon_pkg'
[0.283s] Level 1:colcon.colcon_core.package_identification:_identify(src) by extensions ['colcon_meta']
[0.283s] Level 1:colcon.colcon_core.package_identification:_identify(src) by extension 'colcon_meta'
[0.283s] Level 1:colcon.colcon_core.package_identification:_identify(src) by extensions ['ros']
[0.283s] Level 1:colcon.colcon_core.package_identification:_identify(src) by extension 'ros'
[0.283s] Level 1:colcon.colcon_core.package_identification:_identify(src) by extensions ['cmake', 'python']
[0.283s] Level 1:colcon.colcon_core.package_identification:_identify(src) by extension 'cmake'
[0.283s] Level 1:colcon.colcon_core.package_identification:_identify(src) by extension 'python'
[0.283s] Level 1:colcon.colcon_core.package_identification:_identify(src) by extensions ['python_setup_py']
[0.284s] Level 1:colcon.colcon_core.package_identification:_identify(src) by extension 'python_setup_py'
[0.284s] Level 1:colcon.colcon_core.package_identification:_identify(src/robot_pose_publisher) by extensions ['ignore', 'ignore_ament_install']
[0.284s] Level 1:colcon.colcon_core.package_identification:_identify(src/robot_pose_publisher) by extension 'ignore'
[0.284s] Level 1:colcon.colcon_core.package_identification:_identify(src/robot_pose_publisher) by extension 'ignore_ament_install'
[0.284s] Level 1:colcon.colcon_core.package_identification:_identify(src/robot_pose_publisher) by extensions ['colcon_pkg']
[0.284s] Level 1:colcon.colcon_core.package_identification:_identify(src/robot_pose_publisher) by extension 'colcon_pkg'
[0.285s] Level 1:colcon.colcon_core.package_identification:_identify(src/robot_pose_publisher) by extensions ['colcon_meta']
[0.285s] Level 1:colcon.colcon_core.package_identification:_identify(src/robot_pose_publisher) by extension 'colcon_meta'
[0.285s] Level 1:colcon.colcon_core.package_identification:_identify(src/robot_pose_publisher) by extensions ['ros']
[0.285s] Level 1:colcon.colcon_core.package_identification:_identify(src/robot_pose_publisher) by extension 'ros'
[0.288s] DEBUG:colcon.colcon_core.package_identification:Failed to parse potential ROS package manifest in'src/robot_pose_publisher': Error(s) in package 'src/robot_pose_publisher/package.xml':
The manifest must contain exactly one "description" tag
[0.288s] Level 1:colcon.colcon_core.package_identification:_identify(src/robot_pose_publisher) by extensions ['cmake', 'python']
[0.288s] Level 1:colcon.colcon_core.package_identification:_identify(src/robot_pose_publisher) by extension 'cmake'
[0.291s] Level 1:colcon.colcon_core.package_identification:_identify(src/robot_pose_publisher) by extension 'python'
[0.291s] DEBUG:colcon.colcon_core.package_identification:Package 'src/robot_pose_publisher' with type 'cmake' and name 'robot_pose_publisher'
[0.291s] Level 1:colcon.colcon_core.package_identification:_identify(src/sdv_scripts) by extensions ['ignore', 'ignore_ament_install']
[0.292s] Level 1:colcon.colcon_core.package_identification:_identify(src/sdv_scripts) by extension 'ignore'
[0.292s] Level 1:colcon.colcon_core.package_identification:_identify(src/sdv_scripts) by extension 'ignore_ament_install'
[0.292s] Level 1:colcon.colcon_core.package_identification:_identify(src/sdv_scripts) by extensions ['colcon_pkg']
[0.292s] Level 1:colcon.colcon_core.package_identification:_identify(src/sdv_scripts) by extension 'colcon_pkg'
[0.292s] Level 1:colcon.colcon_core.package_identification:_identify(src/sdv_scripts) by extensions ['colcon_meta']
[0.292s] Level 1:colcon.colcon_core.package_identification:_identify(src/sdv_scripts) by extension 'colcon_meta'
[0.292s] Level 1:colcon.colcon_core.package_identification:_identify(src/sdv_scripts) by extensions ['ros']
[0.293s] Level 1:colcon.colcon_core.package_identification:_identify(src/sdv_scripts) by extension 'ros'
[0.295s] DEBUG:colcon.colcon_core.package_identification:Package 'src/sdv_scripts' with type 'ros.ament_cmake' and name 'sdv_scripts'
[0.295s] Level 1:colcon.colcon_core.package_identification:_identify(src/sdv_un_ros) by extensions ['ignore', 'ignore_ament_install']
[0.295s] Level 1:colcon.colcon_core.package_identification:_identify(src/sdv_un_ros) by extension 'ignore'
[0.295s] Level 1:colcon.colcon_core.package_identification:_identify(src/sdv_un_ros) by extension 'ignore_ament_install'
[0.295s] Level 1:colcon.colcon_core.package_identification:_identify(src/sdv_un_ros) by extensions ['colcon_pkg']
[0.295s] Level 1:colcon.colcon_core.package_identification:_identify(src/sdv_un_ros) by extension 'colcon_pkg'
[0.295s] Level 1:colcon.colcon_core.package_identification:_identify(src/sdv_un_ros) by extensions ['colcon_meta']
[0.296s] Level 1:colcon.colcon_core.package_identification:_identify(src/sdv_un_ros) by extension 'colcon_meta'
[0.296s] Level 1:colcon.colcon_core.package_identification:_identify(src/sdv_un_ros) by extensions ['ros']
[0.296s] Level 1:colcon.colcon_core.package_identification:_identify(src/sdv_un_ros) by extension 'ros'
[0.296s] Level 1:colcon.colcon_core.package_identification:_identify(src/sdv_un_ros) by extensions ['cmake', 'python']
[0.296s] Level 1:colcon.colcon_core.package_identification:_identify(src/sdv_un_ros) by extension 'cmake'
[0.296s] Level 1:colcon.colcon_core.package_identification:_identify(src/sdv_un_ros) by extension 'python'
[0.296s] Level 1:colcon.colcon_core.package_identification:_identify(src/sdv_un_ros) by extensions ['python_setup_py']
[0.296s] Level 1:colcon.colcon_core.package_identification:_identify(src/sdv_un_ros) by extension 'python_setup_py'
[0.296s] Level 1:colcon.colcon_core.package_identification:_identify(src/sdv_un_ros/sdv_joystick) by extensions ['ignore', 'ignore_ament_install']
[0.296s] Level 1:colcon.colcon_core.package_identification:_identify(src/sdv_un_ros/sdv_joystick) by extension 'ignore'
[0.296s] Level 1:colcon.colcon_core.package_identification:_identify(src/sdv_un_ros/sdv_joystick) by extension 'ignore_ament_install'
[0.297s] Level 1:colcon.colcon_core.package_identification:_identify(src/sdv_un_ros/sdv_joystick) by extensions ['colcon_pkg']
[0.297s] Level 1:colcon.colcon_core.package_identification:_identify(src/sdv_un_ros/sdv_joystick) by extension 'colcon_pkg'
[0.297s] Level 1:colcon.colcon_core.package_identification:_identify(src/sdv_un_ros/sdv_joystick) by extensions ['colcon_meta']
[0.297s] Level 1:colcon.colcon_core.package_identification:_identify(src/sdv_un_ros/sdv_joystick) by extension 'colcon_meta'
[0.297s] Level 1:colcon.colcon_core.package_identification:_identify(src/sdv_un_ros/sdv_joystick) by extensions ['ros']
[0.297s] Level 1:colcon.colcon_core.package_identification:_identify(src/sdv_un_ros/sdv_joystick) by extension 'ros'
[0.298s] DEBUG:colcon.colcon_core.package_identification:Package 'src/sdv_un_ros/sdv_joystick' with type 'ros.ament_cmake' and name 'sdv_joystick'
[0.298s] Level 1:colcon.colcon_core.package_identification:_identify(src/sdv_un_ros/sdv_nav) by extensions ['ignore', 'ignore_ament_install']
[0.298s] Level 1:colcon.colcon_core.package_identification:_identify(src/sdv_un_ros/sdv_nav) by extension 'ignore'
[0.298s] Level 1:colcon.colcon_core.package_identification:_identify(src/sdv_un_ros/sdv_nav) by extension 'ignore_ament_install'
[0.298s] Level 1:colcon.colcon_core.package_identification:_identify(src/sdv_un_ros/sdv_nav) by extensions ['colcon_pkg']
[0.298s] Level 1:colcon.colcon_core.package_identification:_identify(src/sdv_un_ros/sdv_nav) by extension 'colcon_pkg'
[0.298s] Level 1:colcon.colcon_core.package_identification:_identify(src/sdv_un_ros/sdv_nav) by extensions ['colcon_meta']
[0.299s] Level 1:colcon.colcon_core.package_identification:_identify(src/sdv_un_ros/sdv_nav) by extension 'colcon_meta'
[0.299s] Level 1:colcon.colcon_core.package_identification:_identify(src/sdv_un_ros/sdv_nav) by extensions ['ros']
[0.299s] Level 1:colcon.colcon_core.package_identification:_identify(src/sdv_un_ros/sdv_nav) by extension 'ros'
[0.300s] DEBUG:colcon.colcon_core.package_identification:Package 'src/sdv_un_ros/sdv_nav' with type 'ros.ament_cmake' and name 'sdv_nav'
[0.300s] Level 1:colcon.colcon_core.package_identification:_identify(src/sdv_un_ros/sdv_process) by extensions ['ignore', 'ignore_ament_install']
[0.300s] Level 1:colcon.colcon_core.package_identification:_identify(src/sdv_un_ros/sdv_process) by extension 'ignore'
[0.300s] Level 1:colcon.colcon_core.package_identification:_identify(src/sdv_un_ros/sdv_process) by extension 'ignore_ament_install'
[0.300s] Level 1:colcon.colcon_core.package_identification:_identify(src/sdv_un_ros/sdv_process) by extensions ['colcon_pkg']
[0.300s] Level 1:colcon.colcon_core.package_identification:_identify(src/sdv_un_ros/sdv_process) by extension 'colcon_pkg'
[0.300s] Level 1:colcon.colcon_core.package_identification:_identify(src/sdv_un_ros/sdv_process) by extensions ['colcon_meta']
[0.300s] Level 1:colcon.colcon_core.package_identification:_identify(src/sdv_un_ros/sdv_process) by extension 'colcon_meta'
[0.301s] Level 1:colcon.colcon_core.package_identification:_identify(src/sdv_un_ros/sdv_process) by extensions ['ros']
[0.301s] Level 1:colcon.colcon_core.package_identification:_identify(src/sdv_un_ros/sdv_process) by extension 'ros'
[0.302s] DEBUG:colcon.colcon_core.package_identification:Package 'src/sdv_un_ros/sdv_process' with type 'ros.ament_cmake' and name 'sdv_process'
[0.302s] Level 1:colcon.colcon_core.package_identification:_identify(src/sdv_un_ros/sdv_serial) by extensions ['ignore', 'ignore_ament_install']
[0.302s] Level 1:colcon.colcon_core.package_identification:_identify(src/sdv_un_ros/sdv_serial) by extension 'ignore'
[0.302s] Level 1:colcon.colcon_core.package_identification:_identify(src/sdv_un_ros/sdv_serial) by extension 'ignore_ament_install'
[0.302s] Level 1:colcon.colcon_core.package_identification:_identify(src/sdv_un_ros/sdv_serial) by extensions ['colcon_pkg']
[0.302s] Level 1:colcon.colcon_core.package_identification:_identify(src/sdv_un_ros/sdv_serial) by extension 'colcon_pkg'
[0.303s] Level 1:colcon.colcon_core.package_identification:_identify(src/sdv_un_ros/sdv_serial) by extensions ['colcon_meta']
[0.303s] Level 1:colcon.colcon_core.package_identification:_identify(src/sdv_un_ros/sdv_serial) by extension 'colcon_meta'
[0.303s] Level 1:colcon.colcon_core.package_identification:_identify(src/sdv_un_ros/sdv_serial) by extensions ['ros']
[0.303s] Level 1:colcon.colcon_core.package_identification:_identify(src/sdv_un_ros/sdv_serial) by extension 'ros'
[0.304s] DEBUG:colcon.colcon_core.package_identification:Package 'src/sdv_un_ros/sdv_serial' with type 'ros.catkin' and name 'sdv_serial'
[0.304s] Level 1:colcon.colcon_core.package_identification:_identify(src/serial_driver) by extensions ['ignore', 'ignore_ament_install']
[0.304s] Level 1:colcon.colcon_core.package_identification:_identify(src/serial_driver) by extension 'ignore'
[0.304s] Level 1:colcon.colcon_core.package_identification:_identify(src/serial_driver) by extension 'ignore_ament_install'
[0.304s] Level 1:colcon.colcon_core.package_identification:_identify(src/serial_driver) by extensions ['colcon_pkg']
[0.304s] Level 1:colcon.colcon_core.package_identification:_identify(src/serial_driver) by extension 'colcon_pkg'
[0.304s] Level 1:colcon.colcon_core.package_identification:_identify(src/serial_driver) by extensions ['colcon_meta']
[0.304s] Level 1:colcon.colcon_core.package_identification:_identify(src/serial_driver) by extension 'colcon_meta'
[0.304s] Level 1:colcon.colcon_core.package_identification:_identify(src/serial_driver) by extensions ['ros']
[0.304s] Level 1:colcon.colcon_core.package_identification:_identify(src/serial_driver) by extension 'ros'
[0.306s] DEBUG:colcon.colcon_core.package_identification:Package 'src/serial_driver' with type 'ros.ament_cmake' and name 'serial_driver'
[0.306s] Level 1:colcon.colcon_core.package_identification:_identify(src/sick_scan_xd) by extensions ['ignore', 'ignore_ament_install']
[0.306s] Level 1:colcon.colcon_core.package_identification:_identify(src/sick_scan_xd) by extension 'ignore'
[0.306s] Level 1:colcon.colcon_core.package_identification:_identify(src/sick_scan_xd) by extension 'ignore_ament_install'
[0.306s] Level 1:colcon.colcon_core.package_identification:_identify(src/sick_scan_xd) by extensions ['colcon_pkg']
[0.306s] Level 1:colcon.colcon_core.package_identification:_identify(src/sick_scan_xd) by extension 'colcon_pkg'
[0.306s] Level 1:colcon.colcon_core.package_identification:_identify(src/sick_scan_xd) by extensions ['colcon_meta']
[0.306s] Level 1:colcon.colcon_core.package_identification:_identify(src/sick_scan_xd) by extension 'colcon_meta'
[0.306s] Level 1:colcon.colcon_core.package_identification:_identify(src/sick_scan_xd) by extensions ['ros']
[0.306s] Level 1:colcon.colcon_core.package_identification:_identify(src/sick_scan_xd) by extension 'ros'
[0.306s] Level 1:colcon.colcon_core.package_identification:_identify(src/sick_scan_xd) by extensions ['cmake', 'python']
[0.306s] Level 1:colcon.colcon_core.package_identification:_identify(src/sick_scan_xd) by extension 'cmake'
[0.307s] Level 1:colcon.colcon_core.package_identification:_identify(src/sick_scan_xd) by extension 'python'
[0.307s] Level 1:colcon.colcon_core.package_identification:_identify(src/sick_scan_xd) by extensions ['python_setup_py']
[0.307s] Level 1:colcon.colcon_core.package_identification:_identify(src/sick_scan_xd) by extension 'python_setup_py'
[0.307s] Level 1:colcon.colcon_core.package_identification:_identify(src/sick_scan_xd/sick_scan_xd) by extensions ['ignore', 'ignore_ament_install']
[0.307s] Level 1:colcon.colcon_core.package_identification:_identify(src/sick_scan_xd/sick_scan_xd) by extension 'ignore'
[0.307s] Level 1:colcon.colcon_core.package_identification:_identify(src/sick_scan_xd/sick_scan_xd) by extension 'ignore_ament_install'
[0.307s] Level 1:colcon.colcon_core.package_identification:_identify(src/sick_scan_xd/sick_scan_xd) by extensions ['colcon_pkg']
[0.307s] Level 1:colcon.colcon_core.package_identification:_identify(src/sick_scan_xd/sick_scan_xd) by extension 'colcon_pkg'
[0.307s] Level 1:colcon.colcon_core.package_identification:_identify(src/sick_scan_xd/sick_scan_xd) by extensions ['colcon_meta']
[0.307s] Level 1:colcon.colcon_core.package_identification:_identify(src/sick_scan_xd/sick_scan_xd) by extension 'colcon_meta'
[0.307s] Level 1:colcon.colcon_core.package_identification:_identify(src/sick_scan_xd/sick_scan_xd) by extensions ['ros']
[0.307s] Level 1:colcon.colcon_core.package_identification:_identify(src/sick_scan_xd/sick_scan_xd) by extension 'ros'
[0.324s] DEBUG:colcon.colcon_core.package_identification:Package 'src/sick_scan_xd/sick_scan_xd' with type 'ros.ament_cmake' and name 'sick_scan_xd'
[0.324s] Level 1:colcon.colcon_core.package_identification:_identify(venv) by extensions ['ignore', 'ignore_ament_install']
[0.324s] Level 1:colcon.colcon_core.package_identification:_identify(venv) by extension 'ignore'
[0.324s] Level 1:colcon.colcon_core.package_identification:_identify(venv) by extension 'ignore_ament_install'
[0.325s] Level 1:colcon.colcon_core.package_identification:_identify(venv) by extensions ['colcon_pkg']
[0.325s] Level 1:colcon.colcon_core.package_identification:_identify(venv) by extension 'colcon_pkg'
[0.325s] Level 1:colcon.colcon_core.package_identification:_identify(venv) by extensions ['colcon_meta']
[0.325s] Level 1:colcon.colcon_core.package_identification:_identify(venv) by extension 'colcon_meta'
[0.325s] Level 1:colcon.colcon_core.package_identification:_identify(venv) by extensions ['ros']
[0.325s] Level 1:colcon.colcon_core.package_identification:_identify(venv) by extension 'ros'
[0.325s] Level 1:colcon.colcon_core.package_identification:_identify(venv) by extensions ['cmake', 'python']
[0.325s] Level 1:colcon.colcon_core.package_identification:_identify(venv) by extension 'cmake'
[0.325s] Level 1:colcon.colcon_core.package_identification:_identify(venv) by extension 'python'
[0.325s] Level 1:colcon.colcon_core.package_identification:_identify(venv) by extensions ['python_setup_py']
[0.325s] Level 1:colcon.colcon_core.package_identification:_identify(venv) by extension 'python_setup_py'
[0.325s] Level 1:colcon.colcon_core.package_identification:_identify(venv/bin) by extensions ['ignore', 'ignore_ament_install']
[0.325s] Level 1:colcon.colcon_core.package_identification:_identify(venv/bin) by extension 'ignore'
[0.326s] Level 1:colcon.colcon_core.package_identification:_identify(venv/bin) by extension 'ignore_ament_install'
[0.326s] Level 1:colcon.colcon_core.package_identification:_identify(venv/bin) by extensions ['colcon_pkg']
[0.326s] Level 1:colcon.colcon_core.package_identification:_identify(venv/bin) by extension 'colcon_pkg'
[0.326s] Level 1:colcon.colcon_core.package_identification:_identify(venv/bin) by extensions ['colcon_meta']
[0.326s] Level 1:colcon.colcon_core.package_identification:_identify(venv/bin) by extension 'colcon_meta'
[0.326s] Level 1:colcon.colcon_core.package_identification:_identify(venv/bin) by extensions ['ros']
[0.326s] Level 1:colcon.colcon_core.package_identification:_identify(venv/bin) by extension 'ros'
[0.326s] Level 1:colcon.colcon_core.package_identification:_identify(venv/bin) by extensions ['cmake', 'python']
[0.326s] Level 1:colcon.colcon_core.package_identification:_identify(venv/bin) by extension 'cmake'
[0.326s] Level 1:colcon.colcon_core.package_identification:_identify(venv/bin) by extension 'python'
[0.326s] Level 1:colcon.colcon_core.package_identification:_identify(venv/bin) by extensions ['python_setup_py']
[0.326s] Level 1:colcon.colcon_core.package_identification:_identify(venv/bin) by extension 'python_setup_py'
[0.326s] Level 1:colcon.colcon_core.package_identification:_identify(venv/include) by extensions ['ignore', 'ignore_ament_install']
[0.327s] Level 1:colcon.colcon_core.package_identification:_identify(venv/include) by extension 'ignore'
[0.327s] Level 1:colcon.colcon_core.package_identification:_identify(venv/include) by extension 'ignore_ament_install'
[0.327s] Level 1:colcon.colcon_core.package_identification:_identify(venv/include) by extensions ['colcon_pkg']
[0.327s] Level 1:colcon.colcon_core.package_identification:_identify(venv/include) by extension 'colcon_pkg'
[0.327s] Level 1:colcon.colcon_core.package_identification:_identify(venv/include) by extensions ['colcon_meta']
[0.327s] Level 1:colcon.colcon_core.package_identification:_identify(venv/include) by extension 'colcon_meta'
[0.327s] Level 1:colcon.colcon_core.package_identification:_identify(venv/include) by extensions ['ros']
[0.327s] Level 1:colcon.colcon_core.package_identification:_identify(venv/include) by extension 'ros'
[0.327s] Level 1:colcon.colcon_core.package_identification:_identify(venv/include) by extensions ['cmake', 'python']
[0.327s] Level 1:colcon.colcon_core.package_identification:_identify(venv/include) by extension 'cmake'
[0.327s] Level 1:colcon.colcon_core.package_identification:_identify(venv/include) by extension 'python'
[0.327s] Level 1:colcon.colcon_core.package_identification:_identify(venv/include) by extensions ['python_setup_py']
[0.327s] Level 1:colcon.colcon_core.package_identification:_identify(venv/include) by extension 'python_setup_py'
[0.328s] Level 1:colcon.colcon_core.package_identification:_identify(venv/include/python3.12) by extensions ['ignore', 'ignore_ament_install']
[0.328s] Level 1:colcon.colcon_core.package_identification:_identify(venv/include/python3.12) by extension 'ignore'
[0.328s] Level 1:colcon.colcon_core.package_identification:_identify(venv/include/python3.12) by extension 'ignore_ament_install'
[0.328s] Level 1:colcon.colcon_core.package_identification:_identify(venv/include/python3.12) by extensions ['colcon_pkg']
[0.328s] Level 1:colcon.colcon_core.package_identification:_identify(venv/include/python3.12) by extension 'colcon_pkg'
[0.328s] Level 1:colcon.colcon_core.package_identification:_identify(venv/include/python3.12) by extensions ['colcon_meta']
[0.328s] Level 1:colcon.colcon_core.package_identification:_identify(venv/include/python3.12) by extension 'colcon_meta'
[0.328s] Level 1:colcon.colcon_core.package_identification:_identify(venv/include/python3.12) by extensions ['ros']
[0.328s] Level 1:colcon.colcon_core.package_identification:_identify(venv/include/python3.12) by extension 'ros'
[0.328s] Level 1:colcon.colcon_core.package_identification:_identify(venv/include/python3.12) by extensions ['cmake', 'python']
[0.328s] Level 1:colcon.colcon_core.package_identification:_identify(venv/include/python3.12) by extension 'cmake'
[0.328s] Level 1:colcon.colcon_core.package_identification:_identify(venv/include/python3.12) by extension 'python'
[0.328s] Level 1:colcon.colcon_core.package_identification:_identify(venv/include/python3.12) by extensions ['python_setup_py']
[0.329s] Level 1:colcon.colcon_core.package_identification:_identify(venv/include/python3.12) by extension 'python_setup_py'
[0.329s] Level 1:colcon.colcon_core.package_identification:_identify(venv/lib) by extensions ['ignore', 'ignore_ament_install']
[0.329s] Level 1:colcon.colcon_core.package_identification:_identify(venv/lib) by extension 'ignore'
[0.329s] Level 1:colcon.colcon_core.package_identification:_identify(venv/lib) by extension 'ignore_ament_install'
[0.329s] Level 1:colcon.colcon_core.package_identification:_identify(venv/lib) by extensions ['colcon_pkg']
[0.329s] Level 1:colcon.colcon_core.package_identification:_identify(venv/lib) by extension 'colcon_pkg'
[0.329s] Level 1:colcon.colcon_core.package_identification:_identify(venv/lib) by extensions ['colcon_meta']
[0.329s] Level 1:colcon.colcon_core.package_identification:_identify(venv/lib) by extension 'colcon_meta'
[0.329s] Level 1:colcon.colcon_core.package_identification:_identify(venv/lib) by extensions ['ros']
[0.329s] Level 1:colcon.colcon_core.package_identification:_identify(venv/lib) by extension 'ros'
[0.329s] Level 1:colcon.colcon_core.package_identification:_identify(venv/lib) by extensions ['cmake', 'python']
[0.329s] Level 1:colcon.colcon_core.package_identification:_identify(venv/lib) by extension 'cmake'
[0.329s] Level 1:colcon.colcon_core.package_identification:_identify(venv/lib) by extension 'python'
[0.330s] Level 1:colcon.colcon_core.package_identification:_identify(venv/lib) by extensions ['python_setup_py']
[0.330s] Level 1:colcon.colcon_core.package_identification:_identify(venv/lib) by extension 'python_setup_py'
[0.330s] Level 1:colcon.colcon_core.package_identification:_identify(venv/lib/python3.12) by extensions ['ignore', 'ignore_ament_install']
[0.330s] Level 1:colcon.colcon_core.package_identification:_identify(venv/lib/python3.12) by extension 'ignore'
[0.330s] Level 1:colcon.colcon_core.package_identification:_identify(venv/lib/python3.12) by extension 'ignore_ament_install'
[0.330s] Level 1:colcon.colcon_core.package_identification:_identify(venv/lib/python3.12) by extensions ['colcon_pkg']
[0.330s] Level 1:colcon.colcon_core.package_identification:_identify(venv/lib/python3.12) by extension 'colcon_pkg'
[0.330s] Level 1:colcon.colcon_core.package_identification:_identify(venv/lib/python3.12) by extensions ['colcon_meta']
[0.330s] Level 1:colcon.colcon_core.package_identification:_identify(venv/lib/python3.12) by extension 'colcon_meta'
[0.330s] Level 1:colcon.colcon_core.package_identification:_identify(venv/lib/python3.12) by extensions ['ros']
[0.330s] Level 1:colcon.colcon_core.package_identification:_identify(venv/lib/python3.12) by extension 'ros'
[0.330s] Level 1:colcon.colcon_core.package_identification:_identify(venv/lib/python3.12) by extensions ['cmake', 'python']
[0.331s] Level 1:colcon.colcon_core.package_identification:_identify(venv/lib/python3.12) by extension 'cmake'
[0.331s] Level 1:colcon.colcon_core.package_identification:_identify(venv/lib/python3.12) by extension 'python'
[0.331s] Level 1:colcon.colcon_core.package_identification:_identify(venv/lib/python3.12) by extensions ['python_setup_py']
[0.331s] Level 1:colcon.colcon_core.package_identification:_identify(venv/lib/python3.12) by extension 'python_setup_py'
[0.331s] Level 1:colcon.colcon_core.package_identification:_identify(venv/lib/python3.12/site-packages) by extensions ['ignore', 'ignore_ament_install']
[0.331s] Level 1:colcon.colcon_core.package_identification:_identify(venv/lib/python3.12/site-packages) by extension 'ignore'
[0.331s] Level 1:colcon.colcon_core.package_identification:_identify(venv/lib/python3.12/site-packages) by extension 'ignore_ament_install'
[0.331s] Level 1:colcon.colcon_core.package_identification:_identify(venv/lib/python3.12/site-packages) by extensions ['colcon_pkg']
[0.331s] Level 1:colcon.colcon_core.package_identification:_identify(venv/lib/python3.12/site-packages) by extension 'colcon_pkg'
[0.331s] Level 1:colcon.colcon_core.package_identification:_identify(venv/lib/python3.12/site-packages) by extensions ['colcon_meta']
[0.331s] Level 1:colcon.colcon_core.package_identification:_identify(venv/lib/python3.12/site-packages) by extension 'colcon_meta'
[0.331s] Level 1:colcon.colcon_core.package_identification:_identify(venv/lib/python3.12/site-packages) by extensions ['ros']
[0.331s] Level 1:colcon.colcon_core.package_identification:_identify(venv/lib/python3.12/site-packages) by extension 'ros'
[0.332s] Level 1:colcon.colcon_core.package_identification:_identify(venv/lib/python3.12/site-packages) by extensions ['cmake', 'python']
[0.332s] Level 1:colcon.colcon_core.package_identification:_identify(venv/lib/python3.12/site-packages) by extension 'cmake'
[0.332s] Level 1:colcon.colcon_core.package_identification:_identify(venv/lib/python3.12/site-packages) by extension 'python'
[0.332s] Level 1:colcon.colcon_core.package_identification:_identify(venv/lib/python3.12/site-packages) by extensions ['python_setup_py']
[0.332s] Level 1:colcon.colcon_core.package_identification:_identify(venv/lib/python3.12/site-packages) by extension 'python_setup_py'
[0.332s] Level 1:colcon.colcon_core.package_discovery:discover_packages(recursive) using defaults
[0.332s] Level 1:colcon.colcon_core.package_discovery:discover_packages(ignore) discover
[0.332s] Level 1:colcon.colcon_core.package_discovery:discover_packages(ignore) using defaults
[0.332s] Level 1:colcon.colcon_core.package_discovery:discover_packages(path) discover
[0.332s] Level 1:colcon.colcon_core.package_discovery:discover_packages(path) using defaults
[0.359s] INFO:colcon.colcon_core.package_selection:Skipping not selected package 'robot_pose_publisher' in 'src/robot_pose_publisher'
[0.360s] INFO:colcon.colcon_core.package_selection:Skipping not selected package 'sdv_joystick' in 'src/sdv_un_ros/sdv_joystick'
[0.360s] INFO:colcon.colcon_core.package_selection:Skipping not selected package 'sdv_nav' in 'src/sdv_un_ros/sdv_nav'
[0.360s] INFO:colcon.colcon_core.package_selection:Skipping not selected package 'sdv_process' in 'src/sdv_un_ros/sdv_process'
[0.360s] INFO:colcon.colcon_core.package_selection:Skipping not selected package 'sdv_scripts' in 'src/sdv_scripts'
[0.360s] INFO:colcon.colcon_core.package_selection:Skipping not selected package 'serial_driver' in 'src/serial_driver'
[0.360s] INFO:colcon.colcon_core.package_selection:Skipping not selected package 'sick_scan_xd' in 'src/sick_scan_xd/sick_scan_xd'
[0.360s] Level 1:colcon.colcon_core.package_discovery:discover_packages(prefix_path) check parameters
[0.360s] Level 1:colcon.colcon_core.package_discovery:discover_packages(prefix_path) discover
[0.362s] WARNING:colcon.colcon_ros.prefix_path.ament:The path '/home/cafsanchezdi/ros2_ws/install/serial_driver' in the environment variable AMENT_PREFIX_PATH doesn't exist
[0.362s] WARNING:colcon.colcon_ros.prefix_path.catkin:The path '/home/cafsanchezdi/ros2_ws/install/serial_driver' in the environment variable CMAKE_PREFIX_PATH doesn't exist
[0.363s] DEBUG:colcon.colcon_installed_package_information.package_discovery:Found 0 installed packages in /home/cafsanchezdi/ros2_ws/install
[0.368s] DEBUG:colcon.colcon_installed_package_information.package_discovery:Found 374 installed packages in /opt/ros/jazzy
[0.371s] Level 1:colcon.colcon_core.package_discovery:discover_packages(prefix_path) using defaults
[0.477s] Level 5:colcon.colcon_core.verb:set package 'sdv_serial' build argument 'cmake_args' from command line to '['-DCMAKE_VERBOSE_MAKEFILE=ON']'
[0.478s] Level 5:colcon.colcon_core.verb:set package 'sdv_serial' build argument 'cmake_target' from command line to 'None'
[0.478s] Level 5:colcon.colcon_core.verb:set package 'sdv_serial' build argument 'cmake_target_skip_unavailable' from command line to 'False'
[0.478s] Level 5:colcon.colcon_core.verb:set package 'sdv_serial' build argument 'cmake_clean_cache' from command line to 'False'
[0.478s] Level 5:colcon.colcon_core.verb:set package 'sdv_serial' build argument 'cmake_clean_first' from command line to 'False'
[0.478s] Level 5:colcon.colcon_core.verb:set package 'sdv_serial' build argument 'cmake_force_configure' from command line to 'False'
[0.478s] Level 5:colcon.colcon_core.verb:set package 'sdv_serial' build argument 'ament_cmake_args' from command line to 'None'
[0.478s] Level 5:colcon.colcon_core.verb:set package 'sdv_serial' build argument 'catkin_cmake_args' from command line to 'None'
[0.478s] Level 5:colcon.colcon_core.verb:set package 'sdv_serial' build argument 'catkin_skip_building_tests' from command line to 'False'
[0.478s] DEBUG:colcon.colcon_core.verb:Building package 'sdv_serial' with the following arguments: {'ament_cmake_args': None, 'build_base': '/home/cafsanchezdi/ros2_ws/build/sdv_serial', 'catkin_cmake_args': None, 'catkin_skip_building_tests': False, 'cmake_args': ['-DCMAKE_VERBOSE_MAKEFILE=ON'], 'cmake_clean_cache': False, 'cmake_clean_first': False, 'cmake_force_configure': False, 'cmake_target': None, 'cmake_target_skip_unavailable': False, 'install_base': '/home/cafsanchezdi/ros2_ws/install/sdv_serial', 'merge_install': False, 'path': '/home/cafsanchezdi/ros2_ws/src/sdv_un_ros/sdv_serial', 'symlink_install': True, 'test_result_base': None}
[0.478s] INFO:colcon.colcon_core.executor:Executing jobs using 'parallel' executor
[0.480s] DEBUG:colcon.colcon_parallel_executor.executor.parallel:run_until_complete
[0.480s] INFO:colcon.colcon_ros.task.catkin.build:Building ROS package in '/home/cafsanchezdi/ros2_ws/src/sdv_un_ros/sdv_serial' with build type 'catkin'
[0.480s] INFO:colcon.colcon_cmake.task.cmake.build:Building CMake package in '/home/cafsanchezdi/ros2_ws/src/sdv_un_ros/sdv_serial'
[0.485s] INFO:colcon.colcon_core.plugin_system:Skipping extension 'colcon_core.shell.bat': Not used on non-Windows systems
[0.486s] INFO:colcon.colcon_core.shell:Skip shell extension 'powershell' for command environment: Not usable outside of PowerShell
[0.486s] DEBUG:colcon.colcon_core.shell:Skip shell extension 'dsv' for command environment
[0.492s] WARNING:colcon.colcon_core.shell:The following packages are in the workspace but haven't been built:
- serial_driver
They are being used from the following locations instead:
- /opt/ros/jazzy
To suppress this warning ignore these packages in the workspace:
--packages-ignore serial_driver
[0.506s] DEBUG:colcon.colcon_core.event_handler.log_command:Invoking command in '/home/cafsanchezdi/ros2_ws/build/sdv_serial': DEBUGINFOD_URLS=https://debuginfod.ubuntu.com /usr/bin/cmake /home/cafsanchezdi/ros2_ws/src/sdv_un_ros/sdv_serial -DCMAKE_VERBOSE_MAKEFILE=ON -DCATKIN_INSTALL_INTO_PREFIX_ROOT=0 -DCATKIN_SYMLINK_INSTALL=ON -DCMAKE_INSTALL_PREFIX=/home/cafsanchezdi/ros2_ws/install/sdv_serial
[7.457s] DEBUG:colcon.colcon_core.event_handler.log_command:Invoked command in '/home/cafsanchezdi/ros2_ws/build/sdv_serial' returned '0': DEBUGINFOD_URLS=https://debuginfod.ubuntu.com /usr/bin/cmake /home/cafsanchezdi/ros2_ws/src/sdv_un_ros/sdv_serial -DCMAKE_VERBOSE_MAKEFILE=ON -DCATKIN_INSTALL_INTO_PREFIX_ROOT=0 -DCATKIN_SYMLINK_INSTALL=ON -DCMAKE_INSTALL_PREFIX=/home/cafsanchezdi/ros2_ws/install/sdv_serial
[7.460s] DEBUG:colcon.colcon_core.event_handler.log_command:Invoking command in '/home/cafsanchezdi/ros2_ws/build/sdv_serial': DEBUGINFOD_URLS=https://debuginfod.ubuntu.com /usr/bin/cmake --build /home/cafsanchezdi/ros2_ws/build/sdv_serial -- -j4 -l4
[37.315s] DEBUG:colcon.colcon_core.event_handler.log_command:Invoked command in '/home/cafsanchezdi/ros2_ws/build/sdv_serial' returned '2': DEBUGINFOD_URLS=https://debuginfod.ubuntu.com /usr/bin/cmake --build /home/cafsanchezdi/ros2_ws/build/sdv_serial -- -j4 -l4
[37.315s] Level 1:colcon.colcon_core.shell:create_environment_hook('sdv_serial', 'ros_package_path')
[37.315s] INFO:colcon.colcon_core.shell:Creating environment hook '/home/cafsanchezdi/ros2_ws/install/sdv_serial/share/sdv_serial/hook/ros_package_path.ps1'
[37.316s] INFO:colcon.colcon_core.shell:Creating environment descriptor '/home/cafsanchezdi/ros2_ws/install/sdv_serial/share/sdv_serial/hook/ros_package_path.dsv'
[37.317s] INFO:colcon.colcon_core.shell:Creating environment hook '/home/cafsanchezdi/ros2_ws/install/sdv_serial/share/sdv_serial/hook/ros_package_path.sh'
[37.318s] Level 1:colcon.colcon_ros.task.catkin:checking '/home/cafsanchezdi/ros2_ws/install/sdv_serial/lib/python3.12/site-packages'
[37.319s] Level 1:colcon.colcon_core.shell:create_environment_hook('sdv_serial', 'pkg_config_path')
[37.320s] INFO:colcon.colcon_core.shell:Creating environment hook '/home/cafsanchezdi/ros2_ws/install/sdv_serial/share/sdv_serial/hook/pkg_config_path.ps1'
[37.321s] INFO:colcon.colcon_core.shell:Creating environment descriptor '/home/cafsanchezdi/ros2_ws/install/sdv_serial/share/sdv_serial/hook/pkg_config_path.dsv'
[37.323s] INFO:colcon.colcon_core.shell:Creating environment hook '/home/cafsanchezdi/ros2_ws/install/sdv_serial/share/sdv_serial/hook/pkg_config_path.sh'
[37.327s] Level 1:colcon.colcon_core.shell:create_environment_hook('sdv_serial', 'pkg_config_path_multiarch')
[37.327s] INFO:colcon.colcon_core.shell:Creating environment hook '/home/cafsanchezdi/ros2_ws/install/sdv_serial/share/sdv_serial/hook/pkg_config_path_multiarch.ps1'
[37.329s] INFO:colcon.colcon_core.shell:Creating environment descriptor '/home/cafsanchezdi/ros2_ws/install/sdv_serial/share/sdv_serial/hook/pkg_config_path_multiarch.dsv'
[37.331s] INFO:colcon.colcon_core.shell:Creating environment hook '/home/cafsanchezdi/ros2_ws/install/sdv_serial/share/sdv_serial/hook/pkg_config_path_multiarch.sh'
[37.335s] Level 1:colcon.colcon_core.environment:create_environment_scripts_only(sdv_serial)
[37.345s] Level 1:colcon.colcon_core.environment:checking '/home/cafsanchezdi/ros2_ws/install/sdv_serial' for CMake module files
[37.347s] Level 1:colcon.colcon_core.environment:checking '/home/cafsanchezdi/ros2_ws/install/sdv_serial' for CMake config files
[37.348s] Level 1:colcon.colcon_core.environment:checking '/home/cafsanchezdi/ros2_ws/install/sdv_serial/bin'
[37.349s] Level 1:colcon.colcon_core.environment:checking '/home/cafsanchezdi/ros2_ws/install/sdv_serial/lib/pkgconfig/sdv_serial.pc'
[37.350s] Level 1:colcon.colcon_core.environment:checking '/home/cafsanchezdi/ros2_ws/install/sdv_serial/lib/python3.12/site-packages'
[37.350s] Level 1:colcon.colcon_core.environment:checking '/home/cafsanchezdi/ros2_ws/install/sdv_serial/bin'
[37.351s] INFO:colcon.colcon_core.shell:Creating package script '/home/cafsanchezdi/ros2_ws/install/sdv_serial/share/sdv_serial/package.ps1'
[37.354s] INFO:colcon.colcon_core.shell:Creating package descriptor '/home/cafsanchezdi/ros2_ws/install/sdv_serial/share/sdv_serial/package.dsv'
[37.356s] INFO:colcon.colcon_core.shell:Creating package script '/home/cafsanchezdi/ros2_ws/install/sdv_serial/share/sdv_serial/package.sh'
[37.359s] INFO:colcon.colcon_core.shell:Creating package script '/home/cafsanchezdi/ros2_ws/install/sdv_serial/share/sdv_serial/package.bash'
[37.361s] INFO:colcon.colcon_core.shell:Creating package script '/home/cafsanchezdi/ros2_ws/install/sdv_serial/share/sdv_serial/package.zsh'
[37.363s] Level 1:colcon.colcon_core.environment:create_file_with_runtime_dependencies(/home/cafsanchezdi/ros2_ws/install/sdv_serial/share/colcon-core/packages/sdv_serial)
[37.374s] DEBUG:colcon.colcon_parallel_executor.executor.parallel:closing loop
[37.374s] DEBUG:colcon.colcon_parallel_executor.executor.parallel:loop closed
[37.375s] DEBUG:colcon.colcon_parallel_executor.executor.parallel:run_until_complete finished with '2'
[37.375s] DEBUG:colcon.colcon_core.event_reactor:joining thread
[37.403s] INFO:colcon.colcon_core.plugin_system:Skipping extension 'colcon_notification.desktop_notification.terminal_notifier': Not used on non-Darwin systems
[37.404s] INFO:colcon.colcon_core.plugin_system:Skipping extension 'colcon_notification.desktop_notification.win32': Not used on non-Windows systems
[37.404s] INFO:colcon.colcon_notification.desktop_notification:Sending desktop notification using 'notify2'
[37.441s] DEBUG:colcon.colcon_core.event_reactor:joined thread
[37.442s] INFO:colcon.colcon_core.shell:Creating prefix script '/home/cafsanchezdi/ros2_ws/install/local_setup.ps1'
[37.444s] INFO:colcon.colcon_core.shell:Creating prefix util module '/home/cafsanchezdi/ros2_ws/install/_local_setup_util_ps1.py'
[37.447s] INFO:colcon.colcon_core.shell:Creating prefix chain script '/home/cafsanchezdi/ros2_ws/install/setup.ps1'
[37.450s] INFO:colcon.colcon_core.shell:Creating prefix script '/home/cafsanchezdi/ros2_ws/install/local_setup.sh'
[37.451s] INFO:colcon.colcon_core.shell:Creating prefix util module '/home/cafsanchezdi/ros2_ws/install/_local_setup_util_sh.py'
[37.453s] INFO:colcon.colcon_core.shell:Creating prefix chain script '/home/cafsanchezdi/ros2_ws/install/setup.sh'
[37.457s] INFO:colcon.colcon_core.shell:Creating prefix script '/home/cafsanchezdi/ros2_ws/install/local_setup.bash'
[37.458s] INFO:colcon.colcon_core.shell:Creating prefix chain script '/home/cafsanchezdi/ros2_ws/install/setup.bash'
[37.460s] INFO:colcon.colcon_core.shell:Creating prefix script '/home/cafsanchezdi/ros2_ws/install/local_setup.zsh'
[37.461s] INFO:colcon.colcon_core.shell:Creating prefix chain script '/home/cafsanchezdi/ros2_ws/install/setup.zsh'
