[01m[K/home/cafsanchezdi/ros2_ws/src/sdv_un_ros/sdv_serial/src/sdv_serial_node2.cpp:[m[K In constructor ‘[01m[KSDVSerialNode::[01;32m[KSDVSerialNode[m[K()[m[K’:
[01m[K/home/cafsanchezdi/ros2_ws/src/sdv_un_ros/sdv_serial/src/sdv_serial_node2.cpp:42:83:[m[K [01;31m[Kerror: [m[Kno matching function for call to ‘[01m[Kdrivers::serial_driver::SerialDriver::SerialDriver()[m[K’
   42 |   SDVSerialNode() : Node("sdv_serial_node"), board_is_ok_(false), baudrate_(115200[01;31m[K)[m[K
      |                                                                                   [01;31m[K^[m[K
In file included from [01m[K/home/cafsanchezdi/ros2_ws/src/sdv_un_ros/sdv_serial/src/sdv_serial_node2.cpp:23[m[K:
[01m[K/opt/ros/jazzy/include/serial_driver/serial_driver.hpp:32:12:[m[K [01;36m[Knote: [m[Kcandidate: ‘[01m[Kdrivers::serial_driver::SerialDriver::[01;32m[KSerialDriver[m[K(const drivers::common::IoContext&)[m[K’
   32 |   explicit [01;36m[KSerialDriver[m[K(const IoContext & ctx);
      |            [01;36m[K^~~~~~~~~~~~[m[K
[01m[K/opt/ros/jazzy/include/serial_driver/serial_driver.hpp:32:12:[m[K [01;36m[Knote: [m[K  candidate expects 1 argument, 0 provided
[01m[K/opt/ros/jazzy/include/serial_driver/serial_driver.hpp:29:7:[m[K [01;36m[Knote: [m[Kcandidate: ‘[01m[Kdrivers::serial_driver::SerialDriver::[01;32m[KSerialDriver[m[K(const drivers::serial_driver::SerialDriver&)[m[K’
   29 | class [01;36m[KSerialDriver[m[K
      |       [01;36m[K^~~~~~~~~~~~[m[K
[01m[K/opt/ros/jazzy/include/serial_driver/serial_driver.hpp:29:7:[m[K [01;36m[Knote: [m[K  candidate expects 1 argument, 0 provided
[01m[K/opt/ros/jazzy/include/serial_driver/serial_driver.hpp:29:7:[m[K [01;36m[Knote: [m[Kcandidate: ‘[01m[Kdrivers::serial_driver::SerialDriver::[01;32m[KSerialDriver[m[K(drivers::serial_driver::SerialDriver&&)[m[K’
[01m[K/opt/ros/jazzy/include/serial_driver/serial_driver.hpp:29:7:[m[K [01;36m[Knote: [m[K  candidate expects 1 argument, 0 provided
[01m[K/home/cafsanchezdi/ros2_ws/src/sdv_un_ros/sdv_serial/src/sdv_serial_node2.cpp:77:15:[m[K [01;31m[Kerror: [m[K‘[01m[Kclass drivers::serial_driver::SerialDriver[m[K’ has no member named ‘[01m[KisOpen[m[K’
   77 |       if(ser_.[01;31m[KisOpen[m[K())
      |               [01;31m[K^~~~~~[m[K
[01m[K/home/cafsanchezdi/ros2_ws/src/sdv_un_ros/sdv_serial/src/sdv_serial_node2.cpp:[m[K In member function ‘[01m[Kint SDVSerialNode::[01;32m[Kopen_serial_port[m[K(const std::string&)[m[K’:
[01m[K/home/cafsanchezdi/ros2_ws/src/sdv_un_ros/sdv_serial/src/sdv_serial_node2.cpp:174:12:[m[K [01;31m[Kerror: [m[K‘[01m[Kclass drivers::serial_driver::SerialDriver[m[K’ has no member named ‘[01m[KsetPort[m[K’
  174 |       ser_.[01;31m[KsetPort[m[K(portx);
      |            [01;31m[K^~~~~~~[m[K
[01m[K/home/cafsanchezdi/ros2_ws/src/sdv_un_ros/sdv_serial/src/sdv_serial_node2.cpp:175:12:[m[K [01;31m[Kerror: [m[K‘[01m[Kclass drivers::serial_driver::SerialDriver[m[K’ has no member named ‘[01m[KsetBaudrate[m[K’
  175 |       ser_.[01;31m[KsetBaudrate[m[K(baudrate_);
      |            [01;31m[K^~~~~~~~~~~[m[K
[01m[K/home/cafsanchezdi/ros2_ws/src/sdv_un_ros/sdv_serial/src/sdv_serial_node2.cpp:176:7:[m[K [01;31m[Kerror: [m[K‘[01m[Kserial[m[K’ has not been declared
  176 |       [01;31m[Kserial[m[K::Timeout to = serial::Timeout::simpleTimeout(10);
      |       [01;31m[K^~~~~~[m[K
[01m[K/home/cafsanchezdi/ros2_ws/src/sdv_un_ros/sdv_serial/src/sdv_serial_node2.cpp:177:12:[m[K [01;31m[Kerror: [m[K‘[01m[Kclass drivers::serial_driver::SerialDriver[m[K’ has no member named ‘[01m[KsetTimeout[m[K’
  177 |       ser_.[01;31m[KsetTimeout[m[K(to);
      |            [01;31m[K^~~~~~~~~~[m[K
[01m[K/home/cafsanchezdi/ros2_ws/src/sdv_un_ros/sdv_serial/src/sdv_serial_node2.cpp:177:23:[m[K [01;31m[Kerror: [m[K‘[01m[Kto[m[K’ was not declared in this scope; did you mean ‘[01m[Ktm[m[K’?
  177 |       ser_.setTimeout([01;31m[Kto[m[K);
      |                       [01;31m[K^~[m[K
      |                       [32m[Ktm[m[K
[01m[K/home/cafsanchezdi/ros2_ws/src/sdv_un_ros/sdv_serial/src/sdv_serial_node2.cpp:178:12:[m[K [01;31m[Kerror: [m[K‘[01m[Kclass drivers::serial_driver::SerialDriver[m[K’ has no member named ‘[01m[Kopen[m[K’
  178 |       ser_.[01;31m[Kopen[m[K();
      |            [01;31m[K^~~~[m[K
[01m[K/home/cafsanchezdi/ros2_ws/src/sdv_un_ros/sdv_serial/src/sdv_serial_node2.cpp:179:14:[m[K [01;31m[Kerror: [m[K‘[01m[Kserial[m[K’ does not name a type
  179 |     } catch ([01;31m[Kserial[m[K::IOException &e) {
      |              [01;31m[K^~~~~~[m[K
[01m[K/home/cafsanchezdi/ros2_ws/src/sdv_un_ros/sdv_serial/src/sdv_serial_node2.cpp:179:34:[m[K [01;31m[Kerror: [m[Kexpected unqualified-id before ‘[01m[K&[m[K’ token
  179 |     } catch (serial::IOException [01;31m[K&[m[Ke) {
      |                                  [01;31m[K^[m[K
[01m[K/home/cafsanchezdi/ros2_ws/src/sdv_un_ros/sdv_serial/src/sdv_serial_node2.cpp:179:34:[m[K [01;31m[Kerror: [m[Kexpected ‘[01m[K)[m[K’ before ‘[01m[K&[m[K’ token
[01m[K/home/cafsanchezdi/ros2_ws/src/sdv_un_ros/sdv_serial/src/sdv_serial_node2.cpp:179:13:[m[K [01;36m[Knote: [m[Kto match this ‘[01m[K([m[K’
  179 |     } catch [01;36m[K([m[Kserial::IOException &e) {
      |             [01;36m[K^[m[K
[01m[K/home/cafsanchezdi/ros2_ws/src/sdv_un_ros/sdv_serial/src/sdv_serial_node2.cpp:179:34:[m[K [01;31m[Kerror: [m[Kexpected ‘[01m[K{[m[K’ before ‘[01m[K&[m[K’ token
  179 |     } catch (serial::IOException [01;31m[K&[m[Ke) {
      |                                  [01;31m[K^[m[K
[01m[K/home/cafsanchezdi/ros2_ws/src/sdv_un_ros/sdv_serial/src/sdv_serial_node2.cpp:179:35:[m[K [01;31m[Kerror: [m[K‘[01m[Ke[m[K’ was not declared in this scope
  179 |     } catch (serial::IOException &[01;31m[Ke[m[K) {
      |                                   [01;31m[K^[m[K
[01m[K/home/cafsanchezdi/ros2_ws/src/sdv_un_ros/sdv_serial/src/sdv_serial_node2.cpp:[m[K In member function ‘[01m[Kvoid SDVSerialNode::[01;32m[Kstart_serial_communication[m[K()[m[K’:
[01m[K/home/cafsanchezdi/ros2_ws/src/sdv_un_ros/sdv_serial/src/sdv_serial_node2.cpp:190:10:[m[K [01;31m[Kerror: [m[K‘[01m[Kclass drivers::serial_driver::SerialDriver[m[K’ has no member named ‘[01m[Kwrite[m[K’
  190 |     ser_.[01;31m[Kwrite[m[K("if 0\r");
      |          [01;31m[K^~~~~[m[K
[01m[K/home/cafsanchezdi/ros2_ws/src/sdv_un_ros/sdv_serial/src/sdv_serial_node2.cpp:191:10:[m[K [01;31m[Kerror: [m[K‘[01m[Kclass drivers::serial_driver::SerialDriver[m[K’ has no member named ‘[01m[Kflush[m[K’
  191 |     ser_.[01;31m[Kflush[m[K();
      |          [01;31m[K^~~~~[m[K
[01m[K/home/cafsanchezdi/ros2_ws/src/sdv_un_ros/sdv_serial/src/sdv_serial_node2.cpp:192:10:[m[K [01;31m[Kerror: [m[K‘[01m[Kclass drivers::serial_driver::SerialDriver[m[K’ has no member named ‘[01m[Kwrite[m[K’
  192 |     ser_.[01;31m[Kwrite[m[K("sa 0\r");
      |          [01;31m[K^~~~~[m[K
[01m[K/home/cafsanchezdi/ros2_ws/src/sdv_un_ros/sdv_serial/src/sdv_serial_node2.cpp:193:10:[m[K [01;31m[Kerror: [m[K‘[01m[Kclass drivers::serial_driver::SerialDriver[m[K’ has no member named ‘[01m[Kflush[m[K’
  193 |     ser_.[01;31m[Kflush[m[K();
      |          [01;31m[K^~~~~[m[K
[01m[K/home/cafsanchezdi/ros2_ws/src/sdv_un_ros/sdv_serial/src/sdv_serial_node2.cpp:194:10:[m[K [01;31m[Kerror: [m[K‘[01m[Kclass drivers::serial_driver::SerialDriver[m[K’ has no member named ‘[01m[Kread[m[K’
  194 |     ser_.[01;31m[Kread[m[K(ser_.available());
      |          [01;31m[K^~~~[m[K
[01m[K/home/cafsanchezdi/ros2_ws/src/sdv_un_ros/sdv_serial/src/sdv_serial_node2.cpp:194:20:[m[K [01;31m[Kerror: [m[K‘[01m[Kclass drivers::serial_driver::SerialDriver[m[K’ has no member named ‘[01m[Kavailable[m[K’
  194 |     ser_.read(ser_.[01;31m[Kavailable[m[K());
      |                    [01;31m[K^~~~~~~~~[m[K
[01m[K/home/cafsanchezdi/ros2_ws/src/sdv_un_ros/sdv_serial/src/sdv_serial_node2.cpp:195:10:[m[K [01;31m[Kerror: [m[K‘[01m[Kclass drivers::serial_driver::SerialDriver[m[K’ has no member named ‘[01m[Kflush[m[K’
  195 |     ser_.[01;31m[Kflush[m[K();
      |          [01;31m[K^~~~~[m[K
[01m[K/home/cafsanchezdi/ros2_ws/src/sdv_un_ros/sdv_serial/src/sdv_serial_node2.cpp:199:10:[m[K [01;31m[Kerror: [m[K‘[01m[Kclass drivers::serial_driver::SerialDriver[m[K’ has no member named ‘[01m[Kwrite[m[K’
  199 |     ser_.[01;31m[Kwrite[m[K("rt\r");
      |          [01;31m[K^~~~~[m[K
[01m[K/home/cafsanchezdi/ros2_ws/src/sdv_un_ros/sdv_serial/src/sdv_serial_node2.cpp:200:10:[m[K [01;31m[Kerror: [m[K‘[01m[Kclass drivers::serial_driver::SerialDriver[m[K’ has no member named ‘[01m[Kflush[m[K’
  200 |     ser_.[01;31m[Kflush[m[K();
      |          [01;31m[K^~~~~[m[K
[01m[K/home/cafsanchezdi/ros2_ws/src/sdv_un_ros/sdv_serial/src/sdv_serial_node2.cpp:205:16:[m[K [01;31m[Kerror: [m[K‘[01m[Kclass drivers::serial_driver::SerialDriver[m[K’ has no member named ‘[01m[Kavailable[m[K’
  205 |       if (ser_.[01;31m[Kavailable[m[K()) {
      |                [01;31m[K^~~~~~~~~[m[K
[01m[K/home/cafsanchezdi/ros2_ws/src/sdv_un_ros/sdv_serial/src/sdv_serial_node2.cpp:206:39:[m[K [01;31m[Kerror: [m[K‘[01m[Kclass drivers::serial_driver::SerialDriver[m[K’ has no member named ‘[01m[Kread[m[K’
  206 |         std::string line_start = ser_.[01;31m[Kread[m[K(1);
      |                                       [01;31m[K^~~~[m[K
[01m[K/home/cafsanchezdi/ros2_ws/src/sdv_un_ros/sdv_serial/src/sdv_serial_node2.cpp:208:41:[m[K [01;31m[Kerror: [m[K‘[01m[Kclass drivers::serial_driver::SerialDriver[m[K’ has no member named ‘[01m[Kreadline[m[K’
  208 |           std::string data_stamp = ser_.[01;31m[Kreadline[m[K();
      |                                         [01;31m[K^~~~~~~~[m[K
[01m[K/home/cafsanchezdi/ros2_ws/src/sdv_un_ros/sdv_serial/src/sdv_serial_node2.cpp:209:16:[m[K [01;31m[Kerror: [m[K‘[01m[Kclass drivers::serial_driver::SerialDriver[m[K’ has no member named ‘[01m[Kflush[m[K’
  209 |           ser_.[01;31m[Kflush[m[K();
      |                [01;31m[K^~~~~[m[K
[01m[K/home/cafsanchezdi/ros2_ws/src/sdv_un_ros/sdv_serial/src/sdv_serial_node2.cpp:234:10:[m[K [01;31m[Kerror: [m[K‘[01m[Kclass drivers::serial_driver::SerialDriver[m[K’ has no member named ‘[01m[Kwrite[m[K’
  234 |     ser_.[01;31m[Kwrite[m[K("cf 0\r");
      |          [01;31m[K^~~~~[m[K
[01m[K/home/cafsanchezdi/ros2_ws/src/sdv_un_ros/sdv_serial/src/sdv_serial_node2.cpp:235:10:[m[K [01;31m[Kerror: [m[K‘[01m[Kclass drivers::serial_driver::SerialDriver[m[K’ has no member named ‘[01m[Kflush[m[K’
  235 |     ser_.[01;31m[Kflush[m[K();
      |          [01;31m[K^~~~~[m[K
[01m[K/home/cafsanchezdi/ros2_ws/src/sdv_un_ros/sdv_serial/src/sdv_serial_node2.cpp:237:10:[m[K [01;31m[Kerror: [m[K‘[01m[Kclass drivers::serial_driver::SerialDriver[m[K’ has no member named ‘[01m[Kwrite[m[K’
  237 |     ser_.[01;31m[Kwrite[m[K("mt 1\r");
      |          [01;31m[K^~~~~[m[K
[01m[K/home/cafsanchezdi/ros2_ws/src/sdv_un_ros/sdv_serial/src/sdv_serial_node2.cpp:238:10:[m[K [01;31m[Kerror: [m[K‘[01m[Kclass drivers::serial_driver::SerialDriver[m[K’ has no member named ‘[01m[Kflush[m[K’
  238 |     ser_.[01;31m[Kflush[m[K();
      |          [01;31m[K^~~~~[m[K
[01m[K/home/cafsanchezdi/ros2_ws/src/sdv_un_ros/sdv_serial/src/sdv_serial_node2.cpp:240:10:[m[K [01;31m[Kerror: [m[K‘[01m[Kclass drivers::serial_driver::SerialDriver[m[K’ has no member named ‘[01m[Kwrite[m[K’
  240 |     ser_.[01;31m[Kwrite[m[K("dt 1\r");
      |          [01;31m[K^~~~~[m[K
[01m[K/home/cafsanchezdi/ros2_ws/src/sdv_un_ros/sdv_serial/src/sdv_serial_node2.cpp:241:10:[m[K [01;31m[Kerror: [m[K‘[01m[Kclass drivers::serial_driver::SerialDriver[m[K’ has no member named ‘[01m[Kflush[m[K’
  241 |     ser_.[01;31m[Kflush[m[K();
      |          [01;31m[K^~~~~[m[K
[01m[K/home/cafsanchezdi/ros2_ws/src/sdv_un_ros/sdv_serial/src/sdv_serial_node2.cpp:243:10:[m[K [01;31m[Kerror: [m[K‘[01m[Kclass drivers::serial_driver::SerialDriver[m[K’ has no member named ‘[01m[Kwrite[m[K’
  243 |     ser_.[01;31m[Kwrite[m[K("sa 1\r");
      |          [01;31m[K^~~~~[m[K
[01m[K/home/cafsanchezdi/ros2_ws/src/sdv_un_ros/sdv_serial/src/sdv_serial_node2.cpp:244:10:[m[K [01;31m[Kerror: [m[K‘[01m[Kclass drivers::serial_driver::SerialDriver[m[K’ has no member named ‘[01m[Kflush[m[K’
  244 |     ser_.[01;31m[Kflush[m[K();
      |          [01;31m[K^~~~~[m[K
[01m[K/home/cafsanchezdi/ros2_ws/src/sdv_un_ros/sdv_serial/src/sdv_serial_node2.cpp:246:10:[m[K [01;31m[Kerror: [m[K‘[01m[Kclass drivers::serial_driver::SerialDriver[m[K’ has no member named ‘[01m[Kwrite[m[K’
  246 |     ser_.[01;31m[Kwrite[m[K("if 1\r");
      |          [01;31m[K^~~~~[m[K
[01m[K/home/cafsanchezdi/ros2_ws/src/sdv_un_ros/sdv_serial/src/sdv_serial_node2.cpp:247:10:[m[K [01;31m[Kerror: [m[K‘[01m[Kclass drivers::serial_driver::SerialDriver[m[K’ has no member named ‘[01m[Kflush[m[K’
  247 |     ser_.[01;31m[Kflush[m[K();
      |          [01;31m[K^~~~~[m[K
[01m[K/home/cafsanchezdi/ros2_ws/src/sdv_un_ros/sdv_serial/src/sdv_serial_node2.cpp:[m[K In member function ‘[01m[Kvoid SDVSerialNode::[01;32m[Kprocess_serial[m[K()[m[K’:
[01m[K/home/cafsanchezdi/ros2_ws/src/sdv_un_ros/sdv_serial/src/sdv_serial_node2.cpp:261:14:[m[K [01;31m[Kerror: [m[K‘[01m[Kclass drivers::serial_driver::SerialDriver[m[K’ has no member named ‘[01m[Kavailable[m[K’
  261 |     if (ser_.[01;31m[Kavailable[m[K()) {
      |              [01;31m[K^~~~~~~~~[m[K
[01m[K/home/cafsanchezdi/ros2_ws/src/sdv_un_ros/sdv_serial/src/sdv_serial_node2.cpp:266:40:[m[K [01;31m[Kerror: [m[K‘[01m[Kclass drivers::serial_driver::SerialDriver[m[K’ has no member named ‘[01m[Kavailable[m[K’
  266 |       while (last_char != "\n" && ser_.[01;31m[Kavailable[m[K()) {
      |                                        [01;31m[K^~~~~~~~~[m[K
[01m[K/home/cafsanchezdi/ros2_ws/src/sdv_un_ros/sdv_serial/src/sdv_serial_node2.cpp:267:26:[m[K [01;31m[Kerror: [m[K‘[01m[Kclass drivers::serial_driver::SerialDriver[m[K’ has no member named ‘[01m[Kread[m[K’
  267 |         last_char = ser_.[01;31m[Kread[m[K(1);
      |                          [01;31m[K^~~~[m[K
[01m[K/home/cafsanchezdi/ros2_ws/src/sdv_un_ros/sdv_serial/src/sdv_serial_node2.cpp:298:14:[m[K [01;31m[Kerror: [m[K‘[01m[Kclass drivers::serial_driver::SerialDriver[m[K’ has no member named ‘[01m[Kwrite[m[K’
  298 |         ser_.[01;31m[Kwrite[m[K(msg);
      |              [01;31m[K^~~~~[m[K
[01m[K/home/cafsanchezdi/ros2_ws/src/sdv_un_ros/sdv_serial/src/sdv_serial_node2.cpp:299:14:[m[K [01;31m[Kerror: [m[K‘[01m[Kclass drivers::serial_driver::SerialDriver[m[K’ has no member named ‘[01m[Kflush[m[K’
  299 |         ser_.[01;31m[Kflush[m[K();
      |              [01;31m[K^~~~~[m[K
gmake[2]: *** [CMakeFiles/sdv_serial_node2.dir/build.make:79: CMakeFiles/sdv_serial_node2.dir/src/sdv_serial_node2.cpp.o] Error 1
gmake[1]: *** [CMakeFiles/Makefile2:629: CMakeFiles/sdv_serial_node2.dir/all] Error 2
gmake: *** [Makefile:149: all] Error 2
