[0.028s] Invoking command in '/home/cafsanchezdi/ros2_ws/build/sdv_nav': CMAKE_PREFIX_PATH=${CMAKE_PREFIX_PATH}:/opt/ros/jazzy DEBUGINFOD_URLS=https://debuginfod.ubuntu.com /usr/bin/cmake --build /home/cafsanchezdi/ros2_ws/build/sdv_nav -- -j4 -l4
[0.108s] Invoked command in '/home/cafsanchezdi/ros2_ws/build/sdv_nav' returned '0': CMAKE_PREFIX_PATH=${CMAKE_PREFIX_PATH}:/opt/ros/jazzy DEBUGINFOD_URLS=https://debuginfod.ubuntu.com /usr/bin/cmake --build /home/cafsanchezdi/ros2_ws/build/sdv_nav -- -j4 -l4
[0.108s] Invoking command in '/home/cafsanchezdi/ros2_ws/build/sdv_nav': CMAKE_PREFIX_PATH=${CMAKE_PREFIX_PATH}:/opt/ros/jazzy DEBUGINFOD_URLS=https://debuginfod.ubuntu.com /usr/bin/cmake --install /home/cafsanchezdi/ros2_ws/build/sdv_nav
[0.121s] -- Install configuration: ""
[0.128s] -- Up-to-date: /home/cafsanchezdi/ros2_ws/install/sdv_nav/lib/sdv_nav
[0.128s] -- Up-to-date: /home/cafsanchezdi/ros2_ws/install/sdv_nav/lib/sdv_nav/costmap_cleaner.py
[0.128s] -- Up-to-date: /home/cafsanchezdi/ros2_ws/install/sdv_nav/lib/sdv_nav/run_laser_node.sh
[0.128s] -- Up-to-date: /home/cafsanchezdi/ros2_ws/install/sdv_nav/lib/sdv_nav/pose_to_tf.py
[0.128s] -- Up-to-date: /home/cafsanchezdi/ros2_ws/install/sdv_nav/lib/sdv_nav/fake_odometry.py
[0.128s] -- Up-to-date: /home/cafsanchezdi/ros2_ws/install/sdv_nav/lib/sdv_nav/get_param.py
[0.128s] -- Up-to-date: /home/cafsanchezdi/ros2_ws/install/sdv_nav/share/ament_index/resource_index/package_run_dependencies/sdv_nav
[0.128s] -- Up-to-date: /home/cafsanchezdi/ros2_ws/install/sdv_nav/share/ament_index/resource_index/parent_prefix_path/sdv_nav
[0.128s] -- Up-to-date: /home/cafsanchezdi/ros2_ws/install/sdv_nav/share/sdv_nav/environment/ament_prefix_path.sh
[0.128s] -- Up-to-date: /home/cafsanchezdi/ros2_ws/install/sdv_nav/share/sdv_nav/environment/ament_prefix_path.dsv
[0.128s] -- Up-to-date: /home/cafsanchezdi/ros2_ws/install/sdv_nav/share/sdv_nav/environment/path.sh
[0.128s] -- Up-to-date: /home/cafsanchezdi/ros2_ws/install/sdv_nav/share/sdv_nav/environment/path.dsv
[0.128s] -- Up-to-date: /home/cafsanchezdi/ros2_ws/install/sdv_nav/share/sdv_nav/local_setup.bash
[0.128s] -- Up-to-date: /home/cafsanchezdi/ros2_ws/install/sdv_nav/share/sdv_nav/local_setup.sh
[0.128s] -- Up-to-date: /home/cafsanchezdi/ros2_ws/install/sdv_nav/share/sdv_nav/local_setup.zsh
[0.128s] -- Up-to-date: /home/cafsanchezdi/ros2_ws/install/sdv_nav/share/sdv_nav/local_setup.dsv
[0.128s] -- Up-to-date: /home/cafsanchezdi/ros2_ws/install/sdv_nav/share/sdv_nav/package.dsv
[0.129s] -- Up-to-date: /home/cafsanchezdi/ros2_ws/install/sdv_nav/share/ament_index/resource_index/packages/sdv_nav
[0.129s] -- Up-to-date: /home/cafsanchezdi/ros2_ws/install/sdv_nav/share/sdv_nav/cmake/sdv_navConfig.cmake
[0.129s] -- Up-to-date: /home/cafsanchezdi/ros2_ws/install/sdv_nav/share/sdv_nav/cmake/sdv_navConfig-version.cmake
[0.129s] -- Up-to-date: /home/cafsanchezdi/ros2_ws/install/sdv_nav/share/sdv_nav/package.xml
[0.129s] Invoked command in '/home/cafsanchezdi/ros2_ws/build/sdv_nav' returned '0': CMAKE_PREFIX_PATH=${CMAKE_PREFIX_PATH}:/opt/ros/jazzy DEBUGINFOD_URLS=https://debuginfod.ubuntu.com /usr/bin/cmake --install /home/cafsanchezdi/ros2_ws/build/sdv_nav
