-- Install configuration: ""
-- Up-to-date: /home/cafsanchezdi/ros2_ws/install/sdv_nav/lib/sdv_nav
-- Up-to-date: /home/cafsanchezdi/ros2_ws/install/sdv_nav/lib/sdv_nav/costmap_cleaner.py
-- Up-to-date: /home/cafsanchezdi/ros2_ws/install/sdv_nav/lib/sdv_nav/run_laser_node.sh
-- Up-to-date: /home/cafsanchezdi/ros2_ws/install/sdv_nav/lib/sdv_nav/pose_to_tf.py
-- Up-to-date: /home/cafsanchezdi/ros2_ws/install/sdv_nav/lib/sdv_nav/fake_odometry.py
-- Up-to-date: /home/cafsanchezdi/ros2_ws/install/sdv_nav/lib/sdv_nav/get_param.py
-- Up-to-date: /home/cafsanchezdi/ros2_ws/install/sdv_nav/share/ament_index/resource_index/package_run_dependencies/sdv_nav
-- Up-to-date: /home/cafsanchezdi/ros2_ws/install/sdv_nav/share/ament_index/resource_index/parent_prefix_path/sdv_nav
-- Up-to-date: /home/cafsanchezdi/ros2_ws/install/sdv_nav/share/sdv_nav/environment/ament_prefix_path.sh
-- Up-to-date: /home/cafsanchezdi/ros2_ws/install/sdv_nav/share/sdv_nav/environment/ament_prefix_path.dsv
-- Up-to-date: /home/cafsanchezdi/ros2_ws/install/sdv_nav/share/sdv_nav/environment/path.sh
-- Up-to-date: /home/cafsanchezdi/ros2_ws/install/sdv_nav/share/sdv_nav/environment/path.dsv
-- Up-to-date: /home/cafsanchezdi/ros2_ws/install/sdv_nav/share/sdv_nav/local_setup.bash
-- Up-to-date: /home/cafsanchezdi/ros2_ws/install/sdv_nav/share/sdv_nav/local_setup.sh
-- Up-to-date: /home/cafsanchezdi/ros2_ws/install/sdv_nav/share/sdv_nav/local_setup.zsh
-- Up-to-date: /home/cafsanchezdi/ros2_ws/install/sdv_nav/share/sdv_nav/local_setup.dsv
-- Installing: /home/cafsanchezdi/ros2_ws/install/sdv_nav/share/sdv_nav/package.dsv
-- Up-to-date: /home/cafsanchezdi/ros2_ws/install/sdv_nav/share/ament_index/resource_index/packages/sdv_nav
-- Up-to-date: /home/cafsanchezdi/ros2_ws/install/sdv_nav/share/sdv_nav/cmake/sdv_navConfig.cmake
-- Up-to-date: /home/cafsanchezdi/ros2_ws/install/sdv_nav/share/sdv_nav/cmake/sdv_navConfig-version.cmake
-- Up-to-date: /home/cafsanchezdi/ros2_ws/install/sdv_nav/share/sdv_nav/package.xml
