[0.024s] Invoking command in '/home/cafsanchezdi/ros2_ws/build/serial_driver': CMAKE_PREFIX_PATH=${CMAKE_PREFIX_PATH}:/opt/ros/jazzy DEBUGINFOD_URLS=https://debuginfod.ubuntu.com /usr/bin/cmake /home/cafsanchezdi/ros2_ws/src/serial_driver -DAMENT_CMAKE_SYMLINK_INSTALL=1 -DCMAKE_INSTALL_PREFIX=/home/cafsanchezdi/ros2_ws/install/serial_driver
[0.122s] -- The C compiler identification is GNU 13.3.0
[0.222s] -- The CXX compiler identification is GNU 13.3.0
[0.256s] -- Detecting C compiler ABI info
[0.410s] -- Detecting C compiler ABI info - done
[0.428s] -- Check for working C compiler: /usr/bin/cc - skipped
[0.428s] -- Detecting C compile features
[0.429s] -- Detecting C compile features - done
[0.446s] -- Detecting CXX compiler ABI info
[0.604s] -- Detecting CXX compiler ABI info - done
[0.629s] -- Check for working CXX compiler: /usr/bin/c++ - skipped
[0.631s] -- Detecting CXX compile features
[0.632s] -- Detecting CXX compile features - done
[0.639s] -- Found ament_cmake_auto: 2.5.3 (/opt/ros/jazzy/share/ament_cmake_auto/cmake)
[0.911s] -- Found Python3: /usr/bin/python3 (found version "3.12.3") found components: Interpreter 
[1.044s] -- Override CMake install command with custom implementation using symlinks instead of copying resources
[1.402s] -- Found rosidl_generator_c: 4.6.5 (/opt/ros/jazzy/share/rosidl_generator_c/cmake)
[1.437s] -- Found rosidl_generator_cpp: 4.6.5 (/opt/ros/jazzy/share/rosidl_generator_cpp/cmake)
[1.473s] -- Using all available rosidl_typesupport_c: rosidl_typesupport_fastrtps_c;rosidl_typesupport_introspection_c
[1.517s] -- Using all available rosidl_typesupport_cpp: rosidl_typesupport_fastrtps_cpp;rosidl_typesupport_introspection_cpp
[1.681s] -- Found rmw_implementation_cmake: 7.3.1 (/opt/ros/jazzy/share/rmw_implementation_cmake/cmake)
[1.688s] -- Found rmw_fastrtps_cpp: 8.4.1 (/opt/ros/jazzy/share/rmw_fastrtps_cpp/cmake)
[1.848s] -- Found OpenSSL: /usr/lib/x86_64-linux-gnu/libcrypto.so (found version "3.0.13")  
[1.882s] -- Found FastRTPS: /opt/ros/jazzy/include (Required is at least version "2.13") 
[1.926s] -- Using RMW implementation 'rmw_fastrtps_cpp' as default
[2.151s] -- Found asio_cmake_module: 1.2.0 (/opt/ros/jazzy/share/asio_cmake_module/cmake)
[2.153s] -- Found ASIO: /usr/include  
[2.322s] -- Found ament_lint_auto: 0.17.1 (/opt/ros/jazzy/share/ament_lint_auto/cmake)
[2.384s] -- Found gtest sources under '/opt/ros/jazzy/src/gtest_vendor': C++ tests using 'Google Test' will be built
[2.388s] -- Performing Test CMAKE_HAVE_LIBC_PTHREAD
[2.533s] -- Performing Test CMAKE_HAVE_LIBC_PTHREAD - Success
[2.535s] -- Found Threads: TRUE  
[2.556s] -- Added test 'copyright' to check source files copyright and LICENSE
[2.559s] -- Added test 'cppcheck' to perform static code analysis on C / C++ code
[2.560s] -- Configured cppcheck include dirs: /home/cafsanchezdi/ros2_ws/src/serial_driver/include
[2.560s] -- Configured cppcheck exclude dirs and/or files: 
[2.563s] -- Added test 'cpplint' to check C / C++ code against the Google style
[2.563s] -- Configured cpplint exclude dirs and/or files: 
[2.564s] -- Added test 'flake8' to check Python code syntax and style conventions
[2.565s] -- Configured 'flake8' exclude dirs and/or files: 
[2.566s] -- Added test 'lint_cmake' to check CMake code style
[2.567s] -- Added test 'pep257' to check Python code against some of the docstring style conventions in PEP 257
[2.570s] -- Added test 'uncrustify' to check C / C++ code style
[2.570s] -- Configured uncrustify additional arguments: 
[2.572s] -- Added test 'xmllint' to check XML markup files
[2.580s] -- Configuring done (2.5s)
[2.698s] -- Generating done (0.1s)
[2.720s] -- Build files have been written to: /home/cafsanchezdi/ros2_ws/build/serial_driver
[2.739s] Invoked command in '/home/cafsanchezdi/ros2_ws/build/serial_driver' returned '0': CMAKE_PREFIX_PATH=${CMAKE_PREFIX_PATH}:/opt/ros/jazzy DEBUGINFOD_URLS=https://debuginfod.ubuntu.com /usr/bin/cmake /home/cafsanchezdi/ros2_ws/src/serial_driver -DAMENT_CMAKE_SYMLINK_INSTALL=1 -DCMAKE_INSTALL_PREFIX=/home/cafsanchezdi/ros2_ws/install/serial_driver
[2.741s] Invoking command in '/home/cafsanchezdi/ros2_ws/build/serial_driver': CMAKE_PREFIX_PATH=${CMAKE_PREFIX_PATH}:/opt/ros/jazzy DEBUGINFOD_URLS=https://debuginfod.ubuntu.com /usr/bin/cmake --build /home/cafsanchezdi/ros2_ws/build/serial_driver -- -j4 -l4
[2.844s] [  6%] [32mBuilding CXX object CMakeFiles/serial_bridge.dir/rclcpp_components/node_main_serial_bridge.cpp.o[0m
[2.845s] [ 13%] [32mBuilding CXX object gtest/CMakeFiles/gtest.dir/src/gtest-all.cc.o[0m
[2.846s] [ 26%] [32mBuilding CXX object CMakeFiles/serial_driver.dir/src/serial_port.cpp.o[0m
[2.846s] [ 26%] [32mBuilding CXX object gtest/CMakeFiles/gtest_main.dir/src/gtest_main.cc.o[0m
[5.759s] [ 33%] [32m[1mLinking CXX static library libgtest_main.a[0m
[5.846s] [ 33%] Built target gtest_main
[5.875s] [ 40%] [32mBuilding CXX object CMakeFiles/serial_driver.dir/src/serial_driver.cpp.o[0m
[11.324s] [ 46%] [32m[1mLinking CXX shared library libserial_driver.so[0m
[11.841s] [ 46%] Built target serial_driver
[11.898s] [ 53%] [32mBuilding CXX object CMakeFiles/serial_driver_nodes.dir/src/serial_bridge_node.cpp.o[0m
[13.653s] [ 60%] [32m[1mLinking CXX executable serial_bridge[0m
[13.888s] [ 60%] Built target serial_bridge
[14.259s] [ 66%] [32m[1mLinking CXX static library libgtest.a[0m
[14.367s] [ 66%] Built target gtest
[14.410s] [ 73%] [32mBuilding CXX object CMakeFiles/test_serial_driver.dir/test/test_serial_driver.cpp.o[0m
[14.413s] [ 80%] [32mBuilding CXX object CMakeFiles/test_serial_port.dir/test/test_serial_port.cpp.o[0m
[20.412s] [ 86%] [32m[1mLinking CXX executable test_serial_driver[0m
[20.683s] [ 93%] [32m[1mLinking CXX executable test_serial_port[0m
[20.948s] [ 93%] Built target test_serial_driver
[21.218s] [ 93%] Built target test_serial_port
[29.699s] [100%] [32m[1mLinking CXX shared library libserial_driver_nodes.so[0m
[30.772s] [100%] Built target serial_driver_nodes
[30.791s] Invoked command in '/home/cafsanchezdi/ros2_ws/build/serial_driver' returned '0': CMAKE_PREFIX_PATH=${CMAKE_PREFIX_PATH}:/opt/ros/jazzy DEBUGINFOD_URLS=https://debuginfod.ubuntu.com /usr/bin/cmake --build /home/cafsanchezdi/ros2_ws/build/serial_driver -- -j4 -l4
[30.811s] Invoking command in '/home/cafsanchezdi/ros2_ws/build/serial_driver': CMAKE_PREFIX_PATH=${CMAKE_PREFIX_PATH}:/opt/ros/jazzy DEBUGINFOD_URLS=https://debuginfod.ubuntu.com /usr/bin/cmake --install /home/cafsanchezdi/ros2_ws/build/serial_driver
[30.824s] -- Install configuration: ""
[30.824s] -- Execute custom install script
[30.825s] -- Symlinking: /home/cafsanchezdi/ros2_ws/install/serial_driver/lib/serial_driver/serial_bridge
[30.840s] -- Symlinking: /home/cafsanchezdi/ros2_ws/install/serial_driver/include/serial_driver/serial_bridge_node.hpp
[30.854s] -- Symlinking: /home/cafsanchezdi/ros2_ws/install/serial_driver/include/serial_driver/serial_driver.hpp
[30.868s] -- Symlinking: /home/cafsanchezdi/ros2_ws/install/serial_driver/include/serial_driver/serial_port.hpp
[30.882s] -- Symlinking: /home/cafsanchezdi/ros2_ws/install/serial_driver/include/serial_driver/visibility_control.hpp
[30.900s] -- Symlinking: /home/cafsanchezdi/ros2_ws/install/serial_driver/share/serial_driver/environment/library_path.sh
[30.918s] -- Symlinking: /home/cafsanchezdi/ros2_ws/install/serial_driver/share/serial_driver/environment/library_path.dsv
[30.934s] -- Symlinking: /home/cafsanchezdi/ros2_ws/install/serial_driver/lib/libserial_driver.so
[30.948s] -- Symlinking: /home/cafsanchezdi/ros2_ws/install/serial_driver/lib/libserial_driver_nodes.so
[30.964s] -- Symlinking: /home/cafsanchezdi/ros2_ws/install/serial_driver/share/serial_driver/launch/serial_driver_bridge_node.launch.py
[30.980s] -- Symlinking: /home/cafsanchezdi/ros2_ws/install/serial_driver/share/serial_driver/params/example.params.yaml
[30.998s] -- Symlinking: /home/cafsanchezdi/ros2_ws/install/serial_driver/share/ament_index/resource_index/package_run_dependencies/serial_driver
[31.017s] -- Symlinking: /home/cafsanchezdi/ros2_ws/install/serial_driver/share/ament_index/resource_index/parent_prefix_path/serial_driver
[31.034s] -- Symlinking: /home/cafsanchezdi/ros2_ws/install/serial_driver/share/serial_driver/environment/ament_prefix_path.sh
[31.051s] -- Symlinking: /home/cafsanchezdi/ros2_ws/install/serial_driver/share/serial_driver/environment/ament_prefix_path.dsv
[31.066s] -- Symlinking: /home/cafsanchezdi/ros2_ws/install/serial_driver/share/serial_driver/environment/path.sh
[31.082s] -- Symlinking: /home/cafsanchezdi/ros2_ws/install/serial_driver/share/serial_driver/environment/path.dsv
[31.101s] -- Symlinking: /home/cafsanchezdi/ros2_ws/install/serial_driver/share/serial_driver/local_setup.bash
[31.119s] -- Symlinking: /home/cafsanchezdi/ros2_ws/install/serial_driver/share/serial_driver/local_setup.sh
[31.138s] -- Symlinking: /home/cafsanchezdi/ros2_ws/install/serial_driver/share/serial_driver/local_setup.zsh
[31.156s] -- Symlinking: /home/cafsanchezdi/ros2_ws/install/serial_driver/share/serial_driver/local_setup.dsv
[31.172s] -- Symlinking: /home/cafsanchezdi/ros2_ws/install/serial_driver/share/serial_driver/package.dsv
[31.189s] -- Symlinking: /home/cafsanchezdi/ros2_ws/install/serial_driver/share/ament_index/resource_index/packages/serial_driver
[31.211s] -- Symlinking: /home/cafsanchezdi/ros2_ws/install/serial_driver/share/ament_index/resource_index/rclcpp_components/serial_driver
[31.228s] -- Symlinking: /home/cafsanchezdi/ros2_ws/install/serial_driver/share/serial_driver/cmake/ament_cmake_export_dependencies-extras.cmake
[31.245s] -- Symlinking: /home/cafsanchezdi/ros2_ws/install/serial_driver/share/serial_driver/cmake/ament_cmake_export_include_directories-extras.cmake
[31.262s] -- Symlinking: /home/cafsanchezdi/ros2_ws/install/serial_driver/share/serial_driver/cmake/ament_cmake_export_libraries-extras.cmake
[31.280s] -- Symlinking: /home/cafsanchezdi/ros2_ws/install/serial_driver/share/serial_driver/cmake/serial_driver-extras.cmake
[31.298s] -- Symlinking: /home/cafsanchezdi/ros2_ws/install/serial_driver/share/serial_driver/cmake/serial_driverConfig.cmake
[31.319s] -- Symlinking: /home/cafsanchezdi/ros2_ws/install/serial_driver/share/serial_driver/cmake/serial_driverConfig-version.cmake
[31.335s] -- Symlinking: /home/cafsanchezdi/ros2_ws/install/serial_driver/share/serial_driver/package.xml
[31.358s] Invoked command in '/home/cafsanchezdi/ros2_ws/build/serial_driver' returned '0': CMAKE_PREFIX_PATH=${CMAKE_PREFIX_PATH}:/opt/ros/jazzy DEBUGINFOD_URLS=https://debuginfod.ubuntu.com /usr/bin/cmake --install /home/cafsanchezdi/ros2_ws/build/serial_driver
