[0.031s] Invoking command in '/home/cafsanchezdi/ros2_ws/build/sdv_joystick': CMAKE_PREFIX_PATH=${CMAKE_PREFIX_PATH}:/opt/ros/jazzy DEBUGINFOD_URLS=https://debuginfod.ubuntu.com /usr/bin/cmake --build /home/cafsanchezdi/ros2_ws/build/sdv_joystick -- -j4 -l4
[0.127s] [100%] Built target sdv_joystick_node
[0.162s] Invoked command in '/home/cafsanchezdi/ros2_ws/build/sdv_joystick' returned '0': CMAKE_PREFIX_PATH=${CMAKE_PREFIX_PATH}:/opt/ros/jazzy DEBUGINFOD_URLS=https://debuginfod.ubuntu.com /usr/bin/cmake --build /home/cafsanchezdi/ros2_ws/build/sdv_joystick -- -j4 -l4
[0.162s] Invoking command in '/home/cafsanchezdi/ros2_ws/build/sdv_joystick': CMAKE_PREFIX_PATH=${CMAKE_PREFIX_PATH}:/opt/ros/jazzy DEBUGINFOD_URLS=https://debuginfod.ubuntu.com /usr/bin/cmake --install /home/cafsanchezdi/ros2_ws/build/sdv_joystick
[0.186s] -- Install configuration: ""
[0.186s] -- Up-to-date: /home/cafsanchezdi/ros2_ws/install/sdv_joystick/lib/sdv_joystick/sdv_joystick_node
[0.186s] -- Up-to-date: /home/cafsanchezdi/ros2_ws/install/sdv_joystick/share/ament_index/resource_index/package_run_dependencies/sdv_joystick
[0.186s] -- Up-to-date: /home/cafsanchezdi/ros2_ws/install/sdv_joystick/share/ament_index/resource_index/parent_prefix_path/sdv_joystick
[0.186s] -- Up-to-date: /home/cafsanchezdi/ros2_ws/install/sdv_joystick/share/sdv_joystick/environment/ament_prefix_path.sh
[0.187s] -- Up-to-date: /home/cafsanchezdi/ros2_ws/install/sdv_joystick/share/sdv_joystick/environment/ament_prefix_path.dsv
[0.187s] -- Up-to-date: /home/cafsanchezdi/ros2_ws/install/sdv_joystick/share/sdv_joystick/environment/path.sh
[0.187s] -- Up-to-date: /home/cafsanchezdi/ros2_ws/install/sdv_joystick/share/sdv_joystick/environment/path.dsv
[0.187s] -- Up-to-date: /home/cafsanchezdi/ros2_ws/install/sdv_joystick/share/sdv_joystick/local_setup.bash
[0.187s] -- Up-to-date: /home/cafsanchezdi/ros2_ws/install/sdv_joystick/share/sdv_joystick/local_setup.sh
[0.187s] -- Up-to-date: /home/cafsanchezdi/ros2_ws/install/sdv_joystick/share/sdv_joystick/local_setup.zsh
[0.187s] -- Up-to-date: /home/cafsanchezdi/ros2_ws/install/sdv_joystick/share/sdv_joystick/local_setup.dsv
[0.187s] -- Installing: /home/cafsanchezdi/ros2_ws/install/sdv_joystick/share/sdv_joystick/package.dsv
[0.187s] -- Up-to-date: /home/cafsanchezdi/ros2_ws/install/sdv_joystick/share/ament_index/resource_index/packages/sdv_joystick
[0.187s] -- Up-to-date: /home/cafsanchezdi/ros2_ws/install/sdv_joystick/share/sdv_joystick/cmake/sdv_joystickConfig.cmake
[0.187s] -- Up-to-date: /home/cafsanchezdi/ros2_ws/install/sdv_joystick/share/sdv_joystick/cmake/sdv_joystickConfig-version.cmake
[0.187s] -- Up-to-date: /home/cafsanchezdi/ros2_ws/install/sdv_joystick/share/sdv_joystick/package.xml
[0.190s] Invoked command in '/home/cafsanchezdi/ros2_ws/build/sdv_joystick' returned '0': CMAKE_PREFIX_PATH=${CMAKE_PREFIX_PATH}:/opt/ros/jazzy DEBUGINFOD_URLS=https://debuginfod.ubuntu.com /usr/bin/cmake --install /home/cafsanchezdi/ros2_ws/build/sdv_joystick
