[  2%] Built target sdv_scripts__rosidl_generator_type_description
[  2%] Built target ament_cmake_python_copy_sdv_scripts
[ 17%] Built target sdv_scripts__rosidl_generator_c
[ 20%] Built target sdv_scripts__cpp
[ 29%] Built target sdv_scripts__rosidl_typesupport_fastrtps_c
[ 38%] Built target sdv_scripts__rosidl_typesupport_introspection_c
[ 47%] Built target sdv_scripts__rosidl_typesupport_c
[ 55%] Built target sdv_scripts__rosidl_typesupport_fastrtps_cpp
[ 64%] Built target sdv_scripts__rosidl_typesupport_introspection_cpp
[ 73%] Built target sdv_scripts__rosidl_typesupport_cpp
[ 73%] Built target sdv_scripts
[ 76%] Built target sdv_scripts__py
[ 82%] Built target sdv_scripts__rosidl_generator_py
running egg_info
[ 88%] Built target sdv_scripts_s__rosidl_typesupport_introspection_c
writing sdv_scripts.egg-info/PKG-INFO
writing dependency_links to sdv_scripts.egg-info/dependency_links.txt
writing top-level names to sdv_scripts.egg-info/top_level.txt
[ 94%] Built target sdv_scripts_s__rosidl_typesupport_fastrtps_c
[100%] Built target sdv_scripts_s__rosidl_typesupport_c
reading manifest file 'sdv_scripts.egg-info/SOURCES.txt'
writing manifest file 'sdv_scripts.egg-info/SOURCES.txt'
[100%] Built target ament_cmake_python_build_sdv_scripts_egg
-- Install configuration: ""
-- Up-to-date: /home/cafsanchezdi/ros2_ws/install/sdv_scripts/share/ament_index/resource_index/rosidl_interfaces/sdv_scripts
-- Up-to-date: /home/cafsanchezdi/ros2_ws/install/sdv_scripts/share/sdv_scripts/msg/Udp.json
-- Up-to-date: /home/cafsanchezdi/ros2_ws/install/sdv_scripts/include/sdv_scripts/sdv_scripts
-- Up-to-date: /home/cafsanchezdi/ros2_ws/install/sdv_scripts/include/sdv_scripts/sdv_scripts/msg
-- Up-to-date: /home/cafsanchezdi/ros2_ws/install/sdv_scripts/include/sdv_scripts/sdv_scripts/msg/udp.h
-- Up-to-date: /home/cafsanchezdi/ros2_ws/install/sdv_scripts/include/sdv_scripts/sdv_scripts/msg/rosidl_generator_c__visibility_control.h
-- Up-to-date: /home/cafsanchezdi/ros2_ws/install/sdv_scripts/include/sdv_scripts/sdv_scripts/msg/detail
-- Up-to-date: /home/cafsanchezdi/ros2_ws/install/sdv_scripts/include/sdv_scripts/sdv_scripts/msg/detail/udp__struct.h
-- Up-to-date: /home/cafsanchezdi/ros2_ws/install/sdv_scripts/include/sdv_scripts/sdv_scripts/msg/detail/udp__type_support.h
-- Up-to-date: /home/cafsanchezdi/ros2_ws/install/sdv_scripts/include/sdv_scripts/sdv_scripts/msg/detail/udp__functions.c
-- Up-to-date: /home/cafsanchezdi/ros2_ws/install/sdv_scripts/include/sdv_scripts/sdv_scripts/msg/detail/udp__functions.h
-- Installing: /home/cafsanchezdi/ros2_ws/install/sdv_scripts/include/sdv_scripts/sdv_scripts/msg/detail/udp__type_support.c
-- Up-to-date: /home/cafsanchezdi/ros2_ws/install/sdv_scripts/include/sdv_scripts/sdv_scripts/msg/detail/udp__description.c
-- Up-to-date: /home/cafsanchezdi/ros2_ws/install/sdv_scripts/share/sdv_scripts/environment/library_path.sh
-- Up-to-date: /home/cafsanchezdi/ros2_ws/install/sdv_scripts/share/sdv_scripts/environment/library_path.dsv
-- Up-to-date: /home/cafsanchezdi/ros2_ws/install/sdv_scripts/lib/libsdv_scripts__rosidl_generator_c.so
-- Up-to-date: /home/cafsanchezdi/ros2_ws/install/sdv_scripts/include/sdv_scripts/sdv_scripts
-- Up-to-date: /home/cafsanchezdi/ros2_ws/install/sdv_scripts/include/sdv_scripts/sdv_scripts/msg
-- Up-to-date: /home/cafsanchezdi/ros2_ws/install/sdv_scripts/include/sdv_scripts/sdv_scripts/msg/rosidl_typesupport_fastrtps_c__visibility_control.h
-- Up-to-date: /home/cafsanchezdi/ros2_ws/install/sdv_scripts/include/sdv_scripts/sdv_scripts/msg/detail
-- Up-to-date: /home/cafsanchezdi/ros2_ws/install/sdv_scripts/include/sdv_scripts/sdv_scripts/msg/detail/udp__rosidl_typesupport_fastrtps_c.h
-- Up-to-date: /home/cafsanchezdi/ros2_ws/install/sdv_scripts/lib/libsdv_scripts__rosidl_typesupport_fastrtps_c.so
-- Up-to-date: /home/cafsanchezdi/ros2_ws/install/sdv_scripts/include/sdv_scripts/sdv_scripts
-- Up-to-date: /home/cafsanchezdi/ros2_ws/install/sdv_scripts/include/sdv_scripts/sdv_scripts/msg
-- Up-to-date: /home/cafsanchezdi/ros2_ws/install/sdv_scripts/include/sdv_scripts/sdv_scripts/msg/rosidl_typesupport_introspection_c__visibility_control.h
-- Up-to-date: /home/cafsanchezdi/ros2_ws/install/sdv_scripts/include/sdv_scripts/sdv_scripts/msg/detail
-- Up-to-date: /home/cafsanchezdi/ros2_ws/install/sdv_scripts/include/sdv_scripts/sdv_scripts/msg/detail/udp__rosidl_typesupport_introspection_c.h
-- Installing: /home/cafsanchezdi/ros2_ws/install/sdv_scripts/include/sdv_scripts/sdv_scripts/msg/detail/udp__type_support.c
-- Up-to-date: /home/cafsanchezdi/ros2_ws/install/sdv_scripts/lib/libsdv_scripts__rosidl_typesupport_introspection_c.so
-- Up-to-date: /home/cafsanchezdi/ros2_ws/install/sdv_scripts/lib/libsdv_scripts__rosidl_typesupport_c.so
-- Up-to-date: /home/cafsanchezdi/ros2_ws/install/sdv_scripts/include/sdv_scripts/sdv_scripts
-- Up-to-date: /home/cafsanchezdi/ros2_ws/install/sdv_scripts/include/sdv_scripts/sdv_scripts/msg
-- Up-to-date: /home/cafsanchezdi/ros2_ws/install/sdv_scripts/include/sdv_scripts/sdv_scripts/msg/udp.hpp
-- Up-to-date: /home/cafsanchezdi/ros2_ws/install/sdv_scripts/include/sdv_scripts/sdv_scripts/msg/rosidl_generator_cpp__visibility_control.hpp
-- Up-to-date: /home/cafsanchezdi/ros2_ws/install/sdv_scripts/include/sdv_scripts/sdv_scripts/msg/detail
-- Up-to-date: /home/cafsanchezdi/ros2_ws/install/sdv_scripts/include/sdv_scripts/sdv_scripts/msg/detail/udp__traits.hpp
-- Up-to-date: /home/cafsanchezdi/ros2_ws/install/sdv_scripts/include/sdv_scripts/sdv_scripts/msg/detail/udp__struct.hpp
-- Up-to-date: /home/cafsanchezdi/ros2_ws/install/sdv_scripts/include/sdv_scripts/sdv_scripts/msg/detail/udp__type_support.hpp
-- Up-to-date: /home/cafsanchezdi/ros2_ws/install/sdv_scripts/include/sdv_scripts/sdv_scripts/msg/detail/udp__builder.hpp
-- Up-to-date: /home/cafsanchezdi/ros2_ws/install/sdv_scripts/include/sdv_scripts/sdv_scripts
-- Up-to-date: /home/cafsanchezdi/ros2_ws/install/sdv_scripts/include/sdv_scripts/sdv_scripts/msg
-- Up-to-date: /home/cafsanchezdi/ros2_ws/install/sdv_scripts/include/sdv_scripts/sdv_scripts/msg/rosidl_typesupport_fastrtps_cpp__visibility_control.h
-- Up-to-date: /home/cafsanchezdi/ros2_ws/install/sdv_scripts/include/sdv_scripts/sdv_scripts/msg/detail
-- Up-to-date: /home/cafsanchezdi/ros2_ws/install/sdv_scripts/include/sdv_scripts/sdv_scripts/msg/detail/dds_fastrtps
-- Up-to-date: /home/cafsanchezdi/ros2_ws/install/sdv_scripts/include/sdv_scripts/sdv_scripts/msg/detail/udp__rosidl_typesupport_fastrtps_cpp.hpp
-- Up-to-date: /home/cafsanchezdi/ros2_ws/install/sdv_scripts/lib/libsdv_scripts__rosidl_typesupport_fastrtps_cpp.so
-- Up-to-date: /home/cafsanchezdi/ros2_ws/install/sdv_scripts/include/sdv_scripts/sdv_scripts
-- Up-to-date: /home/cafsanchezdi/ros2_ws/install/sdv_scripts/include/sdv_scripts/sdv_scripts/msg
-- Up-to-date: /home/cafsanchezdi/ros2_ws/install/sdv_scripts/include/sdv_scripts/sdv_scripts/msg/detail
-- Up-to-date: /home/cafsanchezdi/ros2_ws/install/sdv_scripts/include/sdv_scripts/sdv_scripts/msg/detail/udp__rosidl_typesupport_introspection_cpp.hpp
-- Up-to-date: /home/cafsanchezdi/ros2_ws/install/sdv_scripts/include/sdv_scripts/sdv_scripts/msg/detail/udp__type_support.cpp
-- Up-to-date: /home/cafsanchezdi/ros2_ws/install/sdv_scripts/lib/libsdv_scripts__rosidl_typesupport_introspection_cpp.so
-- Up-to-date: /home/cafsanchezdi/ros2_ws/install/sdv_scripts/lib/libsdv_scripts__rosidl_typesupport_cpp.so
-- Up-to-date: /home/cafsanchezdi/ros2_ws/install/sdv_scripts/share/sdv_scripts/environment/pythonpath.sh
-- Up-to-date: /home/cafsanchezdi/ros2_ws/install/sdv_scripts/share/sdv_scripts/environment/pythonpath.dsv
-- Up-to-date: /home/cafsanchezdi/ros2_ws/install/sdv_scripts/lib/python3.12/site-packages/sdv_scripts-0.0.1-py3.12.egg-info
-- Installing: /home/cafsanchezdi/ros2_ws/install/sdv_scripts/lib/python3.12/site-packages/sdv_scripts-0.0.1-py3.12.egg-info/PKG-INFO
-- Installing: /home/cafsanchezdi/ros2_ws/install/sdv_scripts/lib/python3.12/site-packages/sdv_scripts-0.0.1-py3.12.egg-info/dependency_links.txt
-- Installing: /home/cafsanchezdi/ros2_ws/install/sdv_scripts/lib/python3.12/site-packages/sdv_scripts-0.0.1-py3.12.egg-info/SOURCES.txt
-- Installing: /home/cafsanchezdi/ros2_ws/install/sdv_scripts/lib/python3.12/site-packages/sdv_scripts-0.0.1-py3.12.egg-info/top_level.txt
-- Up-to-date: /home/cafsanchezdi/ros2_ws/install/sdv_scripts/lib/python3.12/site-packages/sdv_scripts
-- Up-to-date: /home/cafsanchezdi/ros2_ws/install/sdv_scripts/lib/python3.12/site-packages/sdv_scripts/sdv_scripts_s__rosidl_typesupport_introspection_c.so
-- Up-to-date: /home/cafsanchezdi/ros2_ws/install/sdv_scripts/lib/python3.12/site-packages/sdv_scripts/sdv_scripts_s__rosidl_typesupport_c.so
-- Up-to-date: /home/cafsanchezdi/ros2_ws/install/sdv_scripts/lib/python3.12/site-packages/sdv_scripts/_sdv_scripts_s.ep.rosidl_typesupport_introspection_c.c
-- Up-to-date: /home/cafsanchezdi/ros2_ws/install/sdv_scripts/lib/python3.12/site-packages/sdv_scripts/_sdv_scripts_s.ep.rosidl_typesupport_c.c
-- Up-to-date: /home/cafsanchezdi/ros2_ws/install/sdv_scripts/lib/python3.12/site-packages/sdv_scripts/sdv_scripts_s__rosidl_typesupport_fastrtps_c.so
-- Up-to-date: /home/cafsanchezdi/ros2_ws/install/sdv_scripts/lib/python3.12/site-packages/sdv_scripts/msg
-- Up-to-date: /home/cafsanchezdi/ros2_ws/install/sdv_scripts/lib/python3.12/site-packages/sdv_scripts/msg/_udp_s.c
-- Up-to-date: /home/cafsanchezdi/ros2_ws/install/sdv_scripts/lib/python3.12/site-packages/sdv_scripts/msg/_udp.py
-- Up-to-date: /home/cafsanchezdi/ros2_ws/install/sdv_scripts/lib/python3.12/site-packages/sdv_scripts/msg/__init__.py
-- Up-to-date: /home/cafsanchezdi/ros2_ws/install/sdv_scripts/lib/python3.12/site-packages/sdv_scripts/_sdv_scripts_s.ep.rosidl_typesupport_fastrtps_c.c
-- Up-to-date: /home/cafsanchezdi/ros2_ws/install/sdv_scripts/lib/python3.12/site-packages/sdv_scripts/__init__.py
Listing '/home/cafsanchezdi/ros2_ws/install/sdv_scripts/lib/python3.12/site-packages/sdv_scripts'...
Listing '/home/cafsanchezdi/ros2_ws/install/sdv_scripts/lib/python3.12/site-packages/sdv_scripts/msg'...
-- Up-to-date: /home/cafsanchezdi/ros2_ws/install/sdv_scripts/lib/python3.12/site-packages/sdv_scripts/sdv_scripts_s__rosidl_typesupport_fastrtps_c.so
-- Up-to-date: /home/cafsanchezdi/ros2_ws/install/sdv_scripts/lib/python3.12/site-packages/sdv_scripts/sdv_scripts_s__rosidl_typesupport_introspection_c.so
-- Up-to-date: /home/cafsanchezdi/ros2_ws/install/sdv_scripts/lib/python3.12/site-packages/sdv_scripts/sdv_scripts_s__rosidl_typesupport_c.so
-- Up-to-date: /home/cafsanchezdi/ros2_ws/install/sdv_scripts/lib/libsdv_scripts__rosidl_generator_py.so
-- Up-to-date: /home/cafsanchezdi/ros2_ws/install/sdv_scripts/share/sdv_scripts/msg/Udp.idl
-- Up-to-date: /home/cafsanchezdi/ros2_ws/install/sdv_scripts/share/sdv_scripts/msg/Udp.msg
-- Up-to-date: /home/cafsanchezdi/ros2_ws/install/sdv_scripts/share/ament_index/resource_index/package_run_dependencies/sdv_scripts
-- Up-to-date: /home/cafsanchezdi/ros2_ws/install/sdv_scripts/share/ament_index/resource_index/parent_prefix_path/sdv_scripts
-- Up-to-date: /home/cafsanchezdi/ros2_ws/install/sdv_scripts/share/sdv_scripts/environment/ament_prefix_path.sh
-- Up-to-date: /home/cafsanchezdi/ros2_ws/install/sdv_scripts/share/sdv_scripts/environment/ament_prefix_path.dsv
-- Up-to-date: /home/cafsanchezdi/ros2_ws/install/sdv_scripts/share/sdv_scripts/environment/path.sh
-- Up-to-date: /home/cafsanchezdi/ros2_ws/install/sdv_scripts/share/sdv_scripts/environment/path.dsv
-- Up-to-date: /home/cafsanchezdi/ros2_ws/install/sdv_scripts/share/sdv_scripts/local_setup.bash
-- Up-to-date: /home/cafsanchezdi/ros2_ws/install/sdv_scripts/share/sdv_scripts/local_setup.sh
-- Up-to-date: /home/cafsanchezdi/ros2_ws/install/sdv_scripts/share/sdv_scripts/local_setup.zsh
-- Up-to-date: /home/cafsanchezdi/ros2_ws/install/sdv_scripts/share/sdv_scripts/local_setup.dsv
-- Installing: /home/cafsanchezdi/ros2_ws/install/sdv_scripts/share/sdv_scripts/package.dsv
-- Up-to-date: /home/cafsanchezdi/ros2_ws/install/sdv_scripts/share/ament_index/resource_index/packages/sdv_scripts
-- Up-to-date: /home/cafsanchezdi/ros2_ws/install/sdv_scripts/share/sdv_scripts/cmake/export_sdv_scripts__rosidl_generator_cExport.cmake
-- Up-to-date: /home/cafsanchezdi/ros2_ws/install/sdv_scripts/share/sdv_scripts/cmake/export_sdv_scripts__rosidl_generator_cExport-noconfig.cmake
-- Up-to-date: /home/cafsanchezdi/ros2_ws/install/sdv_scripts/share/sdv_scripts/cmake/export_sdv_scripts__rosidl_typesupport_fastrtps_cExport.cmake
-- Up-to-date: /home/cafsanchezdi/ros2_ws/install/sdv_scripts/share/sdv_scripts/cmake/export_sdv_scripts__rosidl_typesupport_fastrtps_cExport-noconfig.cmake
-- Up-to-date: /home/cafsanchezdi/ros2_ws/install/sdv_scripts/share/sdv_scripts/cmake/sdv_scripts__rosidl_typesupport_introspection_cExport.cmake
-- Up-to-date: /home/cafsanchezdi/ros2_ws/install/sdv_scripts/share/sdv_scripts/cmake/sdv_scripts__rosidl_typesupport_introspection_cExport-noconfig.cmake
-- Up-to-date: /home/cafsanchezdi/ros2_ws/install/sdv_scripts/share/sdv_scripts/cmake/sdv_scripts__rosidl_typesupport_cExport.cmake
-- Up-to-date: /home/cafsanchezdi/ros2_ws/install/sdv_scripts/share/sdv_scripts/cmake/sdv_scripts__rosidl_typesupport_cExport-noconfig.cmake
-- Up-to-date: /home/cafsanchezdi/ros2_ws/install/sdv_scripts/share/sdv_scripts/cmake/export_sdv_scripts__rosidl_generator_cppExport.cmake
-- Up-to-date: /home/cafsanchezdi/ros2_ws/install/sdv_scripts/share/sdv_scripts/cmake/export_sdv_scripts__rosidl_typesupport_fastrtps_cppExport.cmake
-- Up-to-date: /home/cafsanchezdi/ros2_ws/install/sdv_scripts/share/sdv_scripts/cmake/export_sdv_scripts__rosidl_typesupport_fastrtps_cppExport-noconfig.cmake
-- Up-to-date: /home/cafsanchezdi/ros2_ws/install/sdv_scripts/share/sdv_scripts/cmake/sdv_scripts__rosidl_typesupport_introspection_cppExport.cmake
-- Up-to-date: /home/cafsanchezdi/ros2_ws/install/sdv_scripts/share/sdv_scripts/cmake/sdv_scripts__rosidl_typesupport_introspection_cppExport-noconfig.cmake
-- Up-to-date: /home/cafsanchezdi/ros2_ws/install/sdv_scripts/share/sdv_scripts/cmake/sdv_scripts__rosidl_typesupport_cppExport.cmake
-- Up-to-date: /home/cafsanchezdi/ros2_ws/install/sdv_scripts/share/sdv_scripts/cmake/sdv_scripts__rosidl_typesupport_cppExport-noconfig.cmake
-- Up-to-date: /home/cafsanchezdi/ros2_ws/install/sdv_scripts/share/sdv_scripts/cmake/export_sdv_scripts__rosidl_generator_pyExport.cmake
-- Up-to-date: /home/cafsanchezdi/ros2_ws/install/sdv_scripts/share/sdv_scripts/cmake/export_sdv_scripts__rosidl_generator_pyExport-noconfig.cmake
-- Up-to-date: /home/cafsanchezdi/ros2_ws/install/sdv_scripts/share/sdv_scripts/cmake/rosidl_cmake-extras.cmake
-- Up-to-date: /home/cafsanchezdi/ros2_ws/install/sdv_scripts/share/sdv_scripts/cmake/ament_cmake_export_dependencies-extras.cmake
-- Up-to-date: /home/cafsanchezdi/ros2_ws/install/sdv_scripts/share/sdv_scripts/cmake/ament_cmake_export_include_directories-extras.cmake
-- Up-to-date: /home/cafsanchezdi/ros2_ws/install/sdv_scripts/share/sdv_scripts/cmake/ament_cmake_export_libraries-extras.cmake
-- Up-to-date: /home/cafsanchezdi/ros2_ws/install/sdv_scripts/share/sdv_scripts/cmake/ament_cmake_export_targets-extras.cmake
-- Up-to-date: /home/cafsanchezdi/ros2_ws/install/sdv_scripts/share/sdv_scripts/cmake/rosidl_cmake_export_typesupport_targets-extras.cmake
-- Up-to-date: /home/cafsanchezdi/ros2_ws/install/sdv_scripts/share/sdv_scripts/cmake/rosidl_cmake_export_typesupport_libraries-extras.cmake
-- Up-to-date: /home/cafsanchezdi/ros2_ws/install/sdv_scripts/share/sdv_scripts/cmake/sdv_scriptsConfig.cmake
-- Up-to-date: /home/cafsanchezdi/ros2_ws/install/sdv_scripts/share/sdv_scripts/cmake/sdv_scriptsConfig-version.cmake
-- Up-to-date: /home/cafsanchezdi/ros2_ws/install/sdv_scripts/share/sdv_scripts/package.xml
