[0.018s] Invoking command in '/home/cafsanchezdi/ros2_ws/build/sdv_scripts': CMAKE_PREFIX_PATH=/home/cafsanchezdi/ros2_ws/install/sdv_msgs:/home/cafsanchezdi/ros2_ws/install/sdv_process:/home/cafsanchezdi/ros2_ws/install/sdv_serial:/home/cafsanchezdi/ros2_ws/install/sdv_scripts:/home/cafsanchezdi/ros2_ws/install/sdv_nav:/home/cafsanchezdi/ros2_ws/install/sdv_joystick:/home/cafsanchezdi/ros2_ws/install/camera_platform:/opt/ros/jazzy/opt/gz_sim_vendor:/opt/ros/jazzy/opt/gz_sensors_vendor:/opt/ros/jazzy/opt/gz_physics_vendor:/opt/ros/jazzy/opt/sdformat_vendor:/opt/ros/jazzy/opt/gz_gui_vendor:/opt/ros/jazzy/opt/gz_transport_vendor:/opt/ros/jazzy/opt/gz_rendering_vendor:/opt/ros/jazzy/opt/gz_plugin_vendor:/opt/ros/jazzy/opt/gz_fuel_tools_vendor:/opt/ros/jazzy/opt/gz_msgs_vendor:/opt/ros/jazzy/opt/gz_common_vendor:/opt/ros/jazzy/opt/gz_math_vendor:/opt/ros/jazzy/opt/gz_utils_vendor:/opt/ros/jazzy/opt/gz_tools_vendor:/opt/ros/jazzy/opt/gz_ogre_next_vendor:/opt/ros/jazzy/opt/gz_dartsim_vendor:/opt/ros/jazzy/opt/gz_cmake_vendor:/opt/ros/jazzy DEBUGINFOD_URLS=https://debuginfod.ubuntu.com LD_LIBRARY_PATH=/home/cafsanchezdi/ros2_ws/install/sdv_msgs/lib:/home/cafsanchezdi/ros2_ws/install/sdv_process/lib:/home/cafsanchezdi/ros2_ws/install/sdv_scripts/lib:/opt/ros/jazzy/opt/gz_sim_vendor/lib:/opt/ros/jazzy/opt/gz_sensors_vendor/lib:/opt/ros/jazzy/opt/gz_physics_vendor/lib:/opt/ros/jazzy/opt/sdformat_vendor/lib:/opt/ros/jazzy/opt/rviz_ogre_vendor/lib:/opt/ros/jazzy/lib/x86_64-linux-gnu:/opt/ros/jazzy/opt/gz_gui_vendor/lib:/opt/ros/jazzy/opt/gz_transport_vendor/lib:/opt/ros/jazzy/opt/gz_rendering_vendor/lib:/opt/ros/jazzy/opt/gz_plugin_vendor/lib:/opt/ros/jazzy/opt/gz_fuel_tools_vendor/lib:/opt/ros/jazzy/opt/gz_msgs_vendor/lib:/opt/ros/jazzy/opt/gz_common_vendor/lib:/opt/ros/jazzy/opt/gz_math_vendor/lib:/opt/ros/jazzy/opt/gz_utils_vendor/lib:/opt/ros/jazzy/opt/gz_tools_vendor/lib:/opt/ros/jazzy/opt/gz_ogre_next_vendor/lib:/opt/ros/jazzy/opt/gz_dartsim_vendor/lib:/opt/ros/jazzy/opt/gz_cmake_vendor/lib:/opt/ros/jazzy/lib PYTHONPATH=/home/cafsanchezdi/ros2_ws/install/sdv_msgs/lib/python3.12/site-packages:/home/cafsanchezdi/ros2_ws/install/sdv_process/lib/python3.12/site-packages:/home/cafsanchezdi/ros2_ws/install/sdv_scripts/lib/python3.12/site-packages:/opt/ros/jazzy/lib/python3.12/site-packages /usr/bin/cmake --build /home/cafsanchezdi/ros2_ws/build/sdv_scripts -- -j4 -l4
[0.093s] [  2%] Built target sdv_scripts__rosidl_generator_type_description
[0.109s] [  2%] Built target ament_cmake_python_copy_sdv_scripts
[0.125s] [ 17%] Built target sdv_scripts__rosidl_generator_c
[0.126s] [ 20%] Built target sdv_scripts__cpp
[0.174s] [ 29%] Built target sdv_scripts__rosidl_typesupport_fastrtps_c
[0.177s] [ 38%] Built target sdv_scripts__rosidl_typesupport_introspection_c
[0.177s] [ 47%] Built target sdv_scripts__rosidl_typesupport_c
[0.226s] [ 55%] Built target sdv_scripts__rosidl_typesupport_fastrtps_cpp
[0.226s] [ 64%] Built target sdv_scripts__rosidl_typesupport_introspection_cpp
[0.226s] [ 73%] Built target sdv_scripts__rosidl_typesupport_cpp
[0.258s] [ 73%] Built target sdv_scripts
[0.290s] [ 76%] Built target sdv_scripts__py
[0.333s] [ 82%] Built target sdv_scripts__rosidl_generator_py
[0.367s] running egg_info
[0.393s] [ 88%] Built target sdv_scripts_s__rosidl_typesupport_introspection_c
[0.393s] writing sdv_scripts.egg-info/PKG-INFO
[0.394s] writing dependency_links to sdv_scripts.egg-info/dependency_links.txt
[0.394s] writing top-level names to sdv_scripts.egg-info/top_level.txt
[0.407s] [ 94%] Built target sdv_scripts_s__rosidl_typesupport_fastrtps_c
[0.424s] [100%] Built target sdv_scripts_s__rosidl_typesupport_c
[0.463s] reading manifest file 'sdv_scripts.egg-info/SOURCES.txt'
[0.463s] writing manifest file 'sdv_scripts.egg-info/SOURCES.txt'
[0.513s] [100%] Built target ament_cmake_python_build_sdv_scripts_egg
[0.531s] Invoked command in '/home/cafsanchezdi/ros2_ws/build/sdv_scripts' returned '0': CMAKE_PREFIX_PATH=/home/cafsanchezdi/ros2_ws/install/sdv_msgs:/home/cafsanchezdi/ros2_ws/install/sdv_process:/home/cafsanchezdi/ros2_ws/install/sdv_serial:/home/cafsanchezdi/ros2_ws/install/sdv_scripts:/home/cafsanchezdi/ros2_ws/install/sdv_nav:/home/cafsanchezdi/ros2_ws/install/sdv_joystick:/home/cafsanchezdi/ros2_ws/install/camera_platform:/opt/ros/jazzy/opt/gz_sim_vendor:/opt/ros/jazzy/opt/gz_sensors_vendor:/opt/ros/jazzy/opt/gz_physics_vendor:/opt/ros/jazzy/opt/sdformat_vendor:/opt/ros/jazzy/opt/gz_gui_vendor:/opt/ros/jazzy/opt/gz_transport_vendor:/opt/ros/jazzy/opt/gz_rendering_vendor:/opt/ros/jazzy/opt/gz_plugin_vendor:/opt/ros/jazzy/opt/gz_fuel_tools_vendor:/opt/ros/jazzy/opt/gz_msgs_vendor:/opt/ros/jazzy/opt/gz_common_vendor:/opt/ros/jazzy/opt/gz_math_vendor:/opt/ros/jazzy/opt/gz_utils_vendor:/opt/ros/jazzy/opt/gz_tools_vendor:/opt/ros/jazzy/opt/gz_ogre_next_vendor:/opt/ros/jazzy/opt/gz_dartsim_vendor:/opt/ros/jazzy/opt/gz_cmake_vendor:/opt/ros/jazzy DEBUGINFOD_URLS=https://debuginfod.ubuntu.com LD_LIBRARY_PATH=/home/cafsanchezdi/ros2_ws/install/sdv_msgs/lib:/home/cafsanchezdi/ros2_ws/install/sdv_process/lib:/home/cafsanchezdi/ros2_ws/install/sdv_scripts/lib:/opt/ros/jazzy/opt/gz_sim_vendor/lib:/opt/ros/jazzy/opt/gz_sensors_vendor/lib:/opt/ros/jazzy/opt/gz_physics_vendor/lib:/opt/ros/jazzy/opt/sdformat_vendor/lib:/opt/ros/jazzy/opt/rviz_ogre_vendor/lib:/opt/ros/jazzy/lib/x86_64-linux-gnu:/opt/ros/jazzy/opt/gz_gui_vendor/lib:/opt/ros/jazzy/opt/gz_transport_vendor/lib:/opt/ros/jazzy/opt/gz_rendering_vendor/lib:/opt/ros/jazzy/opt/gz_plugin_vendor/lib:/opt/ros/jazzy/opt/gz_fuel_tools_vendor/lib:/opt/ros/jazzy/opt/gz_msgs_vendor/lib:/opt/ros/jazzy/opt/gz_common_vendor/lib:/opt/ros/jazzy/opt/gz_math_vendor/lib:/opt/ros/jazzy/opt/gz_utils_vendor/lib:/opt/ros/jazzy/opt/gz_tools_vendor/lib:/opt/ros/jazzy/opt/gz_ogre_next_vendor/lib:/opt/ros/jazzy/opt/gz_dartsim_vendor/lib:/opt/ros/jazzy/opt/gz_cmake_vendor/lib:/opt/ros/jazzy/lib PYTHONPATH=/home/cafsanchezdi/ros2_ws/install/sdv_msgs/lib/python3.12/site-packages:/home/cafsanchezdi/ros2_ws/install/sdv_process/lib/python3.12/site-packages:/home/cafsanchezdi/ros2_ws/install/sdv_scripts/lib/python3.12/site-packages:/opt/ros/jazzy/lib/python3.12/site-packages /usr/bin/cmake --build /home/cafsanchezdi/ros2_ws/build/sdv_scripts -- -j4 -l4
[0.533s] Invoking command in '/home/cafsanchezdi/ros2_ws/build/sdv_scripts': CMAKE_PREFIX_PATH=/home/cafsanchezdi/ros2_ws/install/sdv_msgs:/home/cafsanchezdi/ros2_ws/install/sdv_process:/home/cafsanchezdi/ros2_ws/install/sdv_serial:/home/cafsanchezdi/ros2_ws/install/sdv_scripts:/home/cafsanchezdi/ros2_ws/install/sdv_nav:/home/cafsanchezdi/ros2_ws/install/sdv_joystick:/home/cafsanchezdi/ros2_ws/install/camera_platform:/opt/ros/jazzy/opt/gz_sim_vendor:/opt/ros/jazzy/opt/gz_sensors_vendor:/opt/ros/jazzy/opt/gz_physics_vendor:/opt/ros/jazzy/opt/sdformat_vendor:/opt/ros/jazzy/opt/gz_gui_vendor:/opt/ros/jazzy/opt/gz_transport_vendor:/opt/ros/jazzy/opt/gz_rendering_vendor:/opt/ros/jazzy/opt/gz_plugin_vendor:/opt/ros/jazzy/opt/gz_fuel_tools_vendor:/opt/ros/jazzy/opt/gz_msgs_vendor:/opt/ros/jazzy/opt/gz_common_vendor:/opt/ros/jazzy/opt/gz_math_vendor:/opt/ros/jazzy/opt/gz_utils_vendor:/opt/ros/jazzy/opt/gz_tools_vendor:/opt/ros/jazzy/opt/gz_ogre_next_vendor:/opt/ros/jazzy/opt/gz_dartsim_vendor:/opt/ros/jazzy/opt/gz_cmake_vendor:/opt/ros/jazzy DEBUGINFOD_URLS=https://debuginfod.ubuntu.com LD_LIBRARY_PATH=/home/cafsanchezdi/ros2_ws/install/sdv_msgs/lib:/home/cafsanchezdi/ros2_ws/install/sdv_process/lib:/home/cafsanchezdi/ros2_ws/install/sdv_scripts/lib:/opt/ros/jazzy/opt/gz_sim_vendor/lib:/opt/ros/jazzy/opt/gz_sensors_vendor/lib:/opt/ros/jazzy/opt/gz_physics_vendor/lib:/opt/ros/jazzy/opt/sdformat_vendor/lib:/opt/ros/jazzy/opt/rviz_ogre_vendor/lib:/opt/ros/jazzy/lib/x86_64-linux-gnu:/opt/ros/jazzy/opt/gz_gui_vendor/lib:/opt/ros/jazzy/opt/gz_transport_vendor/lib:/opt/ros/jazzy/opt/gz_rendering_vendor/lib:/opt/ros/jazzy/opt/gz_plugin_vendor/lib:/opt/ros/jazzy/opt/gz_fuel_tools_vendor/lib:/opt/ros/jazzy/opt/gz_msgs_vendor/lib:/opt/ros/jazzy/opt/gz_common_vendor/lib:/opt/ros/jazzy/opt/gz_math_vendor/lib:/opt/ros/jazzy/opt/gz_utils_vendor/lib:/opt/ros/jazzy/opt/gz_tools_vendor/lib:/opt/ros/jazzy/opt/gz_ogre_next_vendor/lib:/opt/ros/jazzy/opt/gz_dartsim_vendor/lib:/opt/ros/jazzy/opt/gz_cmake_vendor/lib:/opt/ros/jazzy/lib PYTHONPATH=/home/cafsanchezdi/ros2_ws/install/sdv_msgs/lib/python3.12/site-packages:/home/cafsanchezdi/ros2_ws/install/sdv_process/lib/python3.12/site-packages:/home/cafsanchezdi/ros2_ws/install/sdv_scripts/lib/python3.12/site-packages:/opt/ros/jazzy/lib/python3.12/site-packages /usr/bin/cmake --install /home/cafsanchezdi/ros2_ws/build/sdv_scripts
[0.544s] -- Install configuration: ""
[0.544s] -- Up-to-date: /home/cafsanchezdi/ros2_ws/install/sdv_scripts/share/ament_index/resource_index/rosidl_interfaces/sdv_scripts
[0.544s] -- Up-to-date: /home/cafsanchezdi/ros2_ws/install/sdv_scripts/share/sdv_scripts/msg/Udp.json
[0.544s] -- Up-to-date: /home/cafsanchezdi/ros2_ws/install/sdv_scripts/include/sdv_scripts/sdv_scripts
[0.544s] -- Up-to-date: /home/cafsanchezdi/ros2_ws/install/sdv_scripts/include/sdv_scripts/sdv_scripts/msg
[0.544s] -- Up-to-date: /home/cafsanchezdi/ros2_ws/install/sdv_scripts/include/sdv_scripts/sdv_scripts/msg/udp.h
[0.545s] -- Up-to-date: /home/cafsanchezdi/ros2_ws/install/sdv_scripts/include/sdv_scripts/sdv_scripts/msg/rosidl_generator_c__visibility_control.h
[0.545s] -- Up-to-date: /home/cafsanchezdi/ros2_ws/install/sdv_scripts/include/sdv_scripts/sdv_scripts/msg/detail
[0.545s] -- Up-to-date: /home/cafsanchezdi/ros2_ws/install/sdv_scripts/include/sdv_scripts/sdv_scripts/msg/detail/udp__struct.h
[0.545s] -- Up-to-date: /home/cafsanchezdi/ros2_ws/install/sdv_scripts/include/sdv_scripts/sdv_scripts/msg/detail/udp__type_support.h
[0.545s] -- Up-to-date: /home/cafsanchezdi/ros2_ws/install/sdv_scripts/include/sdv_scripts/sdv_scripts/msg/detail/udp__functions.c
[0.545s] -- Up-to-date: /home/cafsanchezdi/ros2_ws/install/sdv_scripts/include/sdv_scripts/sdv_scripts/msg/detail/udp__functions.h
[0.546s] -- Installing: /home/cafsanchezdi/ros2_ws/install/sdv_scripts/include/sdv_scripts/sdv_scripts/msg/detail/udp__type_support.c
[0.546s] -- Up-to-date: /home/cafsanchezdi/ros2_ws/install/sdv_scripts/include/sdv_scripts/sdv_scripts/msg/detail/udp__description.c
[0.546s] -- Up-to-date: /home/cafsanchezdi/ros2_ws/install/sdv_scripts/share/sdv_scripts/environment/library_path.sh
[0.546s] -- Up-to-date: /home/cafsanchezdi/ros2_ws/install/sdv_scripts/share/sdv_scripts/environment/library_path.dsv
[0.546s] -- Up-to-date: /home/cafsanchezdi/ros2_ws/install/sdv_scripts/lib/libsdv_scripts__rosidl_generator_c.so
[0.547s] -- Up-to-date: /home/cafsanchezdi/ros2_ws/install/sdv_scripts/include/sdv_scripts/sdv_scripts
[0.547s] -- Up-to-date: /home/cafsanchezdi/ros2_ws/install/sdv_scripts/include/sdv_scripts/sdv_scripts/msg
[0.547s] -- Up-to-date: /home/cafsanchezdi/ros2_ws/install/sdv_scripts/include/sdv_scripts/sdv_scripts/msg/rosidl_typesupport_fastrtps_c__visibility_control.h
[0.547s] -- Up-to-date: /home/cafsanchezdi/ros2_ws/install/sdv_scripts/include/sdv_scripts/sdv_scripts/msg/detail
[0.547s] -- Up-to-date: /home/cafsanchezdi/ros2_ws/install/sdv_scripts/include/sdv_scripts/sdv_scripts/msg/detail/udp__rosidl_typesupport_fastrtps_c.h
[0.547s] -- Up-to-date: /home/cafsanchezdi/ros2_ws/install/sdv_scripts/lib/libsdv_scripts__rosidl_typesupport_fastrtps_c.so
[0.547s] -- Up-to-date: /home/cafsanchezdi/ros2_ws/install/sdv_scripts/include/sdv_scripts/sdv_scripts
[0.547s] -- Up-to-date: /home/cafsanchezdi/ros2_ws/install/sdv_scripts/include/sdv_scripts/sdv_scripts/msg
[0.547s] -- Up-to-date: /home/cafsanchezdi/ros2_ws/install/sdv_scripts/include/sdv_scripts/sdv_scripts/msg/rosidl_typesupport_introspection_c__visibility_control.h
[0.547s] -- Up-to-date: /home/cafsanchezdi/ros2_ws/install/sdv_scripts/include/sdv_scripts/sdv_scripts/msg/detail
[0.548s] -- Up-to-date: /home/cafsanchezdi/ros2_ws/install/sdv_scripts/include/sdv_scripts/sdv_scripts/msg/detail/udp__rosidl_typesupport_introspection_c.h
[0.548s] -- Installing: /home/cafsanchezdi/ros2_ws/install/sdv_scripts/include/sdv_scripts/sdv_scripts/msg/detail/udp__type_support.c
[0.548s] -- Up-to-date: /home/cafsanchezdi/ros2_ws/install/sdv_scripts/lib/libsdv_scripts__rosidl_typesupport_introspection_c.so
[0.548s] -- Up-to-date: /home/cafsanchezdi/ros2_ws/install/sdv_scripts/lib/libsdv_scripts__rosidl_typesupport_c.so
[0.548s] -- Up-to-date: /home/cafsanchezdi/ros2_ws/install/sdv_scripts/include/sdv_scripts/sdv_scripts
[0.548s] -- Up-to-date: /home/cafsanchezdi/ros2_ws/install/sdv_scripts/include/sdv_scripts/sdv_scripts/msg
[0.548s] -- Up-to-date: /home/cafsanchezdi/ros2_ws/install/sdv_scripts/include/sdv_scripts/sdv_scripts/msg/udp.hpp
[0.548s] -- Up-to-date: /home/cafsanchezdi/ros2_ws/install/sdv_scripts/include/sdv_scripts/sdv_scripts/msg/rosidl_generator_cpp__visibility_control.hpp
[0.548s] -- Up-to-date: /home/cafsanchezdi/ros2_ws/install/sdv_scripts/include/sdv_scripts/sdv_scripts/msg/detail
[0.548s] -- Up-to-date: /home/cafsanchezdi/ros2_ws/install/sdv_scripts/include/sdv_scripts/sdv_scripts/msg/detail/udp__traits.hpp
[0.549s] -- Up-to-date: /home/cafsanchezdi/ros2_ws/install/sdv_scripts/include/sdv_scripts/sdv_scripts/msg/detail/udp__struct.hpp
[0.549s] -- Up-to-date: /home/cafsanchezdi/ros2_ws/install/sdv_scripts/include/sdv_scripts/sdv_scripts/msg/detail/udp__type_support.hpp
[0.549s] -- Up-to-date: /home/cafsanchezdi/ros2_ws/install/sdv_scripts/include/sdv_scripts/sdv_scripts/msg/detail/udp__builder.hpp
[0.549s] -- Up-to-date: /home/cafsanchezdi/ros2_ws/install/sdv_scripts/include/sdv_scripts/sdv_scripts
[0.549s] -- Up-to-date: /home/cafsanchezdi/ros2_ws/install/sdv_scripts/include/sdv_scripts/sdv_scripts/msg
[0.549s] -- Up-to-date: /home/cafsanchezdi/ros2_ws/install/sdv_scripts/include/sdv_scripts/sdv_scripts/msg/rosidl_typesupport_fastrtps_cpp__visibility_control.h
[0.549s] -- Up-to-date: /home/cafsanchezdi/ros2_ws/install/sdv_scripts/include/sdv_scripts/sdv_scripts/msg/detail
[0.549s] -- Up-to-date: /home/cafsanchezdi/ros2_ws/install/sdv_scripts/include/sdv_scripts/sdv_scripts/msg/detail/dds_fastrtps
[0.549s] -- Up-to-date: /home/cafsanchezdi/ros2_ws/install/sdv_scripts/include/sdv_scripts/sdv_scripts/msg/detail/udp__rosidl_typesupport_fastrtps_cpp.hpp
[0.549s] -- Up-to-date: /home/cafsanchezdi/ros2_ws/install/sdv_scripts/lib/libsdv_scripts__rosidl_typesupport_fastrtps_cpp.so
[0.549s] -- Up-to-date: /home/cafsanchezdi/ros2_ws/install/sdv_scripts/include/sdv_scripts/sdv_scripts
[0.550s] -- Up-to-date: /home/cafsanchezdi/ros2_ws/install/sdv_scripts/include/sdv_scripts/sdv_scripts/msg
[0.550s] -- Up-to-date: /home/cafsanchezdi/ros2_ws/install/sdv_scripts/include/sdv_scripts/sdv_scripts/msg/detail
[0.550s] -- Up-to-date: /home/cafsanchezdi/ros2_ws/install/sdv_scripts/include/sdv_scripts/sdv_scripts/msg/detail/udp__rosidl_typesupport_introspection_cpp.hpp
[0.550s] -- Up-to-date: /home/cafsanchezdi/ros2_ws/install/sdv_scripts/include/sdv_scripts/sdv_scripts/msg/detail/udp__type_support.cpp
[0.551s] -- Up-to-date: /home/cafsanchezdi/ros2_ws/install/sdv_scripts/lib/libsdv_scripts__rosidl_typesupport_introspection_cpp.so
[0.551s] -- Up-to-date: /home/cafsanchezdi/ros2_ws/install/sdv_scripts/lib/libsdv_scripts__rosidl_typesupport_cpp.so
[0.551s] -- Up-to-date: /home/cafsanchezdi/ros2_ws/install/sdv_scripts/share/sdv_scripts/environment/pythonpath.sh
[0.551s] -- Up-to-date: /home/cafsanchezdi/ros2_ws/install/sdv_scripts/share/sdv_scripts/environment/pythonpath.dsv
[0.551s] -- Up-to-date: /home/cafsanchezdi/ros2_ws/install/sdv_scripts/lib/python3.12/site-packages/sdv_scripts-0.0.1-py3.12.egg-info
[0.551s] -- Installing: /home/cafsanchezdi/ros2_ws/install/sdv_scripts/lib/python3.12/site-packages/sdv_scripts-0.0.1-py3.12.egg-info/PKG-INFO
[0.551s] -- Installing: /home/cafsanchezdi/ros2_ws/install/sdv_scripts/lib/python3.12/site-packages/sdv_scripts-0.0.1-py3.12.egg-info/dependency_links.txt
[0.551s] -- Installing: /home/cafsanchezdi/ros2_ws/install/sdv_scripts/lib/python3.12/site-packages/sdv_scripts-0.0.1-py3.12.egg-info/SOURCES.txt
[0.552s] -- Installing: /home/cafsanchezdi/ros2_ws/install/sdv_scripts/lib/python3.12/site-packages/sdv_scripts-0.0.1-py3.12.egg-info/top_level.txt
[0.552s] -- Up-to-date: /home/cafsanchezdi/ros2_ws/install/sdv_scripts/lib/python3.12/site-packages/sdv_scripts
[0.552s] -- Up-to-date: /home/cafsanchezdi/ros2_ws/install/sdv_scripts/lib/python3.12/site-packages/sdv_scripts/sdv_scripts_s__rosidl_typesupport_introspection_c.so
[0.552s] -- Up-to-date: /home/cafsanchezdi/ros2_ws/install/sdv_scripts/lib/python3.12/site-packages/sdv_scripts/sdv_scripts_s__rosidl_typesupport_c.so
[0.552s] -- Up-to-date: /home/cafsanchezdi/ros2_ws/install/sdv_scripts/lib/python3.12/site-packages/sdv_scripts/_sdv_scripts_s.ep.rosidl_typesupport_introspection_c.c
[0.552s] -- Up-to-date: /home/cafsanchezdi/ros2_ws/install/sdv_scripts/lib/python3.12/site-packages/sdv_scripts/_sdv_scripts_s.ep.rosidl_typesupport_c.c
[0.552s] -- Up-to-date: /home/cafsanchezdi/ros2_ws/install/sdv_scripts/lib/python3.12/site-packages/sdv_scripts/sdv_scripts_s__rosidl_typesupport_fastrtps_c.so
[0.552s] -- Up-to-date: /home/cafsanchezdi/ros2_ws/install/sdv_scripts/lib/python3.12/site-packages/sdv_scripts/msg
[0.552s] -- Up-to-date: /home/cafsanchezdi/ros2_ws/install/sdv_scripts/lib/python3.12/site-packages/sdv_scripts/msg/_udp_s.c
[0.552s] -- Up-to-date: /home/cafsanchezdi/ros2_ws/install/sdv_scripts/lib/python3.12/site-packages/sdv_scripts/msg/_udp.py
[0.552s] -- Up-to-date: /home/cafsanchezdi/ros2_ws/install/sdv_scripts/lib/python3.12/site-packages/sdv_scripts/msg/__init__.py
[0.552s] -- Up-to-date: /home/cafsanchezdi/ros2_ws/install/sdv_scripts/lib/python3.12/site-packages/sdv_scripts/_sdv_scripts_s.ep.rosidl_typesupport_fastrtps_c.c
[0.552s] -- Up-to-date: /home/cafsanchezdi/ros2_ws/install/sdv_scripts/lib/python3.12/site-packages/sdv_scripts/__init__.py
[0.601s] Listing '/home/cafsanchezdi/ros2_ws/install/sdv_scripts/lib/python3.12/site-packages/sdv_scripts'...
[0.601s] Listing '/home/cafsanchezdi/ros2_ws/install/sdv_scripts/lib/python3.12/site-packages/sdv_scripts/msg'...
[0.605s] -- Up-to-date: /home/cafsanchezdi/ros2_ws/install/sdv_scripts/lib/python3.12/site-packages/sdv_scripts/sdv_scripts_s__rosidl_typesupport_fastrtps_c.so
[0.605s] -- Up-to-date: /home/cafsanchezdi/ros2_ws/install/sdv_scripts/lib/python3.12/site-packages/sdv_scripts/sdv_scripts_s__rosidl_typesupport_introspection_c.so
[0.605s] -- Up-to-date: /home/cafsanchezdi/ros2_ws/install/sdv_scripts/lib/python3.12/site-packages/sdv_scripts/sdv_scripts_s__rosidl_typesupport_c.so
[0.606s] -- Up-to-date: /home/cafsanchezdi/ros2_ws/install/sdv_scripts/lib/libsdv_scripts__rosidl_generator_py.so
[0.606s] -- Up-to-date: /home/cafsanchezdi/ros2_ws/install/sdv_scripts/share/sdv_scripts/msg/Udp.idl
[0.607s] -- Up-to-date: /home/cafsanchezdi/ros2_ws/install/sdv_scripts/share/sdv_scripts/msg/Udp.msg
[0.607s] -- Up-to-date: /home/cafsanchezdi/ros2_ws/install/sdv_scripts/share/ament_index/resource_index/package_run_dependencies/sdv_scripts
[0.607s] -- Up-to-date: /home/cafsanchezdi/ros2_ws/install/sdv_scripts/share/ament_index/resource_index/parent_prefix_path/sdv_scripts
[0.607s] -- Up-to-date: /home/cafsanchezdi/ros2_ws/install/sdv_scripts/share/sdv_scripts/environment/ament_prefix_path.sh
[0.608s] -- Up-to-date: /home/cafsanchezdi/ros2_ws/install/sdv_scripts/share/sdv_scripts/environment/ament_prefix_path.dsv
[0.608s] -- Up-to-date: /home/cafsanchezdi/ros2_ws/install/sdv_scripts/share/sdv_scripts/environment/path.sh
[0.608s] -- Up-to-date: /home/cafsanchezdi/ros2_ws/install/sdv_scripts/share/sdv_scripts/environment/path.dsv
[0.608s] -- Up-to-date: /home/cafsanchezdi/ros2_ws/install/sdv_scripts/share/sdv_scripts/local_setup.bash
[0.629s] -- Up-to-date: /home/cafsanchezdi/ros2_ws/install/sdv_scripts/share/sdv_scripts/local_setup.sh
[0.630s] -- Up-to-date: /home/cafsanchezdi/ros2_ws/install/sdv_scripts/share/sdv_scripts/local_setup.zsh
[0.630s] -- Up-to-date: /home/cafsanchezdi/ros2_ws/install/sdv_scripts/share/sdv_scripts/local_setup.dsv
[0.630s] -- Installing: /home/cafsanchezdi/ros2_ws/install/sdv_scripts/share/sdv_scripts/package.dsv
[0.630s] -- Up-to-date: /home/cafsanchezdi/ros2_ws/install/sdv_scripts/share/ament_index/resource_index/packages/sdv_scripts
[0.630s] -- Up-to-date: /home/cafsanchezdi/ros2_ws/install/sdv_scripts/share/sdv_scripts/cmake/export_sdv_scripts__rosidl_generator_cExport.cmake
[0.631s] -- Up-to-date: /home/cafsanchezdi/ros2_ws/install/sdv_scripts/share/sdv_scripts/cmake/export_sdv_scripts__rosidl_generator_cExport-noconfig.cmake
[0.631s] -- Up-to-date: /home/cafsanchezdi/ros2_ws/install/sdv_scripts/share/sdv_scripts/cmake/export_sdv_scripts__rosidl_typesupport_fastrtps_cExport.cmake
[0.631s] -- Up-to-date: /home/cafsanchezdi/ros2_ws/install/sdv_scripts/share/sdv_scripts/cmake/export_sdv_scripts__rosidl_typesupport_fastrtps_cExport-noconfig.cmake
[0.631s] -- Up-to-date: /home/cafsanchezdi/ros2_ws/install/sdv_scripts/share/sdv_scripts/cmake/sdv_scripts__rosidl_typesupport_introspection_cExport.cmake
[0.631s] -- Up-to-date: /home/cafsanchezdi/ros2_ws/install/sdv_scripts/share/sdv_scripts/cmake/sdv_scripts__rosidl_typesupport_introspection_cExport-noconfig.cmake
[0.631s] -- Up-to-date: /home/cafsanchezdi/ros2_ws/install/sdv_scripts/share/sdv_scripts/cmake/sdv_scripts__rosidl_typesupport_cExport.cmake
[0.631s] -- Up-to-date: /home/cafsanchezdi/ros2_ws/install/sdv_scripts/share/sdv_scripts/cmake/sdv_scripts__rosidl_typesupport_cExport-noconfig.cmake
[0.631s] -- Up-to-date: /home/cafsanchezdi/ros2_ws/install/sdv_scripts/share/sdv_scripts/cmake/export_sdv_scripts__rosidl_generator_cppExport.cmake
[0.631s] -- Up-to-date: /home/cafsanchezdi/ros2_ws/install/sdv_scripts/share/sdv_scripts/cmake/export_sdv_scripts__rosidl_typesupport_fastrtps_cppExport.cmake
[0.632s] -- Up-to-date: /home/cafsanchezdi/ros2_ws/install/sdv_scripts/share/sdv_scripts/cmake/export_sdv_scripts__rosidl_typesupport_fastrtps_cppExport-noconfig.cmake
[0.632s] -- Up-to-date: /home/cafsanchezdi/ros2_ws/install/sdv_scripts/share/sdv_scripts/cmake/sdv_scripts__rosidl_typesupport_introspection_cppExport.cmake
[0.632s] -- Up-to-date: /home/cafsanchezdi/ros2_ws/install/sdv_scripts/share/sdv_scripts/cmake/sdv_scripts__rosidl_typesupport_introspection_cppExport-noconfig.cmake
[0.633s] -- Up-to-date: /home/cafsanchezdi/ros2_ws/install/sdv_scripts/share/sdv_scripts/cmake/sdv_scripts__rosidl_typesupport_cppExport.cmake
[0.633s] -- Up-to-date: /home/cafsanchezdi/ros2_ws/install/sdv_scripts/share/sdv_scripts/cmake/sdv_scripts__rosidl_typesupport_cppExport-noconfig.cmake
[0.633s] -- Up-to-date: /home/cafsanchezdi/ros2_ws/install/sdv_scripts/share/sdv_scripts/cmake/export_sdv_scripts__rosidl_generator_pyExport.cmake
[0.633s] -- Up-to-date: /home/cafsanchezdi/ros2_ws/install/sdv_scripts/share/sdv_scripts/cmake/export_sdv_scripts__rosidl_generator_pyExport-noconfig.cmake
[0.633s] -- Up-to-date: /home/cafsanchezdi/ros2_ws/install/sdv_scripts/share/sdv_scripts/cmake/rosidl_cmake-extras.cmake
[0.633s] -- Up-to-date: /home/cafsanchezdi/ros2_ws/install/sdv_scripts/share/sdv_scripts/cmake/ament_cmake_export_dependencies-extras.cmake
[0.635s] -- Up-to-date: /home/cafsanchezdi/ros2_ws/install/sdv_scripts/share/sdv_scripts/cmake/ament_cmake_export_include_directories-extras.cmake
[0.635s] -- Up-to-date: /home/cafsanchezdi/ros2_ws/install/sdv_scripts/share/sdv_scripts/cmake/ament_cmake_export_libraries-extras.cmake
[0.635s] -- Up-to-date: /home/cafsanchezdi/ros2_ws/install/sdv_scripts/share/sdv_scripts/cmake/ament_cmake_export_targets-extras.cmake
[0.635s] -- Up-to-date: /home/cafsanchezdi/ros2_ws/install/sdv_scripts/share/sdv_scripts/cmake/rosidl_cmake_export_typesupport_targets-extras.cmake
[0.635s] -- Up-to-date: /home/cafsanchezdi/ros2_ws/install/sdv_scripts/share/sdv_scripts/cmake/rosidl_cmake_export_typesupport_libraries-extras.cmake
[0.635s] -- Up-to-date: /home/cafsanchezdi/ros2_ws/install/sdv_scripts/share/sdv_scripts/cmake/sdv_scriptsConfig.cmake
[0.636s] -- Up-to-date: /home/cafsanchezdi/ros2_ws/install/sdv_scripts/share/sdv_scripts/cmake/sdv_scriptsConfig-version.cmake
[0.636s] -- Up-to-date: /home/cafsanchezdi/ros2_ws/install/sdv_scripts/share/sdv_scripts/package.xml
[0.636s] Invoked command in '/home/cafsanchezdi/ros2_ws/build/sdv_scripts' returned '0': CMAKE_PREFIX_PATH=/home/cafsanchezdi/ros2_ws/install/sdv_msgs:/home/cafsanchezdi/ros2_ws/install/sdv_process:/home/cafsanchezdi/ros2_ws/install/sdv_serial:/home/cafsanchezdi/ros2_ws/install/sdv_scripts:/home/cafsanchezdi/ros2_ws/install/sdv_nav:/home/cafsanchezdi/ros2_ws/install/sdv_joystick:/home/cafsanchezdi/ros2_ws/install/camera_platform:/opt/ros/jazzy/opt/gz_sim_vendor:/opt/ros/jazzy/opt/gz_sensors_vendor:/opt/ros/jazzy/opt/gz_physics_vendor:/opt/ros/jazzy/opt/sdformat_vendor:/opt/ros/jazzy/opt/gz_gui_vendor:/opt/ros/jazzy/opt/gz_transport_vendor:/opt/ros/jazzy/opt/gz_rendering_vendor:/opt/ros/jazzy/opt/gz_plugin_vendor:/opt/ros/jazzy/opt/gz_fuel_tools_vendor:/opt/ros/jazzy/opt/gz_msgs_vendor:/opt/ros/jazzy/opt/gz_common_vendor:/opt/ros/jazzy/opt/gz_math_vendor:/opt/ros/jazzy/opt/gz_utils_vendor:/opt/ros/jazzy/opt/gz_tools_vendor:/opt/ros/jazzy/opt/gz_ogre_next_vendor:/opt/ros/jazzy/opt/gz_dartsim_vendor:/opt/ros/jazzy/opt/gz_cmake_vendor:/opt/ros/jazzy DEBUGINFOD_URLS=https://debuginfod.ubuntu.com LD_LIBRARY_PATH=/home/cafsanchezdi/ros2_ws/install/sdv_msgs/lib:/home/cafsanchezdi/ros2_ws/install/sdv_process/lib:/home/cafsanchezdi/ros2_ws/install/sdv_scripts/lib:/opt/ros/jazzy/opt/gz_sim_vendor/lib:/opt/ros/jazzy/opt/gz_sensors_vendor/lib:/opt/ros/jazzy/opt/gz_physics_vendor/lib:/opt/ros/jazzy/opt/sdformat_vendor/lib:/opt/ros/jazzy/opt/rviz_ogre_vendor/lib:/opt/ros/jazzy/lib/x86_64-linux-gnu:/opt/ros/jazzy/opt/gz_gui_vendor/lib:/opt/ros/jazzy/opt/gz_transport_vendor/lib:/opt/ros/jazzy/opt/gz_rendering_vendor/lib:/opt/ros/jazzy/opt/gz_plugin_vendor/lib:/opt/ros/jazzy/opt/gz_fuel_tools_vendor/lib:/opt/ros/jazzy/opt/gz_msgs_vendor/lib:/opt/ros/jazzy/opt/gz_common_vendor/lib:/opt/ros/jazzy/opt/gz_math_vendor/lib:/opt/ros/jazzy/opt/gz_utils_vendor/lib:/opt/ros/jazzy/opt/gz_tools_vendor/lib:/opt/ros/jazzy/opt/gz_ogre_next_vendor/lib:/opt/ros/jazzy/opt/gz_dartsim_vendor/lib:/opt/ros/jazzy/opt/gz_cmake_vendor/lib:/opt/ros/jazzy/lib PYTHONPATH=/home/cafsanchezdi/ros2_ws/install/sdv_msgs/lib/python3.12/site-packages:/home/cafsanchezdi/ros2_ws/install/sdv_process/lib/python3.12/site-packages:/home/cafsanchezdi/ros2_ws/install/sdv_scripts/lib/python3.12/site-packages:/opt/ros/jazzy/lib/python3.12/site-packages /usr/bin/cmake --install /home/cafsanchezdi/ros2_ws/build/sdv_scripts
