-- The C compiler identification is GNU 13.3.0
-- The CXX compiler identification is GNU 13.3.0
-- Detecting C compiler ABI info
-- Detecting C compiler ABI info - done
-- Check for working C compiler: /usr/bin/cc - skipped
-- Detecting C compile features
-- Detecting C compile features - done
-- Detecting CXX compiler ABI info
-- Detecting CXX compiler ABI info - done
-- Check for working CXX compiler: /usr/bin/c++ - skipped
-- Detecting CXX compile features
-- Detecting CXX compile features - done
-- Found ament_cmake: 2.5.3 (/opt/ros/jazzy/share/ament_cmake/cmake)
-- Found Python3: /usr/bin/python3 (found version "3.12.3") found components: Interpreter 
-- Found rclpy: 7.1.3 (/opt/ros/jazzy/share/rclpy/cmake)
-- Found sensor_msgs: 5.3.5 (/opt/ros/jazzy/share/sensor_msgs/cmake)
-- Found rosidl_generator_c: 4.6.5 (/opt/ros/jazzy/share/rosidl_generator_c/cmake)
-- Found rosidl_generator_cpp: 4.6.5 (/opt/ros/jazzy/share/rosidl_generator_cpp/cmake)
-- Using all available rosidl_typesupport_c: rosidl_typesupport_fastrtps_c;rosidl_typesupport_introspection_c
-- Using all available rosidl_typesupport_cpp: rosidl_typesupport_fastrtps_cpp;rosidl_typesupport_introspection_cpp
-- Found cv_bridge: 4.1.0 (/opt/ros/jazzy/share/cv_bridge/cmake)
-- Found rmw_implementation_cmake: 7.3.1 (/opt/ros/jazzy/share/rmw_implementation_cmake/cmake)
-- Found rmw_fastrtps_cpp: 8.4.1 (/opt/ros/jazzy/share/rmw_fastrtps_cpp/cmake)
-- Found OpenSSL: /usr/lib/x86_64-linux-gnu/libcrypto.so (found version "3.0.13")  
-- Found FastRTPS: /opt/ros/jazzy/include (Required is at least version "2.13") 
-- Using RMW implementation 'rmw_fastrtps_cpp' as default
-- Configuring done (1.5s)
-- Generating done (0.0s)
-- Build files have been written to: /home/cafsanchezdi/ros2_ws/build/camera_platform
-- Install configuration: ""
-- Installing: /home/cafsanchezdi/ros2_ws/install/camera_platform/lib/camera_platform
-- Installing: /home/cafsanchezdi/ros2_ws/install/camera_platform/lib/camera_platform/image_recog_tools.py
-- Installing: /home/cafsanchezdi/ros2_ws/install/camera_platform/lib/camera_platform/train_data_values.dat
-- Installing: /home/cafsanchezdi/ros2_ws/install/camera_platform/lib/camera_platform/image_recog_tools.pyc
-- Installing: /home/cafsanchezdi/ros2_ws/install/camera_platform/lib/camera_platform/camera_watcher.py
-- Installing: /home/cafsanchezdi/ros2_ws/install/camera_platform/lib/camera_platform/capture_image.py
-- Installing: /home/cafsanchezdi/ros2_ws/install/camera_platform/lib/camera_platform/__init__.py
-- Installing: /home/cafsanchezdi/ros2_ws/install/camera_platform/lib/camera_platform/camera_window_sample.py
-- Installing: /home/cafsanchezdi/ros2_ws/install/camera_platform/lib/camera_platform/udp_capturer.py
-- Installing: /home/cafsanchezdi/ros2_ws/install/camera_platform/share/ament_index/resource_index/package_run_dependencies/camera_platform
-- Installing: /home/cafsanchezdi/ros2_ws/install/camera_platform/share/ament_index/resource_index/parent_prefix_path/camera_platform
-- Installing: /home/cafsanchezdi/ros2_ws/install/camera_platform/share/camera_platform/environment/ament_prefix_path.sh
-- Installing: /home/cafsanchezdi/ros2_ws/install/camera_platform/share/camera_platform/environment/ament_prefix_path.dsv
-- Installing: /home/cafsanchezdi/ros2_ws/install/camera_platform/share/camera_platform/environment/path.sh
-- Installing: /home/cafsanchezdi/ros2_ws/install/camera_platform/share/camera_platform/environment/path.dsv
-- Installing: /home/cafsanchezdi/ros2_ws/install/camera_platform/share/camera_platform/local_setup.bash
-- Installing: /home/cafsanchezdi/ros2_ws/install/camera_platform/share/camera_platform/local_setup.sh
-- Installing: /home/cafsanchezdi/ros2_ws/install/camera_platform/share/camera_platform/local_setup.zsh
-- Installing: /home/cafsanchezdi/ros2_ws/install/camera_platform/share/camera_platform/local_setup.dsv
-- Installing: /home/cafsanchezdi/ros2_ws/install/camera_platform/share/camera_platform/package.dsv
-- Installing: /home/cafsanchezdi/ros2_ws/install/camera_platform/share/ament_index/resource_index/packages/camera_platform
-- Installing: /home/cafsanchezdi/ros2_ws/install/camera_platform/share/camera_platform/cmake/camera_platformConfig.cmake
-- Installing: /home/cafsanchezdi/ros2_ws/install/camera_platform/share/camera_platform/cmake/camera_platformConfig-version.cmake
-- Installing: /home/cafsanchezdi/ros2_ws/install/camera_platform/share/camera_platform/package.xml
