[0.027s] Invoking command in '/home/cafsanchezdi/ros2_ws/build/camera_platform': CMAKE_PREFIX_PATH=${CMAKE_PREFIX_PATH}:/opt/ros/jazzy DEBUGINFOD_URLS=https://debuginfod.ubuntu.com /usr/bin/cmake /home/cafsanchezdi/ros2_ws/src/sdv_un_ros/sdv_platform -DCMAKE_INSTALL_PREFIX=/home/cafsanchezdi/ros2_ws/install/camera_platform
[0.113s] -- The C compiler identification is GNU 13.3.0
[0.178s] -- The CXX compiler identification is GNU 13.3.0
[0.199s] -- Detecting C compiler ABI info
[0.323s] -- Detecting C compiler ABI info - done
[0.332s] -- Check for working C compiler: /usr/bin/cc - skipped
[0.333s] -- Detecting C compile features
[0.333s] -- Detecting C compile features - done
[0.344s] -- Detecting CXX compiler ABI info
[0.476s] -- Detecting CXX compiler ABI info - done
[0.484s] -- Check for working CXX compiler: /usr/bin/c++ - skipped
[0.485s] -- Detecting CXX compile features
[0.485s] -- Detecting CXX compile features - done
[0.491s] -- Found ament_cmake: 2.5.3 (/opt/ros/jazzy/share/ament_cmake/cmake)
[0.677s] -- Found Python3: /usr/bin/python3 (found version "3.12.3") found components: Interpreter 
[0.830s] -- Found rclpy: 7.1.3 (/opt/ros/jazzy/share/rclpy/cmake)
[0.835s] -- Found sensor_msgs: 5.3.5 (/opt/ros/jazzy/share/sensor_msgs/cmake)
[0.899s] -- Found rosidl_generator_c: 4.6.5 (/opt/ros/jazzy/share/rosidl_generator_c/cmake)
[0.923s] -- Found rosidl_generator_cpp: 4.6.5 (/opt/ros/jazzy/share/rosidl_generator_cpp/cmake)
[0.946s] -- Using all available rosidl_typesupport_c: rosidl_typesupport_fastrtps_c;rosidl_typesupport_introspection_c
[0.972s] -- Using all available rosidl_typesupport_cpp: rosidl_typesupport_fastrtps_cpp;rosidl_typesupport_introspection_cpp
[1.079s] -- Found cv_bridge: 4.1.0 (/opt/ros/jazzy/share/cv_bridge/cmake)
[1.169s] -- Found rmw_implementation_cmake: 7.3.1 (/opt/ros/jazzy/share/rmw_implementation_cmake/cmake)
[1.175s] -- Found rmw_fastrtps_cpp: 8.4.1 (/opt/ros/jazzy/share/rmw_fastrtps_cpp/cmake)
[1.318s] -- Found OpenSSL: /usr/lib/x86_64-linux-gnu/libcrypto.so (found version "3.0.13")  
[1.343s] -- Found FastRTPS: /opt/ros/jazzy/include (Required is at least version "2.13") 
[1.370s] -- Using RMW implementation 'rmw_fastrtps_cpp' as default
[1.562s] -- Configuring done (1.5s)
[1.568s] -- Generating done (0.0s)
[1.571s] -- Build files have been written to: /home/cafsanchezdi/ros2_ws/build/camera_platform
[1.584s] Invoked command in '/home/cafsanchezdi/ros2_ws/build/camera_platform' returned '0': CMAKE_PREFIX_PATH=${CMAKE_PREFIX_PATH}:/opt/ros/jazzy DEBUGINFOD_URLS=https://debuginfod.ubuntu.com /usr/bin/cmake /home/cafsanchezdi/ros2_ws/src/sdv_un_ros/sdv_platform -DCMAKE_INSTALL_PREFIX=/home/cafsanchezdi/ros2_ws/install/camera_platform
[1.586s] Invoking command in '/home/cafsanchezdi/ros2_ws/build/camera_platform': CMAKE_PREFIX_PATH=${CMAKE_PREFIX_PATH}:/opt/ros/jazzy DEBUGINFOD_URLS=https://debuginfod.ubuntu.com /usr/bin/cmake --build /home/cafsanchezdi/ros2_ws/build/camera_platform -- -j4 -l4
[1.649s] Invoked command in '/home/cafsanchezdi/ros2_ws/build/camera_platform' returned '0': CMAKE_PREFIX_PATH=${CMAKE_PREFIX_PATH}:/opt/ros/jazzy DEBUGINFOD_URLS=https://debuginfod.ubuntu.com /usr/bin/cmake --build /home/cafsanchezdi/ros2_ws/build/camera_platform -- -j4 -l4
[1.649s] Invoking command in '/home/cafsanchezdi/ros2_ws/build/camera_platform': CMAKE_PREFIX_PATH=${CMAKE_PREFIX_PATH}:/opt/ros/jazzy DEBUGINFOD_URLS=https://debuginfod.ubuntu.com /usr/bin/cmake --install /home/cafsanchezdi/ros2_ws/build/camera_platform
[1.660s] -- Install configuration: ""
[1.660s] -- Installing: /home/cafsanchezdi/ros2_ws/install/camera_platform/lib/camera_platform
[1.660s] -- Installing: /home/cafsanchezdi/ros2_ws/install/camera_platform/lib/camera_platform/image_recog_tools.py
[1.661s] -- Installing: /home/cafsanchezdi/ros2_ws/install/camera_platform/lib/camera_platform/train_data_values.dat
[1.661s] -- Installing: /home/cafsanchezdi/ros2_ws/install/camera_platform/lib/camera_platform/image_recog_tools.pyc
[1.661s] -- Installing: /home/cafsanchezdi/ros2_ws/install/camera_platform/lib/camera_platform/camera_watcher.py
[1.662s] -- Installing: /home/cafsanchezdi/ros2_ws/install/camera_platform/lib/camera_platform/capture_image.py
[1.662s] -- Installing: /home/cafsanchezdi/ros2_ws/install/camera_platform/lib/camera_platform/__init__.py
[1.663s] -- Installing: /home/cafsanchezdi/ros2_ws/install/camera_platform/lib/camera_platform/camera_window_sample.py
[1.664s] -- Installing: /home/cafsanchezdi/ros2_ws/install/camera_platform/lib/camera_platform/udp_capturer.py
[1.665s] -- Installing: /home/cafsanchezdi/ros2_ws/install/camera_platform/share/ament_index/resource_index/package_run_dependencies/camera_platform
[1.665s] -- Installing: /home/cafsanchezdi/ros2_ws/install/camera_platform/share/ament_index/resource_index/parent_prefix_path/camera_platform
[1.665s] -- Installing: /home/cafsanchezdi/ros2_ws/install/camera_platform/share/camera_platform/environment/ament_prefix_path.sh
[1.665s] -- Installing: /home/cafsanchezdi/ros2_ws/install/camera_platform/share/camera_platform/environment/ament_prefix_path.dsv
[1.666s] -- Installing: /home/cafsanchezdi/ros2_ws/install/camera_platform/share/camera_platform/environment/path.sh
[1.666s] -- Installing: /home/cafsanchezdi/ros2_ws/install/camera_platform/share/camera_platform/environment/path.dsv
[1.666s] -- Installing: /home/cafsanchezdi/ros2_ws/install/camera_platform/share/camera_platform/local_setup.bash
[1.666s] -- Installing: /home/cafsanchezdi/ros2_ws/install/camera_platform/share/camera_platform/local_setup.sh
[1.667s] -- Installing: /home/cafsanchezdi/ros2_ws/install/camera_platform/share/camera_platform/local_setup.zsh
[1.667s] -- Installing: /home/cafsanchezdi/ros2_ws/install/camera_platform/share/camera_platform/local_setup.dsv
[1.667s] -- Installing: /home/cafsanchezdi/ros2_ws/install/camera_platform/share/camera_platform/package.dsv
[1.667s] -- Installing: /home/cafsanchezdi/ros2_ws/install/camera_platform/share/ament_index/resource_index/packages/camera_platform
[1.668s] -- Installing: /home/cafsanchezdi/ros2_ws/install/camera_platform/share/camera_platform/cmake/camera_platformConfig.cmake
[1.668s] -- Installing: /home/cafsanchezdi/ros2_ws/install/camera_platform/share/camera_platform/cmake/camera_platformConfig-version.cmake
[1.668s] -- Installing: /home/cafsanchezdi/ros2_ws/install/camera_platform/share/camera_platform/package.xml
[1.672s] Invoked command in '/home/cafsanchezdi/ros2_ws/build/camera_platform' returned '0': CMAKE_PREFIX_PATH=${CMAKE_PREFIX_PATH}:/opt/ros/jazzy DEBUGINFOD_URLS=https://debuginfod.ubuntu.com /usr/bin/cmake --install /home/cafsanchezdi/ros2_ws/build/camera_platform
