-- The C compiler identification is GNU 13.3.0
-- The CXX compiler identification is GNU 13.3.0
-- Detecting C compiler ABI info
-- Detecting C compiler ABI info - done
-- Check for working C compiler: /usr/bin/cc - skipped
-- Detecting C compile features
-- Detecting C compile features - done
-- Detecting CXX compiler ABI info
-- Detecting CXX compiler ABI info - done
-- Check for working CXX compiler: /usr/bin/c++ - skipped
-- Detecting CXX compile features
-- Detecting CXX compile features - done
-- Found PkgConfig: /usr/bin/pkg-config (found version "1.8.1") 
-- Found ament_cmake: 2.5.3 (/opt/ros/jazzy/share/ament_cmake/cmake)
-- Found Python3: /usr/bin/python3 (found version "3.12.3") found components: Interpreter 
-- Found rclcpp: 28.1.6 (/opt/ros/jazzy/share/rclcpp/cmake)
-- Found rosidl_generator_c: 4.6.5 (/opt/ros/jazzy/share/rosidl_generator_c/cmake)
-- Found rosidl_generator_cpp: 4.6.5 (/opt/ros/jazzy/share/rosidl_generator_cpp/cmake)
-- Using all available rosidl_typesupport_c: rosidl_typesupport_fastrtps_c;rosidl_typesupport_introspection_c
-- Using all available rosidl_typesupport_cpp: rosidl_typesupport_fastrtps_cpp;rosidl_typesupport_introspection_cpp
-- Found rmw_implementation_cmake: 7.3.1 (/opt/ros/jazzy/share/rmw_implementation_cmake/cmake)
-- Found rmw_fastrtps_cpp: 8.4.1 (/opt/ros/jazzy/share/rmw_fastrtps_cpp/cmake)
-- Found OpenSSL: /usr/lib/x86_64-linux-gnu/libcrypto.so (found version "3.0.13")  
-- Found FastRTPS: /opt/ros/jazzy/include (Required is at least version "2.13") 
-- Using RMW implementation 'rmw_fastrtps_cpp' as default
-- Found std_msgs: 5.3.5 (/opt/ros/jazzy/share/std_msgs/cmake)
-- Found rosbag2_cpp: 0.26.6 (/opt/ros/jazzy/share/rosbag2_cpp/cmake)
-- Setting yaml-cpp_DIR to: '/opt/ros/jazzy/share/yaml_cpp_vendor/cmake/../../../opt/yaml_cpp_vendor/share/cmake/yaml-cpp'
-- Found sensor_msgs: 5.3.5 (/opt/ros/jazzy/share/sensor_msgs/cmake)
-- Found serial_driver: 1.2.0 (/opt/ros/jazzy/share/serial_driver/cmake)
-- Found asio_cmake_module: 1.2.0 (/opt/ros/jazzy/share/asio_cmake_module/cmake)
-- Found ASIO: /usr/include  
-- Found sdv_msgs: 0.0.1 (/home/cafsanchezdi/ros2_ws/install/sdv_msgs/share/sdv_msgs/cmake)
-- Configuring done (1.8s)
-- Generating done (0.0s)
-- Build files have been written to: /home/cafsanchezdi/ros2_ws/build/sdv_serial
[ 16%] [32mBuilding CXX object CMakeFiles/sdv_serial_node.dir/src/sdv_serial_node.cpp.o[0m
[ 50%] [32mBuilding CXX object CMakeFiles/sdv_serial_node.dir/src/motor.cpp.o[0m
[ 50%] [32mBuilding CXX object CMakeFiles/sdv_serial_node.dir/src/tools.cpp.o[0m
[ 66%] [32mBuilding CXX object CMakeFiles/sdv_serial_node.dir/src/two_drive_controller.cpp.o[0m
[ 83%] [32mBuilding CXX object CMakeFiles/sdv_serial_node.dir/src/four_drive_controller.cpp.o[0m
[100%] [32m[1mLinking CXX executable sdv_serial_node[0m
[100%] Built target sdv_serial_node
-- Install configuration: ""
-- Installing: /home/cafsanchezdi/ros2_ws/install/sdv_serial/lib/sdv_serial/sdv_serial_node
-- Set non-toolchain portion of runtime path of "/home/cafsanchezdi/ros2_ws/install/sdv_serial/lib/sdv_serial/sdv_serial_node" to ""
-- Installing: /home/cafsanchezdi/ros2_ws/install/sdv_serial/include
-- Installing: /home/cafsanchezdi/ros2_ws/install/sdv_serial/include/tools.h
-- Installing: /home/cafsanchezdi/ros2_ws/install/sdv_serial/include/motor
-- Installing: /home/cafsanchezdi/ros2_ws/install/sdv_serial/include/motor/two_drive_controller.h
-- Installing: /home/cafsanchezdi/ros2_ws/install/sdv_serial/include/motor/motor.h
-- Installing: /home/cafsanchezdi/ros2_ws/install/sdv_serial/include/motor/four_drive_controller.h
-- Installing: /home/cafsanchezdi/ros2_ws/install/sdv_serial/share/ament_index/resource_index/package_run_dependencies/sdv_serial
-- Installing: /home/cafsanchezdi/ros2_ws/install/sdv_serial/share/ament_index/resource_index/parent_prefix_path/sdv_serial
-- Installing: /home/cafsanchezdi/ros2_ws/install/sdv_serial/share/sdv_serial/environment/ament_prefix_path.sh
-- Installing: /home/cafsanchezdi/ros2_ws/install/sdv_serial/share/sdv_serial/environment/ament_prefix_path.dsv
-- Installing: /home/cafsanchezdi/ros2_ws/install/sdv_serial/share/sdv_serial/environment/path.sh
-- Installing: /home/cafsanchezdi/ros2_ws/install/sdv_serial/share/sdv_serial/environment/path.dsv
-- Installing: /home/cafsanchezdi/ros2_ws/install/sdv_serial/share/sdv_serial/local_setup.bash
-- Installing: /home/cafsanchezdi/ros2_ws/install/sdv_serial/share/sdv_serial/local_setup.sh
-- Installing: /home/cafsanchezdi/ros2_ws/install/sdv_serial/share/sdv_serial/local_setup.zsh
-- Installing: /home/cafsanchezdi/ros2_ws/install/sdv_serial/share/sdv_serial/local_setup.dsv
-- Installing: /home/cafsanchezdi/ros2_ws/install/sdv_serial/share/sdv_serial/package.dsv
-- Installing: /home/cafsanchezdi/ros2_ws/install/sdv_serial/share/ament_index/resource_index/packages/sdv_serial
-- Installing: /home/cafsanchezdi/ros2_ws/install/sdv_serial/share/sdv_serial/cmake/ament_cmake_export_dependencies-extras.cmake
-- Installing: /home/cafsanchezdi/ros2_ws/install/sdv_serial/share/sdv_serial/cmake/sdv_serialConfig.cmake
-- Installing: /home/cafsanchezdi/ros2_ws/install/sdv_serial/share/sdv_serial/cmake/sdv_serialConfig-version.cmake
-- Installing: /home/cafsanchezdi/ros2_ws/install/sdv_serial/share/sdv_serial/package.xml
