[0.019s] Invoking command in '/home/cafsanchezdi/ros2_ws/build/sdv_serial': CMAKE_PREFIX_PATH=/home/cafsanchezdi/ros2_ws/install/sdv_msgs:/home/cafsanchezdi/ros2_ws/install/sdv_process:/home/cafsanchezdi/ros2_ws/install/sdv_serial:/home/cafsanchezdi/ros2_ws/install/sdv_scripts:/home/cafsanchezdi/ros2_ws/install/sdv_nav:/home/cafsanchezdi/ros2_ws/install/sdv_joystick:/home/cafsanchezdi/ros2_ws/install/camera_platform:/opt/ros/jazzy/opt/gz_sim_vendor:/opt/ros/jazzy/opt/gz_sensors_vendor:/opt/ros/jazzy/opt/gz_physics_vendor:/opt/ros/jazzy/opt/sdformat_vendor:/opt/ros/jazzy/opt/gz_gui_vendor:/opt/ros/jazzy/opt/gz_transport_vendor:/opt/ros/jazzy/opt/gz_rendering_vendor:/opt/ros/jazzy/opt/gz_plugin_vendor:/opt/ros/jazzy/opt/gz_fuel_tools_vendor:/opt/ros/jazzy/opt/gz_msgs_vendor:/opt/ros/jazzy/opt/gz_common_vendor:/opt/ros/jazzy/opt/gz_math_vendor:/opt/ros/jazzy/opt/gz_utils_vendor:/opt/ros/jazzy/opt/gz_tools_vendor:/opt/ros/jazzy/opt/gz_ogre_next_vendor:/opt/ros/jazzy/opt/gz_dartsim_vendor:/opt/ros/jazzy/opt/gz_cmake_vendor:/opt/ros/jazzy DEBUGINFOD_URLS=https://debuginfod.ubuntu.com LD_LIBRARY_PATH=/home/cafsanchezdi/ros2_ws/install/sdv_msgs/lib:/home/cafsanchezdi/ros2_ws/install/sdv_process/lib:/home/cafsanchezdi/ros2_ws/install/sdv_scripts/lib:/opt/ros/jazzy/opt/gz_sim_vendor/lib:/opt/ros/jazzy/opt/gz_sensors_vendor/lib:/opt/ros/jazzy/opt/gz_physics_vendor/lib:/opt/ros/jazzy/opt/sdformat_vendor/lib:/opt/ros/jazzy/opt/rviz_ogre_vendor/lib:/opt/ros/jazzy/lib/x86_64-linux-gnu:/opt/ros/jazzy/opt/gz_gui_vendor/lib:/opt/ros/jazzy/opt/gz_transport_vendor/lib:/opt/ros/jazzy/opt/gz_rendering_vendor/lib:/opt/ros/jazzy/opt/gz_plugin_vendor/lib:/opt/ros/jazzy/opt/gz_fuel_tools_vendor/lib:/opt/ros/jazzy/opt/gz_msgs_vendor/lib:/opt/ros/jazzy/opt/gz_common_vendor/lib:/opt/ros/jazzy/opt/gz_math_vendor/lib:/opt/ros/jazzy/opt/gz_utils_vendor/lib:/opt/ros/jazzy/opt/gz_tools_vendor/lib:/opt/ros/jazzy/opt/gz_ogre_next_vendor/lib:/opt/ros/jazzy/opt/gz_dartsim_vendor/lib:/opt/ros/jazzy/opt/gz_cmake_vendor/lib:/opt/ros/jazzy/lib PYTHONPATH=/home/cafsanchezdi/ros2_ws/install/sdv_msgs/lib/python3.12/site-packages:/home/cafsanchezdi/ros2_ws/install/sdv_process/lib/python3.12/site-packages:/home/cafsanchezdi/ros2_ws/install/sdv_scripts/lib/python3.12/site-packages:/opt/ros/jazzy/lib/python3.12/site-packages /usr/bin/cmake /home/cafsanchezdi/ros2_ws/src/sdv_un_ros/sdv_serial -DCMAKE_INSTALL_PREFIX=/home/cafsanchezdi/ros2_ws/install/sdv_serial
[0.094s] -- The C compiler identification is GNU 13.3.0
[0.162s] -- The CXX compiler identification is GNU 13.3.0
[0.189s] -- Detecting C compiler ABI info
[0.308s] -- Detecting C compiler ABI info - done
[0.316s] -- Check for working C compiler: /usr/bin/cc - skipped
[0.317s] -- Detecting C compile features
[0.317s] -- Detecting C compile features - done
[0.330s] -- Detecting CXX compiler ABI info
[0.456s] -- Detecting CXX compiler ABI info - done
[0.465s] -- Check for working CXX compiler: /usr/bin/c++ - skipped
[0.466s] -- Detecting CXX compile features
[0.466s] -- Detecting CXX compile features - done
[0.472s] -- Found PkgConfig: /usr/bin/pkg-config (found version "1.8.1") 
[0.479s] -- Found ament_cmake: 2.5.3 (/opt/ros/jazzy/share/ament_cmake/cmake)
[0.659s] -- Found Python3: /usr/bin/python3 (found version "3.12.3") found components: Interpreter 
[0.808s] -- Found rclcpp: 28.1.6 (/opt/ros/jazzy/share/rclcpp/cmake)
[0.873s] -- Found rosidl_generator_c: 4.6.5 (/opt/ros/jazzy/share/rosidl_generator_c/cmake)
[0.895s] -- Found rosidl_generator_cpp: 4.6.5 (/opt/ros/jazzy/share/rosidl_generator_cpp/cmake)
[0.919s] -- Using all available rosidl_typesupport_c: rosidl_typesupport_fastrtps_c;rosidl_typesupport_introspection_c
[0.944s] -- Using all available rosidl_typesupport_cpp: rosidl_typesupport_fastrtps_cpp;rosidl_typesupport_introspection_cpp
[1.048s] -- Found rmw_implementation_cmake: 7.3.1 (/opt/ros/jazzy/share/rmw_implementation_cmake/cmake)
[1.052s] -- Found rmw_fastrtps_cpp: 8.4.1 (/opt/ros/jazzy/share/rmw_fastrtps_cpp/cmake)
[1.206s] -- Found OpenSSL: /usr/lib/x86_64-linux-gnu/libcrypto.so (found version "3.0.13")  
[1.233s] -- Found FastRTPS: /opt/ros/jazzy/include (Required is at least version "2.13") 
[1.263s] -- Using RMW implementation 'rmw_fastrtps_cpp' as default
[1.363s] -- Found std_msgs: 5.3.5 (/opt/ros/jazzy/share/std_msgs/cmake)
[1.384s] -- Found rosbag2_cpp: 0.26.6 (/opt/ros/jazzy/share/rosbag2_cpp/cmake)
[1.464s] -- Setting yaml-cpp_DIR to: '/opt/ros/jazzy/share/yaml_cpp_vendor/cmake/../../../opt/yaml_cpp_vendor/share/cmake/yaml-cpp'
[1.471s] -- Found sensor_msgs: 5.3.5 (/opt/ros/jazzy/share/sensor_msgs/cmake)
[1.519s] -- Found serial_driver: 1.2.0 (/opt/ros/jazzy/share/serial_driver/cmake)
[1.574s] -- Found asio_cmake_module: 1.2.0 (/opt/ros/jazzy/share/asio_cmake_module/cmake)
[1.576s] -- Found ASIO: /usr/include  
[1.707s] -- Found sdv_msgs: 0.0.1 (/home/cafsanchezdi/ros2_ws/install/sdv_msgs/share/sdv_msgs/cmake)
[1.851s] -- Configuring done (1.8s)
[1.904s] -- Generating done (0.0s)
[1.909s] -- Build files have been written to: /home/cafsanchezdi/ros2_ws/build/sdv_serial
[1.928s] Invoked command in '/home/cafsanchezdi/ros2_ws/build/sdv_serial' returned '0': CMAKE_PREFIX_PATH=/home/cafsanchezdi/ros2_ws/install/sdv_msgs:/home/cafsanchezdi/ros2_ws/install/sdv_process:/home/cafsanchezdi/ros2_ws/install/sdv_serial:/home/cafsanchezdi/ros2_ws/install/sdv_scripts:/home/cafsanchezdi/ros2_ws/install/sdv_nav:/home/cafsanchezdi/ros2_ws/install/sdv_joystick:/home/cafsanchezdi/ros2_ws/install/camera_platform:/opt/ros/jazzy/opt/gz_sim_vendor:/opt/ros/jazzy/opt/gz_sensors_vendor:/opt/ros/jazzy/opt/gz_physics_vendor:/opt/ros/jazzy/opt/sdformat_vendor:/opt/ros/jazzy/opt/gz_gui_vendor:/opt/ros/jazzy/opt/gz_transport_vendor:/opt/ros/jazzy/opt/gz_rendering_vendor:/opt/ros/jazzy/opt/gz_plugin_vendor:/opt/ros/jazzy/opt/gz_fuel_tools_vendor:/opt/ros/jazzy/opt/gz_msgs_vendor:/opt/ros/jazzy/opt/gz_common_vendor:/opt/ros/jazzy/opt/gz_math_vendor:/opt/ros/jazzy/opt/gz_utils_vendor:/opt/ros/jazzy/opt/gz_tools_vendor:/opt/ros/jazzy/opt/gz_ogre_next_vendor:/opt/ros/jazzy/opt/gz_dartsim_vendor:/opt/ros/jazzy/opt/gz_cmake_vendor:/opt/ros/jazzy DEBUGINFOD_URLS=https://debuginfod.ubuntu.com LD_LIBRARY_PATH=/home/cafsanchezdi/ros2_ws/install/sdv_msgs/lib:/home/cafsanchezdi/ros2_ws/install/sdv_process/lib:/home/cafsanchezdi/ros2_ws/install/sdv_scripts/lib:/opt/ros/jazzy/opt/gz_sim_vendor/lib:/opt/ros/jazzy/opt/gz_sensors_vendor/lib:/opt/ros/jazzy/opt/gz_physics_vendor/lib:/opt/ros/jazzy/opt/sdformat_vendor/lib:/opt/ros/jazzy/opt/rviz_ogre_vendor/lib:/opt/ros/jazzy/lib/x86_64-linux-gnu:/opt/ros/jazzy/opt/gz_gui_vendor/lib:/opt/ros/jazzy/opt/gz_transport_vendor/lib:/opt/ros/jazzy/opt/gz_rendering_vendor/lib:/opt/ros/jazzy/opt/gz_plugin_vendor/lib:/opt/ros/jazzy/opt/gz_fuel_tools_vendor/lib:/opt/ros/jazzy/opt/gz_msgs_vendor/lib:/opt/ros/jazzy/opt/gz_common_vendor/lib:/opt/ros/jazzy/opt/gz_math_vendor/lib:/opt/ros/jazzy/opt/gz_utils_vendor/lib:/opt/ros/jazzy/opt/gz_tools_vendor/lib:/opt/ros/jazzy/opt/gz_ogre_next_vendor/lib:/opt/ros/jazzy/opt/gz_dartsim_vendor/lib:/opt/ros/jazzy/opt/gz_cmake_vendor/lib:/opt/ros/jazzy/lib PYTHONPATH=/home/cafsanchezdi/ros2_ws/install/sdv_msgs/lib/python3.12/site-packages:/home/cafsanchezdi/ros2_ws/install/sdv_process/lib/python3.12/site-packages:/home/cafsanchezdi/ros2_ws/install/sdv_scripts/lib/python3.12/site-packages:/opt/ros/jazzy/lib/python3.12/site-packages /usr/bin/cmake /home/cafsanchezdi/ros2_ws/src/sdv_un_ros/sdv_serial -DCMAKE_INSTALL_PREFIX=/home/cafsanchezdi/ros2_ws/install/sdv_serial
[1.929s] Invoking command in '/home/cafsanchezdi/ros2_ws/build/sdv_serial': CMAKE_PREFIX_PATH=/home/cafsanchezdi/ros2_ws/install/sdv_msgs:/home/cafsanchezdi/ros2_ws/install/sdv_process:/home/cafsanchezdi/ros2_ws/install/sdv_serial:/home/cafsanchezdi/ros2_ws/install/sdv_scripts:/home/cafsanchezdi/ros2_ws/install/sdv_nav:/home/cafsanchezdi/ros2_ws/install/sdv_joystick:/home/cafsanchezdi/ros2_ws/install/camera_platform:/opt/ros/jazzy/opt/gz_sim_vendor:/opt/ros/jazzy/opt/gz_sensors_vendor:/opt/ros/jazzy/opt/gz_physics_vendor:/opt/ros/jazzy/opt/sdformat_vendor:/opt/ros/jazzy/opt/gz_gui_vendor:/opt/ros/jazzy/opt/gz_transport_vendor:/opt/ros/jazzy/opt/gz_rendering_vendor:/opt/ros/jazzy/opt/gz_plugin_vendor:/opt/ros/jazzy/opt/gz_fuel_tools_vendor:/opt/ros/jazzy/opt/gz_msgs_vendor:/opt/ros/jazzy/opt/gz_common_vendor:/opt/ros/jazzy/opt/gz_math_vendor:/opt/ros/jazzy/opt/gz_utils_vendor:/opt/ros/jazzy/opt/gz_tools_vendor:/opt/ros/jazzy/opt/gz_ogre_next_vendor:/opt/ros/jazzy/opt/gz_dartsim_vendor:/opt/ros/jazzy/opt/gz_cmake_vendor:/opt/ros/jazzy DEBUGINFOD_URLS=https://debuginfod.ubuntu.com LD_LIBRARY_PATH=/home/cafsanchezdi/ros2_ws/install/sdv_msgs/lib:/home/cafsanchezdi/ros2_ws/install/sdv_process/lib:/home/cafsanchezdi/ros2_ws/install/sdv_scripts/lib:/opt/ros/jazzy/opt/gz_sim_vendor/lib:/opt/ros/jazzy/opt/gz_sensors_vendor/lib:/opt/ros/jazzy/opt/gz_physics_vendor/lib:/opt/ros/jazzy/opt/sdformat_vendor/lib:/opt/ros/jazzy/opt/rviz_ogre_vendor/lib:/opt/ros/jazzy/lib/x86_64-linux-gnu:/opt/ros/jazzy/opt/gz_gui_vendor/lib:/opt/ros/jazzy/opt/gz_transport_vendor/lib:/opt/ros/jazzy/opt/gz_rendering_vendor/lib:/opt/ros/jazzy/opt/gz_plugin_vendor/lib:/opt/ros/jazzy/opt/gz_fuel_tools_vendor/lib:/opt/ros/jazzy/opt/gz_msgs_vendor/lib:/opt/ros/jazzy/opt/gz_common_vendor/lib:/opt/ros/jazzy/opt/gz_math_vendor/lib:/opt/ros/jazzy/opt/gz_utils_vendor/lib:/opt/ros/jazzy/opt/gz_tools_vendor/lib:/opt/ros/jazzy/opt/gz_ogre_next_vendor/lib:/opt/ros/jazzy/opt/gz_dartsim_vendor/lib:/opt/ros/jazzy/opt/gz_cmake_vendor/lib:/opt/ros/jazzy/lib PYTHONPATH=/home/cafsanchezdi/ros2_ws/install/sdv_msgs/lib/python3.12/site-packages:/home/cafsanchezdi/ros2_ws/install/sdv_process/lib/python3.12/site-packages:/home/cafsanchezdi/ros2_ws/install/sdv_scripts/lib/python3.12/site-packages:/opt/ros/jazzy/lib/python3.12/site-packages /usr/bin/cmake --build /home/cafsanchezdi/ros2_ws/build/sdv_serial -- -j4 -l4
[2.004s] [ 16%] [32mBuilding CXX object CMakeFiles/sdv_serial_node.dir/src/sdv_serial_node.cpp.o[0m
[2.008s] [ 50%] [32mBuilding CXX object CMakeFiles/sdv_serial_node.dir/src/motor.cpp.o[0m
[2.009s] [ 50%] [32mBuilding CXX object CMakeFiles/sdv_serial_node.dir/src/tools.cpp.o[0m
[2.024s] [ 66%] [32mBuilding CXX object CMakeFiles/sdv_serial_node.dir/src/two_drive_controller.cpp.o[0m
[2.639s] [ 83%] [32mBuilding CXX object CMakeFiles/sdv_serial_node.dir/src/four_drive_controller.cpp.o[0m
[26.354s] [100%] [32m[1mLinking CXX executable sdv_serial_node[0m
[28.064s] [100%] Built target sdv_serial_node
[28.082s] Invoked command in '/home/cafsanchezdi/ros2_ws/build/sdv_serial' returned '0': CMAKE_PREFIX_PATH=/home/cafsanchezdi/ros2_ws/install/sdv_msgs:/home/cafsanchezdi/ros2_ws/install/sdv_process:/home/cafsanchezdi/ros2_ws/install/sdv_serial:/home/cafsanchezdi/ros2_ws/install/sdv_scripts:/home/cafsanchezdi/ros2_ws/install/sdv_nav:/home/cafsanchezdi/ros2_ws/install/sdv_joystick:/home/cafsanchezdi/ros2_ws/install/camera_platform:/opt/ros/jazzy/opt/gz_sim_vendor:/opt/ros/jazzy/opt/gz_sensors_vendor:/opt/ros/jazzy/opt/gz_physics_vendor:/opt/ros/jazzy/opt/sdformat_vendor:/opt/ros/jazzy/opt/gz_gui_vendor:/opt/ros/jazzy/opt/gz_transport_vendor:/opt/ros/jazzy/opt/gz_rendering_vendor:/opt/ros/jazzy/opt/gz_plugin_vendor:/opt/ros/jazzy/opt/gz_fuel_tools_vendor:/opt/ros/jazzy/opt/gz_msgs_vendor:/opt/ros/jazzy/opt/gz_common_vendor:/opt/ros/jazzy/opt/gz_math_vendor:/opt/ros/jazzy/opt/gz_utils_vendor:/opt/ros/jazzy/opt/gz_tools_vendor:/opt/ros/jazzy/opt/gz_ogre_next_vendor:/opt/ros/jazzy/opt/gz_dartsim_vendor:/opt/ros/jazzy/opt/gz_cmake_vendor:/opt/ros/jazzy DEBUGINFOD_URLS=https://debuginfod.ubuntu.com LD_LIBRARY_PATH=/home/cafsanchezdi/ros2_ws/install/sdv_msgs/lib:/home/cafsanchezdi/ros2_ws/install/sdv_process/lib:/home/cafsanchezdi/ros2_ws/install/sdv_scripts/lib:/opt/ros/jazzy/opt/gz_sim_vendor/lib:/opt/ros/jazzy/opt/gz_sensors_vendor/lib:/opt/ros/jazzy/opt/gz_physics_vendor/lib:/opt/ros/jazzy/opt/sdformat_vendor/lib:/opt/ros/jazzy/opt/rviz_ogre_vendor/lib:/opt/ros/jazzy/lib/x86_64-linux-gnu:/opt/ros/jazzy/opt/gz_gui_vendor/lib:/opt/ros/jazzy/opt/gz_transport_vendor/lib:/opt/ros/jazzy/opt/gz_rendering_vendor/lib:/opt/ros/jazzy/opt/gz_plugin_vendor/lib:/opt/ros/jazzy/opt/gz_fuel_tools_vendor/lib:/opt/ros/jazzy/opt/gz_msgs_vendor/lib:/opt/ros/jazzy/opt/gz_common_vendor/lib:/opt/ros/jazzy/opt/gz_math_vendor/lib:/opt/ros/jazzy/opt/gz_utils_vendor/lib:/opt/ros/jazzy/opt/gz_tools_vendor/lib:/opt/ros/jazzy/opt/gz_ogre_next_vendor/lib:/opt/ros/jazzy/opt/gz_dartsim_vendor/lib:/opt/ros/jazzy/opt/gz_cmake_vendor/lib:/opt/ros/jazzy/lib PYTHONPATH=/home/cafsanchezdi/ros2_ws/install/sdv_msgs/lib/python3.12/site-packages:/home/cafsanchezdi/ros2_ws/install/sdv_process/lib/python3.12/site-packages:/home/cafsanchezdi/ros2_ws/install/sdv_scripts/lib/python3.12/site-packages:/opt/ros/jazzy/lib/python3.12/site-packages /usr/bin/cmake --build /home/cafsanchezdi/ros2_ws/build/sdv_serial -- -j4 -l4
[28.083s] Invoking command in '/home/cafsanchezdi/ros2_ws/build/sdv_serial': CMAKE_PREFIX_PATH=/home/cafsanchezdi/ros2_ws/install/sdv_msgs:/home/cafsanchezdi/ros2_ws/install/sdv_process:/home/cafsanchezdi/ros2_ws/install/sdv_serial:/home/cafsanchezdi/ros2_ws/install/sdv_scripts:/home/cafsanchezdi/ros2_ws/install/sdv_nav:/home/cafsanchezdi/ros2_ws/install/sdv_joystick:/home/cafsanchezdi/ros2_ws/install/camera_platform:/opt/ros/jazzy/opt/gz_sim_vendor:/opt/ros/jazzy/opt/gz_sensors_vendor:/opt/ros/jazzy/opt/gz_physics_vendor:/opt/ros/jazzy/opt/sdformat_vendor:/opt/ros/jazzy/opt/gz_gui_vendor:/opt/ros/jazzy/opt/gz_transport_vendor:/opt/ros/jazzy/opt/gz_rendering_vendor:/opt/ros/jazzy/opt/gz_plugin_vendor:/opt/ros/jazzy/opt/gz_fuel_tools_vendor:/opt/ros/jazzy/opt/gz_msgs_vendor:/opt/ros/jazzy/opt/gz_common_vendor:/opt/ros/jazzy/opt/gz_math_vendor:/opt/ros/jazzy/opt/gz_utils_vendor:/opt/ros/jazzy/opt/gz_tools_vendor:/opt/ros/jazzy/opt/gz_ogre_next_vendor:/opt/ros/jazzy/opt/gz_dartsim_vendor:/opt/ros/jazzy/opt/gz_cmake_vendor:/opt/ros/jazzy DEBUGINFOD_URLS=https://debuginfod.ubuntu.com LD_LIBRARY_PATH=/home/cafsanchezdi/ros2_ws/install/sdv_msgs/lib:/home/cafsanchezdi/ros2_ws/install/sdv_process/lib:/home/cafsanchezdi/ros2_ws/install/sdv_scripts/lib:/opt/ros/jazzy/opt/gz_sim_vendor/lib:/opt/ros/jazzy/opt/gz_sensors_vendor/lib:/opt/ros/jazzy/opt/gz_physics_vendor/lib:/opt/ros/jazzy/opt/sdformat_vendor/lib:/opt/ros/jazzy/opt/rviz_ogre_vendor/lib:/opt/ros/jazzy/lib/x86_64-linux-gnu:/opt/ros/jazzy/opt/gz_gui_vendor/lib:/opt/ros/jazzy/opt/gz_transport_vendor/lib:/opt/ros/jazzy/opt/gz_rendering_vendor/lib:/opt/ros/jazzy/opt/gz_plugin_vendor/lib:/opt/ros/jazzy/opt/gz_fuel_tools_vendor/lib:/opt/ros/jazzy/opt/gz_msgs_vendor/lib:/opt/ros/jazzy/opt/gz_common_vendor/lib:/opt/ros/jazzy/opt/gz_math_vendor/lib:/opt/ros/jazzy/opt/gz_utils_vendor/lib:/opt/ros/jazzy/opt/gz_tools_vendor/lib:/opt/ros/jazzy/opt/gz_ogre_next_vendor/lib:/opt/ros/jazzy/opt/gz_dartsim_vendor/lib:/opt/ros/jazzy/opt/gz_cmake_vendor/lib:/opt/ros/jazzy/lib PYTHONPATH=/home/cafsanchezdi/ros2_ws/install/sdv_msgs/lib/python3.12/site-packages:/home/cafsanchezdi/ros2_ws/install/sdv_process/lib/python3.12/site-packages:/home/cafsanchezdi/ros2_ws/install/sdv_scripts/lib/python3.12/site-packages:/opt/ros/jazzy/lib/python3.12/site-packages /usr/bin/cmake --install /home/cafsanchezdi/ros2_ws/build/sdv_serial
[28.095s] -- Install configuration: ""
[28.095s] -- Installing: /home/cafsanchezdi/ros2_ws/install/sdv_serial/lib/sdv_serial/sdv_serial_node
[28.112s] -- Set non-toolchain portion of runtime path of "/home/cafsanchezdi/ros2_ws/install/sdv_serial/lib/sdv_serial/sdv_serial_node" to ""
[28.113s] -- Installing: /home/cafsanchezdi/ros2_ws/install/sdv_serial/include
[28.113s] -- Installing: /home/cafsanchezdi/ros2_ws/install/sdv_serial/include/tools.h
[28.113s] -- Installing: /home/cafsanchezdi/ros2_ws/install/sdv_serial/include/motor
[28.113s] -- Installing: /home/cafsanchezdi/ros2_ws/install/sdv_serial/include/motor/two_drive_controller.h
[28.113s] -- Installing: /home/cafsanchezdi/ros2_ws/install/sdv_serial/include/motor/motor.h
[28.113s] -- Installing: /home/cafsanchezdi/ros2_ws/install/sdv_serial/include/motor/four_drive_controller.h
[28.113s] -- Installing: /home/cafsanchezdi/ros2_ws/install/sdv_serial/share/ament_index/resource_index/package_run_dependencies/sdv_serial
[28.114s] -- Installing: /home/cafsanchezdi/ros2_ws/install/sdv_serial/share/ament_index/resource_index/parent_prefix_path/sdv_serial
[28.114s] -- Installing: /home/cafsanchezdi/ros2_ws/install/sdv_serial/share/sdv_serial/environment/ament_prefix_path.sh
[28.114s] -- Installing: /home/cafsanchezdi/ros2_ws/install/sdv_serial/share/sdv_serial/environment/ament_prefix_path.dsv
[28.114s] -- Installing: /home/cafsanchezdi/ros2_ws/install/sdv_serial/share/sdv_serial/environment/path.sh
[28.114s] -- Installing: /home/cafsanchezdi/ros2_ws/install/sdv_serial/share/sdv_serial/environment/path.dsv
[28.114s] -- Installing: /home/cafsanchezdi/ros2_ws/install/sdv_serial/share/sdv_serial/local_setup.bash
[28.114s] -- Installing: /home/cafsanchezdi/ros2_ws/install/sdv_serial/share/sdv_serial/local_setup.sh
[28.115s] -- Installing: /home/cafsanchezdi/ros2_ws/install/sdv_serial/share/sdv_serial/local_setup.zsh
[28.115s] -- Installing: /home/cafsanchezdi/ros2_ws/install/sdv_serial/share/sdv_serial/local_setup.dsv
[28.115s] -- Installing: /home/cafsanchezdi/ros2_ws/install/sdv_serial/share/sdv_serial/package.dsv
[28.115s] -- Installing: /home/cafsanchezdi/ros2_ws/install/sdv_serial/share/ament_index/resource_index/packages/sdv_serial
[28.116s] -- Installing: /home/cafsanchezdi/ros2_ws/install/sdv_serial/share/sdv_serial/cmake/ament_cmake_export_dependencies-extras.cmake
[28.116s] -- Installing: /home/cafsanchezdi/ros2_ws/install/sdv_serial/share/sdv_serial/cmake/sdv_serialConfig.cmake
[28.116s] -- Installing: /home/cafsanchezdi/ros2_ws/install/sdv_serial/share/sdv_serial/cmake/sdv_serialConfig-version.cmake
[28.116s] -- Installing: /home/cafsanchezdi/ros2_ws/install/sdv_serial/share/sdv_serial/package.xml
[28.119s] Invoked command in '/home/cafsanchezdi/ros2_ws/build/sdv_serial' returned '0': CMAKE_PREFIX_PATH=/home/cafsanchezdi/ros2_ws/install/sdv_msgs:/home/cafsanchezdi/ros2_ws/install/sdv_process:/home/cafsanchezdi/ros2_ws/install/sdv_serial:/home/cafsanchezdi/ros2_ws/install/sdv_scripts:/home/cafsanchezdi/ros2_ws/install/sdv_nav:/home/cafsanchezdi/ros2_ws/install/sdv_joystick:/home/cafsanchezdi/ros2_ws/install/camera_platform:/opt/ros/jazzy/opt/gz_sim_vendor:/opt/ros/jazzy/opt/gz_sensors_vendor:/opt/ros/jazzy/opt/gz_physics_vendor:/opt/ros/jazzy/opt/sdformat_vendor:/opt/ros/jazzy/opt/gz_gui_vendor:/opt/ros/jazzy/opt/gz_transport_vendor:/opt/ros/jazzy/opt/gz_rendering_vendor:/opt/ros/jazzy/opt/gz_plugin_vendor:/opt/ros/jazzy/opt/gz_fuel_tools_vendor:/opt/ros/jazzy/opt/gz_msgs_vendor:/opt/ros/jazzy/opt/gz_common_vendor:/opt/ros/jazzy/opt/gz_math_vendor:/opt/ros/jazzy/opt/gz_utils_vendor:/opt/ros/jazzy/opt/gz_tools_vendor:/opt/ros/jazzy/opt/gz_ogre_next_vendor:/opt/ros/jazzy/opt/gz_dartsim_vendor:/opt/ros/jazzy/opt/gz_cmake_vendor:/opt/ros/jazzy DEBUGINFOD_URLS=https://debuginfod.ubuntu.com LD_LIBRARY_PATH=/home/cafsanchezdi/ros2_ws/install/sdv_msgs/lib:/home/cafsanchezdi/ros2_ws/install/sdv_process/lib:/home/cafsanchezdi/ros2_ws/install/sdv_scripts/lib:/opt/ros/jazzy/opt/gz_sim_vendor/lib:/opt/ros/jazzy/opt/gz_sensors_vendor/lib:/opt/ros/jazzy/opt/gz_physics_vendor/lib:/opt/ros/jazzy/opt/sdformat_vendor/lib:/opt/ros/jazzy/opt/rviz_ogre_vendor/lib:/opt/ros/jazzy/lib/x86_64-linux-gnu:/opt/ros/jazzy/opt/gz_gui_vendor/lib:/opt/ros/jazzy/opt/gz_transport_vendor/lib:/opt/ros/jazzy/opt/gz_rendering_vendor/lib:/opt/ros/jazzy/opt/gz_plugin_vendor/lib:/opt/ros/jazzy/opt/gz_fuel_tools_vendor/lib:/opt/ros/jazzy/opt/gz_msgs_vendor/lib:/opt/ros/jazzy/opt/gz_common_vendor/lib:/opt/ros/jazzy/opt/gz_math_vendor/lib:/opt/ros/jazzy/opt/gz_utils_vendor/lib:/opt/ros/jazzy/opt/gz_tools_vendor/lib:/opt/ros/jazzy/opt/gz_ogre_next_vendor/lib:/opt/ros/jazzy/opt/gz_dartsim_vendor/lib:/opt/ros/jazzy/opt/gz_cmake_vendor/lib:/opt/ros/jazzy/lib PYTHONPATH=/home/cafsanchezdi/ros2_ws/install/sdv_msgs/lib/python3.12/site-packages:/home/cafsanchezdi/ros2_ws/install/sdv_process/lib/python3.12/site-packages:/home/cafsanchezdi/ros2_ws/install/sdv_scripts/lib/python3.12/site-packages:/opt/ros/jazzy/lib/python3.12/site-packages /usr/bin/cmake --install /home/cafsanchezdi/ros2_ws/build/sdv_serial
