-- The C compiler identification is GNU 13.3.0
-- The CXX compiler identification is GNU 13.3.0
-- Detecting C compiler ABI info
-- Detecting C compiler ABI info - done
-- Check for working C compiler: /usr/bin/cc - skipped
-- Detecting C compile features
-- Detecting C compile features - done
-- Detecting CXX compiler ABI info
-- Detecting CXX compiler ABI info - done
-- Check for working CXX compiler: /usr/bin/c++ - skipped
-- Detecting CXX compile features
-- Detecting CXX compile features - done
-- Found ament_cmake: 2.5.3 (/opt/ros/jazzy/share/ament_cmake/cmake)
-- Found Python3: /usr/bin/python3 (found version "3.12.3") found components: Interpreter 
-- Found rclcpp: 28.1.6 (/opt/ros/jazzy/share/rclcpp/cmake)
-- Found rosidl_generator_c: 4.6.5 (/opt/ros/jazzy/share/rosidl_generator_c/cmake)
-- Found rosidl_generator_cpp: 4.6.5 (/opt/ros/jazzy/share/rosidl_generator_cpp/cmake)
-- Using all available rosidl_typesupport_c: rosidl_typesupport_fastrtps_c;rosidl_typesupport_introspection_c
-- Using all available rosidl_typesupport_cpp: rosidl_typesupport_fastrtps_cpp;rosidl_typesupport_introspection_cpp
-- Found rmw_implementation_cmake: 7.3.1 (/opt/ros/jazzy/share/rmw_implementation_cmake/cmake)
-- Found rmw_fastrtps_cpp: 8.4.1 (/opt/ros/jazzy/share/rmw_fastrtps_cpp/cmake)
-- Found OpenSSL: /usr/lib/x86_64-linux-gnu/libcrypto.so (found version "3.0.13")  
-- Found FastRTPS: /opt/ros/jazzy/include (Required is at least version "2.13") 
-- Using RMW implementation 'rmw_fastrtps_cpp' as default
-- Found std_msgs: 5.3.5 (/opt/ros/jazzy/share/std_msgs/cmake)
-- Found geometry_msgs: 5.3.5 (/opt/ros/jazzy/share/geometry_msgs/cmake)
-- Found sensor_msgs: 5.3.5 (/opt/ros/jazzy/share/sensor_msgs/cmake)
-- Configuring done (1.5s)
-- Generating done (0.0s)
-- Build files have been written to: /home/cafsanchezdi/ros2_ws/build/sdv_joystick
[ 50%] [32mBuilding CXX object CMakeFiles/sdv_joystick_node.dir/src/sdv_joystick_node.cpp.o[0m
[100%] [32m[1mLinking CXX executable sdv_joystick_node[0m
[100%] Built target sdv_joystick_node
-- Install configuration: ""
-- Installing: /home/cafsanchezdi/ros2_ws/install/sdv_joystick/lib/sdv_joystick/sdv_joystick_node
-- Set non-toolchain portion of runtime path of "/home/cafsanchezdi/ros2_ws/install/sdv_joystick/lib/sdv_joystick/sdv_joystick_node" to ""
-- Installing: /home/cafsanchezdi/ros2_ws/install/sdv_joystick/share/ament_index/resource_index/package_run_dependencies/sdv_joystick
-- Installing: /home/cafsanchezdi/ros2_ws/install/sdv_joystick/share/ament_index/resource_index/parent_prefix_path/sdv_joystick
-- Installing: /home/cafsanchezdi/ros2_ws/install/sdv_joystick/share/sdv_joystick/environment/ament_prefix_path.sh
-- Installing: /home/cafsanchezdi/ros2_ws/install/sdv_joystick/share/sdv_joystick/environment/ament_prefix_path.dsv
-- Installing: /home/cafsanchezdi/ros2_ws/install/sdv_joystick/share/sdv_joystick/environment/path.sh
-- Installing: /home/cafsanchezdi/ros2_ws/install/sdv_joystick/share/sdv_joystick/environment/path.dsv
-- Installing: /home/cafsanchezdi/ros2_ws/install/sdv_joystick/share/sdv_joystick/local_setup.bash
-- Installing: /home/cafsanchezdi/ros2_ws/install/sdv_joystick/share/sdv_joystick/local_setup.sh
-- Installing: /home/cafsanchezdi/ros2_ws/install/sdv_joystick/share/sdv_joystick/local_setup.zsh
-- Installing: /home/cafsanchezdi/ros2_ws/install/sdv_joystick/share/sdv_joystick/local_setup.dsv
-- Installing: /home/cafsanchezdi/ros2_ws/install/sdv_joystick/share/sdv_joystick/package.dsv
-- Installing: /home/cafsanchezdi/ros2_ws/install/sdv_joystick/share/ament_index/resource_index/packages/sdv_joystick
-- Installing: /home/cafsanchezdi/ros2_ws/install/sdv_joystick/share/sdv_joystick/cmake/sdv_joystickConfig.cmake
-- Installing: /home/cafsanchezdi/ros2_ws/install/sdv_joystick/share/sdv_joystick/cmake/sdv_joystickConfig-version.cmake
-- Installing: /home/cafsanchezdi/ros2_ws/install/sdv_joystick/share/sdv_joystick/package.xml
