[0.024s] Invoking command in '/home/cafsanchezdi/ros2_ws/build/sdv_joystick': CMAKE_PREFIX_PATH=${CMAKE_PREFIX_PATH}:/opt/ros/jazzy DEBUGINFOD_URLS=https://debuginfod.ubuntu.com /usr/bin/cmake /home/cafsanchezdi/ros2_ws/src/sdv_un_ros/sdv_joystick -DCMAKE_INSTALL_PREFIX=/home/cafsanchezdi/ros2_ws/install/sdv_joystick
[0.103s] -- The C compiler identification is GNU 13.3.0
[0.173s] -- The CXX compiler identification is GNU 13.3.0
[0.196s] -- Detecting C compiler ABI info
[0.318s] -- Detecting C compiler ABI info - done
[0.327s] -- Check for working C compiler: /usr/bin/cc - skipped
[0.327s] -- Detecting C compile features
[0.328s] -- Detecting C compile features - done
[0.339s] -- Detecting CXX compiler ABI info
[0.465s] -- Detecting CXX compiler ABI info - done
[0.476s] -- Check for working CXX compiler: /usr/bin/c++ - skipped
[0.476s] -- Detecting CXX compile features
[0.477s] -- Detecting CXX compile features - done
[0.482s] -- Found ament_cmake: 2.5.3 (/opt/ros/jazzy/share/ament_cmake/cmake)
[0.656s] -- Found Python3: /usr/bin/python3 (found version "3.12.3") found components: Interpreter 
[0.794s] -- Found rclcpp: 28.1.6 (/opt/ros/jazzy/share/rclcpp/cmake)
[0.862s] -- Found rosidl_generator_c: 4.6.5 (/opt/ros/jazzy/share/rosidl_generator_c/cmake)
[0.884s] -- Found rosidl_generator_cpp: 4.6.5 (/opt/ros/jazzy/share/rosidl_generator_cpp/cmake)
[0.909s] -- Using all available rosidl_typesupport_c: rosidl_typesupport_fastrtps_c;rosidl_typesupport_introspection_c
[0.936s] -- Using all available rosidl_typesupport_cpp: rosidl_typesupport_fastrtps_cpp;rosidl_typesupport_introspection_cpp
[1.042s] -- Found rmw_implementation_cmake: 7.3.1 (/opt/ros/jazzy/share/rmw_implementation_cmake/cmake)
[1.048s] -- Found rmw_fastrtps_cpp: 8.4.1 (/opt/ros/jazzy/share/rmw_fastrtps_cpp/cmake)
[1.188s] -- Found OpenSSL: /usr/lib/x86_64-linux-gnu/libcrypto.so (found version "3.0.13")  
[1.215s] -- Found FastRTPS: /opt/ros/jazzy/include (Required is at least version "2.13") 
[1.244s] -- Using RMW implementation 'rmw_fastrtps_cpp' as default
[1.348s] -- Found std_msgs: 5.3.5 (/opt/ros/jazzy/share/std_msgs/cmake)
[1.365s] -- Found geometry_msgs: 5.3.5 (/opt/ros/jazzy/share/geometry_msgs/cmake)
[1.385s] -- Found sensor_msgs: 5.3.5 (/opt/ros/jazzy/share/sensor_msgs/cmake)
[1.505s] -- Configuring done (1.5s)
[1.519s] -- Generating done (0.0s)
[1.527s] -- Build files have been written to: /home/cafsanchezdi/ros2_ws/build/sdv_joystick
[1.542s] Invoked command in '/home/cafsanchezdi/ros2_ws/build/sdv_joystick' returned '0': CMAKE_PREFIX_PATH=${CMAKE_PREFIX_PATH}:/opt/ros/jazzy DEBUGINFOD_URLS=https://debuginfod.ubuntu.com /usr/bin/cmake /home/cafsanchezdi/ros2_ws/src/sdv_un_ros/sdv_joystick -DCMAKE_INSTALL_PREFIX=/home/cafsanchezdi/ros2_ws/install/sdv_joystick
[1.544s] Invoking command in '/home/cafsanchezdi/ros2_ws/build/sdv_joystick': CMAKE_PREFIX_PATH=${CMAKE_PREFIX_PATH}:/opt/ros/jazzy DEBUGINFOD_URLS=https://debuginfod.ubuntu.com /usr/bin/cmake --build /home/cafsanchezdi/ros2_ws/build/sdv_joystick -- -j4 -l4
[1.616s] [ 50%] [32mBuilding CXX object CMakeFiles/sdv_joystick_node.dir/src/sdv_joystick_node.cpp.o[0m
[11.541s] [100%] [32m[1mLinking CXX executable sdv_joystick_node[0m
[12.157s] [100%] Built target sdv_joystick_node
[12.184s] Invoked command in '/home/cafsanchezdi/ros2_ws/build/sdv_joystick' returned '0': CMAKE_PREFIX_PATH=${CMAKE_PREFIX_PATH}:/opt/ros/jazzy DEBUGINFOD_URLS=https://debuginfod.ubuntu.com /usr/bin/cmake --build /home/cafsanchezdi/ros2_ws/build/sdv_joystick -- -j4 -l4
[12.196s] Invoking command in '/home/cafsanchezdi/ros2_ws/build/sdv_joystick': CMAKE_PREFIX_PATH=${CMAKE_PREFIX_PATH}:/opt/ros/jazzy DEBUGINFOD_URLS=https://debuginfod.ubuntu.com /usr/bin/cmake --install /home/cafsanchezdi/ros2_ws/build/sdv_joystick
[12.229s] -- Install configuration: ""
[12.229s] -- Installing: /home/cafsanchezdi/ros2_ws/install/sdv_joystick/lib/sdv_joystick/sdv_joystick_node
[12.239s] -- Set non-toolchain portion of runtime path of "/home/cafsanchezdi/ros2_ws/install/sdv_joystick/lib/sdv_joystick/sdv_joystick_node" to ""
[12.239s] -- Installing: /home/cafsanchezdi/ros2_ws/install/sdv_joystick/share/ament_index/resource_index/package_run_dependencies/sdv_joystick
[12.240s] -- Installing: /home/cafsanchezdi/ros2_ws/install/sdv_joystick/share/ament_index/resource_index/parent_prefix_path/sdv_joystick
[12.240s] -- Installing: /home/cafsanchezdi/ros2_ws/install/sdv_joystick/share/sdv_joystick/environment/ament_prefix_path.sh
[12.240s] -- Installing: /home/cafsanchezdi/ros2_ws/install/sdv_joystick/share/sdv_joystick/environment/ament_prefix_path.dsv
[12.241s] -- Installing: /home/cafsanchezdi/ros2_ws/install/sdv_joystick/share/sdv_joystick/environment/path.sh
[12.241s] -- Installing: /home/cafsanchezdi/ros2_ws/install/sdv_joystick/share/sdv_joystick/environment/path.dsv
[12.241s] -- Installing: /home/cafsanchezdi/ros2_ws/install/sdv_joystick/share/sdv_joystick/local_setup.bash
[12.244s] -- Installing: /home/cafsanchezdi/ros2_ws/install/sdv_joystick/share/sdv_joystick/local_setup.sh
[12.244s] -- Installing: /home/cafsanchezdi/ros2_ws/install/sdv_joystick/share/sdv_joystick/local_setup.zsh
[12.244s] -- Installing: /home/cafsanchezdi/ros2_ws/install/sdv_joystick/share/sdv_joystick/local_setup.dsv
[12.244s] -- Installing: /home/cafsanchezdi/ros2_ws/install/sdv_joystick/share/sdv_joystick/package.dsv
[12.247s] -- Installing: /home/cafsanchezdi/ros2_ws/install/sdv_joystick/share/ament_index/resource_index/packages/sdv_joystick
[12.248s] -- Installing: /home/cafsanchezdi/ros2_ws/install/sdv_joystick/share/sdv_joystick/cmake/sdv_joystickConfig.cmake
[12.248s] -- Installing: /home/cafsanchezdi/ros2_ws/install/sdv_joystick/share/sdv_joystick/cmake/sdv_joystickConfig-version.cmake
[12.248s] -- Installing: /home/cafsanchezdi/ros2_ws/install/sdv_joystick/share/sdv_joystick/package.xml
[12.259s] Invoked command in '/home/cafsanchezdi/ros2_ws/build/sdv_joystick' returned '0': CMAKE_PREFIX_PATH=${CMAKE_PREFIX_PATH}:/opt/ros/jazzy DEBUGINFOD_URLS=https://debuginfod.ubuntu.com /usr/bin/cmake --install /home/cafsanchezdi/ros2_ws/build/sdv_joystick
