[0.269s] DEBUG:colcon:Command line arguments: ['/usr/bin/colcon', 'build', '--symlink-install', '--packages-select', 'sdv_serial', '--cmake-args', '-DCMAKE_VERBOSE_MAKEFILE=ON']
[0.269s] DEBUG:colcon:Parsed command line arguments: Namespace(log_base=None, log_level=None, verb_name='build', build_base='build', install_base='install', merge_install=False, symlink_install=True, test_result_base=None, continue_on_error=False, executor='parallel', parallel_workers=4, event_handlers=None, ignore_user_meta=False, metas=['./colcon.meta'], base_paths=['.'], packages_ignore=None, packages_ignore_regex=None, paths=None, packages_up_to=None, packages_up_to_regex=None, packages_above=None, packages_above_and_dependencies=None, packages_above_depth=None, packages_select_by_dep=None, packages_skip_by_dep=None, packages_skip_up_to=None, packages_select_build_failed=False, packages_skip_build_finished=False, packages_select_test_failures=False, packages_skip_test_passed=False, packages_select=['sdv_serial'], packages_skip=None, packages_select_regex=None, packages_skip_regex=None, packages_start=None, packages_end=None, allow_overriding=[], cmake_args=['-DCMAKE_VERBOSE_MAKEFILE=ON'], cmake_target=None, cmake_target_skip_unavailable=False, cmake_clean_cache=False, cmake_clean_first=False, cmake_force_configure=False, ament_cmake_args=None, catkin_cmake_args=None, catkin_skip_building_tests=False, mixin_files=None, mixin=None, verb_parser=<colcon_mixin.mixin.mixin_argument.MixinArgumentDecorator object at 0x77556e0935c0>, verb_extension=<colcon_core.verb.build.BuildVerb object at 0x77556e092ea0>, main=<bound method BuildVerb.main of <colcon_core.verb.build.BuildVerb object at 0x77556e092ea0>>, mixin_verb=('build',))
[0.337s] Level 1:colcon.colcon_core.package_discovery:discover_packages(colcon_meta) check parameters
[0.337s] Level 1:colcon.colcon_core.package_discovery:discover_packages(recursive) check parameters
[0.338s] Level 1:colcon.colcon_core.package_discovery:discover_packages(ignore) check parameters
[0.338s] Level 1:colcon.colcon_core.package_discovery:discover_packages(path) check parameters
[0.338s] Level 1:colcon.colcon_core.package_discovery:discover_packages(colcon_meta) discover
[0.338s] Level 1:colcon.colcon_core.package_discovery:discover_packages(recursive) discover
[0.338s] INFO:colcon.colcon_core.package_discovery:Crawling recursively for packages in '/home/cafsanchezdi/ros2_ws'
[0.338s] Level 1:colcon.colcon_core.package_identification:_identify(.) by extensions ['ignore', 'ignore_ament_install']
[0.338s] Level 1:colcon.colcon_core.package_identification:_identify(.) by extension 'ignore'
[0.338s] Level 1:colcon.colcon_core.package_identification:_identify(.) by extension 'ignore_ament_install'
[0.338s] Level 1:colcon.colcon_core.package_identification:_identify(.) by extensions ['colcon_pkg']
[0.338s] Level 1:colcon.colcon_core.package_identification:_identify(.) by extension 'colcon_pkg'
[0.339s] Level 1:colcon.colcon_core.package_identification:_identify(.) by extensions ['colcon_meta']
[0.339s] Level 1:colcon.colcon_core.package_identification:_identify(.) by extension 'colcon_meta'
[0.339s] Level 1:colcon.colcon_core.package_identification:_identify(.) by extensions ['ros']
[0.339s] Level 1:colcon.colcon_core.package_identification:_identify(.) by extension 'ros'
[0.383s] Level 1:colcon.colcon_core.package_identification:_identify(.) by extensions ['cmake', 'python']
[0.383s] Level 1:colcon.colcon_core.package_identification:_identify(.) by extension 'cmake'
[0.383s] Level 1:colcon.colcon_core.package_identification:_identify(.) by extension 'python'
[0.383s] Level 1:colcon.colcon_core.package_identification:_identify(.) by extensions ['python_setup_py']
[0.383s] Level 1:colcon.colcon_core.package_identification:_identify(.) by extension 'python_setup_py'
[0.384s] Level 1:colcon.colcon_core.package_identification:_identify(build) by extensions ['ignore', 'ignore_ament_install']
[0.384s] Level 1:colcon.colcon_core.package_identification:_identify(build) by extension 'ignore'
[0.384s] Level 1:colcon.colcon_core.package_identification:_identify(build) ignored
[0.384s] Level 1:colcon.colcon_core.package_identification:_identify(install) by extensions ['ignore', 'ignore_ament_install']
[0.384s] Level 1:colcon.colcon_core.package_identification:_identify(install) by extension 'ignore'
[0.384s] Level 1:colcon.colcon_core.package_identification:_identify(install) ignored
[0.384s] Level 1:colcon.colcon_core.package_identification:_identify(log) by extensions ['ignore', 'ignore_ament_install']
[0.384s] Level 1:colcon.colcon_core.package_identification:_identify(log) by extension 'ignore'
[0.385s] Level 1:colcon.colcon_core.package_identification:_identify(log) ignored
[0.385s] Level 1:colcon.colcon_core.package_identification:_identify(src) by extensions ['ignore', 'ignore_ament_install']
[0.385s] Level 1:colcon.colcon_core.package_identification:_identify(src) by extension 'ignore'
[0.385s] Level 1:colcon.colcon_core.package_identification:_identify(src) by extension 'ignore_ament_install'
[0.385s] Level 1:colcon.colcon_core.package_identification:_identify(src) by extensions ['colcon_pkg']
[0.385s] Level 1:colcon.colcon_core.package_identification:_identify(src) by extension 'colcon_pkg'
[0.385s] Level 1:colcon.colcon_core.package_identification:_identify(src) by extensions ['colcon_meta']
[0.385s] Level 1:colcon.colcon_core.package_identification:_identify(src) by extension 'colcon_meta'
[0.385s] Level 1:colcon.colcon_core.package_identification:_identify(src) by extensions ['ros']
[0.385s] Level 1:colcon.colcon_core.package_identification:_identify(src) by extension 'ros'
[0.385s] Level 1:colcon.colcon_core.package_identification:_identify(src) by extensions ['cmake', 'python']
[0.386s] Level 1:colcon.colcon_core.package_identification:_identify(src) by extension 'cmake'
[0.386s] Level 1:colcon.colcon_core.package_identification:_identify(src) by extension 'python'
[0.386s] Level 1:colcon.colcon_core.package_identification:_identify(src) by extensions ['python_setup_py']
[0.386s] Level 1:colcon.colcon_core.package_identification:_identify(src) by extension 'python_setup_py'
[0.386s] Level 1:colcon.colcon_core.package_identification:_identify(src/robot_pose_publisher) by extensions ['ignore', 'ignore_ament_install']
[0.386s] Level 1:colcon.colcon_core.package_identification:_identify(src/robot_pose_publisher) by extension 'ignore'
[0.386s] Level 1:colcon.colcon_core.package_identification:_identify(src/robot_pose_publisher) by extension 'ignore_ament_install'
[0.386s] Level 1:colcon.colcon_core.package_identification:_identify(src/robot_pose_publisher) by extensions ['colcon_pkg']
[0.386s] Level 1:colcon.colcon_core.package_identification:_identify(src/robot_pose_publisher) by extension 'colcon_pkg'
[0.386s] Level 1:colcon.colcon_core.package_identification:_identify(src/robot_pose_publisher) by extensions ['colcon_meta']
[0.386s] Level 1:colcon.colcon_core.package_identification:_identify(src/robot_pose_publisher) by extension 'colcon_meta'
[0.386s] Level 1:colcon.colcon_core.package_identification:_identify(src/robot_pose_publisher) by extensions ['ros']
[0.386s] Level 1:colcon.colcon_core.package_identification:_identify(src/robot_pose_publisher) by extension 'ros'
[0.388s] DEBUG:colcon.colcon_core.package_identification:Failed to parse potential ROS package manifest in'src/robot_pose_publisher': Error(s) in package 'src/robot_pose_publisher/package.xml':
The manifest must contain exactly one "description" tag
[0.388s] Level 1:colcon.colcon_core.package_identification:_identify(src/robot_pose_publisher) by extensions ['cmake', 'python']
[0.388s] Level 1:colcon.colcon_core.package_identification:_identify(src/robot_pose_publisher) by extension 'cmake'
[0.390s] Level 1:colcon.colcon_core.package_identification:_identify(src/robot_pose_publisher) by extension 'python'
[0.390s] DEBUG:colcon.colcon_core.package_identification:Package 'src/robot_pose_publisher' with type 'cmake' and name 'robot_pose_publisher'
[0.390s] Level 1:colcon.colcon_core.package_identification:_identify(src/sdv_scripts) by extensions ['ignore', 'ignore_ament_install']
[0.390s] Level 1:colcon.colcon_core.package_identification:_identify(src/sdv_scripts) by extension 'ignore'
[0.391s] Level 1:colcon.colcon_core.package_identification:_identify(src/sdv_scripts) by extension 'ignore_ament_install'
[0.391s] Level 1:colcon.colcon_core.package_identification:_identify(src/sdv_scripts) by extensions ['colcon_pkg']
[0.391s] Level 1:colcon.colcon_core.package_identification:_identify(src/sdv_scripts) by extension 'colcon_pkg'
[0.391s] Level 1:colcon.colcon_core.package_identification:_identify(src/sdv_scripts) by extensions ['colcon_meta']
[0.391s] Level 1:colcon.colcon_core.package_identification:_identify(src/sdv_scripts) by extension 'colcon_meta'
[0.391s] Level 1:colcon.colcon_core.package_identification:_identify(src/sdv_scripts) by extensions ['ros']
[0.391s] Level 1:colcon.colcon_core.package_identification:_identify(src/sdv_scripts) by extension 'ros'
[0.393s] DEBUG:colcon.colcon_core.package_identification:Package 'src/sdv_scripts' with type 'ros.ament_cmake' and name 'sdv_scripts'
[0.393s] Level 1:colcon.colcon_core.package_identification:_identify(src/sdv_un_ros) by extensions ['ignore', 'ignore_ament_install']
[0.393s] Level 1:colcon.colcon_core.package_identification:_identify(src/sdv_un_ros) by extension 'ignore'
[0.394s] Level 1:colcon.colcon_core.package_identification:_identify(src/sdv_un_ros) by extension 'ignore_ament_install'
[0.394s] Level 1:colcon.colcon_core.package_identification:_identify(src/sdv_un_ros) by extensions ['colcon_pkg']
[0.394s] Level 1:colcon.colcon_core.package_identification:_identify(src/sdv_un_ros) by extension 'colcon_pkg'
[0.394s] Level 1:colcon.colcon_core.package_identification:_identify(src/sdv_un_ros) by extensions ['colcon_meta']
[0.394s] Level 1:colcon.colcon_core.package_identification:_identify(src/sdv_un_ros) by extension 'colcon_meta'
[0.394s] Level 1:colcon.colcon_core.package_identification:_identify(src/sdv_un_ros) by extensions ['ros']
[0.394s] Level 1:colcon.colcon_core.package_identification:_identify(src/sdv_un_ros) by extension 'ros'
[0.394s] Level 1:colcon.colcon_core.package_identification:_identify(src/sdv_un_ros) by extensions ['cmake', 'python']
[0.394s] Level 1:colcon.colcon_core.package_identification:_identify(src/sdv_un_ros) by extension 'cmake'
[0.394s] Level 1:colcon.colcon_core.package_identification:_identify(src/sdv_un_ros) by extension 'python'
[0.394s] Level 1:colcon.colcon_core.package_identification:_identify(src/sdv_un_ros) by extensions ['python_setup_py']
[0.394s] Level 1:colcon.colcon_core.package_identification:_identify(src/sdv_un_ros) by extension 'python_setup_py'
[0.395s] Level 1:colcon.colcon_core.package_identification:_identify(src/sdv_un_ros/sdv_joystick) by extensions ['ignore', 'ignore_ament_install']
[0.395s] Level 1:colcon.colcon_core.package_identification:_identify(src/sdv_un_ros/sdv_joystick) by extension 'ignore'
[0.395s] Level 1:colcon.colcon_core.package_identification:_identify(src/sdv_un_ros/sdv_joystick) by extension 'ignore_ament_install'
[0.395s] Level 1:colcon.colcon_core.package_identification:_identify(src/sdv_un_ros/sdv_joystick) by extensions ['colcon_pkg']
[0.395s] Level 1:colcon.colcon_core.package_identification:_identify(src/sdv_un_ros/sdv_joystick) by extension 'colcon_pkg'
[0.395s] Level 1:colcon.colcon_core.package_identification:_identify(src/sdv_un_ros/sdv_joystick) by extensions ['colcon_meta']
[0.395s] Level 1:colcon.colcon_core.package_identification:_identify(src/sdv_un_ros/sdv_joystick) by extension 'colcon_meta'
[0.395s] Level 1:colcon.colcon_core.package_identification:_identify(src/sdv_un_ros/sdv_joystick) by extensions ['ros']
[0.395s] Level 1:colcon.colcon_core.package_identification:_identify(src/sdv_un_ros/sdv_joystick) by extension 'ros'
[0.396s] DEBUG:colcon.colcon_core.package_identification:Package 'src/sdv_un_ros/sdv_joystick' with type 'ros.ament_cmake' and name 'sdv_joystick'
[0.396s] Level 1:colcon.colcon_core.package_identification:_identify(src/sdv_un_ros/sdv_nav) by extensions ['ignore', 'ignore_ament_install']
[0.397s] Level 1:colcon.colcon_core.package_identification:_identify(src/sdv_un_ros/sdv_nav) by extension 'ignore'
[0.397s] Level 1:colcon.colcon_core.package_identification:_identify(src/sdv_un_ros/sdv_nav) by extension 'ignore_ament_install'
[0.397s] Level 1:colcon.colcon_core.package_identification:_identify(src/sdv_un_ros/sdv_nav) by extensions ['colcon_pkg']
[0.397s] Level 1:colcon.colcon_core.package_identification:_identify(src/sdv_un_ros/sdv_nav) by extension 'colcon_pkg'
[0.397s] Level 1:colcon.colcon_core.package_identification:_identify(src/sdv_un_ros/sdv_nav) by extensions ['colcon_meta']
[0.397s] Level 1:colcon.colcon_core.package_identification:_identify(src/sdv_un_ros/sdv_nav) by extension 'colcon_meta'
[0.397s] Level 1:colcon.colcon_core.package_identification:_identify(src/sdv_un_ros/sdv_nav) by extensions ['ros']
[0.397s] Level 1:colcon.colcon_core.package_identification:_identify(src/sdv_un_ros/sdv_nav) by extension 'ros'
[0.398s] DEBUG:colcon.colcon_core.package_identification:Package 'src/sdv_un_ros/sdv_nav' with type 'ros.ament_cmake' and name 'sdv_nav'
[0.398s] Level 1:colcon.colcon_core.package_identification:_identify(src/sdv_un_ros/sdv_process) by extensions ['ignore', 'ignore_ament_install']
[0.399s] Level 1:colcon.colcon_core.package_identification:_identify(src/sdv_un_ros/sdv_process) by extension 'ignore'
[0.399s] Level 1:colcon.colcon_core.package_identification:_identify(src/sdv_un_ros/sdv_process) by extension 'ignore_ament_install'
[0.399s] Level 1:colcon.colcon_core.package_identification:_identify(src/sdv_un_ros/sdv_process) by extensions ['colcon_pkg']
[0.399s] Level 1:colcon.colcon_core.package_identification:_identify(src/sdv_un_ros/sdv_process) by extension 'colcon_pkg'
[0.399s] Level 1:colcon.colcon_core.package_identification:_identify(src/sdv_un_ros/sdv_process) by extensions ['colcon_meta']
[0.399s] Level 1:colcon.colcon_core.package_identification:_identify(src/sdv_un_ros/sdv_process) by extension 'colcon_meta'
[0.399s] Level 1:colcon.colcon_core.package_identification:_identify(src/sdv_un_ros/sdv_process) by extensions ['ros']
[0.399s] Level 1:colcon.colcon_core.package_identification:_identify(src/sdv_un_ros/sdv_process) by extension 'ros'
[0.400s] DEBUG:colcon.colcon_core.package_identification:Package 'src/sdv_un_ros/sdv_process' with type 'ros.ament_cmake' and name 'sdv_process'
[0.400s] Level 1:colcon.colcon_core.package_identification:_identify(src/sdv_un_ros/sdv_serial) by extensions ['ignore', 'ignore_ament_install']
[0.401s] Level 1:colcon.colcon_core.package_identification:_identify(src/sdv_un_ros/sdv_serial) by extension 'ignore'
[0.401s] Level 1:colcon.colcon_core.package_identification:_identify(src/sdv_un_ros/sdv_serial) by extension 'ignore_ament_install'
[0.401s] Level 1:colcon.colcon_core.package_identification:_identify(src/sdv_un_ros/sdv_serial) by extensions ['colcon_pkg']
[0.401s] Level 1:colcon.colcon_core.package_identification:_identify(src/sdv_un_ros/sdv_serial) by extension 'colcon_pkg'
[0.401s] Level 1:colcon.colcon_core.package_identification:_identify(src/sdv_un_ros/sdv_serial) by extensions ['colcon_meta']
[0.401s] Level 1:colcon.colcon_core.package_identification:_identify(src/sdv_un_ros/sdv_serial) by extension 'colcon_meta'
[0.401s] Level 1:colcon.colcon_core.package_identification:_identify(src/sdv_un_ros/sdv_serial) by extensions ['ros']
[0.401s] Level 1:colcon.colcon_core.package_identification:_identify(src/sdv_un_ros/sdv_serial) by extension 'ros'
[0.402s] DEBUG:colcon.colcon_core.package_identification:Package 'src/sdv_un_ros/sdv_serial' with type 'ros.catkin' and name 'sdv_serial'
[0.402s] Level 1:colcon.colcon_core.package_identification:_identify(src/serial_driver) by extensions ['ignore', 'ignore_ament_install']
[0.402s] Level 1:colcon.colcon_core.package_identification:_identify(src/serial_driver) by extension 'ignore'
[0.402s] Level 1:colcon.colcon_core.package_identification:_identify(src/serial_driver) by extension 'ignore_ament_install'
[0.402s] Level 1:colcon.colcon_core.package_identification:_identify(src/serial_driver) by extensions ['colcon_pkg']
[0.402s] Level 1:colcon.colcon_core.package_identification:_identify(src/serial_driver) by extension 'colcon_pkg'
[0.402s] Level 1:colcon.colcon_core.package_identification:_identify(src/serial_driver) by extensions ['colcon_meta']
[0.403s] Level 1:colcon.colcon_core.package_identification:_identify(src/serial_driver) by extension 'colcon_meta'
[0.403s] Level 1:colcon.colcon_core.package_identification:_identify(src/serial_driver) by extensions ['ros']
[0.403s] Level 1:colcon.colcon_core.package_identification:_identify(src/serial_driver) by extension 'ros'
[0.404s] DEBUG:colcon.colcon_core.package_identification:Package 'src/serial_driver' with type 'ros.ament_cmake' and name 'serial_driver'
[0.404s] Level 1:colcon.colcon_core.package_identification:_identify(src/sick_scan_xd) by extensions ['ignore', 'ignore_ament_install']
[0.404s] Level 1:colcon.colcon_core.package_identification:_identify(src/sick_scan_xd) by extension 'ignore'
[0.404s] Level 1:colcon.colcon_core.package_identification:_identify(src/sick_scan_xd) by extension 'ignore_ament_install'
[0.404s] Level 1:colcon.colcon_core.package_identification:_identify(src/sick_scan_xd) by extensions ['colcon_pkg']
[0.404s] Level 1:colcon.colcon_core.package_identification:_identify(src/sick_scan_xd) by extension 'colcon_pkg'
[0.405s] Level 1:colcon.colcon_core.package_identification:_identify(src/sick_scan_xd) by extensions ['colcon_meta']
[0.405s] Level 1:colcon.colcon_core.package_identification:_identify(src/sick_scan_xd) by extension 'colcon_meta'
[0.405s] Level 1:colcon.colcon_core.package_identification:_identify(src/sick_scan_xd) by extensions ['ros']
[0.405s] Level 1:colcon.colcon_core.package_identification:_identify(src/sick_scan_xd) by extension 'ros'
[0.405s] Level 1:colcon.colcon_core.package_identification:_identify(src/sick_scan_xd) by extensions ['cmake', 'python']
[0.405s] Level 1:colcon.colcon_core.package_identification:_identify(src/sick_scan_xd) by extension 'cmake'
[0.405s] Level 1:colcon.colcon_core.package_identification:_identify(src/sick_scan_xd) by extension 'python'
[0.405s] Level 1:colcon.colcon_core.package_identification:_identify(src/sick_scan_xd) by extensions ['python_setup_py']
[0.405s] Level 1:colcon.colcon_core.package_identification:_identify(src/sick_scan_xd) by extension 'python_setup_py'
[0.405s] Level 1:colcon.colcon_core.package_identification:_identify(src/sick_scan_xd/sick_scan_xd) by extensions ['ignore', 'ignore_ament_install']
[0.405s] Level 1:colcon.colcon_core.package_identification:_identify(src/sick_scan_xd/sick_scan_xd) by extension 'ignore'
[0.406s] Level 1:colcon.colcon_core.package_identification:_identify(src/sick_scan_xd/sick_scan_xd) by extension 'ignore_ament_install'
[0.406s] Level 1:colcon.colcon_core.package_identification:_identify(src/sick_scan_xd/sick_scan_xd) by extensions ['colcon_pkg']
[0.406s] Level 1:colcon.colcon_core.package_identification:_identify(src/sick_scan_xd/sick_scan_xd) by extension 'colcon_pkg'
[0.406s] Level 1:colcon.colcon_core.package_identification:_identify(src/sick_scan_xd/sick_scan_xd) by extensions ['colcon_meta']
[0.406s] Level 1:colcon.colcon_core.package_identification:_identify(src/sick_scan_xd/sick_scan_xd) by extension 'colcon_meta'
[0.406s] Level 1:colcon.colcon_core.package_identification:_identify(src/sick_scan_xd/sick_scan_xd) by extensions ['ros']
[0.406s] Level 1:colcon.colcon_core.package_identification:_identify(src/sick_scan_xd/sick_scan_xd) by extension 'ros'
[0.423s] DEBUG:colcon.colcon_core.package_identification:Package 'src/sick_scan_xd/sick_scan_xd' with type 'ros.ament_cmake' and name 'sick_scan_xd'
[0.423s] Level 1:colcon.colcon_core.package_identification:_identify(venv) by extensions ['ignore', 'ignore_ament_install']
[0.423s] Level 1:colcon.colcon_core.package_identification:_identify(venv) by extension 'ignore'
[0.423s] Level 1:colcon.colcon_core.package_identification:_identify(venv) by extension 'ignore_ament_install'
[0.423s] Level 1:colcon.colcon_core.package_identification:_identify(venv) by extensions ['colcon_pkg']
[0.423s] Level 1:colcon.colcon_core.package_identification:_identify(venv) by extension 'colcon_pkg'
[0.423s] Level 1:colcon.colcon_core.package_identification:_identify(venv) by extensions ['colcon_meta']
[0.423s] Level 1:colcon.colcon_core.package_identification:_identify(venv) by extension 'colcon_meta'
[0.423s] Level 1:colcon.colcon_core.package_identification:_identify(venv) by extensions ['ros']
[0.423s] Level 1:colcon.colcon_core.package_identification:_identify(venv) by extension 'ros'
[0.424s] Level 1:colcon.colcon_core.package_identification:_identify(venv) by extensions ['cmake', 'python']
[0.424s] Level 1:colcon.colcon_core.package_identification:_identify(venv) by extension 'cmake'
[0.424s] Level 1:colcon.colcon_core.package_identification:_identify(venv) by extension 'python'
[0.424s] Level 1:colcon.colcon_core.package_identification:_identify(venv) by extensions ['python_setup_py']
[0.424s] Level 1:colcon.colcon_core.package_identification:_identify(venv) by extension 'python_setup_py'
[0.424s] Level 1:colcon.colcon_core.package_identification:_identify(venv/bin) by extensions ['ignore', 'ignore_ament_install']
[0.424s] Level 1:colcon.colcon_core.package_identification:_identify(venv/bin) by extension 'ignore'
[0.424s] Level 1:colcon.colcon_core.package_identification:_identify(venv/bin) by extension 'ignore_ament_install'
[0.424s] Level 1:colcon.colcon_core.package_identification:_identify(venv/bin) by extensions ['colcon_pkg']
[0.424s] Level 1:colcon.colcon_core.package_identification:_identify(venv/bin) by extension 'colcon_pkg'
[0.424s] Level 1:colcon.colcon_core.package_identification:_identify(venv/bin) by extensions ['colcon_meta']
[0.425s] Level 1:colcon.colcon_core.package_identification:_identify(venv/bin) by extension 'colcon_meta'
[0.425s] Level 1:colcon.colcon_core.package_identification:_identify(venv/bin) by extensions ['ros']
[0.425s] Level 1:colcon.colcon_core.package_identification:_identify(venv/bin) by extension 'ros'
[0.425s] Level 1:colcon.colcon_core.package_identification:_identify(venv/bin) by extensions ['cmake', 'python']
[0.425s] Level 1:colcon.colcon_core.package_identification:_identify(venv/bin) by extension 'cmake'
[0.425s] Level 1:colcon.colcon_core.package_identification:_identify(venv/bin) by extension 'python'
[0.425s] Level 1:colcon.colcon_core.package_identification:_identify(venv/bin) by extensions ['python_setup_py']
[0.425s] Level 1:colcon.colcon_core.package_identification:_identify(venv/bin) by extension 'python_setup_py'
[0.425s] Level 1:colcon.colcon_core.package_identification:_identify(venv/include) by extensions ['ignore', 'ignore_ament_install']
[0.425s] Level 1:colcon.colcon_core.package_identification:_identify(venv/include) by extension 'ignore'
[0.425s] Level 1:colcon.colcon_core.package_identification:_identify(venv/include) by extension 'ignore_ament_install'
[0.425s] Level 1:colcon.colcon_core.package_identification:_identify(venv/include) by extensions ['colcon_pkg']
[0.426s] Level 1:colcon.colcon_core.package_identification:_identify(venv/include) by extension 'colcon_pkg'
[0.426s] Level 1:colcon.colcon_core.package_identification:_identify(venv/include) by extensions ['colcon_meta']
[0.426s] Level 1:colcon.colcon_core.package_identification:_identify(venv/include) by extension 'colcon_meta'
[0.426s] Level 1:colcon.colcon_core.package_identification:_identify(venv/include) by extensions ['ros']
[0.426s] Level 1:colcon.colcon_core.package_identification:_identify(venv/include) by extension 'ros'
[0.426s] Level 1:colcon.colcon_core.package_identification:_identify(venv/include) by extensions ['cmake', 'python']
[0.426s] Level 1:colcon.colcon_core.package_identification:_identify(venv/include) by extension 'cmake'
[0.426s] Level 1:colcon.colcon_core.package_identification:_identify(venv/include) by extension 'python'
[0.426s] Level 1:colcon.colcon_core.package_identification:_identify(venv/include) by extensions ['python_setup_py']
[0.426s] Level 1:colcon.colcon_core.package_identification:_identify(venv/include) by extension 'python_setup_py'
[0.426s] Level 1:colcon.colcon_core.package_identification:_identify(venv/include/python3.12) by extensions ['ignore', 'ignore_ament_install']
[0.426s] Level 1:colcon.colcon_core.package_identification:_identify(venv/include/python3.12) by extension 'ignore'
[0.427s] Level 1:colcon.colcon_core.package_identification:_identify(venv/include/python3.12) by extension 'ignore_ament_install'
[0.427s] Level 1:colcon.colcon_core.package_identification:_identify(venv/include/python3.12) by extensions ['colcon_pkg']
[0.427s] Level 1:colcon.colcon_core.package_identification:_identify(venv/include/python3.12) by extension 'colcon_pkg'
[0.427s] Level 1:colcon.colcon_core.package_identification:_identify(venv/include/python3.12) by extensions ['colcon_meta']
[0.427s] Level 1:colcon.colcon_core.package_identification:_identify(venv/include/python3.12) by extension 'colcon_meta'
[0.427s] Level 1:colcon.colcon_core.package_identification:_identify(venv/include/python3.12) by extensions ['ros']
[0.427s] Level 1:colcon.colcon_core.package_identification:_identify(venv/include/python3.12) by extension 'ros'
[0.427s] Level 1:colcon.colcon_core.package_identification:_identify(venv/include/python3.12) by extensions ['cmake', 'python']
[0.427s] Level 1:colcon.colcon_core.package_identification:_identify(venv/include/python3.12) by extension 'cmake'
[0.427s] Level 1:colcon.colcon_core.package_identification:_identify(venv/include/python3.12) by extension 'python'
[0.427s] Level 1:colcon.colcon_core.package_identification:_identify(venv/include/python3.12) by extensions ['python_setup_py']
[0.427s] Level 1:colcon.colcon_core.package_identification:_identify(venv/include/python3.12) by extension 'python_setup_py'
[0.427s] Level 1:colcon.colcon_core.package_identification:_identify(venv/lib) by extensions ['ignore', 'ignore_ament_install']
[0.428s] Level 1:colcon.colcon_core.package_identification:_identify(venv/lib) by extension 'ignore'
[0.428s] Level 1:colcon.colcon_core.package_identification:_identify(venv/lib) by extension 'ignore_ament_install'
[0.428s] Level 1:colcon.colcon_core.package_identification:_identify(venv/lib) by extensions ['colcon_pkg']
[0.428s] Level 1:colcon.colcon_core.package_identification:_identify(venv/lib) by extension 'colcon_pkg'
[0.428s] Level 1:colcon.colcon_core.package_identification:_identify(venv/lib) by extensions ['colcon_meta']
[0.428s] Level 1:colcon.colcon_core.package_identification:_identify(venv/lib) by extension 'colcon_meta'
[0.428s] Level 1:colcon.colcon_core.package_identification:_identify(venv/lib) by extensions ['ros']
[0.428s] Level 1:colcon.colcon_core.package_identification:_identify(venv/lib) by extension 'ros'
[0.428s] Level 1:colcon.colcon_core.package_identification:_identify(venv/lib) by extensions ['cmake', 'python']
[0.428s] Level 1:colcon.colcon_core.package_identification:_identify(venv/lib) by extension 'cmake'
[0.428s] Level 1:colcon.colcon_core.package_identification:_identify(venv/lib) by extension 'python'
[0.428s] Level 1:colcon.colcon_core.package_identification:_identify(venv/lib) by extensions ['python_setup_py']
[0.428s] Level 1:colcon.colcon_core.package_identification:_identify(venv/lib) by extension 'python_setup_py'
[0.429s] Level 1:colcon.colcon_core.package_identification:_identify(venv/lib/python3.12) by extensions ['ignore', 'ignore_ament_install']
[0.429s] Level 1:colcon.colcon_core.package_identification:_identify(venv/lib/python3.12) by extension 'ignore'
[0.429s] Level 1:colcon.colcon_core.package_identification:_identify(venv/lib/python3.12) by extension 'ignore_ament_install'
[0.429s] Level 1:colcon.colcon_core.package_identification:_identify(venv/lib/python3.12) by extensions ['colcon_pkg']
[0.429s] Level 1:colcon.colcon_core.package_identification:_identify(venv/lib/python3.12) by extension 'colcon_pkg'
[0.429s] Level 1:colcon.colcon_core.package_identification:_identify(venv/lib/python3.12) by extensions ['colcon_meta']
[0.429s] Level 1:colcon.colcon_core.package_identification:_identify(venv/lib/python3.12) by extension 'colcon_meta'
[0.429s] Level 1:colcon.colcon_core.package_identification:_identify(venv/lib/python3.12) by extensions ['ros']
[0.429s] Level 1:colcon.colcon_core.package_identification:_identify(venv/lib/python3.12) by extension 'ros'
[0.429s] Level 1:colcon.colcon_core.package_identification:_identify(venv/lib/python3.12) by extensions ['cmake', 'python']
[0.429s] Level 1:colcon.colcon_core.package_identification:_identify(venv/lib/python3.12) by extension 'cmake'
[0.429s] Level 1:colcon.colcon_core.package_identification:_identify(venv/lib/python3.12) by extension 'python'
[0.430s] Level 1:colcon.colcon_core.package_identification:_identify(venv/lib/python3.12) by extensions ['python_setup_py']
[0.430s] Level 1:colcon.colcon_core.package_identification:_identify(venv/lib/python3.12) by extension 'python_setup_py'
[0.430s] Level 1:colcon.colcon_core.package_identification:_identify(venv/lib/python3.12/site-packages) by extensions ['ignore', 'ignore_ament_install']
[0.430s] Level 1:colcon.colcon_core.package_identification:_identify(venv/lib/python3.12/site-packages) by extension 'ignore'
[0.430s] Level 1:colcon.colcon_core.package_identification:_identify(venv/lib/python3.12/site-packages) by extension 'ignore_ament_install'
[0.430s] Level 1:colcon.colcon_core.package_identification:_identify(venv/lib/python3.12/site-packages) by extensions ['colcon_pkg']
[0.430s] Level 1:colcon.colcon_core.package_identification:_identify(venv/lib/python3.12/site-packages) by extension 'colcon_pkg'
[0.430s] Level 1:colcon.colcon_core.package_identification:_identify(venv/lib/python3.12/site-packages) by extensions ['colcon_meta']
[0.430s] Level 1:colcon.colcon_core.package_identification:_identify(venv/lib/python3.12/site-packages) by extension 'colcon_meta'
[0.430s] Level 1:colcon.colcon_core.package_identification:_identify(venv/lib/python3.12/site-packages) by extensions ['ros']
[0.430s] Level 1:colcon.colcon_core.package_identification:_identify(venv/lib/python3.12/site-packages) by extension 'ros'
[0.431s] Level 1:colcon.colcon_core.package_identification:_identify(venv/lib/python3.12/site-packages) by extensions ['cmake', 'python']
[0.431s] Level 1:colcon.colcon_core.package_identification:_identify(venv/lib/python3.12/site-packages) by extension 'cmake'
[0.431s] Level 1:colcon.colcon_core.package_identification:_identify(venv/lib/python3.12/site-packages) by extension 'python'
[0.431s] Level 1:colcon.colcon_core.package_identification:_identify(venv/lib/python3.12/site-packages) by extensions ['python_setup_py']
[0.431s] Level 1:colcon.colcon_core.package_identification:_identify(venv/lib/python3.12/site-packages) by extension 'python_setup_py'
[0.431s] Level 1:colcon.colcon_core.package_discovery:discover_packages(recursive) using defaults
[0.431s] Level 1:colcon.colcon_core.package_discovery:discover_packages(ignore) discover
[0.431s] Level 1:colcon.colcon_core.package_discovery:discover_packages(ignore) using defaults
[0.431s] Level 1:colcon.colcon_core.package_discovery:discover_packages(path) discover
[0.431s] Level 1:colcon.colcon_core.package_discovery:discover_packages(path) using defaults
[0.461s] INFO:colcon.colcon_core.package_selection:Skipping not selected package 'robot_pose_publisher' in 'src/robot_pose_publisher'
[0.461s] INFO:colcon.colcon_core.package_selection:Skipping not selected package 'sdv_joystick' in 'src/sdv_un_ros/sdv_joystick'
[0.461s] INFO:colcon.colcon_core.package_selection:Skipping not selected package 'sdv_nav' in 'src/sdv_un_ros/sdv_nav'
[0.461s] INFO:colcon.colcon_core.package_selection:Skipping not selected package 'sdv_process' in 'src/sdv_un_ros/sdv_process'
[0.461s] INFO:colcon.colcon_core.package_selection:Skipping not selected package 'sdv_scripts' in 'src/sdv_scripts'
[0.461s] INFO:colcon.colcon_core.package_selection:Skipping not selected package 'serial_driver' in 'src/serial_driver'
[0.461s] INFO:colcon.colcon_core.package_selection:Skipping not selected package 'sick_scan_xd' in 'src/sick_scan_xd/sick_scan_xd'
[0.462s] Level 1:colcon.colcon_core.package_discovery:discover_packages(prefix_path) check parameters
[0.462s] Level 1:colcon.colcon_core.package_discovery:discover_packages(prefix_path) discover
[0.465s] DEBUG:colcon.colcon_installed_package_information.package_discovery:Found 2 installed packages in /home/cafsanchezdi/ros2_ws/install
[0.468s] DEBUG:colcon.colcon_installed_package_information.package_discovery:Found 374 installed packages in /opt/ros/jazzy
[0.470s] Level 1:colcon.colcon_core.package_discovery:discover_packages(prefix_path) using defaults
[0.577s] Level 5:colcon.colcon_core.verb:set package 'sdv_serial' build argument 'cmake_args' from command line to '['-DCMAKE_VERBOSE_MAKEFILE=ON']'
[0.577s] Level 5:colcon.colcon_core.verb:set package 'sdv_serial' build argument 'cmake_target' from command line to 'None'
[0.577s] Level 5:colcon.colcon_core.verb:set package 'sdv_serial' build argument 'cmake_target_skip_unavailable' from command line to 'False'
[0.577s] Level 5:colcon.colcon_core.verb:set package 'sdv_serial' build argument 'cmake_clean_cache' from command line to 'False'
[0.577s] Level 5:colcon.colcon_core.verb:set package 'sdv_serial' build argument 'cmake_clean_first' from command line to 'False'
[0.577s] Level 5:colcon.colcon_core.verb:set package 'sdv_serial' build argument 'cmake_force_configure' from command line to 'False'
[0.577s] Level 5:colcon.colcon_core.verb:set package 'sdv_serial' build argument 'ament_cmake_args' from command line to 'None'
[0.577s] Level 5:colcon.colcon_core.verb:set package 'sdv_serial' build argument 'catkin_cmake_args' from command line to 'None'
[0.577s] Level 5:colcon.colcon_core.verb:set package 'sdv_serial' build argument 'catkin_skip_building_tests' from command line to 'False'
[0.577s] DEBUG:colcon.colcon_core.verb:Building package 'sdv_serial' with the following arguments: {'ament_cmake_args': None, 'build_base': '/home/cafsanchezdi/ros2_ws/build/sdv_serial', 'catkin_cmake_args': None, 'catkin_skip_building_tests': False, 'cmake_args': ['-DCMAKE_VERBOSE_MAKEFILE=ON'], 'cmake_clean_cache': False, 'cmake_clean_first': False, 'cmake_force_configure': False, 'cmake_target': None, 'cmake_target_skip_unavailable': False, 'install_base': '/home/cafsanchezdi/ros2_ws/install/sdv_serial', 'merge_install': False, 'path': '/home/cafsanchezdi/ros2_ws/src/sdv_un_ros/sdv_serial', 'symlink_install': True, 'test_result_base': None}
[0.577s] INFO:colcon.colcon_core.executor:Executing jobs using 'parallel' executor
[0.579s] DEBUG:colcon.colcon_parallel_executor.executor.parallel:run_until_complete
[0.579s] INFO:colcon.colcon_ros.task.catkin.build:Building ROS package in '/home/cafsanchezdi/ros2_ws/src/sdv_un_ros/sdv_serial' with build type 'catkin'
[0.579s] INFO:colcon.colcon_cmake.task.cmake.build:Building CMake package in '/home/cafsanchezdi/ros2_ws/src/sdv_un_ros/sdv_serial'
[0.587s] INFO:colcon.colcon_core.plugin_system:Skipping extension 'colcon_core.shell.bat': Not used on non-Windows systems
[0.588s] INFO:colcon.colcon_core.shell:Skip shell extension 'powershell' for command environment: Not usable outside of PowerShell
[0.588s] DEBUG:colcon.colcon_core.shell:Skip shell extension 'dsv' for command environment
[0.611s] DEBUG:colcon.colcon_core.event_handler.log_command:Invoking command in '/home/cafsanchezdi/ros2_ws/build/sdv_serial': DEBUGINFOD_URLS=https://debuginfod.ubuntu.com /usr/bin/cmake --build /home/cafsanchezdi/ros2_ws/build/sdv_serial -- -j4 -l4
[13.329s] DEBUG:colcon.colcon_core.event_handler.log_command:Invoked command in '/home/cafsanchezdi/ros2_ws/build/sdv_serial' returned '2': DEBUGINFOD_URLS=https://debuginfod.ubuntu.com /usr/bin/cmake --build /home/cafsanchezdi/ros2_ws/build/sdv_serial -- -j4 -l4
[13.330s] Level 1:colcon.colcon_core.shell:create_environment_hook('sdv_serial', 'ros_package_path')
[13.331s] INFO:colcon.colcon_core.shell:Creating environment hook '/home/cafsanchezdi/ros2_ws/install/sdv_serial/share/sdv_serial/hook/ros_package_path.ps1'
[13.333s] INFO:colcon.colcon_core.shell:Creating environment descriptor '/home/cafsanchezdi/ros2_ws/install/sdv_serial/share/sdv_serial/hook/ros_package_path.dsv'
[13.334s] INFO:colcon.colcon_core.shell:Creating environment hook '/home/cafsanchezdi/ros2_ws/install/sdv_serial/share/sdv_serial/hook/ros_package_path.sh'
[13.336s] Level 1:colcon.colcon_ros.task.catkin:checking '/home/cafsanchezdi/ros2_ws/install/sdv_serial/lib/python3.12/site-packages'
[13.336s] Level 1:colcon.colcon_core.shell:create_environment_hook('sdv_serial', 'pkg_config_path')
[13.337s] INFO:colcon.colcon_core.shell:Creating environment hook '/home/cafsanchezdi/ros2_ws/install/sdv_serial/share/sdv_serial/hook/pkg_config_path.ps1'
[13.338s] INFO:colcon.colcon_core.shell:Creating environment descriptor '/home/cafsanchezdi/ros2_ws/install/sdv_serial/share/sdv_serial/hook/pkg_config_path.dsv'
[13.338s] INFO:colcon.colcon_core.shell:Creating environment hook '/home/cafsanchezdi/ros2_ws/install/sdv_serial/share/sdv_serial/hook/pkg_config_path.sh'
[13.341s] Level 1:colcon.colcon_core.shell:create_environment_hook('sdv_serial', 'pkg_config_path_multiarch')
[13.341s] INFO:colcon.colcon_core.shell:Creating environment hook '/home/cafsanchezdi/ros2_ws/install/sdv_serial/share/sdv_serial/hook/pkg_config_path_multiarch.ps1'
[13.342s] INFO:colcon.colcon_core.shell:Creating environment descriptor '/home/cafsanchezdi/ros2_ws/install/sdv_serial/share/sdv_serial/hook/pkg_config_path_multiarch.dsv'
[13.343s] INFO:colcon.colcon_core.shell:Creating environment hook '/home/cafsanchezdi/ros2_ws/install/sdv_serial/share/sdv_serial/hook/pkg_config_path_multiarch.sh'
[13.344s] Level 1:colcon.colcon_core.environment:create_environment_scripts_only(sdv_serial)
[13.347s] Level 1:colcon.colcon_core.environment:checking '/home/cafsanchezdi/ros2_ws/install/sdv_serial' for CMake module files
[13.348s] Level 1:colcon.colcon_core.environment:checking '/home/cafsanchezdi/ros2_ws/install/sdv_serial' for CMake config files
[13.348s] Level 1:colcon.colcon_core.environment:checking '/home/cafsanchezdi/ros2_ws/install/sdv_serial/bin'
[13.349s] Level 1:colcon.colcon_core.environment:checking '/home/cafsanchezdi/ros2_ws/install/sdv_serial/lib/pkgconfig/sdv_serial.pc'
[13.349s] Level 1:colcon.colcon_core.environment:checking '/home/cafsanchezdi/ros2_ws/install/sdv_serial/lib/python3.12/site-packages'
[13.349s] Level 1:colcon.colcon_core.environment:checking '/home/cafsanchezdi/ros2_ws/install/sdv_serial/bin'
[13.350s] INFO:colcon.colcon_core.shell:Creating package script '/home/cafsanchezdi/ros2_ws/install/sdv_serial/share/sdv_serial/package.ps1'
[13.351s] INFO:colcon.colcon_core.shell:Creating package descriptor '/home/cafsanchezdi/ros2_ws/install/sdv_serial/share/sdv_serial/package.dsv'
[13.352s] INFO:colcon.colcon_core.shell:Creating package script '/home/cafsanchezdi/ros2_ws/install/sdv_serial/share/sdv_serial/package.sh'
[13.353s] INFO:colcon.colcon_core.shell:Creating package script '/home/cafsanchezdi/ros2_ws/install/sdv_serial/share/sdv_serial/package.bash'
[13.354s] INFO:colcon.colcon_core.shell:Creating package script '/home/cafsanchezdi/ros2_ws/install/sdv_serial/share/sdv_serial/package.zsh'
[13.355s] Level 1:colcon.colcon_core.environment:create_file_with_runtime_dependencies(/home/cafsanchezdi/ros2_ws/install/sdv_serial/share/colcon-core/packages/sdv_serial)
[13.357s] DEBUG:colcon.colcon_parallel_executor.executor.parallel:closing loop
[13.357s] DEBUG:colcon.colcon_parallel_executor.executor.parallel:loop closed
[13.357s] DEBUG:colcon.colcon_parallel_executor.executor.parallel:run_until_complete finished with '2'
[13.357s] DEBUG:colcon.colcon_core.event_reactor:joining thread
[13.384s] INFO:colcon.colcon_core.plugin_system:Skipping extension 'colcon_notification.desktop_notification.terminal_notifier': Not used on non-Darwin systems
[13.384s] INFO:colcon.colcon_core.plugin_system:Skipping extension 'colcon_notification.desktop_notification.win32': Not used on non-Windows systems
[13.385s] INFO:colcon.colcon_notification.desktop_notification:Sending desktop notification using 'notify2'
[13.422s] DEBUG:colcon.colcon_core.event_reactor:joined thread
[13.422s] INFO:colcon.colcon_core.shell:Creating prefix script '/home/cafsanchezdi/ros2_ws/install/local_setup.ps1'
[13.424s] INFO:colcon.colcon_core.shell:Creating prefix util module '/home/cafsanchezdi/ros2_ws/install/_local_setup_util_ps1.py'
[13.426s] INFO:colcon.colcon_core.shell:Creating prefix chain script '/home/cafsanchezdi/ros2_ws/install/setup.ps1'
[13.429s] INFO:colcon.colcon_core.shell:Creating prefix script '/home/cafsanchezdi/ros2_ws/install/local_setup.sh'
[13.430s] INFO:colcon.colcon_core.shell:Creating prefix util module '/home/cafsanchezdi/ros2_ws/install/_local_setup_util_sh.py'
[13.432s] INFO:colcon.colcon_core.shell:Creating prefix chain script '/home/cafsanchezdi/ros2_ws/install/setup.sh'
[13.434s] INFO:colcon.colcon_core.shell:Creating prefix script '/home/cafsanchezdi/ros2_ws/install/local_setup.bash'
[13.435s] INFO:colcon.colcon_core.shell:Creating prefix chain script '/home/cafsanchezdi/ros2_ws/install/setup.bash'
[13.437s] INFO:colcon.colcon_core.shell:Creating prefix script '/home/cafsanchezdi/ros2_ws/install/local_setup.zsh'
[13.438s] INFO:colcon.colcon_core.shell:Creating prefix chain script '/home/cafsanchezdi/ros2_ws/install/setup.zsh'
